[0.101s] Invoking command in '/home/fahad/bumperbot_ws/build/bumperbot_localization': CMAKE_PREFIX_PATH=${CMAKE_PREFIX_PATH}:/opt/ros/jazzy DEBUGINFOD_URLS=https://debuginfod.ubuntu.com /usr/bin/cmake /home/fahad/bumperbot_ws/src/bumperbot_localization -DCMAKE_INSTALL_PREFIX=/home/fahad/bumperbot_ws/install/bumperbot_localization
[0.139s] -- Found ament_cmake: 2.5.4 (/opt/ros/jazzy/share/ament_cmake/cmake)
[1.010s] -- Override CMake install command with custom implementation using symlinks instead of copying resources
[1.048s] -- Found rclcpp: 28.1.9 (/opt/ros/jazzy/share/rclcpp/cmake)
[1.239s] -- Found rosidl_generator_c: 4.6.5 (/opt/ros/jazzy/share/rosidl_generator_c/cmake)
[1.299s] -- Found rosidl_generator_cpp: 4.6.5 (/opt/ros/jazzy/share/rosidl_generator_cpp/cmake)
[1.409s] -- Using all available rosidl_typesupport_c: rosidl_typesupport_fastrtps_c;rosidl_typesupport_introspection_c
[1.539s] -- Using all available rosidl_typesupport_cpp: rosidl_typesupport_fastrtps_cpp;rosidl_typesupport_introspection_cpp
[2.049s] -- Found rmw_implementation_cmake: 7.3.2 (/opt/ros/jazzy/share/rmw_implementation_cmake/cmake)
[2.086s] -- Found rmw_fastrtps_cpp: 8.4.2 (/opt/ros/jazzy/share/rmw_fastrtps_cpp/cmake)
[2.593s] -- Using RMW implementation 'rmw_fastrtps_cpp' as default
[2.961s] -- Found rclpy: 7.1.4 (/opt/ros/jazzy/share/rclpy/cmake)
[2.967s] -- Found nav_msgs: 5.3.6 (/opt/ros/jazzy/share/nav_msgs/cmake)
[3.287s] -- Found sensor_msgs: 5.3.6 (/opt/ros/jazzy/share/sensor_msgs/cmake)
[3.396s] -- Found tf2: 0.36.11 (/opt/ros/jazzy/share/tf2/cmake)
[4.637s] -- Configuring done (4.5s)
[4.849s] -- Generating done (0.2s)
[4.953s] -- Build files have been written to: /home/fahad/bumperbot_ws/build/bumperbot_localization
[5.102s] Invoked command in '/home/fahad/bumperbot_ws/build/bumperbot_localization' returned '0': CMAKE_PREFIX_PATH=${CMAKE_PREFIX_PATH}:/opt/ros/jazzy DEBUGINFOD_URLS=https://debuginfod.ubuntu.com /usr/bin/cmake /home/fahad/bumperbot_ws/src/bumperbot_localization -DCMAKE_INSTALL_PREFIX=/home/fahad/bumperbot_ws/install/bumperbot_localization
[5.103s] Invoking command in '/home/fahad/bumperbot_ws/build/bumperbot_localization': CMAKE_PREFIX_PATH=${CMAKE_PREFIX_PATH}:/opt/ros/jazzy DEBUGINFOD_URLS=https://debuginfod.ubuntu.com /usr/bin/cmake --build /home/fahad/bumperbot_ws/build/bumperbot_localization -- -j8 -l8
[5.436s] [ 33%] Built target kalman_filter
[5.662s] [ 33%] Built target ament_cmake_python_symlink_bumperbot_localization
[6.040s] [ 66%] Built target odometry_motion_model
[7.724s] running egg_info
[7.840s] writing bumperbot_localization.egg-info/PKG-INFO
[7.847s] writing dependency_links to bumperbot_localization.egg-info/dependency_links.txt
[7.847s] writing top-level names to bumperbot_localization.egg-info/top_level.txt
[8.191s] reading manifest file 'bumperbot_localization.egg-info/SOURCES.txt'
[8.192s] writing manifest file 'bumperbot_localization.egg-info/SOURCES.txt'
[8.357s] [ 66%] Built target ament_cmake_python_build_bumperbot_localization_egg
[8.506s] [100%] Built target imu_republisher
[8.596s] Invoked command in '/home/fahad/bumperbot_ws/build/bumperbot_localization' returned '0': CMAKE_PREFIX_PATH=${CMAKE_PREFIX_PATH}:/opt/ros/jazzy DEBUGINFOD_URLS=https://debuginfod.ubuntu.com /usr/bin/cmake --build /home/fahad/bumperbot_ws/build/bumperbot_localization -- -j8 -l8
[8.600s] Invoking command in '/home/fahad/bumperbot_ws/build/bumperbot_localization': CMAKE_PREFIX_PATH=${CMAKE_PREFIX_PATH}:/opt/ros/jazzy DEBUGINFOD_URLS=https://debuginfod.ubuntu.com /usr/bin/cmake --install /home/fahad/bumperbot_ws/build/bumperbot_localization
[8.957s] -- Install configuration: ""
[8.959s] -- Execute custom install script
[8.959s] -- Up-to-date symlink: /home/fahad/bumperbot_ws/install/bumperbot_localization/share/bumperbot_localization/environment/pythonpath.sh
[8.960s] -- Up-to-date symlink: /home/fahad/bumperbot_ws/install/bumperbot_localization/share/bumperbot_localization/environment/pythonpath.dsv
[8.961s] -- Up-to-date symlink: /home/fahad/bumperbot_ws/install/bumperbot_localization/lib/python3.12/site-packages/bumperbot_localization-0.0.0-py3.12.egg-info/PKG-INFO
[8.961s] -- Up-to-date symlink: /home/fahad/bumperbot_ws/install/bumperbot_localization/lib/python3.12/site-packages/bumperbot_localization-0.0.0-py3.12.egg-info/SOURCES.txt
[8.966s] -- Up-to-date symlink: /home/fahad/bumperbot_ws/install/bumperbot_localization/lib/python3.12/site-packages/bumperbot_localization-0.0.0-py3.12.egg-info/dependency_links.txt
[8.966s] -- Up-to-date symlink: /home/fahad/bumperbot_ws/install/bumperbot_localization/lib/python3.12/site-packages/bumperbot_localization-0.0.0-py3.12.egg-info/top_level.txt
[8.967s] -- Up-to-date symlink: /home/fahad/bumperbot_ws/install/bumperbot_localization/lib/python3.12/site-packages/bumperbot_localization/__init__.py
[8.968s] -- Up-to-date symlink: /home/fahad/bumperbot_ws/install/bumperbot_localization/lib/python3.12/site-packages/bumperbot_localization/imu_republisher.py
[8.968s] -- Up-to-date symlink: /home/fahad/bumperbot_ws/install/bumperbot_localization/lib/python3.12/site-packages/bumperbot_localization/kalman_filter.py
[8.968s] -- Up-to-date symlink: /home/fahad/bumperbot_ws/install/bumperbot_localization/lib/python3.12/site-packages/bumperbot_localization/odometry_motion_model.py
[8.969s] -- Up-to-date symlink: /home/fahad/bumperbot_ws/install/bumperbot_localization/include/include/bumperbot_localization/kalman_filter.hpp
[8.969s] -- Up-to-date symlink: /home/fahad/bumperbot_ws/install/bumperbot_localization/include/include/bumperbot_localization/odometry_motion_model.hpp
[8.969s] -- Up-to-date symlink: /home/fahad/bumperbot_ws/install/bumperbot_localization/bin/odometry_motion_model
[8.972s] -- Up-to-date symlink: /home/fahad/bumperbot_ws/install/bumperbot_localization/lib/bumperbot_localization/kalman_filter
[8.973s] -- Up-to-date symlink: /home/fahad/bumperbot_ws/install/bumperbot_localization/lib/bumperbot_localization/imu_republisher
[8.973s] -- Up-to-date symlink: /home/fahad/bumperbot_ws/install/bumperbot_localization/lib/bumperbot_localization/odometry_motion_model
[8.974s] -- Up-to-date symlink: /home/fahad/bumperbot_ws/install/bumperbot_localization/share/bumperbot_localization/launch/global_localization.launch.py
[8.974s] -- Up-to-date symlink: /home/fahad/bumperbot_ws/install/bumperbot_localization/share/bumperbot_localization/launch/local_localization.launch.py
[8.974s] -- Up-to-date symlink: /home/fahad/bumperbot_ws/install/bumperbot_localization/share/bumperbot_localization/config/amcl.yaml
[8.974s] -- Up-to-date symlink: /home/fahad/bumperbot_ws/install/bumperbot_localization/share/bumperbot_localization/config/ekf.yaml
[8.974s] -- Up-to-date symlink: /home/fahad/bumperbot_ws/install/bumperbot_localization/share/bumperbot_localization/config/odometry_motion_model.rviz
[8.975s] -- Up-to-date symlink: /home/fahad/bumperbot_ws/install/bumperbot_localization/share/bumperbot_localization/rviz/global_localization.rviz
[8.975s] -- Up-to-date symlink: /home/fahad/bumperbot_ws/install/bumperbot_localization/lib/bumperbot_localization/kalman_filter.py
[8.975s] -- Up-to-date symlink: /home/fahad/bumperbot_ws/install/bumperbot_localization/lib/bumperbot_localization/imu_republisher.py
[8.975s] -- Up-to-date symlink: /home/fahad/bumperbot_ws/install/bumperbot_localization/lib/bumperbot_localization/odometry_motion_model.py
[8.976s] -- Up-to-date symlink: /home/fahad/bumperbot_ws/install/bumperbot_localization/share/ament_index/resource_index/package_run_dependencies/bumperbot_localization
[8.976s] -- Up-to-date symlink: /home/fahad/bumperbot_ws/install/bumperbot_localization/share/ament_index/resource_index/parent_prefix_path/bumperbot_localization
[8.976s] -- Up-to-date symlink: /home/fahad/bumperbot_ws/install/bumperbot_localization/share/bumperbot_localization/environment/ament_prefix_path.sh
[8.983s] -- Up-to-date symlink: /home/fahad/bumperbot_ws/install/bumperbot_localization/share/bumperbot_localization/environment/ament_prefix_path.dsv
[8.984s] -- Up-to-date symlink: /home/fahad/bumperbot_ws/install/bumperbot_localization/share/bumperbot_localization/environment/path.sh
[8.984s] -- Up-to-date symlink: /home/fahad/bumperbot_ws/install/bumperbot_localization/share/bumperbot_localization/environment/path.dsv
[8.984s] -- Up-to-date symlink: /home/fahad/bumperbot_ws/install/bumperbot_localization/share/bumperbot_localization/local_setup.bash
[8.984s] -- Up-to-date symlink: /home/fahad/bumperbot_ws/install/bumperbot_localization/share/bumperbot_localization/local_setup.sh
[8.985s] -- Up-to-date symlink: /home/fahad/bumperbot_ws/install/bumperbot_localization/share/bumperbot_localization/local_setup.zsh
[8.985s] -- Up-to-date symlink: /home/fahad/bumperbot_ws/install/bumperbot_localization/share/bumperbot_localization/local_setup.dsv
[8.985s] -- Symlinking: /home/fahad/bumperbot_ws/install/bumperbot_localization/share/bumperbot_localization/package.dsv
[8.985s] -- Up-to-date symlink: /home/fahad/bumperbot_ws/install/bumperbot_localization/share/ament_index/resource_index/packages/bumperbot_localization
[8.985s] -- Up-to-date symlink: /home/fahad/bumperbot_ws/install/bumperbot_localization/share/bumperbot_localization/cmake/bumperbot_localizationConfig.cmake
[8.986s] -- Up-to-date symlink: /home/fahad/bumperbot_ws/install/bumperbot_localization/share/bumperbot_localization/cmake/bumperbot_localizationConfig-version.cmake
[8.986s] -- Up-to-date symlink: /home/fahad/bumperbot_ws/install/bumperbot_localization/share/bumperbot_localization/package.xml
[8.992s] Listing '/home/fahad/bumperbot_ws/install/bumperbot_localization/lib/python3.12/site-packages/bumperbot_localization'...
[9.089s] Invoked command in '/home/fahad/bumperbot_ws/build/bumperbot_localization' returned '0': CMAKE_PREFIX_PATH=${CMAKE_PREFIX_PATH}:/opt/ros/jazzy DEBUGINFOD_URLS=https://debuginfod.ubuntu.com /usr/bin/cmake --install /home/fahad/bumperbot_ws/build/bumperbot_localization
