[0.126s] Invoking command in '/home/fahad/bumperbot_ws/build/bumperbot_firmware': CMAKE_PREFIX_PATH=${CMAKE_PREFIX_PATH}:/opt/ros/jazzy DEBUGINFOD_URLS=https://debuginfod.ubuntu.com /usr/bin/cmake --build /home/fahad/bumperbot_ws/build/bumperbot_firmware -- -j8 -l8
[0.662s] [  0%] Built target ament_cmake_python_symlink_bumperbot_firmware
[0.958s] [ 33%] Built target simple_serial_transmitter
[1.914s] running egg_info
[2.028s] writing bumperbot_firmware.egg-info/PKG-INFO
[2.031s] writing dependency_links to bumperbot_firmware.egg-info/dependency_links.txt
[2.032s] writing top-level names to bumperbot_firmware.egg-info/top_level.txt
[2.401s] reading manifest file 'bumperbot_firmware.egg-info/SOURCES.txt'
[2.413s] writing manifest file 'bumperbot_firmware.egg-info/SOURCES.txt'
[2.626s] [ 33%] Built target ament_cmake_python_build_bumperbot_firmware_egg
[2.963s] [ 66%] Built target simple_serial_receiver
[3.092s] [100%] Built target bumperbot_firmware
[3.315s] Invoked command in '/home/fahad/bumperbot_ws/build/bumperbot_firmware' returned '0': CMAKE_PREFIX_PATH=${CMAKE_PREFIX_PATH}:/opt/ros/jazzy DEBUGINFOD_URLS=https://debuginfod.ubuntu.com /usr/bin/cmake --build /home/fahad/bumperbot_ws/build/bumperbot_firmware -- -j8 -l8
[3.324s] Invoking command in '/home/fahad/bumperbot_ws/build/bumperbot_firmware': CMAKE_PREFIX_PATH=${CMAKE_PREFIX_PATH}:/opt/ros/jazzy DEBUGINFOD_URLS=https://debuginfod.ubuntu.com /usr/bin/cmake --install /home/fahad/bumperbot_ws/build/bumperbot_firmware
[3.578s] -- Install configuration: ""
[3.580s] -- Execute custom install script
[3.581s] -- Up-to-date symlink: /home/fahad/bumperbot_ws/install/bumperbot_firmware/share/bumperbot_firmware/environment/pythonpath.sh
[3.581s] -- Up-to-date symlink: /home/fahad/bumperbot_ws/install/bumperbot_firmware/share/bumperbot_firmware/environment/pythonpath.dsv
[3.582s] -- Up-to-date symlink: /home/fahad/bumperbot_ws/install/bumperbot_firmware/lib/python3.12/site-packages/bumperbot_firmware-0.0.0-py3.12.egg-info/PKG-INFO
[3.585s] -- Up-to-date symlink: /home/fahad/bumperbot_ws/install/bumperbot_firmware/lib/python3.12/site-packages/bumperbot_firmware-0.0.0-py3.12.egg-info/SOURCES.txt
[3.586s] -- Up-to-date symlink: /home/fahad/bumperbot_ws/install/bumperbot_firmware/lib/python3.12/site-packages/bumperbot_firmware-0.0.0-py3.12.egg-info/dependency_links.txt
[3.587s] -- Up-to-date symlink: /home/fahad/bumperbot_ws/install/bumperbot_firmware/lib/python3.12/site-packages/bumperbot_firmware-0.0.0-py3.12.egg-info/top_level.txt
[3.587s] -- Up-to-date symlink: /home/fahad/bumperbot_ws/install/bumperbot_firmware/lib/python3.12/site-packages/bumperbot_firmware/__init__.py
[3.589s] -- Up-to-date symlink: /home/fahad/bumperbot_ws/install/bumperbot_firmware/lib/python3.12/site-packages/bumperbot_firmware/mpu6050_driver.py
[3.589s] -- Up-to-date symlink: /home/fahad/bumperbot_ws/install/bumperbot_firmware/lib/python3.12/site-packages/bumperbot_firmware/simple_serial_receiver.py
[3.590s] -- Up-to-date symlink: /home/fahad/bumperbot_ws/install/bumperbot_firmware/lib/python3.12/site-packages/bumperbot_firmware/simple_serial_transmitter.py
[3.593s] -- Up-to-date symlink: /home/fahad/bumperbot_ws/install/bumperbot_firmware/share/bumperbot_firmware//bumperbot_interface.xml
[3.593s] -- Up-to-date symlink: /home/fahad/bumperbot_ws/install/bumperbot_firmware/lib/libbumperbot_firmware.so
[3.594s] -- Up-to-date symlink: /home/fahad/bumperbot_ws/install/bumperbot_firmware/include/include/bumperbot_firmware/bumperbot_interface.hpp
[3.594s] -- Up-to-date symlink: /home/fahad/bumperbot_ws/install/bumperbot_firmware/share/bumperbot_firmware/launch/hardware_interface.launch.py
[3.595s] -- Up-to-date symlink: /home/fahad/bumperbot_ws/install/bumperbot_firmware/lib/bumperbot_firmware/simple_serial_transmitter.py
[3.595s] -- Up-to-date symlink: /home/fahad/bumperbot_ws/install/bumperbot_firmware/lib/bumperbot_firmware/simple_serial_receiver.py
[3.596s] -- Up-to-date symlink: /home/fahad/bumperbot_ws/install/bumperbot_firmware/lib/bumperbot_firmware/mpu6050_driver.py
[3.596s] -- Up-to-date symlink: /home/fahad/bumperbot_ws/install/bumperbot_firmware/bin/simple_serial_receiver
[3.596s] -- Up-to-date symlink: /home/fahad/bumperbot_ws/install/bumperbot_firmware/bin/simple_serial_transmitter
[3.598s] -- Up-to-date symlink: /home/fahad/bumperbot_ws/install/bumperbot_firmware/share/bumperbot_firmware/environment/library_path.sh
[3.600s] -- Up-to-date symlink: /home/fahad/bumperbot_ws/install/bumperbot_firmware/share/bumperbot_firmware/environment/library_path.dsv
[3.601s] -- Up-to-date symlink: /home/fahad/bumperbot_ws/install/bumperbot_firmware/share/ament_index/resource_index/package_run_dependencies/bumperbot_firmware
[3.601s] -- Up-to-date symlink: /home/fahad/bumperbot_ws/install/bumperbot_firmware/share/ament_index/resource_index/parent_prefix_path/bumperbot_firmware
[3.601s] -- Up-to-date symlink: /home/fahad/bumperbot_ws/install/bumperbot_firmware/share/bumperbot_firmware/environment/ament_prefix_path.sh
[3.601s] -- Up-to-date symlink: /home/fahad/bumperbot_ws/install/bumperbot_firmware/share/bumperbot_firmware/environment/ament_prefix_path.dsv
[3.602s] -- Up-to-date symlink: /home/fahad/bumperbot_ws/install/bumperbot_firmware/share/bumperbot_firmware/environment/path.sh
[3.602s] -- Up-to-date symlink: /home/fahad/bumperbot_ws/install/bumperbot_firmware/share/bumperbot_firmware/environment/path.dsv
[3.602s] -- Up-to-date symlink: /home/fahad/bumperbot_ws/install/bumperbot_firmware/share/bumperbot_firmware/local_setup.bash
[3.603s] -- Up-to-date symlink: /home/fahad/bumperbot_ws/install/bumperbot_firmware/share/bumperbot_firmware/local_setup.sh
[3.603s] -- Up-to-date symlink: /home/fahad/bumperbot_ws/install/bumperbot_firmware/share/bumperbot_firmware/local_setup.zsh
[3.604s] -- Up-to-date symlink: /home/fahad/bumperbot_ws/install/bumperbot_firmware/share/bumperbot_firmware/local_setup.dsv
[3.604s] -- Symlinking: /home/fahad/bumperbot_ws/install/bumperbot_firmware/share/bumperbot_firmware/package.dsv
[3.604s] -- Up-to-date symlink: /home/fahad/bumperbot_ws/install/bumperbot_firmware/share/ament_index/resource_index/packages/bumperbot_firmware
[3.605s] -- Up-to-date symlink: /home/fahad/bumperbot_ws/install/bumperbot_firmware/share/ament_index/resource_index/hardware_interface__pluginlib__plugin/bumperbot_firmware
[3.605s] -- Up-to-date symlink: /home/fahad/bumperbot_ws/install/bumperbot_firmware/share/bumperbot_firmware/cmake/ament_cmake_export_include_directories-extras.cmake
[3.605s] -- Up-to-date symlink: /home/fahad/bumperbot_ws/install/bumperbot_firmware/share/bumperbot_firmware/cmake/ament_cmake_export_libraries-extras.cmake
[3.606s] -- Up-to-date symlink: /home/fahad/bumperbot_ws/install/bumperbot_firmware/share/bumperbot_firmware/cmake/ament_cmake_export_dependencies-extras.cmake
[3.607s] -- Up-to-date symlink: /home/fahad/bumperbot_ws/install/bumperbot_firmware/share/bumperbot_firmware/cmake/bumperbot_firmwareConfig.cmake
[3.607s] -- Up-to-date symlink: /home/fahad/bumperbot_ws/install/bumperbot_firmware/share/bumperbot_firmware/cmake/bumperbot_firmwareConfig-version.cmake
[3.608s] -- Up-to-date symlink: /home/fahad/bumperbot_ws/install/bumperbot_firmware/share/bumperbot_firmware/package.xml
[3.640s] Listing '/home/fahad/bumperbot_ws/install/bumperbot_firmware/lib/python3.12/site-packages/bumperbot_firmware'...
[4.083s] Invoked command in '/home/fahad/bumperbot_ws/build/bumperbot_firmware' returned '0': CMAKE_PREFIX_PATH=${CMAKE_PREFIX_PATH}:/opt/ros/jazzy DEBUGINFOD_URLS=https://debuginfod.ubuntu.com /usr/bin/cmake --install /home/fahad/bumperbot_ws/build/bumperbot_firmware
