[0.282s] Invoking command in '/home/fahad/bumperbot_ws/build/bumperbot_utils': CMAKE_PREFIX_PATH=${CMAKE_PREFIX_PATH}:/home/fahad/bumperbot_ws/install/room_grid_navigator:/home/fahad/bumperbot_ws/install/bumperbot_py_examples:/opt/ros/jazzy DEBUGINFOD_URLS=https://debuginfod.ubuntu.com /usr/bin/cmake --build /home/fahad/bumperbot_ws/build/bumperbot_utils -- -j8 -l8
[0.864s] [100%] Built target safety_stop
[0.864s] [100%] Built target ament_cmake_python_symlink_bumperbot_utils
[1.205s] running egg_info
[1.284s] writing bumperbot_utils.egg-info/PKG-INFO
[1.284s] writing dependency_links to bumperbot_utils.egg-info/dependency_links.txt
[1.284s] writing top-level names to bumperbot_utils.egg-info/top_level.txt
[1.488s] reading manifest file 'bumperbot_utils.egg-info/SOURCES.txt'
[1.494s] writing manifest file 'bumperbot_utils.egg-info/SOURCES.txt'
[1.585s] [100%] Built target ament_cmake_python_build_bumperbot_utils_egg
[1.727s] Invoked command in '/home/fahad/bumperbot_ws/build/bumperbot_utils' returned '0': CMAKE_PREFIX_PATH=${CMAKE_PREFIX_PATH}:/home/fahad/bumperbot_ws/install/room_grid_navigator:/home/fahad/bumperbot_ws/install/bumperbot_py_examples:/opt/ros/jazzy DEBUGINFOD_URLS=https://debuginfod.ubuntu.com /usr/bin/cmake --build /home/fahad/bumperbot_ws/build/bumperbot_utils -- -j8 -l8
[1.751s] Invoking command in '/home/fahad/bumperbot_ws/build/bumperbot_utils': CMAKE_PREFIX_PATH=${CMAKE_PREFIX_PATH}:/home/fahad/bumperbot_ws/install/room_grid_navigator:/home/fahad/bumperbot_ws/install/bumperbot_py_examples:/opt/ros/jazzy DEBUGINFOD_URLS=https://debuginfod.ubuntu.com /usr/bin/cmake --install /home/fahad/bumperbot_ws/build/bumperbot_utils
[1.799s] -- Install configuration: ""
[1.799s] -- Execute custom install script
[1.799s] -- Up-to-date symlink: /home/fahad/bumperbot_ws/install/bumperbot_utils/share/bumperbot_utils/environment/pythonpath.sh
[1.800s] -- Up-to-date symlink: /home/fahad/bumperbot_ws/install/bumperbot_utils/share/bumperbot_utils/environment/pythonpath.dsv
[1.800s] -- Up-to-date symlink: /home/fahad/bumperbot_ws/install/bumperbot_utils/lib/python3.12/site-packages/bumperbot_utils-0.0.0-py3.12.egg-info/PKG-INFO
[1.801s] -- Up-to-date symlink: /home/fahad/bumperbot_ws/install/bumperbot_utils/lib/python3.12/site-packages/bumperbot_utils-0.0.0-py3.12.egg-info/SOURCES.txt
[1.801s] -- Up-to-date symlink: /home/fahad/bumperbot_ws/install/bumperbot_utils/lib/python3.12/site-packages/bumperbot_utils-0.0.0-py3.12.egg-info/dependency_links.txt
[1.802s] -- Up-to-date symlink: /home/fahad/bumperbot_ws/install/bumperbot_utils/lib/python3.12/site-packages/bumperbot_utils-0.0.0-py3.12.egg-info/top_level.txt
[1.802s] -- Up-to-date symlink: /home/fahad/bumperbot_ws/install/bumperbot_utils/lib/python3.12/site-packages/bumperbot_utils/__init__.py
[1.804s] -- Up-to-date symlink: /home/fahad/bumperbot_ws/install/bumperbot_utils/lib/python3.12/site-packages/bumperbot_utils/safety_stop.py
[1.804s] -- Up-to-date symlink: /home/fahad/bumperbot_ws/install/bumperbot_utils/lib/bumperbot_utils/safety_stop
[1.804s] -- Up-to-date symlink: /home/fahad/bumperbot_ws/install/bumperbot_utils/lib/bumperbot_utils/safety_stop.py
[1.804s] -- Up-to-date symlink: /home/fahad/bumperbot_ws/install/bumperbot_utils/share/ament_index/resource_index/package_run_dependencies/bumperbot_utils
[1.805s] -- Up-to-date symlink: /home/fahad/bumperbot_ws/install/bumperbot_utils/share/ament_index/resource_index/parent_prefix_path/bumperbot_utils
[1.805s] -- Up-to-date symlink: /home/fahad/bumperbot_ws/install/bumperbot_utils/share/bumperbot_utils/environment/ament_prefix_path.sh
[1.805s] -- Up-to-date symlink: /home/fahad/bumperbot_ws/install/bumperbot_utils/share/bumperbot_utils/environment/ament_prefix_path.dsv
[1.805s] -- Up-to-date symlink: /home/fahad/bumperbot_ws/install/bumperbot_utils/share/bumperbot_utils/environment/path.sh
[1.812s] -- Up-to-date symlink: /home/fahad/bumperbot_ws/install/bumperbot_utils/share/bumperbot_utils/environment/path.dsv
[1.812s] -- Up-to-date symlink: /home/fahad/bumperbot_ws/install/bumperbot_utils/share/bumperbot_utils/local_setup.bash
[1.813s] -- Up-to-date symlink: /home/fahad/bumperbot_ws/install/bumperbot_utils/share/bumperbot_utils/local_setup.sh
[1.813s] -- Up-to-date symlink: /home/fahad/bumperbot_ws/install/bumperbot_utils/share/bumperbot_utils/local_setup.zsh
[1.813s] -- Up-to-date symlink: /home/fahad/bumperbot_ws/install/bumperbot_utils/share/bumperbot_utils/local_setup.dsv
[1.824s] -- Symlinking: /home/fahad/bumperbot_ws/install/bumperbot_utils/share/bumperbot_utils/package.dsv
[1.835s] -- Up-to-date symlink: /home/fahad/bumperbot_ws/install/bumperbot_utils/share/ament_index/resource_index/packages/bumperbot_utils
[1.842s] -- Up-to-date symlink: /home/fahad/bumperbot_ws/install/bumperbot_utils/share/bumperbot_utils/cmake/bumperbot_utilsConfig.cmake
[1.843s] -- Up-to-date symlink: /home/fahad/bumperbot_ws/install/bumperbot_utils/share/bumperbot_utils/cmake/bumperbot_utilsConfig-version.cmake
[1.843s] -- Up-to-date symlink: /home/fahad/bumperbot_ws/install/bumperbot_utils/share/bumperbot_utils/package.xml
[1.948s] Listing '/home/fahad/bumperbot_ws/install/bumperbot_utils/lib/python3.12/site-packages/bumperbot_utils'...
[2.022s] Invoked command in '/home/fahad/bumperbot_ws/build/bumperbot_utils' returned '0': CMAKE_PREFIX_PATH=${CMAKE_PREFIX_PATH}:/home/fahad/bumperbot_ws/install/room_grid_navigator:/home/fahad/bumperbot_ws/install/bumperbot_py_examples:/opt/ros/jazzy DEBUGINFOD_URLS=https://debuginfod.ubuntu.com /usr/bin/cmake --install /home/fahad/bumperbot_ws/build/bumperbot_utils
