[6.520s] Invoking command in '/home/fahad/bumperbot_ws/src/room_grid_navigator': DEBUGINFOD_URLS=https://debuginfod.ubuntu.com PYTHONPATH=/home/fahad/bumperbot_ws/build/room_grid_navigator/prefix_override:/usr/lib/python3/dist-packages/colcon_core/task/python/colcon_distutils_commands:/home/fahad/bumperbot_ws/install/room_grid_navigator/lib/python3.12/site-packages:${PYTHONPATH} /usr/bin/python3 -W ignore:setup.py install is deprecated -W ignore:easy_install command is deprecated setup.py egg_info --egg-base ../../build/room_grid_navigator build --build-base /home/fahad/bumperbot_ws/build/room_grid_navigator/build install --record /home/fahad/bumperbot_ws/build/room_grid_navigator/install.log --single-version-externally-managed install_data
[7.588s] running egg_info
[7.644s] writing ../../build/room_grid_navigator/room_grid_navigator.egg-info/PKG-INFO
[7.645s] writing dependency_links to ../../build/room_grid_navigator/room_grid_navigator.egg-info/dependency_links.txt
[7.646s] writing entry points to ../../build/room_grid_navigator/room_grid_navigator.egg-info/entry_points.txt
[7.646s] writing requirements to ../../build/room_grid_navigator/room_grid_navigator.egg-info/requires.txt
[7.647s] writing top-level names to ../../build/room_grid_navigator/room_grid_navigator.egg-info/top_level.txt
[7.766s] reading manifest file '../../build/room_grid_navigator/room_grid_navigator.egg-info/SOURCES.txt'
[7.768s] writing manifest file '../../build/room_grid_navigator/room_grid_navigator.egg-info/SOURCES.txt'
[7.769s] running build
[7.769s] running build_py
[7.770s] running install
[7.782s] running install_lib
[7.854s] running install_data
[7.855s] running install_egg_info
[7.914s] removing '/home/fahad/bumperbot_ws/install/room_grid_navigator/lib/python3.12/site-packages/room_grid_navigator-0.0.0-py3.12.egg-info' (and everything under it)
[7.916s] Copying ../../build/room_grid_navigator/room_grid_navigator.egg-info to /home/fahad/bumperbot_ws/install/room_grid_navigator/lib/python3.12/site-packages/room_grid_navigator-0.0.0-py3.12.egg-info
[7.919s] running install_scripts
[8.281s] Installing room_grid_navigator script to /home/fahad/bumperbot_ws/install/room_grid_navigator/lib/room_grid_navigator
[8.283s] writing list of installed files to '/home/fahad/bumperbot_ws/build/room_grid_navigator/install.log'
[8.383s] Invoked command in '/home/fahad/bumperbot_ws/src/room_grid_navigator' returned '0': DEBUGINFOD_URLS=https://debuginfod.ubuntu.com PYTHONPATH=/home/fahad/bumperbot_ws/build/room_grid_navigator/prefix_override:/usr/lib/python3/dist-packages/colcon_core/task/python/colcon_distutils_commands:/home/fahad/bumperbot_ws/install/room_grid_navigator/lib/python3.12/site-packages:${PYTHONPATH} /usr/bin/python3 -W ignore:setup.py install is deprecated -W ignore:easy_install command is deprecated setup.py egg_info --egg-base ../../build/room_grid_navigator build --build-base /home/fahad/bumperbot_ws/build/room_grid_navigator/build install --record /home/fahad/bumperbot_ws/build/room_grid_navigator/install.log --single-version-externally-managed install_data
