-- Found ament_cmake: 2.5.4 (/opt/ros/jazzy/share/ament_cmake/cmake)
-- Override CMake install command with custom implementation using symlinks instead of copying resources
-- Found rclcpp: 28.1.9 (/opt/ros/jazzy/share/rclcpp/cmake)
-- Found rosidl_generator_c: 4.6.5 (/opt/ros/jazzy/share/rosidl_generator_c/cmake)
-- Found rosidl_generator_cpp: 4.6.5 (/opt/ros/jazzy/share/rosidl_generator_cpp/cmake)
-- Using all available rosidl_typesupport_c: rosidl_typesupport_fastrtps_c;rosidl_typesupport_introspection_c
-- Using all available rosidl_typesupport_cpp: rosidl_typesupport_fastrtps_cpp;rosidl_typesupport_introspection_cpp
-- Found rmw_implementation_cmake: 7.3.2 (/opt/ros/jazzy/share/rmw_implementation_cmake/cmake)
-- Found rmw_fastrtps_cpp: 8.4.2 (/opt/ros/jazzy/share/rmw_fastrtps_cpp/cmake)
-- Using RMW implementation 'rmw_fastrtps_cpp' as default
-- Found rclpy: 7.1.4 (/opt/ros/jazzy/share/rclpy/cmake)
-- Found geometry_msgs: 5.3.6 (/opt/ros/jazzy/share/geometry_msgs/cmake)
-- Found sensor_msgs: 5.3.6 (/opt/ros/jazzy/share/sensor_msgs/cmake)
-- Found twist_mux_msgs: 3.0.1 (/opt/ros/jazzy/share/twist_mux_msgs/cmake)
-- Found rclcpp_action: 28.1.9 (/opt/ros/jazzy/share/rclcpp_action/cmake)
-- Found visualization_msgs: 5.3.6 (/opt/ros/jazzy/share/visualization_msgs/cmake)
-- Configuring done (3.9s)
-- Generating done (0.1s)
-- Build files have been written to: /home/fahad/bumperbot_ws/build/bumperbot_utils
[100%] Built target safety_stop
[100%] Built target ament_cmake_python_symlink_bumperbot_utils
running egg_info
writing bumperbot_utils.egg-info/PKG-INFO
writing dependency_links to bumperbot_utils.egg-info/dependency_links.txt
writing top-level names to bumperbot_utils.egg-info/top_level.txt
reading manifest file 'bumperbot_utils.egg-info/SOURCES.txt'
writing manifest file 'bumperbot_utils.egg-info/SOURCES.txt'
[100%] Built target ament_cmake_python_build_bumperbot_utils_egg
-- Install configuration: ""
-- Execute custom install script
-- Up-to-date symlink: /home/fahad/bumperbot_ws/install/bumperbot_utils/share/bumperbot_utils/environment/pythonpath.sh
-- Up-to-date symlink: /home/fahad/bumperbot_ws/install/bumperbot_utils/share/bumperbot_utils/environment/pythonpath.dsv
-- Up-to-date symlink: /home/fahad/bumperbot_ws/install/bumperbot_utils/lib/python3.12/site-packages/bumperbot_utils-0.0.0-py3.12.egg-info/PKG-INFO
-- Up-to-date symlink: /home/fahad/bumperbot_ws/install/bumperbot_utils/lib/python3.12/site-packages/bumperbot_utils-0.0.0-py3.12.egg-info/SOURCES.txt
-- Up-to-date symlink: /home/fahad/bumperbot_ws/install/bumperbot_utils/lib/python3.12/site-packages/bumperbot_utils-0.0.0-py3.12.egg-info/dependency_links.txt
-- Up-to-date symlink: /home/fahad/bumperbot_ws/install/bumperbot_utils/lib/python3.12/site-packages/bumperbot_utils-0.0.0-py3.12.egg-info/top_level.txt
-- Up-to-date symlink: /home/fahad/bumperbot_ws/install/bumperbot_utils/lib/python3.12/site-packages/bumperbot_utils/__init__.py
-- Up-to-date symlink: /home/fahad/bumperbot_ws/install/bumperbot_utils/lib/python3.12/site-packages/bumperbot_utils/safety_stop.py
-- Up-to-date symlink: /home/fahad/bumperbot_ws/install/bumperbot_utils/lib/bumperbot_utils/safety_stop
-- Up-to-date symlink: /home/fahad/bumperbot_ws/install/bumperbot_utils/lib/bumperbot_utils/safety_stop.py
-- Up-to-date symlink: /home/fahad/bumperbot_ws/install/bumperbot_utils/share/ament_index/resource_index/package_run_dependencies/bumperbot_utils
-- Up-to-date symlink: /home/fahad/bumperbot_ws/install/bumperbot_utils/share/ament_index/resource_index/parent_prefix_path/bumperbot_utils
-- Up-to-date symlink: /home/fahad/bumperbot_ws/install/bumperbot_utils/share/bumperbot_utils/environment/ament_prefix_path.sh
-- Up-to-date symlink: /home/fahad/bumperbot_ws/install/bumperbot_utils/share/bumperbot_utils/environment/ament_prefix_path.dsv
-- Up-to-date symlink: /home/fahad/bumperbot_ws/install/bumperbot_utils/share/bumperbot_utils/environment/path.sh
-- Up-to-date symlink: /home/fahad/bumperbot_ws/install/bumperbot_utils/share/bumperbot_utils/environment/path.dsv
-- Up-to-date symlink: /home/fahad/bumperbot_ws/install/bumperbot_utils/share/bumperbot_utils/local_setup.bash
-- Up-to-date symlink: /home/fahad/bumperbot_ws/install/bumperbot_utils/share/bumperbot_utils/local_setup.sh
-- Up-to-date symlink: /home/fahad/bumperbot_ws/install/bumperbot_utils/share/bumperbot_utils/local_setup.zsh
-- Up-to-date symlink: /home/fahad/bumperbot_ws/install/bumperbot_utils/share/bumperbot_utils/local_setup.dsv
-- Symlinking: /home/fahad/bumperbot_ws/install/bumperbot_utils/share/bumperbot_utils/package.dsv
-- Up-to-date symlink: /home/fahad/bumperbot_ws/install/bumperbot_utils/share/ament_index/resource_index/packages/bumperbot_utils
-- Up-to-date symlink: /home/fahad/bumperbot_ws/install/bumperbot_utils/share/bumperbot_utils/cmake/bumperbot_utilsConfig.cmake
-- Up-to-date symlink: /home/fahad/bumperbot_ws/install/bumperbot_utils/share/bumperbot_utils/cmake/bumperbot_utilsConfig-version.cmake
-- Up-to-date symlink: /home/fahad/bumperbot_ws/install/bumperbot_utils/share/bumperbot_utils/package.xml
Listing '/home/fahad/bumperbot_ws/install/bumperbot_utils/lib/python3.12/site-packages/bumperbot_utils'...
