[3.507s] Invoking command in '/home/fahad/bumperbot_ws/src/aqxbot_firmware': DEBUGINFOD_URLS=https://debuginfod.ubuntu.com PYTHONPATH=/home/fahad/bumperbot_ws/build/aqxbot_firmware/prefix_override:/usr/lib/python3/dist-packages/colcon_core/task/python/colcon_distutils_commands:/home/fahad/bumperbot_ws/install/aqxbot_firmware/lib/python3.12/site-packages:${PYTHONPATH} /usr/bin/python3 -W ignore:setup.py install is deprecated -W ignore:easy_install command is deprecated setup.py egg_info --egg-base ../../build/aqxbot_firmware build --build-base /home/fahad/bumperbot_ws/build/aqxbot_firmware/build install --record /home/fahad/bumperbot_ws/build/aqxbot_firmware/install.log --single-version-externally-managed install_data
[4.422s] running egg_info
[4.486s] writing ../../build/aqxbot_firmware/aqxbot_firmware.egg-info/PKG-INFO
[4.489s] writing dependency_links to ../../build/aqxbot_firmware/aqxbot_firmware.egg-info/dependency_links.txt
[4.489s] writing entry points to ../../build/aqxbot_firmware/aqxbot_firmware.egg-info/entry_points.txt
[4.489s] writing requirements to ../../build/aqxbot_firmware/aqxbot_firmware.egg-info/requires.txt
[4.489s] writing top-level names to ../../build/aqxbot_firmware/aqxbot_firmware.egg-info/top_level.txt
[4.625s] reading manifest file '../../build/aqxbot_firmware/aqxbot_firmware.egg-info/SOURCES.txt'
[4.629s] writing manifest file '../../build/aqxbot_firmware/aqxbot_firmware.egg-info/SOURCES.txt'
[4.629s] running build
[4.629s] running build_py
[4.630s] running install
[4.645s] running install_lib
[4.713s] running install_data
[4.714s] running install_egg_info
[4.788s] removing '/home/fahad/bumperbot_ws/install/aqxbot_firmware/lib/python3.12/site-packages/aqxbot_firmware-0.0.0-py3.12.egg-info' (and everything under it)
[4.788s] Copying ../../build/aqxbot_firmware/aqxbot_firmware.egg-info to /home/fahad/bumperbot_ws/install/aqxbot_firmware/lib/python3.12/site-packages/aqxbot_firmware-0.0.0-py3.12.egg-info
[4.790s] running install_scripts
[5.149s] Installing lidar_receiver script to /home/fahad/bumperbot_ws/install/aqxbot_firmware/lib/aqxbot_firmware
[5.150s] writing list of installed files to '/home/fahad/bumperbot_ws/build/aqxbot_firmware/install.log'
[5.231s] Invoked command in '/home/fahad/bumperbot_ws/src/aqxbot_firmware' returned '0': DEBUGINFOD_URLS=https://debuginfod.ubuntu.com PYTHONPATH=/home/fahad/bumperbot_ws/build/aqxbot_firmware/prefix_override:/usr/lib/python3/dist-packages/colcon_core/task/python/colcon_distutils_commands:/home/fahad/bumperbot_ws/install/aqxbot_firmware/lib/python3.12/site-packages:${PYTHONPATH} /usr/bin/python3 -W ignore:setup.py install is deprecated -W ignore:easy_install command is deprecated setup.py egg_info --egg-base ../../build/aqxbot_firmware build --build-base /home/fahad/bumperbot_ws/build/aqxbot_firmware/build install --record /home/fahad/bumperbot_ws/build/aqxbot_firmware/install.log --single-version-externally-managed install_data
