[0.097s] Invoking command in '/home/fahad/bumperbot_ws/build/bumperbot_planning': CMAKE_PREFIX_PATH=${CMAKE_PREFIX_PATH}:/home/fahad/bumperbot_ws/install/room_grid_navigator:/home/fahad/bumperbot_ws/install/bumperbot_py_examples:/opt/ros/jazzy DEBUGINFOD_URLS=https://debuginfod.ubuntu.com /usr/bin/cmake --build /home/fahad/bumperbot_ws/build/bumperbot_planning -- -j8 -l8
[0.409s] [  0%] Built target ament_cmake_python_symlink_bumperbot_planning
[0.514s] [ 50%] Built target a_star_planner
[1.226s] running egg_info
[1.294s] writing bumperbot_planning.egg-info/PKG-INFO
[1.294s] writing dependency_links to bumperbot_planning.egg-info/dependency_links.txt
[1.295s] writing top-level names to bumperbot_planning.egg-info/top_level.txt
[1.488s] reading manifest file 'bumperbot_planning.egg-info/SOURCES.txt'
[1.492s] writing manifest file 'bumperbot_planning.egg-info/SOURCES.txt'
[1.628s] [ 50%] Built target ament_cmake_python_build_bumperbot_planning_egg
[1.811s] [100%] Built target dijkstra_planner
[1.936s] Invoked command in '/home/fahad/bumperbot_ws/build/bumperbot_planning' returned '0': CMAKE_PREFIX_PATH=${CMAKE_PREFIX_PATH}:/home/fahad/bumperbot_ws/install/room_grid_navigator:/home/fahad/bumperbot_ws/install/bumperbot_py_examples:/opt/ros/jazzy DEBUGINFOD_URLS=https://debuginfod.ubuntu.com /usr/bin/cmake --build /home/fahad/bumperbot_ws/build/bumperbot_planning -- -j8 -l8
[1.998s] Invoking command in '/home/fahad/bumperbot_ws/build/bumperbot_planning': CMAKE_PREFIX_PATH=${CMAKE_PREFIX_PATH}:/home/fahad/bumperbot_ws/install/room_grid_navigator:/home/fahad/bumperbot_ws/install/bumperbot_py_examples:/opt/ros/jazzy DEBUGINFOD_URLS=https://debuginfod.ubuntu.com /usr/bin/cmake --install /home/fahad/bumperbot_ws/build/bumperbot_planning
[2.252s] -- Install configuration: ""
[2.253s] -- Execute custom install script
[2.256s] -- Up-to-date symlink: /home/fahad/bumperbot_ws/install/bumperbot_planning/share/bumperbot_planning/environment/pythonpath.sh
[2.257s] -- Up-to-date symlink: /home/fahad/bumperbot_ws/install/bumperbot_planning/share/bumperbot_planning/environment/pythonpath.dsv
[2.258s] -- Up-to-date symlink: /home/fahad/bumperbot_ws/install/bumperbot_planning/lib/python3.12/site-packages/bumperbot_planning-0.0.0-py3.12.egg-info/PKG-INFO
[2.258s] -- Up-to-date symlink: /home/fahad/bumperbot_ws/install/bumperbot_planning/lib/python3.12/site-packages/bumperbot_planning-0.0.0-py3.12.egg-info/SOURCES.txt
[2.258s] -- Up-to-date symlink: /home/fahad/bumperbot_ws/install/bumperbot_planning/lib/python3.12/site-packages/bumperbot_planning-0.0.0-py3.12.egg-info/dependency_links.txt
[2.260s] -- Up-to-date symlink: /home/fahad/bumperbot_ws/install/bumperbot_planning/lib/python3.12/site-packages/bumperbot_planning-0.0.0-py3.12.egg-info/top_level.txt
[2.263s] -- Up-to-date symlink: /home/fahad/bumperbot_ws/install/bumperbot_planning/lib/python3.12/site-packages/bumperbot_planning/__init__.py
[2.263s] -- Up-to-date symlink: /home/fahad/bumperbot_ws/install/bumperbot_planning/lib/python3.12/site-packages/bumperbot_planning/a_star_planner.py
[2.263s] -- Up-to-date symlink: /home/fahad/bumperbot_ws/install/bumperbot_planning/lib/python3.12/site-packages/bumperbot_planning/dijkstra_planner.py
[2.265s] -- Up-to-date symlink: /home/fahad/bumperbot_ws/install/bumperbot_planning/share/bumperbot_planning//global_planner_plugins.xml
[2.265s] -- Up-to-date symlink: /home/fahad/bumperbot_ws/install/bumperbot_planning/lib/libdijkstra_planner.so
[2.266s] -- Up-to-date symlink: /home/fahad/bumperbot_ws/install/bumperbot_planning/lib/liba_star_planner.so
[2.266s] -- Up-to-date symlink: /home/fahad/bumperbot_ws/install/bumperbot_planning/include/include/bumperbot_planning/a_star_planner.hpp
[2.266s] -- Up-to-date symlink: /home/fahad/bumperbot_ws/install/bumperbot_planning/include/include/bumperbot_planning/dijkstra_planner.hpp
[2.266s] -- Up-to-date symlink: /home/fahad/bumperbot_ws/install/bumperbot_planning/share/bumperbot_planning/global_planner_plugins.xml
[2.266s] -- Up-to-date symlink: /home/fahad/bumperbot_ws/install/bumperbot_planning/lib/bumperbot_planning/a_star_planner.py
[2.267s] -- Up-to-date symlink: /home/fahad/bumperbot_ws/install/bumperbot_planning/lib/bumperbot_planning/dijkstra_planner.py
[2.267s] -- Up-to-date symlink: /home/fahad/bumperbot_ws/install/bumperbot_planning/share/bumperbot_planning/environment/library_path.sh
[2.267s] -- Up-to-date symlink: /home/fahad/bumperbot_ws/install/bumperbot_planning/share/bumperbot_planning/environment/library_path.dsv
[2.268s] -- Up-to-date symlink: /home/fahad/bumperbot_ws/install/bumperbot_planning/share/ament_index/resource_index/package_run_dependencies/bumperbot_planning
[2.268s] -- Up-to-date symlink: /home/fahad/bumperbot_ws/install/bumperbot_planning/share/ament_index/resource_index/parent_prefix_path/bumperbot_planning
[2.268s] -- Up-to-date symlink: /home/fahad/bumperbot_ws/install/bumperbot_planning/share/bumperbot_planning/environment/ament_prefix_path.sh
[2.268s] -- Up-to-date symlink: /home/fahad/bumperbot_ws/install/bumperbot_planning/share/bumperbot_planning/environment/ament_prefix_path.dsv
[2.268s] -- Up-to-date symlink: /home/fahad/bumperbot_ws/install/bumperbot_planning/share/bumperbot_planning/environment/path.sh
[2.269s] -- Up-to-date symlink: /home/fahad/bumperbot_ws/install/bumperbot_planning/share/bumperbot_planning/environment/path.dsv
[2.271s] -- Up-to-date symlink: /home/fahad/bumperbot_ws/install/bumperbot_planning/share/bumperbot_planning/local_setup.bash
[2.279s] -- Up-to-date symlink: /home/fahad/bumperbot_ws/install/bumperbot_planning/share/bumperbot_planning/local_setup.sh
[2.280s] -- Up-to-date symlink: /home/fahad/bumperbot_ws/install/bumperbot_planning/share/bumperbot_planning/local_setup.zsh
[2.290s] -- Up-to-date symlink: /home/fahad/bumperbot_ws/install/bumperbot_planning/share/bumperbot_planning/local_setup.dsv
[2.291s] -- Symlinking: /home/fahad/bumperbot_ws/install/bumperbot_planning/share/bumperbot_planning/package.dsv
[2.337s] -- Up-to-date symlink: /home/fahad/bumperbot_ws/install/bumperbot_planning/share/ament_index/resource_index/packages/bumperbot_planning
[2.340s] -- Up-to-date symlink: /home/fahad/bumperbot_ws/install/bumperbot_planning/share/ament_index/resource_index/nav2_core__pluginlib__plugin/bumperbot_planning
[2.340s] -- Up-to-date symlink: /home/fahad/bumperbot_ws/install/bumperbot_planning/share/bumperbot_planning/cmake/ament_cmake_export_include_directories-extras.cmake
[2.341s] -- Up-to-date symlink: /home/fahad/bumperbot_ws/install/bumperbot_planning/share/bumperbot_planning/cmake/ament_cmake_export_libraries-extras.cmake
[2.341s] -- Up-to-date symlink: /home/fahad/bumperbot_ws/install/bumperbot_planning/share/bumperbot_planning/cmake/ament_cmake_export_dependencies-extras.cmake
[2.341s] -- Up-to-date symlink: /home/fahad/bumperbot_ws/install/bumperbot_planning/share/bumperbot_planning/cmake/bumperbot_planningConfig.cmake
[2.341s] -- Up-to-date symlink: /home/fahad/bumperbot_ws/install/bumperbot_planning/share/bumperbot_planning/cmake/bumperbot_planningConfig-version.cmake
[2.342s] -- Up-to-date symlink: /home/fahad/bumperbot_ws/install/bumperbot_planning/share/bumperbot_planning/package.xml
[2.421s] Listing '/home/fahad/bumperbot_ws/install/bumperbot_planning/lib/python3.12/site-packages/bumperbot_planning'...
[2.546s] Invoked command in '/home/fahad/bumperbot_ws/build/bumperbot_planning' returned '0': CMAKE_PREFIX_PATH=${CMAKE_PREFIX_PATH}:/home/fahad/bumperbot_ws/install/room_grid_navigator:/home/fahad/bumperbot_ws/install/bumperbot_py_examples:/opt/ros/jazzy DEBUGINFOD_URLS=https://debuginfod.ubuntu.com /usr/bin/cmake --install /home/fahad/bumperbot_ws/build/bumperbot_planning
