running egg_info
creating ../../build/aqxbot_firmware/aqxbot_firmware.egg-info
writing ../../build/aqxbot_firmware/aqxbot_firmware.egg-info/PKG-INFO
writing dependency_links to ../../build/aqxbot_firmware/aqxbot_firmware.egg-info/dependency_links.txt
writing entry points to ../../build/aqxbot_firmware/aqxbot_firmware.egg-info/entry_points.txt
writing requirements to ../../build/aqxbot_firmware/aqxbot_firmware.egg-info/requires.txt
writing top-level names to ../../build/aqxbot_firmware/aqxbot_firmware.egg-info/top_level.txt
writing manifest file '../../build/aqxbot_firmware/aqxbot_firmware.egg-info/SOURCES.txt'
reading manifest file '../../build/aqxbot_firmware/aqxbot_firmware.egg-info/SOURCES.txt'
writing manifest file '../../build/aqxbot_firmware/aqxbot_firmware.egg-info/SOURCES.txt'
running build
running build_py
creating /home/fahad/bumperbot_ws/build/aqxbot_firmware/build
creating /home/fahad/bumperbot_ws/build/aqxbot_firmware/build/lib
creating /home/fahad/bumperbot_ws/build/aqxbot_firmware/build/lib/aqxbot_firmware
copying aqxbot_firmware/rplidar_receiver.py -> /home/fahad/bumperbot_ws/build/aqxbot_firmware/build/lib/aqxbot_firmware
copying aqxbot_firmware/__init__.py -> /home/fahad/bumperbot_ws/build/aqxbot_firmware/build/lib/aqxbot_firmware
running install
running install_lib
creating /home/fahad/bumperbot_ws/install/aqxbot_firmware/lib/python3.12/site-packages/aqxbot_firmware
copying /home/fahad/bumperbot_ws/build/aqxbot_firmware/build/lib/aqxbot_firmware/rplidar_receiver.py -> /home/fahad/bumperbot_ws/install/aqxbot_firmware/lib/python3.12/site-packages/aqxbot_firmware
copying /home/fahad/bumperbot_ws/build/aqxbot_firmware/build/lib/aqxbot_firmware/__init__.py -> /home/fahad/bumperbot_ws/install/aqxbot_firmware/lib/python3.12/site-packages/aqxbot_firmware
byte-compiling /home/fahad/bumperbot_ws/install/aqxbot_firmware/lib/python3.12/site-packages/aqxbot_firmware/rplidar_receiver.py to rplidar_receiver.cpython-312.pyc
byte-compiling /home/fahad/bumperbot_ws/install/aqxbot_firmware/lib/python3.12/site-packages/aqxbot_firmware/__init__.py to __init__.cpython-312.pyc
running install_data
creating /home/fahad/bumperbot_ws/install/aqxbot_firmware/share/ament_index
creating /home/fahad/bumperbot_ws/install/aqxbot_firmware/share/ament_index/resource_index
creating /home/fahad/bumperbot_ws/install/aqxbot_firmware/share/ament_index/resource_index/packages
copying resource/aqxbot_firmware -> /home/fahad/bumperbot_ws/install/aqxbot_firmware/share/ament_index/resource_index/packages
copying package.xml -> /home/fahad/bumperbot_ws/install/aqxbot_firmware/share/aqxbot_firmware
running install_egg_info
Copying ../../build/aqxbot_firmware/aqxbot_firmware.egg-info to /home/fahad/bumperbot_ws/install/aqxbot_firmware/lib/python3.12/site-packages/aqxbot_firmware-0.0.0-py3.12.egg-info
running install_scripts
Installing lidar_receiver script to /home/fahad/bumperbot_ws/install/aqxbot_firmware/lib/aqxbot_firmware
writing list of installed files to '/home/fahad/bumperbot_ws/build/aqxbot_firmware/install.log'
