-- Found ament_cmake: 2.5.4 (/opt/ros/jazzy/share/ament_cmake/cmake)
-- Override CMake install command with custom implementation using symlinks instead of copying resources
-- Found rclcpp: 28.1.9 (/opt/ros/jazzy/share/rclcpp/cmake)
-- Found rosidl_generator_c: 4.6.5 (/opt/ros/jazzy/share/rosidl_generator_c/cmake)
-- Found rosidl_generator_cpp: 4.6.5 (/opt/ros/jazzy/share/rosidl_generator_cpp/cmake)
-- Using all available rosidl_typesupport_c: rosidl_typesupport_fastrtps_c;rosidl_typesupport_introspection_c
-- Using all available rosidl_typesupport_cpp: rosidl_typesupport_fastrtps_cpp;rosidl_typesupport_introspection_cpp
-- Found rmw_implementation_cmake: 7.3.2 (/opt/ros/jazzy/share/rmw_implementation_cmake/cmake)
-- Found rmw_fastrtps_cpp: 8.4.2 (/opt/ros/jazzy/share/rmw_fastrtps_cpp/cmake)
-- Using RMW implementation 'rmw_fastrtps_cpp' as default
-- Found rclpy: 7.1.4 (/opt/ros/jazzy/share/rclpy/cmake)
-- Found nav_msgs: 5.3.6 (/opt/ros/jazzy/share/nav_msgs/cmake)
-- Found tf2: 0.36.11 (/opt/ros/jazzy/share/tf2/cmake)
-- Found tf2_ros: 0.36.11 (/opt/ros/jazzy/share/tf2_ros/cmake)
-- Found tf2_geometry_msgs: 0.36.11 (/opt/ros/jazzy/share/tf2_geometry_msgs/cmake)
-- Found eigen3_cmake_module: 0.3.0 (/opt/ros/jazzy/share/eigen3_cmake_module/cmake)
-- Ensuring Eigen3 include directory is part of orocos-kdl CMake target
-- Found nav2_core: 1.3.6 (/opt/ros/jazzy/share/nav2_core/cmake)
-- Configuring done (7.7s)
-- Generating done (0.9s)
-- Build files have been written to: /home/fahad/bumperbot_ws/build/bumperbot_motion
[  0%] Built target ament_cmake_python_symlink_bumperbot_motion
[ 50%] Built target pure_pursuit
running egg_info
writing bumperbot_motion.egg-info/PKG-INFO
writing dependency_links to bumperbot_motion.egg-info/dependency_links.txt
writing top-level names to bumperbot_motion.egg-info/top_level.txt
reading manifest file 'bumperbot_motion.egg-info/SOURCES.txt'
writing manifest file 'bumperbot_motion.egg-info/SOURCES.txt'
[ 50%] Built target ament_cmake_python_build_bumperbot_motion_egg
[100%] Built target pd_motion_planner
-- Install configuration: ""
-- Execute custom install script
-- Up-to-date symlink: /home/fahad/bumperbot_ws/install/bumperbot_motion/share/bumperbot_motion/environment/pythonpath.sh
-- Up-to-date symlink: /home/fahad/bumperbot_ws/install/bumperbot_motion/share/bumperbot_motion/environment/pythonpath.dsv
-- Up-to-date symlink: /home/fahad/bumperbot_ws/install/bumperbot_motion/lib/python3.12/site-packages/bumperbot_motion-0.0.0-py3.12.egg-info/PKG-INFO
-- Up-to-date symlink: /home/fahad/bumperbot_ws/install/bumperbot_motion/lib/python3.12/site-packages/bumperbot_motion-0.0.0-py3.12.egg-info/SOURCES.txt
-- Up-to-date symlink: /home/fahad/bumperbot_ws/install/bumperbot_motion/lib/python3.12/site-packages/bumperbot_motion-0.0.0-py3.12.egg-info/dependency_links.txt
-- Up-to-date symlink: /home/fahad/bumperbot_ws/install/bumperbot_motion/lib/python3.12/site-packages/bumperbot_motion-0.0.0-py3.12.egg-info/top_level.txt
-- Up-to-date symlink: /home/fahad/bumperbot_ws/install/bumperbot_motion/lib/python3.12/site-packages/bumperbot_motion/__init__.py
-- Up-to-date symlink: /home/fahad/bumperbot_ws/install/bumperbot_motion/lib/python3.12/site-packages/bumperbot_motion/pd_motion_planner.py
-- Up-to-date symlink: /home/fahad/bumperbot_ws/install/bumperbot_motion/lib/python3.12/site-packages/bumperbot_motion/pure_pursuit.py
-- Up-to-date symlink: /home/fahad/bumperbot_ws/install/bumperbot_motion/share/bumperbot_motion//motion_planner_plugins.xml
-- Up-to-date symlink: /home/fahad/bumperbot_ws/install/bumperbot_motion/lib/libpd_motion_planner.so
-- Up-to-date symlink: /home/fahad/bumperbot_ws/install/bumperbot_motion/lib/libpure_pursuit.so
-- Up-to-date symlink: /home/fahad/bumperbot_ws/install/bumperbot_motion/include/include/bumperbot_motion/pd_motion_planner.hpp
-- Up-to-date symlink: /home/fahad/bumperbot_ws/install/bumperbot_motion/include/include/bumperbot_motion/pure_pursuit.hpp
-- Up-to-date symlink: /home/fahad/bumperbot_ws/install/bumperbot_motion/lib/bumperbot_motion/pd_motion_planner.py
-- Up-to-date symlink: /home/fahad/bumperbot_ws/install/bumperbot_motion/lib/bumperbot_motion/pure_pursuit.py
-- Up-to-date symlink: /home/fahad/bumperbot_ws/install/bumperbot_motion/share/bumperbot_motion/environment/library_path.sh
-- Up-to-date symlink: /home/fahad/bumperbot_ws/install/bumperbot_motion/share/bumperbot_motion/environment/library_path.dsv
-- Up-to-date symlink: /home/fahad/bumperbot_ws/install/bumperbot_motion/share/ament_index/resource_index/package_run_dependencies/bumperbot_motion
-- Up-to-date symlink: /home/fahad/bumperbot_ws/install/bumperbot_motion/share/ament_index/resource_index/parent_prefix_path/bumperbot_motion
-- Up-to-date symlink: /home/fahad/bumperbot_ws/install/bumperbot_motion/share/bumperbot_motion/environment/ament_prefix_path.sh
-- Up-to-date symlink: /home/fahad/bumperbot_ws/install/bumperbot_motion/share/bumperbot_motion/environment/ament_prefix_path.dsv
-- Up-to-date symlink: /home/fahad/bumperbot_ws/install/bumperbot_motion/share/bumperbot_motion/environment/path.sh
-- Up-to-date symlink: /home/fahad/bumperbot_ws/install/bumperbot_motion/share/bumperbot_motion/environment/path.dsv
-- Up-to-date symlink: /home/fahad/bumperbot_ws/install/bumperbot_motion/share/bumperbot_motion/local_setup.bash
-- Up-to-date symlink: /home/fahad/bumperbot_ws/install/bumperbot_motion/share/bumperbot_motion/local_setup.sh
-- Up-to-date symlink: /home/fahad/bumperbot_ws/install/bumperbot_motion/share/bumperbot_motion/local_setup.zsh
-- Up-to-date symlink: /home/fahad/bumperbot_ws/install/bumperbot_motion/share/bumperbot_motion/local_setup.dsv
-- Symlinking: /home/fahad/bumperbot_ws/install/bumperbot_motion/share/bumperbot_motion/package.dsv
-- Up-to-date symlink: /home/fahad/bumperbot_ws/install/bumperbot_motion/share/ament_index/resource_index/packages/bumperbot_motion
-- Up-to-date symlink: /home/fahad/bumperbot_ws/install/bumperbot_motion/share/ament_index/resource_index/nav2_core__pluginlib__plugin/bumperbot_motion
-- Up-to-date symlink: /home/fahad/bumperbot_ws/install/bumperbot_motion/share/bumperbot_motion/cmake/ament_cmake_export_include_directories-extras.cmake
-- Up-to-date symlink: /home/fahad/bumperbot_ws/install/bumperbot_motion/share/bumperbot_motion/cmake/ament_cmake_export_libraries-extras.cmake
-- Up-to-date symlink: /home/fahad/bumperbot_ws/install/bumperbot_motion/share/bumperbot_motion/cmake/ament_cmake_export_dependencies-extras.cmake
-- Up-to-date symlink: /home/fahad/bumperbot_ws/install/bumperbot_motion/share/bumperbot_motion/cmake/bumperbot_motionConfig.cmake
-- Up-to-date symlink: /home/fahad/bumperbot_ws/install/bumperbot_motion/share/bumperbot_motion/cmake/bumperbot_motionConfig-version.cmake
-- Up-to-date symlink: /home/fahad/bumperbot_ws/install/bumperbot_motion/share/bumperbot_motion/package.xml
Listing '/home/fahad/bumperbot_ws/install/bumperbot_motion/lib/python3.12/site-packages/bumperbot_motion'...
