[0.118s] Invoking command in '/home/fahad/bumperbot_ws/build/bumperbot_planning': CMAKE_PREFIX_PATH=${CMAKE_PREFIX_PATH}:/opt/ros/jazzy DEBUGINFOD_URLS=https://debuginfod.ubuntu.com /usr/bin/cmake --build /home/fahad/bumperbot_ws/build/bumperbot_planning -- -j8 -l8
[0.692s] [  0%] Built target ament_cmake_python_symlink_bumperbot_planning
[0.970s] [ 50%] Built target a_star_planner
[1.864s] running egg_info
[1.948s] writing bumperbot_planning.egg-info/PKG-INFO
[1.950s] writing dependency_links to bumperbot_planning.egg-info/dependency_links.txt
[1.965s] writing top-level names to bumperbot_planning.egg-info/top_level.txt
[2.267s] reading manifest file 'bumperbot_planning.egg-info/SOURCES.txt'
[2.275s] writing manifest file 'bumperbot_planning.egg-info/SOURCES.txt'
[2.467s] [ 50%] Built target ament_cmake_python_build_bumperbot_planning_egg
[2.628s] [100%] Built target dijkstra_planner
[2.876s] Invoked command in '/home/fahad/bumperbot_ws/build/bumperbot_planning' returned '0': CMAKE_PREFIX_PATH=${CMAKE_PREFIX_PATH}:/opt/ros/jazzy DEBUGINFOD_URLS=https://debuginfod.ubuntu.com /usr/bin/cmake --build /home/fahad/bumperbot_ws/build/bumperbot_planning -- -j8 -l8
[2.899s] Invoking command in '/home/fahad/bumperbot_ws/build/bumperbot_planning': CMAKE_PREFIX_PATH=${CMAKE_PREFIX_PATH}:/opt/ros/jazzy DEBUGINFOD_URLS=https://debuginfod.ubuntu.com /usr/bin/cmake --install /home/fahad/bumperbot_ws/build/bumperbot_planning
[3.284s] -- Install configuration: ""
[3.284s] -- Execute custom install script
[3.286s] -- Up-to-date symlink: /home/fahad/bumperbot_ws/install/bumperbot_planning/share/bumperbot_planning/environment/pythonpath.sh
[3.286s] -- Up-to-date symlink: /home/fahad/bumperbot_ws/install/bumperbot_planning/share/bumperbot_planning/environment/pythonpath.dsv
[3.287s] -- Up-to-date symlink: /home/fahad/bumperbot_ws/install/bumperbot_planning/lib/python3.12/site-packages/bumperbot_planning-0.0.0-py3.12.egg-info/PKG-INFO
[3.287s] -- Up-to-date symlink: /home/fahad/bumperbot_ws/install/bumperbot_planning/lib/python3.12/site-packages/bumperbot_planning-0.0.0-py3.12.egg-info/SOURCES.txt
[3.287s] -- Up-to-date symlink: /home/fahad/bumperbot_ws/install/bumperbot_planning/lib/python3.12/site-packages/bumperbot_planning-0.0.0-py3.12.egg-info/dependency_links.txt
[3.287s] -- Up-to-date symlink: /home/fahad/bumperbot_ws/install/bumperbot_planning/lib/python3.12/site-packages/bumperbot_planning-0.0.0-py3.12.egg-info/top_level.txt
[3.288s] -- Up-to-date symlink: /home/fahad/bumperbot_ws/install/bumperbot_planning/lib/python3.12/site-packages/bumperbot_planning/__init__.py
[3.288s] -- Up-to-date symlink: /home/fahad/bumperbot_ws/install/bumperbot_planning/lib/python3.12/site-packages/bumperbot_planning/a_star_planner.py
[3.288s] -- Up-to-date symlink: /home/fahad/bumperbot_ws/install/bumperbot_planning/lib/python3.12/site-packages/bumperbot_planning/dijkstra_planner.py
[3.288s] -- Up-to-date symlink: /home/fahad/bumperbot_ws/install/bumperbot_planning/share/bumperbot_planning//global_planner_plugins.xml
[3.289s] -- Up-to-date symlink: /home/fahad/bumperbot_ws/install/bumperbot_planning/lib/libdijkstra_planner.so
[3.290s] -- Up-to-date symlink: /home/fahad/bumperbot_ws/install/bumperbot_planning/lib/liba_star_planner.so
[3.290s] -- Up-to-date symlink: /home/fahad/bumperbot_ws/install/bumperbot_planning/include/include/bumperbot_planning/a_star_planner.hpp
[3.291s] -- Up-to-date symlink: /home/fahad/bumperbot_ws/install/bumperbot_planning/include/include/bumperbot_planning/dijkstra_planner.hpp
[3.291s] -- Up-to-date symlink: /home/fahad/bumperbot_ws/install/bumperbot_planning/share/bumperbot_planning/global_planner_plugins.xml
[3.291s] -- Up-to-date symlink: /home/fahad/bumperbot_ws/install/bumperbot_planning/lib/bumperbot_planning/a_star_planner.py
[3.292s] -- Up-to-date symlink: /home/fahad/bumperbot_ws/install/bumperbot_planning/lib/bumperbot_planning/dijkstra_planner.py
[3.293s] -- Up-to-date symlink: /home/fahad/bumperbot_ws/install/bumperbot_planning/share/bumperbot_planning/environment/library_path.sh
[3.293s] -- Up-to-date symlink: /home/fahad/bumperbot_ws/install/bumperbot_planning/share/bumperbot_planning/environment/library_path.dsv
[3.294s] -- Up-to-date symlink: /home/fahad/bumperbot_ws/install/bumperbot_planning/share/ament_index/resource_index/package_run_dependencies/bumperbot_planning
[3.294s] -- Up-to-date symlink: /home/fahad/bumperbot_ws/install/bumperbot_planning/share/ament_index/resource_index/parent_prefix_path/bumperbot_planning
[3.295s] -- Up-to-date symlink: /home/fahad/bumperbot_ws/install/bumperbot_planning/share/bumperbot_planning/environment/ament_prefix_path.sh
[3.295s] -- Up-to-date symlink: /home/fahad/bumperbot_ws/install/bumperbot_planning/share/bumperbot_planning/environment/ament_prefix_path.dsv
[3.296s] -- Up-to-date symlink: /home/fahad/bumperbot_ws/install/bumperbot_planning/share/bumperbot_planning/environment/path.sh
[3.296s] -- Up-to-date symlink: /home/fahad/bumperbot_ws/install/bumperbot_planning/share/bumperbot_planning/environment/path.dsv
[3.296s] -- Up-to-date symlink: /home/fahad/bumperbot_ws/install/bumperbot_planning/share/bumperbot_planning/local_setup.bash
[3.297s] -- Up-to-date symlink: /home/fahad/bumperbot_ws/install/bumperbot_planning/share/bumperbot_planning/local_setup.sh
[3.297s] -- Up-to-date symlink: /home/fahad/bumperbot_ws/install/bumperbot_planning/share/bumperbot_planning/local_setup.zsh
[3.298s] -- Up-to-date symlink: /home/fahad/bumperbot_ws/install/bumperbot_planning/share/bumperbot_planning/local_setup.dsv
[3.299s] -- Symlinking: /home/fahad/bumperbot_ws/install/bumperbot_planning/share/bumperbot_planning/package.dsv
[3.299s] -- Up-to-date symlink: /home/fahad/bumperbot_ws/install/bumperbot_planning/share/ament_index/resource_index/packages/bumperbot_planning
[3.300s] -- Up-to-date symlink: /home/fahad/bumperbot_ws/install/bumperbot_planning/share/ament_index/resource_index/nav2_core__pluginlib__plugin/bumperbot_planning
[3.300s] -- Up-to-date symlink: /home/fahad/bumperbot_ws/install/bumperbot_planning/share/bumperbot_planning/cmake/ament_cmake_export_include_directories-extras.cmake
[3.300s] -- Up-to-date symlink: /home/fahad/bumperbot_ws/install/bumperbot_planning/share/bumperbot_planning/cmake/ament_cmake_export_libraries-extras.cmake
[3.300s] -- Up-to-date symlink: /home/fahad/bumperbot_ws/install/bumperbot_planning/share/bumperbot_planning/cmake/ament_cmake_export_dependencies-extras.cmake
[3.301s] -- Up-to-date symlink: /home/fahad/bumperbot_ws/install/bumperbot_planning/share/bumperbot_planning/cmake/bumperbot_planningConfig.cmake
[3.301s] -- Up-to-date symlink: /home/fahad/bumperbot_ws/install/bumperbot_planning/share/bumperbot_planning/cmake/bumperbot_planningConfig-version.cmake
[3.301s] -- Up-to-date symlink: /home/fahad/bumperbot_ws/install/bumperbot_planning/share/bumperbot_planning/package.xml
[3.400s] Listing '/home/fahad/bumperbot_ws/install/bumperbot_planning/lib/python3.12/site-packages/bumperbot_planning'...
[3.814s] Invoked command in '/home/fahad/bumperbot_ws/build/bumperbot_planning' returned '0': CMAKE_PREFIX_PATH=${CMAKE_PREFIX_PATH}:/opt/ros/jazzy DEBUGINFOD_URLS=https://debuginfod.ubuntu.com /usr/bin/cmake --install /home/fahad/bumperbot_ws/build/bumperbot_planning
