[0.086s] Invoking command in '/home/fahad/bumperbot_ws/build/bumperbot_controller': CMAKE_PREFIX_PATH=${CMAKE_PREFIX_PATH}:/home/fahad/bumperbot_ws/install/room_grid_navigator:/home/fahad/bumperbot_ws/install/bumperbot_py_examples:/opt/ros/jazzy DEBUGINFOD_URLS=https://debuginfod.ubuntu.com /usr/bin/cmake --build /home/fahad/bumperbot_ws/build/bumperbot_controller -- -j8 -l8
[0.365s] [ 33%] Built target noisy_controller
[0.379s] [ 66%] Built target twist_relay
[0.389s] [100%] Built target simple_controller
[0.407s] [100%] Built target ament_cmake_python_symlink_bumperbot_controller
[1.293s] running egg_info
[1.386s] writing bumperbot_controller.egg-info/PKG-INFO
[1.406s] writing dependency_links to bumperbot_controller.egg-info/dependency_links.txt
[1.409s] writing top-level names to bumperbot_controller.egg-info/top_level.txt
[1.775s] reading manifest file 'bumperbot_controller.egg-info/SOURCES.txt'
[1.775s] writing manifest file 'bumperbot_controller.egg-info/SOURCES.txt'
[2.204s] [100%] Built target ament_cmake_python_build_bumperbot_controller_egg
[2.271s] Invoked command in '/home/fahad/bumperbot_ws/build/bumperbot_controller' returned '0': CMAKE_PREFIX_PATH=${CMAKE_PREFIX_PATH}:/home/fahad/bumperbot_ws/install/room_grid_navigator:/home/fahad/bumperbot_ws/install/bumperbot_py_examples:/opt/ros/jazzy DEBUGINFOD_URLS=https://debuginfod.ubuntu.com /usr/bin/cmake --build /home/fahad/bumperbot_ws/build/bumperbot_controller -- -j8 -l8
[2.272s] Invoking command in '/home/fahad/bumperbot_ws/build/bumperbot_controller': CMAKE_PREFIX_PATH=${CMAKE_PREFIX_PATH}:/home/fahad/bumperbot_ws/install/room_grid_navigator:/home/fahad/bumperbot_ws/install/bumperbot_py_examples:/opt/ros/jazzy DEBUGINFOD_URLS=https://debuginfod.ubuntu.com /usr/bin/cmake --install /home/fahad/bumperbot_ws/build/bumperbot_controller
[2.273s] -- Install configuration: ""
[2.278s] -- Execute custom install script
[2.278s] -- Up-to-date symlink: /home/fahad/bumperbot_ws/install/bumperbot_controller/share/bumperbot_controller/environment/pythonpath.sh
[2.278s] -- Up-to-date symlink: /home/fahad/bumperbot_ws/install/bumperbot_controller/share/bumperbot_controller/environment/pythonpath.dsv
[2.278s] -- Up-to-date symlink: /home/fahad/bumperbot_ws/install/bumperbot_controller/lib/python3.12/site-packages/bumperbot_controller-0.0.0-py3.12.egg-info/PKG-INFO
[2.278s] -- Up-to-date symlink: /home/fahad/bumperbot_ws/install/bumperbot_controller/lib/python3.12/site-packages/bumperbot_controller-0.0.0-py3.12.egg-info/SOURCES.txt
[2.279s] -- Up-to-date symlink: /home/fahad/bumperbot_ws/install/bumperbot_controller/lib/python3.12/site-packages/bumperbot_controller-0.0.0-py3.12.egg-info/dependency_links.txt
[2.279s] -- Up-to-date symlink: /home/fahad/bumperbot_ws/install/bumperbot_controller/lib/python3.12/site-packages/bumperbot_controller-0.0.0-py3.12.egg-info/top_level.txt
[2.280s] -- Up-to-date symlink: /home/fahad/bumperbot_ws/install/bumperbot_controller/lib/python3.12/site-packages/bumperbot_controller/__init__.py
[2.280s] -- Up-to-date symlink: /home/fahad/bumperbot_ws/install/bumperbot_controller/lib/python3.12/site-packages/bumperbot_controller/noisy_controller.py
[2.280s] -- Up-to-date symlink: /home/fahad/bumperbot_ws/install/bumperbot_controller/lib/python3.12/site-packages/bumperbot_controller/simple_controller.py
[2.281s] -- Up-to-date symlink: /home/fahad/bumperbot_ws/install/bumperbot_controller/lib/python3.12/site-packages/bumperbot_controller/twist_relay.py
[2.281s] -- Up-to-date symlink: /home/fahad/bumperbot_ws/install/bumperbot_controller/include/include/bumperbot_controller/noisy_controller.hpp
[2.281s] -- Up-to-date symlink: /home/fahad/bumperbot_ws/install/bumperbot_controller/include/include/bumperbot_controller/simple_controller.hpp
[2.281s] -- Up-to-date symlink: /home/fahad/bumperbot_ws/install/bumperbot_controller/lib/bumperbot_controller/simple_controller
[2.282s] -- Up-to-date symlink: /home/fahad/bumperbot_ws/install/bumperbot_controller/lib/bumperbot_controller/noisy_controller
[2.282s] -- Up-to-date symlink: /home/fahad/bumperbot_ws/install/bumperbot_controller/lib/bumperbot_controller/twist_relay
[2.283s] -- Up-to-date symlink: /home/fahad/bumperbot_ws/install/bumperbot_controller/share/bumperbot_controller/launch/controller.launch.py
[2.283s] -- Up-to-date symlink: /home/fahad/bumperbot_ws/install/bumperbot_controller/share/bumperbot_controller/launch/joystick_teleop.launch.py
[2.283s] -- Up-to-date symlink: /home/fahad/bumperbot_ws/install/bumperbot_controller/share/bumperbot_controller/config/bumperbot_controllers.yaml
[2.283s] -- Up-to-date symlink: /home/fahad/bumperbot_ws/install/bumperbot_controller/share/bumperbot_controller/config/joy_config.yaml
[2.283s] -- Up-to-date symlink: /home/fahad/bumperbot_ws/install/bumperbot_controller/share/bumperbot_controller/config/joy_teleop.yaml
[2.284s] -- Up-to-date symlink: /home/fahad/bumperbot_ws/install/bumperbot_controller/share/bumperbot_controller/config/twist_mux_joy.yaml
[2.284s] -- Up-to-date symlink: /home/fahad/bumperbot_ws/install/bumperbot_controller/share/bumperbot_controller/config/twist_mux_locks.yaml
[2.285s] -- Up-to-date symlink: /home/fahad/bumperbot_ws/install/bumperbot_controller/share/bumperbot_controller/config/twist_mux_topics.yaml
[2.286s] -- Up-to-date symlink: /home/fahad/bumperbot_ws/install/bumperbot_controller/lib/bumperbot_controller/simple_controller.py
[2.286s] -- Up-to-date symlink: /home/fahad/bumperbot_ws/install/bumperbot_controller/lib/bumperbot_controller/noisy_controller.py
[2.286s] -- Up-to-date symlink: /home/fahad/bumperbot_ws/install/bumperbot_controller/lib/bumperbot_controller/twist_relay.py
[2.286s] -- Up-to-date symlink: /home/fahad/bumperbot_ws/install/bumperbot_controller/share/ament_index/resource_index/package_run_dependencies/bumperbot_controller
[2.287s] -- Up-to-date symlink: /home/fahad/bumperbot_ws/install/bumperbot_controller/share/ament_index/resource_index/parent_prefix_path/bumperbot_controller
[2.287s] -- Up-to-date symlink: /home/fahad/bumperbot_ws/install/bumperbot_controller/share/bumperbot_controller/environment/ament_prefix_path.sh
[2.287s] -- Up-to-date symlink: /home/fahad/bumperbot_ws/install/bumperbot_controller/share/bumperbot_controller/environment/ament_prefix_path.dsv
[2.287s] -- Up-to-date symlink: /home/fahad/bumperbot_ws/install/bumperbot_controller/share/bumperbot_controller/environment/path.sh
[2.287s] -- Up-to-date symlink: /home/fahad/bumperbot_ws/install/bumperbot_controller/share/bumperbot_controller/environment/path.dsv
[2.287s] -- Up-to-date symlink: /home/fahad/bumperbot_ws/install/bumperbot_controller/share/bumperbot_controller/local_setup.bash
[2.288s] -- Up-to-date symlink: /home/fahad/bumperbot_ws/install/bumperbot_controller/share/bumperbot_controller/local_setup.sh
[2.288s] -- Up-to-date symlink: /home/fahad/bumperbot_ws/install/bumperbot_controller/share/bumperbot_controller/local_setup.zsh
[2.288s] -- Up-to-date symlink: /home/fahad/bumperbot_ws/install/bumperbot_controller/share/bumperbot_controller/local_setup.dsv
[2.288s] -- Symlinking: /home/fahad/bumperbot_ws/install/bumperbot_controller/share/bumperbot_controller/package.dsv
[2.289s] -- Up-to-date symlink: /home/fahad/bumperbot_ws/install/bumperbot_controller/share/ament_index/resource_index/packages/bumperbot_controller
[2.289s] -- Up-to-date symlink: /home/fahad/bumperbot_ws/install/bumperbot_controller/share/bumperbot_controller/cmake/bumperbot_controllerConfig.cmake
[2.289s] -- Up-to-date symlink: /home/fahad/bumperbot_ws/install/bumperbot_controller/share/bumperbot_controller/cmake/bumperbot_controllerConfig-version.cmake
[2.289s] -- Up-to-date symlink: /home/fahad/bumperbot_ws/install/bumperbot_controller/share/bumperbot_controller/package.xml
[2.301s] Listing '/home/fahad/bumperbot_ws/install/bumperbot_controller/lib/python3.12/site-packages/bumperbot_controller'...
[2.668s] Invoked command in '/home/fahad/bumperbot_ws/build/bumperbot_controller' returned '0': CMAKE_PREFIX_PATH=${CMAKE_PREFIX_PATH}:/home/fahad/bumperbot_ws/install/room_grid_navigator:/home/fahad/bumperbot_ws/install/bumperbot_py_examples:/opt/ros/jazzy DEBUGINFOD_URLS=https://debuginfod.ubuntu.com /usr/bin/cmake --install /home/fahad/bumperbot_ws/build/bumperbot_controller
