[0.069s] Invoking command in '/home/fahad/bumperbot_ws/build/bumperbot_firmware': CMAKE_PREFIX_PATH=${CMAKE_PREFIX_PATH}:/home/fahad/bumperbot_ws/install/room_grid_navigator:/home/fahad/bumperbot_ws/install/bumperbot_py_examples:/opt/ros/jazzy DEBUGINFOD_URLS=https://debuginfod.ubuntu.com /usr/bin/cmake --build /home/fahad/bumperbot_ws/build/bumperbot_firmware -- -j8 -l8
[0.336s] [ 33%] Built target simple_serial_transmitter
[0.338s] [ 66%] Built target bumperbot_firmware
[0.373s] [ 66%] Built target ament_cmake_python_symlink_bumperbot_firmware
[0.379s] [100%] Built target simple_serial_receiver
[1.095s] running egg_info
[1.162s] writing bumperbot_firmware.egg-info/PKG-INFO
[1.163s] writing dependency_links to bumperbot_firmware.egg-info/dependency_links.txt
[1.164s] writing top-level names to bumperbot_firmware.egg-info/top_level.txt
[1.358s] reading manifest file 'bumperbot_firmware.egg-info/SOURCES.txt'
[1.360s] writing manifest file 'bumperbot_firmware.egg-info/SOURCES.txt'
[1.450s] [100%] Built target ament_cmake_python_build_bumperbot_firmware_egg
[1.527s] Invoked command in '/home/fahad/bumperbot_ws/build/bumperbot_firmware' returned '0': CMAKE_PREFIX_PATH=${CMAKE_PREFIX_PATH}:/home/fahad/bumperbot_ws/install/room_grid_navigator:/home/fahad/bumperbot_ws/install/bumperbot_py_examples:/opt/ros/jazzy DEBUGINFOD_URLS=https://debuginfod.ubuntu.com /usr/bin/cmake --build /home/fahad/bumperbot_ws/build/bumperbot_firmware -- -j8 -l8
[1.528s] Invoking command in '/home/fahad/bumperbot_ws/build/bumperbot_firmware': CMAKE_PREFIX_PATH=${CMAKE_PREFIX_PATH}:/home/fahad/bumperbot_ws/install/room_grid_navigator:/home/fahad/bumperbot_ws/install/bumperbot_py_examples:/opt/ros/jazzy DEBUGINFOD_URLS=https://debuginfod.ubuntu.com /usr/bin/cmake --install /home/fahad/bumperbot_ws/build/bumperbot_firmware
[1.585s] -- Install configuration: ""
[1.595s] -- Execute custom install script
[1.596s] -- Up-to-date symlink: /home/fahad/bumperbot_ws/install/bumperbot_firmware/share/bumperbot_firmware/environment/pythonpath.sh
[1.596s] -- Up-to-date symlink: /home/fahad/bumperbot_ws/install/bumperbot_firmware/share/bumperbot_firmware/environment/pythonpath.dsv
[1.596s] -- Up-to-date symlink: /home/fahad/bumperbot_ws/install/bumperbot_firmware/lib/python3.12/site-packages/bumperbot_firmware-0.0.0-py3.12.egg-info/PKG-INFO
[1.596s] -- Up-to-date symlink: /home/fahad/bumperbot_ws/install/bumperbot_firmware/lib/python3.12/site-packages/bumperbot_firmware-0.0.0-py3.12.egg-info/SOURCES.txt
[1.609s] -- Up-to-date symlink: /home/fahad/bumperbot_ws/install/bumperbot_firmware/lib/python3.12/site-packages/bumperbot_firmware-0.0.0-py3.12.egg-info/dependency_links.txt
[1.609s] -- Up-to-date symlink: /home/fahad/bumperbot_ws/install/bumperbot_firmware/lib/python3.12/site-packages/bumperbot_firmware-0.0.0-py3.12.egg-info/top_level.txt
[1.610s] -- Up-to-date symlink: /home/fahad/bumperbot_ws/install/bumperbot_firmware/lib/python3.12/site-packages/bumperbot_firmware/__init__.py
[1.610s] -- Up-to-date symlink: /home/fahad/bumperbot_ws/install/bumperbot_firmware/lib/python3.12/site-packages/bumperbot_firmware/mpu6050_driver.py
[1.610s] -- Up-to-date symlink: /home/fahad/bumperbot_ws/install/bumperbot_firmware/lib/python3.12/site-packages/bumperbot_firmware/simple_serial_receiver.py
[1.611s] -- Up-to-date symlink: /home/fahad/bumperbot_ws/install/bumperbot_firmware/lib/python3.12/site-packages/bumperbot_firmware/simple_serial_transmitter.py
[1.611s] -- Up-to-date symlink: /home/fahad/bumperbot_ws/install/bumperbot_firmware/share/bumperbot_firmware//bumperbot_interface.xml
[1.618s] -- Up-to-date symlink: /home/fahad/bumperbot_ws/install/bumperbot_firmware/lib/libbumperbot_firmware.so
[1.620s] -- Up-to-date symlink: /home/fahad/bumperbot_ws/install/bumperbot_firmware/include/include/bumperbot_firmware/bumperbot_interface.hpp
[1.620s] -- Up-to-date symlink: /home/fahad/bumperbot_ws/install/bumperbot_firmware/share/bumperbot_firmware/launch/hardware_interface.launch.py
[1.621s] -- Up-to-date symlink: /home/fahad/bumperbot_ws/install/bumperbot_firmware/lib/bumperbot_firmware/simple_serial_transmitter.py
[1.623s] -- Up-to-date symlink: /home/fahad/bumperbot_ws/install/bumperbot_firmware/lib/bumperbot_firmware/simple_serial_receiver.py
[1.624s] -- Up-to-date symlink: /home/fahad/bumperbot_ws/install/bumperbot_firmware/lib/bumperbot_firmware/mpu6050_driver.py
[1.624s] -- Up-to-date symlink: /home/fahad/bumperbot_ws/install/bumperbot_firmware/bin/simple_serial_receiver
[1.624s] -- Up-to-date symlink: /home/fahad/bumperbot_ws/install/bumperbot_firmware/bin/simple_serial_transmitter
[1.625s] -- Up-to-date symlink: /home/fahad/bumperbot_ws/install/bumperbot_firmware/share/bumperbot_firmware/environment/library_path.sh
[1.625s] -- Up-to-date symlink: /home/fahad/bumperbot_ws/install/bumperbot_firmware/share/bumperbot_firmware/environment/library_path.dsv
[1.632s] -- Up-to-date symlink: /home/fahad/bumperbot_ws/install/bumperbot_firmware/share/ament_index/resource_index/package_run_dependencies/bumperbot_firmware
[1.632s] -- Up-to-date symlink: /home/fahad/bumperbot_ws/install/bumperbot_firmware/share/ament_index/resource_index/parent_prefix_path/bumperbot_firmware
[1.632s] -- Up-to-date symlink: /home/fahad/bumperbot_ws/install/bumperbot_firmware/share/bumperbot_firmware/environment/ament_prefix_path.sh
[1.633s] -- Up-to-date symlink: /home/fahad/bumperbot_ws/install/bumperbot_firmware/share/bumperbot_firmware/environment/ament_prefix_path.dsv
[1.633s] -- Up-to-date symlink: /home/fahad/bumperbot_ws/install/bumperbot_firmware/share/bumperbot_firmware/environment/path.sh
[1.634s] -- Up-to-date symlink: /home/fahad/bumperbot_ws/install/bumperbot_firmware/share/bumperbot_firmware/environment/path.dsv
[1.634s] -- Up-to-date symlink: /home/fahad/bumperbot_ws/install/bumperbot_firmware/share/bumperbot_firmware/local_setup.bash
[1.635s] -- Up-to-date symlink: /home/fahad/bumperbot_ws/install/bumperbot_firmware/share/bumperbot_firmware/local_setup.sh
[1.635s] -- Up-to-date symlink: /home/fahad/bumperbot_ws/install/bumperbot_firmware/share/bumperbot_firmware/local_setup.zsh
[1.635s] -- Up-to-date symlink: /home/fahad/bumperbot_ws/install/bumperbot_firmware/share/bumperbot_firmware/local_setup.dsv
[1.636s] -- Symlinking: /home/fahad/bumperbot_ws/install/bumperbot_firmware/share/bumperbot_firmware/package.dsv
[1.654s] -- Up-to-date symlink: /home/fahad/bumperbot_ws/install/bumperbot_firmware/share/ament_index/resource_index/packages/bumperbot_firmware
[1.654s] -- Up-to-date symlink: /home/fahad/bumperbot_ws/install/bumperbot_firmware/share/ament_index/resource_index/hardware_interface__pluginlib__plugin/bumperbot_firmware
[1.657s] -- Up-to-date symlink: /home/fahad/bumperbot_ws/install/bumperbot_firmware/share/bumperbot_firmware/cmake/ament_cmake_export_include_directories-extras.cmake
[1.658s] -- Up-to-date symlink: /home/fahad/bumperbot_ws/install/bumperbot_firmware/share/bumperbot_firmware/cmake/ament_cmake_export_libraries-extras.cmake
[1.659s] -- Up-to-date symlink: /home/fahad/bumperbot_ws/install/bumperbot_firmware/share/bumperbot_firmware/cmake/ament_cmake_export_dependencies-extras.cmake
[1.659s] -- Up-to-date symlink: /home/fahad/bumperbot_ws/install/bumperbot_firmware/share/bumperbot_firmware/cmake/bumperbot_firmwareConfig.cmake
[1.659s] -- Up-to-date symlink: /home/fahad/bumperbot_ws/install/bumperbot_firmware/share/bumperbot_firmware/cmake/bumperbot_firmwareConfig-version.cmake
[1.659s] -- Up-to-date symlink: /home/fahad/bumperbot_ws/install/bumperbot_firmware/share/bumperbot_firmware/package.xml
[2.005s] Listing '/home/fahad/bumperbot_ws/install/bumperbot_firmware/lib/python3.12/site-packages/bumperbot_firmware'...
[2.023s] Invoked command in '/home/fahad/bumperbot_ws/build/bumperbot_firmware' returned '0': CMAKE_PREFIX_PATH=${CMAKE_PREFIX_PATH}:/home/fahad/bumperbot_ws/install/room_grid_navigator:/home/fahad/bumperbot_ws/install/bumperbot_py_examples:/opt/ros/jazzy DEBUGINFOD_URLS=https://debuginfod.ubuntu.com /usr/bin/cmake --install /home/fahad/bumperbot_ws/build/bumperbot_firmware
