[0.062s] Invoking command in '/home/fahad/bumperbot_ws/build/bumperbot_mapping': CMAKE_PREFIX_PATH=${CMAKE_PREFIX_PATH}:/home/fahad/bumperbot_ws/install/room_grid_navigator:/home/fahad/bumperbot_ws/install/bumperbot_py_examples:/opt/ros/jazzy DEBUGINFOD_URLS=https://debuginfod.ubuntu.com /usr/bin/cmake --build /home/fahad/bumperbot_ws/build/bumperbot_mapping -- -j8 -l8
[0.328s] [100%] Built target mapping_with_known_poses
[0.335s] [100%] Built target ament_cmake_python_symlink_bumperbot_mapping
[1.104s] running egg_info
[1.163s] writing bumperbot_mapping.egg-info/PKG-INFO
[1.164s] writing dependency_links to bumperbot_mapping.egg-info/dependency_links.txt
[1.166s] writing top-level names to bumperbot_mapping.egg-info/top_level.txt
[1.385s] reading manifest file 'bumperbot_mapping.egg-info/SOURCES.txt'
[1.386s] writing manifest file 'bumperbot_mapping.egg-info/SOURCES.txt'
[1.541s] [100%] Built target ament_cmake_python_build_bumperbot_mapping_egg
[1.625s] Invoked command in '/home/fahad/bumperbot_ws/build/bumperbot_mapping' returned '0': CMAKE_PREFIX_PATH=${CMAKE_PREFIX_PATH}:/home/fahad/bumperbot_ws/install/room_grid_navigator:/home/fahad/bumperbot_ws/install/bumperbot_py_examples:/opt/ros/jazzy DEBUGINFOD_URLS=https://debuginfod.ubuntu.com /usr/bin/cmake --build /home/fahad/bumperbot_ws/build/bumperbot_mapping -- -j8 -l8
[1.628s] Invoking command in '/home/fahad/bumperbot_ws/build/bumperbot_mapping': CMAKE_PREFIX_PATH=${CMAKE_PREFIX_PATH}:/home/fahad/bumperbot_ws/install/room_grid_navigator:/home/fahad/bumperbot_ws/install/bumperbot_py_examples:/opt/ros/jazzy DEBUGINFOD_URLS=https://debuginfod.ubuntu.com /usr/bin/cmake --install /home/fahad/bumperbot_ws/build/bumperbot_mapping
[1.880s] -- Install configuration: ""
[1.880s] -- Execute custom install script
[1.880s] -- Up-to-date symlink: /home/fahad/bumperbot_ws/install/bumperbot_mapping/share/bumperbot_mapping/environment/pythonpath.sh
[1.881s] -- Up-to-date symlink: /home/fahad/bumperbot_ws/install/bumperbot_mapping/share/bumperbot_mapping/environment/pythonpath.dsv
[1.881s] -- Up-to-date symlink: /home/fahad/bumperbot_ws/install/bumperbot_mapping/lib/python3.12/site-packages/bumperbot_mapping-0.0.0-py3.12.egg-info/PKG-INFO
[1.881s] -- Up-to-date symlink: /home/fahad/bumperbot_ws/install/bumperbot_mapping/lib/python3.12/site-packages/bumperbot_mapping-0.0.0-py3.12.egg-info/SOURCES.txt
[1.881s] -- Up-to-date symlink: /home/fahad/bumperbot_ws/install/bumperbot_mapping/lib/python3.12/site-packages/bumperbot_mapping-0.0.0-py3.12.egg-info/dependency_links.txt
[1.882s] -- Up-to-date symlink: /home/fahad/bumperbot_ws/install/bumperbot_mapping/lib/python3.12/site-packages/bumperbot_mapping-0.0.0-py3.12.egg-info/top_level.txt
[1.882s] -- Up-to-date symlink: /home/fahad/bumperbot_ws/install/bumperbot_mapping/lib/python3.12/site-packages/bumperbot_mapping/__init__.py
[1.885s] -- Up-to-date symlink: /home/fahad/bumperbot_ws/install/bumperbot_mapping/lib/python3.12/site-packages/bumperbot_mapping/mapping_with_known_poses.py
[1.886s] -- Up-to-date symlink: /home/fahad/bumperbot_ws/install/bumperbot_mapping/include/include/bumperbot_mapping/mapping_with_known_poses.hpp
[1.886s] -- Up-to-date symlink: /home/fahad/bumperbot_ws/install/bumperbot_mapping/lib/bumperbot_mapping/mapping_with_known_poses
[1.886s] -- Up-to-date symlink: /home/fahad/bumperbot_ws/install/bumperbot_mapping/share/bumperbot_mapping/config/slam_toolbox.yaml
[1.886s] -- Up-to-date symlink: /home/fahad/bumperbot_ws/install/bumperbot_mapping/share/bumperbot_mapping/launch/slam.launch.py
[1.887s] -- Up-to-date symlink: /home/fahad/bumperbot_ws/install/bumperbot_mapping/share/bumperbot_mapping/maps/map.pgm
[1.887s] -- Up-to-date symlink: /home/fahad/bumperbot_ws/install/bumperbot_mapping/share/bumperbot_mapping/maps/small_house (Copy)/map.pgm
[1.887s] -- Up-to-date symlink: /home/fahad/bumperbot_ws/install/bumperbot_mapping/share/bumperbot_mapping/maps/small_house (Copy)/map.yaml
[1.887s] -- Up-to-date symlink: /home/fahad/bumperbot_ws/install/bumperbot_mapping/share/bumperbot_mapping/maps/small_house/map.pgm
[1.888s] -- Up-to-date symlink: /home/fahad/bumperbot_ws/install/bumperbot_mapping/share/bumperbot_mapping/maps/small_house/map.yaml
[1.888s] -- Up-to-date symlink: /home/fahad/bumperbot_ws/install/bumperbot_mapping/share/bumperbot_mapping/maps/small_warehouse/map.pgm
[1.888s] -- Up-to-date symlink: /home/fahad/bumperbot_ws/install/bumperbot_mapping/share/bumperbot_mapping/maps/small_warehouse/map.yaml
[1.888s] -- Symlinking: /home/fahad/bumperbot_ws/install/bumperbot_mapping/share/bumperbot_mapping/maps/vincent_house/vincent_house.pgm
[1.990s] -- Symlinking: /home/fahad/bumperbot_ws/install/bumperbot_mapping/share/bumperbot_mapping/maps/vincent_house/vincent_house.yaml
[2.008s] -- Up-to-date symlink: /home/fahad/bumperbot_ws/install/bumperbot_mapping/share/bumperbot_mapping/rviz/slam.rviz
[2.008s] -- Up-to-date symlink: /home/fahad/bumperbot_ws/install/bumperbot_mapping/lib/bumperbot_mapping/mapping_with_known_poses.py
[2.008s] -- Up-to-date symlink: /home/fahad/bumperbot_ws/install/bumperbot_mapping/share/ament_index/resource_index/package_run_dependencies/bumperbot_mapping
[2.009s] -- Up-to-date symlink: /home/fahad/bumperbot_ws/install/bumperbot_mapping/share/ament_index/resource_index/parent_prefix_path/bumperbot_mapping
[2.009s] -- Up-to-date symlink: /home/fahad/bumperbot_ws/install/bumperbot_mapping/share/bumperbot_mapping/environment/ament_prefix_path.sh
[2.009s] -- Up-to-date symlink: /home/fahad/bumperbot_ws/install/bumperbot_mapping/share/bumperbot_mapping/environment/ament_prefix_path.dsv
[2.010s] -- Up-to-date symlink: /home/fahad/bumperbot_ws/install/bumperbot_mapping/share/bumperbot_mapping/environment/path.sh
[2.010s] -- Up-to-date symlink: /home/fahad/bumperbot_ws/install/bumperbot_mapping/share/bumperbot_mapping/environment/path.dsv
[2.014s] -- Up-to-date symlink: /home/fahad/bumperbot_ws/install/bumperbot_mapping/share/bumperbot_mapping/local_setup.bash
[2.015s] -- Up-to-date symlink: /home/fahad/bumperbot_ws/install/bumperbot_mapping/share/bumperbot_mapping/local_setup.sh
[2.015s] -- Up-to-date symlink: /home/fahad/bumperbot_ws/install/bumperbot_mapping/share/bumperbot_mapping/local_setup.zsh
[2.016s] -- Up-to-date symlink: /home/fahad/bumperbot_ws/install/bumperbot_mapping/share/bumperbot_mapping/local_setup.dsv
[2.016s] -- Symlinking: /home/fahad/bumperbot_ws/install/bumperbot_mapping/share/bumperbot_mapping/package.dsv
[2.018s] -- Up-to-date symlink: /home/fahad/bumperbot_ws/install/bumperbot_mapping/share/ament_index/resource_index/packages/bumperbot_mapping
[2.019s] -- Up-to-date symlink: /home/fahad/bumperbot_ws/install/bumperbot_mapping/share/bumperbot_mapping/cmake/bumperbot_mappingConfig.cmake
[2.019s] -- Up-to-date symlink: /home/fahad/bumperbot_ws/install/bumperbot_mapping/share/bumperbot_mapping/cmake/bumperbot_mappingConfig-version.cmake
[2.019s] -- Up-to-date symlink: /home/fahad/bumperbot_ws/install/bumperbot_mapping/share/bumperbot_mapping/package.xml
[2.031s] Listing '/home/fahad/bumperbot_ws/install/bumperbot_mapping/lib/python3.12/site-packages/bumperbot_mapping'...
[2.362s] Invoked command in '/home/fahad/bumperbot_ws/build/bumperbot_mapping' returned '0': CMAKE_PREFIX_PATH=${CMAKE_PREFIX_PATH}:/home/fahad/bumperbot_ws/install/room_grid_navigator:/home/fahad/bumperbot_ws/install/bumperbot_py_examples:/opt/ros/jazzy DEBUGINFOD_URLS=https://debuginfod.ubuntu.com /usr/bin/cmake --install /home/fahad/bumperbot_ws/build/bumperbot_mapping
