[9.219s] Invoking command in '/home/fahad/bumperbot_ws/src/room_grid_navigator': DEBUGINFOD_URLS=https://debuginfod.ubuntu.com PYTHONPATH=/home/fahad/bumperbot_ws/src/build/room_grid_navigator/prefix_override:/usr/lib/python3/dist-packages/colcon_core/task/python/colcon_distutils_commands:/home/fahad/bumperbot_ws/src/install/room_grid_navigator/lib/python3.12/site-packages:${PYTHONPATH} /usr/bin/python3 -W ignore:setup.py install is deprecated -W ignore:easy_install command is deprecated setup.py egg_info --egg-base ../build/room_grid_navigator build --build-base /home/fahad/bumperbot_ws/src/build/room_grid_navigator/build install --record /home/fahad/bumperbot_ws/src/build/room_grid_navigator/install.log --single-version-externally-managed install_data
[11.061s] running egg_info
[11.164s] writing ../build/room_grid_navigator/room_grid_navigator.egg-info/PKG-INFO
[11.165s] writing dependency_links to ../build/room_grid_navigator/room_grid_navigator.egg-info/dependency_links.txt
[11.167s] writing entry points to ../build/room_grid_navigator/room_grid_navigator.egg-info/entry_points.txt
[11.170s] writing requirements to ../build/room_grid_navigator/room_grid_navigator.egg-info/requires.txt
[11.171s] writing top-level names to ../build/room_grid_navigator/room_grid_navigator.egg-info/top_level.txt
[11.493s] reading manifest file '../build/room_grid_navigator/room_grid_navigator.egg-info/SOURCES.txt'
[11.499s] writing manifest file '../build/room_grid_navigator/room_grid_navigator.egg-info/SOURCES.txt'
[11.506s] running build
[11.507s] running build_py
[11.520s] copying room_grid_navigator/room_grid_navigator.py -> /home/fahad/bumperbot_ws/src/build/room_grid_navigator/build/lib/room_grid_navigator
[11.520s] running install
[11.586s] running install_lib
[11.784s] copying /home/fahad/bumperbot_ws/src/build/room_grid_navigator/build/lib/room_grid_navigator/room_grid_navigator.py -> /home/fahad/bumperbot_ws/src/install/room_grid_navigator/lib/python3.12/site-packages/room_grid_navigator
[11.790s] byte-compiling /home/fahad/bumperbot_ws/src/install/room_grid_navigator/lib/python3.12/site-packages/room_grid_navigator/room_grid_navigator.py to room_grid_navigator.cpython-312.pyc
[11.841s] running install_data
[11.842s] running install_egg_info
[11.944s] removing '/home/fahad/bumperbot_ws/src/install/room_grid_navigator/lib/python3.12/site-packages/room_grid_navigator-0.0.0-py3.12.egg-info' (and everything under it)
[11.947s] Copying ../build/room_grid_navigator/room_grid_navigator.egg-info to /home/fahad/bumperbot_ws/src/install/room_grid_navigator/lib/python3.12/site-packages/room_grid_navigator-0.0.0-py3.12.egg-info
[11.958s] running install_scripts
[13.007s] Installing room_grid_navigator script to /home/fahad/bumperbot_ws/src/install/room_grid_navigator/lib/room_grid_navigator
[13.010s] writing list of installed files to '/home/fahad/bumperbot_ws/src/build/room_grid_navigator/install.log'
[13.185s] Invoked command in '/home/fahad/bumperbot_ws/src/room_grid_navigator' returned '0': DEBUGINFOD_URLS=https://debuginfod.ubuntu.com PYTHONPATH=/home/fahad/bumperbot_ws/src/build/room_grid_navigator/prefix_override:/usr/lib/python3/dist-packages/colcon_core/task/python/colcon_distutils_commands:/home/fahad/bumperbot_ws/src/install/room_grid_navigator/lib/python3.12/site-packages:${PYTHONPATH} /usr/bin/python3 -W ignore:setup.py install is deprecated -W ignore:easy_install command is deprecated setup.py egg_info --egg-base ../build/room_grid_navigator build --build-base /home/fahad/bumperbot_ws/src/build/room_grid_navigator/build install --record /home/fahad/bumperbot_ws/src/build/room_grid_navigator/install.log --single-version-externally-managed install_data
