[2.337s] DEBUG:colcon:Command line arguments: ['/usr/bin/colcon', 'build', '--packages-select', 'room_grid_navigator']
[2.338s] DEBUG:colcon:Parsed command line arguments: Namespace(log_base=None, log_level=None, verb_name='build', build_base='build', install_base='install', merge_install=False, symlink_install=False, test_result_base=None, continue_on_error=False, executor='parallel', parallel_workers=8, event_handlers=None, ignore_user_meta=False, metas=['./colcon.meta'], base_paths=['.'], packages_ignore=None, packages_ignore_regex=None, paths=None, packages_up_to=None, packages_up_to_regex=None, packages_above=None, packages_above_and_dependencies=None, packages_above_depth=None, packages_select_by_dep=None, packages_skip_by_dep=None, packages_skip_up_to=None, packages_select_build_failed=False, packages_skip_build_finished=False, packages_select_test_failures=False, packages_skip_test_passed=False, packages_select=['room_grid_navigator'], packages_skip=None, packages_select_regex=None, packages_skip_regex=None, packages_start=None, packages_end=None, allow_overriding=[], cmake_args=None, cmake_target=None, cmake_target_skip_unavailable=False, cmake_clean_cache=False, cmake_clean_first=False, cmake_force_configure=False, ament_cmake_args=None, catkin_cmake_args=None, catkin_skip_building_tests=False, mixin_files=None, mixin=None, verb_parser=<colcon_mixin.mixin.mixin_argument.MixinArgumentDecorator object at 0x7de9189b1e80>, verb_extension=<colcon_core.verb.build.BuildVerb object at 0x7de918ac65d0>, main=<bound method BuildVerb.main of <colcon_core.verb.build.BuildVerb object at 0x7de918ac65d0>>, mixin_verb=('build',))
[3.013s] Level 1:colcon.colcon_core.package_discovery:discover_packages(colcon_meta) check parameters
[3.018s] Level 1:colcon.colcon_core.package_discovery:discover_packages(recursive) check parameters
[3.018s] Level 1:colcon.colcon_core.package_discovery:discover_packages(ignore) check parameters
[3.019s] Level 1:colcon.colcon_core.package_discovery:discover_packages(path) check parameters
[3.019s] Level 1:colcon.colcon_core.package_discovery:discover_packages(colcon_meta) discover
[3.020s] Level 1:colcon.colcon_core.package_discovery:discover_packages(recursive) discover
[3.020s] INFO:colcon.colcon_core.package_discovery:Crawling recursively for packages in '/home/fahad/bumperbot_ws/src'
[3.021s] Level 1:colcon.colcon_core.package_identification:_identify(.) by extensions ['ignore', 'ignore_ament_install']
[3.023s] Level 1:colcon.colcon_core.package_identification:_identify(.) by extension 'ignore'
[3.024s] Level 1:colcon.colcon_core.package_identification:_identify(.) by extension 'ignore_ament_install'
[3.025s] Level 1:colcon.colcon_core.package_identification:_identify(.) by extensions ['colcon_pkg']
[3.025s] Level 1:colcon.colcon_core.package_identification:_identify(.) by extension 'colcon_pkg'
[3.030s] Level 1:colcon.colcon_core.package_identification:_identify(.) by extensions ['colcon_meta']
[3.030s] Level 1:colcon.colcon_core.package_identification:_identify(.) by extension 'colcon_meta'
[3.030s] Level 1:colcon.colcon_core.package_identification:_identify(.) by extensions ['ros']
[3.030s] Level 1:colcon.colcon_core.package_identification:_identify(.) by extension 'ros'
[3.692s] Level 1:colcon.colcon_core.package_identification:_identify(.) by extensions ['cmake', 'python']
[3.692s] Level 1:colcon.colcon_core.package_identification:_identify(.) by extension 'cmake'
[3.693s] Level 1:colcon.colcon_core.package_identification:_identify(.) by extension 'python'
[3.693s] Level 1:colcon.colcon_core.package_identification:_identify(.) by extensions ['python_setup_py']
[3.693s] Level 1:colcon.colcon_core.package_identification:_identify(.) by extension 'python_setup_py'
[3.694s] Level 1:colcon.colcon_core.package_identification:_identify(build) by extensions ['ignore', 'ignore_ament_install']
[3.695s] Level 1:colcon.colcon_core.package_identification:_identify(build) by extension 'ignore'
[3.695s] Level 1:colcon.colcon_core.package_identification:_identify(build) ignored
[3.696s] Level 1:colcon.colcon_core.package_identification:_identify(bumperbot_bringup) by extensions ['ignore', 'ignore_ament_install']
[3.697s] Level 1:colcon.colcon_core.package_identification:_identify(bumperbot_bringup) by extension 'ignore'
[3.701s] Level 1:colcon.colcon_core.package_identification:_identify(bumperbot_bringup) by extension 'ignore_ament_install'
[3.701s] Level 1:colcon.colcon_core.package_identification:_identify(bumperbot_bringup) by extensions ['colcon_pkg']
[3.701s] Level 1:colcon.colcon_core.package_identification:_identify(bumperbot_bringup) by extension 'colcon_pkg'
[3.702s] Level 1:colcon.colcon_core.package_identification:_identify(bumperbot_bringup) by extensions ['colcon_meta']
[3.702s] Level 1:colcon.colcon_core.package_identification:_identify(bumperbot_bringup) by extension 'colcon_meta'
[3.702s] Level 1:colcon.colcon_core.package_identification:_identify(bumperbot_bringup) by extensions ['ros']
[3.702s] Level 1:colcon.colcon_core.package_identification:_identify(bumperbot_bringup) by extension 'ros'
[3.719s] DEBUG:colcon.colcon_core.package_identification:Package 'bumperbot_bringup' with type 'ros.ament_cmake' and name 'bumperbot_bringup'
[3.722s] Level 1:colcon.colcon_core.package_identification:_identify(bumperbot_controller) by extensions ['ignore', 'ignore_ament_install']
[3.722s] Level 1:colcon.colcon_core.package_identification:_identify(bumperbot_controller) by extension 'ignore'
[3.723s] Level 1:colcon.colcon_core.package_identification:_identify(bumperbot_controller) by extension 'ignore_ament_install'
[3.727s] Level 1:colcon.colcon_core.package_identification:_identify(bumperbot_controller) by extensions ['colcon_pkg']
[3.727s] Level 1:colcon.colcon_core.package_identification:_identify(bumperbot_controller) by extension 'colcon_pkg'
[3.730s] Level 1:colcon.colcon_core.package_identification:_identify(bumperbot_controller) by extensions ['colcon_meta']
[3.731s] Level 1:colcon.colcon_core.package_identification:_identify(bumperbot_controller) by extension 'colcon_meta'
[3.732s] Level 1:colcon.colcon_core.package_identification:_identify(bumperbot_controller) by extensions ['ros']
[3.735s] Level 1:colcon.colcon_core.package_identification:_identify(bumperbot_controller) by extension 'ros'
[3.744s] DEBUG:colcon.colcon_core.package_identification:Package 'bumperbot_controller' with type 'ros.ament_cmake' and name 'bumperbot_controller'
[3.758s] Level 1:colcon.colcon_core.package_identification:_identify(bumperbot_cpp_examples) by extensions ['ignore', 'ignore_ament_install']
[3.758s] Level 1:colcon.colcon_core.package_identification:_identify(bumperbot_cpp_examples) by extension 'ignore'
[3.758s] Level 1:colcon.colcon_core.package_identification:_identify(bumperbot_cpp_examples) by extension 'ignore_ament_install'
[3.759s] Level 1:colcon.colcon_core.package_identification:_identify(bumperbot_cpp_examples) by extensions ['colcon_pkg']
[3.759s] Level 1:colcon.colcon_core.package_identification:_identify(bumperbot_cpp_examples) by extension 'colcon_pkg'
[3.759s] Level 1:colcon.colcon_core.package_identification:_identify(bumperbot_cpp_examples) by extensions ['colcon_meta']
[3.759s] Level 1:colcon.colcon_core.package_identification:_identify(bumperbot_cpp_examples) by extension 'colcon_meta'
[3.759s] Level 1:colcon.colcon_core.package_identification:_identify(bumperbot_cpp_examples) by extensions ['ros']
[3.759s] Level 1:colcon.colcon_core.package_identification:_identify(bumperbot_cpp_examples) by extension 'ros'
[3.803s] DEBUG:colcon.colcon_core.package_identification:Package 'bumperbot_cpp_examples' with type 'ros.ament_cmake' and name 'bumperbot_cpp_examples'
[3.812s] Level 1:colcon.colcon_core.package_identification:_identify(bumperbot_description) by extensions ['ignore', 'ignore_ament_install']
[3.812s] Level 1:colcon.colcon_core.package_identification:_identify(bumperbot_description) by extension 'ignore'
[3.813s] Level 1:colcon.colcon_core.package_identification:_identify(bumperbot_description) by extension 'ignore_ament_install'
[3.816s] Level 1:colcon.colcon_core.package_identification:_identify(bumperbot_description) by extensions ['colcon_pkg']
[3.819s] Level 1:colcon.colcon_core.package_identification:_identify(bumperbot_description) by extension 'colcon_pkg'
[3.819s] Level 1:colcon.colcon_core.package_identification:_identify(bumperbot_description) by extensions ['colcon_meta']
[3.819s] Level 1:colcon.colcon_core.package_identification:_identify(bumperbot_description) by extension 'colcon_meta'
[3.819s] Level 1:colcon.colcon_core.package_identification:_identify(bumperbot_description) by extensions ['ros']
[3.820s] Level 1:colcon.colcon_core.package_identification:_identify(bumperbot_description) by extension 'ros'
[3.925s] DEBUG:colcon.colcon_core.package_identification:Package 'bumperbot_description' with type 'ros.ament_cmake' and name 'bumperbot_description'
[3.933s] Level 1:colcon.colcon_core.package_identification:_identify(bumperbot_firmware) by extensions ['ignore', 'ignore_ament_install']
[3.940s] Level 1:colcon.colcon_core.package_identification:_identify(bumperbot_firmware) by extension 'ignore'
[3.940s] Level 1:colcon.colcon_core.package_identification:_identify(bumperbot_firmware) by extension 'ignore_ament_install'
[3.940s] Level 1:colcon.colcon_core.package_identification:_identify(bumperbot_firmware) by extensions ['colcon_pkg']
[3.941s] Level 1:colcon.colcon_core.package_identification:_identify(bumperbot_firmware) by extension 'colcon_pkg'
[3.941s] Level 1:colcon.colcon_core.package_identification:_identify(bumperbot_firmware) by extensions ['colcon_meta']
[3.941s] Level 1:colcon.colcon_core.package_identification:_identify(bumperbot_firmware) by extension 'colcon_meta'
[3.941s] Level 1:colcon.colcon_core.package_identification:_identify(bumperbot_firmware) by extensions ['ros']
[3.941s] Level 1:colcon.colcon_core.package_identification:_identify(bumperbot_firmware) by extension 'ros'
[3.966s] DEBUG:colcon.colcon_core.package_identification:Package 'bumperbot_firmware' with type 'ros.ament_cmake' and name 'bumperbot_firmware'
[3.970s] Level 1:colcon.colcon_core.package_identification:_identify(bumperbot_localization) by extensions ['ignore', 'ignore_ament_install']
[3.970s] Level 1:colcon.colcon_core.package_identification:_identify(bumperbot_localization) by extension 'ignore'
[3.974s] Level 1:colcon.colcon_core.package_identification:_identify(bumperbot_localization) by extension 'ignore_ament_install'
[3.975s] Level 1:colcon.colcon_core.package_identification:_identify(bumperbot_localization) by extensions ['colcon_pkg']
[3.975s] Level 1:colcon.colcon_core.package_identification:_identify(bumperbot_localization) by extension 'colcon_pkg'
[3.975s] Level 1:colcon.colcon_core.package_identification:_identify(bumperbot_localization) by extensions ['colcon_meta']
[3.975s] Level 1:colcon.colcon_core.package_identification:_identify(bumperbot_localization) by extension 'colcon_meta'
[3.975s] Level 1:colcon.colcon_core.package_identification:_identify(bumperbot_localization) by extensions ['ros']
[3.975s] Level 1:colcon.colcon_core.package_identification:_identify(bumperbot_localization) by extension 'ros'
[3.984s] DEBUG:colcon.colcon_core.package_identification:Package 'bumperbot_localization' with type 'ros.ament_cmake' and name 'bumperbot_localization'
[3.984s] Level 1:colcon.colcon_core.package_identification:_identify(bumperbot_mapping) by extensions ['ignore', 'ignore_ament_install']
[3.985s] Level 1:colcon.colcon_core.package_identification:_identify(bumperbot_mapping) by extension 'ignore'
[3.985s] Level 1:colcon.colcon_core.package_identification:_identify(bumperbot_mapping) by extension 'ignore_ament_install'
[3.985s] Level 1:colcon.colcon_core.package_identification:_identify(bumperbot_mapping) by extensions ['colcon_pkg']
[3.985s] Level 1:colcon.colcon_core.package_identification:_identify(bumperbot_mapping) by extension 'colcon_pkg'
[3.991s] Level 1:colcon.colcon_core.package_identification:_identify(bumperbot_mapping) by extensions ['colcon_meta']
[3.991s] Level 1:colcon.colcon_core.package_identification:_identify(bumperbot_mapping) by extension 'colcon_meta'
[3.992s] Level 1:colcon.colcon_core.package_identification:_identify(bumperbot_mapping) by extensions ['ros']
[3.993s] Level 1:colcon.colcon_core.package_identification:_identify(bumperbot_mapping) by extension 'ros'
[4.002s] DEBUG:colcon.colcon_core.package_identification:Package 'bumperbot_mapping' with type 'ros.ament_cmake' and name 'bumperbot_mapping'
[4.007s] Level 1:colcon.colcon_core.package_identification:_identify(bumperbot_motion) by extensions ['ignore', 'ignore_ament_install']
[4.009s] Level 1:colcon.colcon_core.package_identification:_identify(bumperbot_motion) by extension 'ignore'
[4.009s] Level 1:colcon.colcon_core.package_identification:_identify(bumperbot_motion) by extension 'ignore_ament_install'
[4.010s] Level 1:colcon.colcon_core.package_identification:_identify(bumperbot_motion) by extensions ['colcon_pkg']
[4.010s] Level 1:colcon.colcon_core.package_identification:_identify(bumperbot_motion) by extension 'colcon_pkg'
[4.010s] Level 1:colcon.colcon_core.package_identification:_identify(bumperbot_motion) by extensions ['colcon_meta']
[4.010s] Level 1:colcon.colcon_core.package_identification:_identify(bumperbot_motion) by extension 'colcon_meta'
[4.010s] Level 1:colcon.colcon_core.package_identification:_identify(bumperbot_motion) by extensions ['ros']
[4.010s] Level 1:colcon.colcon_core.package_identification:_identify(bumperbot_motion) by extension 'ros'
[4.023s] DEBUG:colcon.colcon_core.package_identification:Package 'bumperbot_motion' with type 'ros.ament_cmake' and name 'bumperbot_motion'
[4.030s] Level 1:colcon.colcon_core.package_identification:_identify(bumperbot_msgs) by extensions ['ignore', 'ignore_ament_install']
[4.032s] Level 1:colcon.colcon_core.package_identification:_identify(bumperbot_msgs) by extension 'ignore'
[4.033s] Level 1:colcon.colcon_core.package_identification:_identify(bumperbot_msgs) by extension 'ignore_ament_install'
[4.033s] Level 1:colcon.colcon_core.package_identification:_identify(bumperbot_msgs) by extensions ['colcon_pkg']
[4.034s] Level 1:colcon.colcon_core.package_identification:_identify(bumperbot_msgs) by extension 'colcon_pkg'
[4.034s] Level 1:colcon.colcon_core.package_identification:_identify(bumperbot_msgs) by extensions ['colcon_meta']
[4.035s] Level 1:colcon.colcon_core.package_identification:_identify(bumperbot_msgs) by extension 'colcon_meta'
[4.036s] Level 1:colcon.colcon_core.package_identification:_identify(bumperbot_msgs) by extensions ['ros']
[4.036s] Level 1:colcon.colcon_core.package_identification:_identify(bumperbot_msgs) by extension 'ros'
[4.045s] DEBUG:colcon.colcon_core.package_identification:Package 'bumperbot_msgs' with type 'ros.ament_cmake' and name 'bumperbot_msgs'
[4.048s] Level 1:colcon.colcon_core.package_identification:_identify(bumperbot_navigation) by extensions ['ignore', 'ignore_ament_install']
[4.049s] Level 1:colcon.colcon_core.package_identification:_identify(bumperbot_navigation) by extension 'ignore'
[4.054s] Level 1:colcon.colcon_core.package_identification:_identify(bumperbot_navigation) by extension 'ignore_ament_install'
[4.058s] Level 1:colcon.colcon_core.package_identification:_identify(bumperbot_navigation) by extensions ['colcon_pkg']
[4.059s] Level 1:colcon.colcon_core.package_identification:_identify(bumperbot_navigation) by extension 'colcon_pkg'
[4.060s] Level 1:colcon.colcon_core.package_identification:_identify(bumperbot_navigation) by extensions ['colcon_meta']
[4.060s] Level 1:colcon.colcon_core.package_identification:_identify(bumperbot_navigation) by extension 'colcon_meta'
[4.060s] Level 1:colcon.colcon_core.package_identification:_identify(bumperbot_navigation) by extensions ['ros']
[4.061s] Level 1:colcon.colcon_core.package_identification:_identify(bumperbot_navigation) by extension 'ros'
[4.064s] DEBUG:colcon.colcon_core.package_identification:Package 'bumperbot_navigation' with type 'ros.ament_cmake' and name 'bumperbot_navigation'
[4.071s] Level 1:colcon.colcon_core.package_identification:_identify(bumperbot_planning) by extensions ['ignore', 'ignore_ament_install']
[4.072s] Level 1:colcon.colcon_core.package_identification:_identify(bumperbot_planning) by extension 'ignore'
[4.073s] Level 1:colcon.colcon_core.package_identification:_identify(bumperbot_planning) by extension 'ignore_ament_install'
[4.073s] Level 1:colcon.colcon_core.package_identification:_identify(bumperbot_planning) by extensions ['colcon_pkg']
[4.073s] Level 1:colcon.colcon_core.package_identification:_identify(bumperbot_planning) by extension 'colcon_pkg'
[4.073s] Level 1:colcon.colcon_core.package_identification:_identify(bumperbot_planning) by extensions ['colcon_meta']
[4.077s] Level 1:colcon.colcon_core.package_identification:_identify(bumperbot_planning) by extension 'colcon_meta'
[4.077s] Level 1:colcon.colcon_core.package_identification:_identify(bumperbot_planning) by extensions ['ros']
[4.077s] Level 1:colcon.colcon_core.package_identification:_identify(bumperbot_planning) by extension 'ros'
[4.090s] DEBUG:colcon.colcon_core.package_identification:Package 'bumperbot_planning' with type 'ros.ament_cmake' and name 'bumperbot_planning'
[4.091s] Level 1:colcon.colcon_core.package_identification:_identify(bumperbot_py_examples) by extensions ['ignore', 'ignore_ament_install']
[4.092s] Level 1:colcon.colcon_core.package_identification:_identify(bumperbot_py_examples) by extension 'ignore'
[4.092s] Level 1:colcon.colcon_core.package_identification:_identify(bumperbot_py_examples) by extension 'ignore_ament_install'
[4.092s] Level 1:colcon.colcon_core.package_identification:_identify(bumperbot_py_examples) by extensions ['colcon_pkg']
[4.092s] Level 1:colcon.colcon_core.package_identification:_identify(bumperbot_py_examples) by extension 'colcon_pkg'
[4.093s] Level 1:colcon.colcon_core.package_identification:_identify(bumperbot_py_examples) by extensions ['colcon_meta']
[4.093s] Level 1:colcon.colcon_core.package_identification:_identify(bumperbot_py_examples) by extension 'colcon_meta'
[4.093s] Level 1:colcon.colcon_core.package_identification:_identify(bumperbot_py_examples) by extensions ['ros']
[4.093s] Level 1:colcon.colcon_core.package_identification:_identify(bumperbot_py_examples) by extension 'ros'
[4.109s] DEBUG:colcon.colcon_core.package_identification:Package 'bumperbot_py_examples' with type 'ros.ament_python' and name 'bumperbot_py_examples'
[4.120s] Level 1:colcon.colcon_core.package_identification:_identify(bumperbot_utils) by extensions ['ignore', 'ignore_ament_install']
[4.120s] Level 1:colcon.colcon_core.package_identification:_identify(bumperbot_utils) by extension 'ignore'
[4.121s] Level 1:colcon.colcon_core.package_identification:_identify(bumperbot_utils) by extension 'ignore_ament_install'
[4.121s] Level 1:colcon.colcon_core.package_identification:_identify(bumperbot_utils) by extensions ['colcon_pkg']
[4.121s] Level 1:colcon.colcon_core.package_identification:_identify(bumperbot_utils) by extension 'colcon_pkg'
[4.121s] Level 1:colcon.colcon_core.package_identification:_identify(bumperbot_utils) by extensions ['colcon_meta']
[4.121s] Level 1:colcon.colcon_core.package_identification:_identify(bumperbot_utils) by extension 'colcon_meta'
[4.121s] Level 1:colcon.colcon_core.package_identification:_identify(bumperbot_utils) by extensions ['ros']
[4.121s] Level 1:colcon.colcon_core.package_identification:_identify(bumperbot_utils) by extension 'ros'
[4.129s] DEBUG:colcon.colcon_core.package_identification:Package 'bumperbot_utils' with type 'ros.ament_cmake' and name 'bumperbot_utils'
[4.134s] Level 1:colcon.colcon_core.package_identification:_identify(install) by extensions ['ignore', 'ignore_ament_install']
[4.134s] Level 1:colcon.colcon_core.package_identification:_identify(install) by extension 'ignore'
[4.134s] Level 1:colcon.colcon_core.package_identification:_identify(install) ignored
[4.134s] Level 1:colcon.colcon_core.package_identification:_identify(log) by extensions ['ignore', 'ignore_ament_install']
[4.135s] Level 1:colcon.colcon_core.package_identification:_identify(log) by extension 'ignore'
[4.135s] Level 1:colcon.colcon_core.package_identification:_identify(log) ignored
[4.136s] Level 1:colcon.colcon_core.package_identification:_identify(room_grid_navigator) by extensions ['ignore', 'ignore_ament_install']
[4.137s] Level 1:colcon.colcon_core.package_identification:_identify(room_grid_navigator) by extension 'ignore'
[4.137s] Level 1:colcon.colcon_core.package_identification:_identify(room_grid_navigator) by extension 'ignore_ament_install'
[4.138s] Level 1:colcon.colcon_core.package_identification:_identify(room_grid_navigator) by extensions ['colcon_pkg']
[4.139s] Level 1:colcon.colcon_core.package_identification:_identify(room_grid_navigator) by extension 'colcon_pkg'
[4.144s] Level 1:colcon.colcon_core.package_identification:_identify(room_grid_navigator) by extensions ['colcon_meta']
[4.144s] Level 1:colcon.colcon_core.package_identification:_identify(room_grid_navigator) by extension 'colcon_meta'
[4.144s] Level 1:colcon.colcon_core.package_identification:_identify(room_grid_navigator) by extensions ['ros']
[4.144s] Level 1:colcon.colcon_core.package_identification:_identify(room_grid_navigator) by extension 'ros'
[4.150s] DEBUG:colcon.colcon_core.package_identification:Package 'room_grid_navigator' with type 'ros.ament_python' and name 'room_grid_navigator'
[4.150s] Level 1:colcon.colcon_core.package_discovery:discover_packages(recursive) using defaults
[4.157s] Level 1:colcon.colcon_core.package_discovery:discover_packages(ignore) discover
[4.157s] Level 1:colcon.colcon_core.package_discovery:discover_packages(ignore) using defaults
[4.157s] Level 1:colcon.colcon_core.package_discovery:discover_packages(path) discover
[4.157s] Level 1:colcon.colcon_core.package_discovery:discover_packages(path) using defaults
[4.549s] INFO:colcon.colcon_core.package_selection:Skipping not selected package 'bumperbot_controller' in 'bumperbot_controller'
[4.550s] INFO:colcon.colcon_core.package_selection:Skipping not selected package 'bumperbot_description' in 'bumperbot_description'
[4.550s] INFO:colcon.colcon_core.package_selection:Skipping not selected package 'bumperbot_firmware' in 'bumperbot_firmware'
[4.550s] INFO:colcon.colcon_core.package_selection:Skipping not selected package 'bumperbot_localization' in 'bumperbot_localization'
[4.550s] INFO:colcon.colcon_core.package_selection:Skipping not selected package 'bumperbot_mapping' in 'bumperbot_mapping'
[4.550s] INFO:colcon.colcon_core.package_selection:Skipping not selected package 'bumperbot_motion' in 'bumperbot_motion'
[4.550s] INFO:colcon.colcon_core.package_selection:Skipping not selected package 'bumperbot_msgs' in 'bumperbot_msgs'
[4.550s] INFO:colcon.colcon_core.package_selection:Skipping not selected package 'bumperbot_planning' in 'bumperbot_planning'
[4.550s] INFO:colcon.colcon_core.package_selection:Skipping not selected package 'bumperbot_utils' in 'bumperbot_utils'
[4.550s] INFO:colcon.colcon_core.package_selection:Skipping not selected package 'bumperbot_bringup' in 'bumperbot_bringup'
[4.551s] INFO:colcon.colcon_core.package_selection:Skipping not selected package 'bumperbot_cpp_examples' in 'bumperbot_cpp_examples'
[4.551s] INFO:colcon.colcon_core.package_selection:Skipping not selected package 'bumperbot_navigation' in 'bumperbot_navigation'
[4.551s] INFO:colcon.colcon_core.package_selection:Skipping not selected package 'bumperbot_py_examples' in 'bumperbot_py_examples'
[4.591s] Level 1:colcon.colcon_core.package_discovery:discover_packages(prefix_path) check parameters
[4.595s] Level 1:colcon.colcon_core.package_discovery:discover_packages(prefix_path) discover
[4.761s] DEBUG:colcon.colcon_installed_package_information.package_discovery:Found 1 installed packages in /home/fahad/bumperbot_ws/src/install
[4.775s] DEBUG:colcon.colcon_installed_package_information.package_discovery:Found 13 installed packages in /home/fahad/bumperbot_ws/install
[4.792s] DEBUG:colcon.colcon_installed_package_information.package_discovery:Found 440 installed packages in /opt/ros/jazzy
[4.799s] Level 1:colcon.colcon_core.package_discovery:discover_packages(prefix_path) using defaults
[6.597s] Level 5:colcon.colcon_core.verb:set package 'room_grid_navigator' build argument 'cmake_args' from command line to 'None'
[6.597s] Level 5:colcon.colcon_core.verb:set package 'room_grid_navigator' build argument 'cmake_target' from command line to 'None'
[6.597s] Level 5:colcon.colcon_core.verb:set package 'room_grid_navigator' build argument 'cmake_target_skip_unavailable' from command line to 'False'
[6.598s] Level 5:colcon.colcon_core.verb:set package 'room_grid_navigator' build argument 'cmake_clean_cache' from command line to 'False'
[6.598s] Level 5:colcon.colcon_core.verb:set package 'room_grid_navigator' build argument 'cmake_clean_first' from command line to 'False'
[6.598s] Level 5:colcon.colcon_core.verb:set package 'room_grid_navigator' build argument 'cmake_force_configure' from command line to 'False'
[6.599s] Level 5:colcon.colcon_core.verb:set package 'room_grid_navigator' build argument 'ament_cmake_args' from command line to 'None'
[6.600s] Level 5:colcon.colcon_core.verb:set package 'room_grid_navigator' build argument 'catkin_cmake_args' from command line to 'None'
[6.601s] Level 5:colcon.colcon_core.verb:set package 'room_grid_navigator' build argument 'catkin_skip_building_tests' from command line to 'False'
[6.602s] DEBUG:colcon.colcon_core.verb:Building package 'room_grid_navigator' with the following arguments: {'ament_cmake_args': None, 'build_base': '/home/fahad/bumperbot_ws/src/build/room_grid_navigator', 'catkin_cmake_args': None, 'catkin_skip_building_tests': False, 'cmake_args': None, 'cmake_clean_cache': False, 'cmake_clean_first': False, 'cmake_force_configure': False, 'cmake_target': None, 'cmake_target_skip_unavailable': False, 'install_base': '/home/fahad/bumperbot_ws/src/install/room_grid_navigator', 'merge_install': False, 'path': '/home/fahad/bumperbot_ws/src/room_grid_navigator', 'symlink_install': False, 'test_result_base': None}
[6.603s] INFO:colcon.colcon_core.executor:Executing jobs using 'parallel' executor
[6.611s] DEBUG:colcon.colcon_parallel_executor.executor.parallel:run_until_complete
[6.611s] INFO:colcon.colcon_ros.task.ament_python.build:Building ROS package in '/home/fahad/bumperbot_ws/src/room_grid_navigator' with build type 'ament_python'
[6.612s] Level 1:colcon.colcon_core.shell:create_environment_hook('room_grid_navigator', 'ament_prefix_path')
[6.676s] INFO:colcon.colcon_core.plugin_system:Skipping extension 'colcon_core.shell.bat': Not used on non-Windows systems
[6.677s] INFO:colcon.colcon_core.shell:Creating environment hook '/home/fahad/bumperbot_ws/src/install/room_grid_navigator/share/room_grid_navigator/hook/ament_prefix_path.ps1'
[6.686s] INFO:colcon.colcon_core.shell:Creating environment descriptor '/home/fahad/bumperbot_ws/src/install/room_grid_navigator/share/room_grid_navigator/hook/ament_prefix_path.dsv'
[6.698s] INFO:colcon.colcon_core.shell:Creating environment hook '/home/fahad/bumperbot_ws/src/install/room_grid_navigator/share/room_grid_navigator/hook/ament_prefix_path.sh'
[6.708s] INFO:colcon.colcon_core.shell:Skip shell extension 'powershell' for command environment: Not usable outside of PowerShell
[6.708s] DEBUG:colcon.colcon_core.shell:Skip shell extension 'dsv' for command environment
[9.043s] INFO:colcon.colcon_core.task.python.build:Building Python package in '/home/fahad/bumperbot_ws/src/room_grid_navigator'
[9.045s] INFO:colcon.colcon_core.shell:Skip shell extension 'powershell' for command environment: Not usable outside of PowerShell
[9.045s] DEBUG:colcon.colcon_core.shell:Skip shell extension 'dsv' for command environment
[19.488s] DEBUG:colcon.colcon_core.event_handler.log_command:Invoking command in '/home/fahad/bumperbot_ws/src/room_grid_navigator': DEBUGINFOD_URLS=https://debuginfod.ubuntu.com PYTHONPATH=/home/fahad/bumperbot_ws/src/build/room_grid_navigator/prefix_override:/usr/lib/python3/dist-packages/colcon_core/task/python/colcon_distutils_commands:/home/fahad/bumperbot_ws/src/install/room_grid_navigator/lib/python3.12/site-packages:${PYTHONPATH} /usr/bin/python3 -W ignore:setup.py install is deprecated -W ignore:easy_install command is deprecated setup.py egg_info --egg-base ../build/room_grid_navigator build --build-base /home/fahad/bumperbot_ws/src/build/room_grid_navigator/build install --record /home/fahad/bumperbot_ws/src/build/room_grid_navigator/install.log --single-version-externally-managed install_data
[24.996s] DEBUG:colcon.colcon_core.event_handler.log_command:Invoked command in '/home/fahad/bumperbot_ws/src/room_grid_navigator' returned '0': DEBUGINFOD_URLS=https://debuginfod.ubuntu.com PYTHONPATH=/home/fahad/bumperbot_ws/src/build/room_grid_navigator/prefix_override:/usr/lib/python3/dist-packages/colcon_core/task/python/colcon_distutils_commands:/home/fahad/bumperbot_ws/src/install/room_grid_navigator/lib/python3.12/site-packages:${PYTHONPATH} /usr/bin/python3 -W ignore:setup.py install is deprecated -W ignore:easy_install command is deprecated setup.py egg_info --egg-base ../build/room_grid_navigator build --build-base /home/fahad/bumperbot_ws/src/build/room_grid_navigator/build install --record /home/fahad/bumperbot_ws/src/build/room_grid_navigator/install.log --single-version-externally-managed install_data
[25.060s] Level 1:colcon.colcon_core.environment:checking '/home/fahad/bumperbot_ws/src/install/room_grid_navigator' for CMake module files
[25.071s] Level 1:colcon.colcon_core.environment:checking '/home/fahad/bumperbot_ws/src/install/room_grid_navigator' for CMake config files
[25.082s] Level 1:colcon.colcon_core.environment:checking '/home/fahad/bumperbot_ws/src/install/room_grid_navigator/lib'
[25.084s] Level 1:colcon.colcon_core.environment:checking '/home/fahad/bumperbot_ws/src/install/room_grid_navigator/bin'
[25.085s] Level 1:colcon.colcon_core.environment:checking '/home/fahad/bumperbot_ws/src/install/room_grid_navigator/lib/pkgconfig/room_grid_navigator.pc'
[25.086s] Level 1:colcon.colcon_core.environment:checking '/home/fahad/bumperbot_ws/src/install/room_grid_navigator/lib/python3.12/site-packages'
[25.086s] Level 1:colcon.colcon_core.shell:create_environment_hook('room_grid_navigator', 'pythonpath')
[25.087s] INFO:colcon.colcon_core.shell:Creating environment hook '/home/fahad/bumperbot_ws/src/install/room_grid_navigator/share/room_grid_navigator/hook/pythonpath.ps1'
[25.089s] INFO:colcon.colcon_core.shell:Creating environment descriptor '/home/fahad/bumperbot_ws/src/install/room_grid_navigator/share/room_grid_navigator/hook/pythonpath.dsv'
[25.091s] INFO:colcon.colcon_core.shell:Creating environment hook '/home/fahad/bumperbot_ws/src/install/room_grid_navigator/share/room_grid_navigator/hook/pythonpath.sh'
[25.094s] Level 1:colcon.colcon_core.environment:checking '/home/fahad/bumperbot_ws/src/install/room_grid_navigator/bin'
[25.095s] Level 1:colcon.colcon_core.environment:create_environment_scripts_only(room_grid_navigator)
[25.100s] INFO:colcon.colcon_core.shell:Creating package script '/home/fahad/bumperbot_ws/src/install/room_grid_navigator/share/room_grid_navigator/package.ps1'
[25.110s] INFO:colcon.colcon_core.shell:Creating package descriptor '/home/fahad/bumperbot_ws/src/install/room_grid_navigator/share/room_grid_navigator/package.dsv'
[25.120s] INFO:colcon.colcon_core.shell:Creating package script '/home/fahad/bumperbot_ws/src/install/room_grid_navigator/share/room_grid_navigator/package.sh'
[25.132s] INFO:colcon.colcon_core.shell:Creating package script '/home/fahad/bumperbot_ws/src/install/room_grid_navigator/share/room_grid_navigator/package.bash'
[25.144s] INFO:colcon.colcon_core.shell:Creating package script '/home/fahad/bumperbot_ws/src/install/room_grid_navigator/share/room_grid_navigator/package.zsh'
[25.155s] Level 1:colcon.colcon_core.environment:create_file_with_runtime_dependencies(/home/fahad/bumperbot_ws/src/install/room_grid_navigator/share/colcon-core/packages/room_grid_navigator)
[25.170s] DEBUG:colcon.colcon_parallel_executor.executor.parallel:closing loop
[25.186s] DEBUG:colcon.colcon_parallel_executor.executor.parallel:loop closed
[25.186s] DEBUG:colcon.colcon_parallel_executor.executor.parallel:run_until_complete finished with '0'
[25.187s] DEBUG:colcon.colcon_core.event_reactor:joining thread
[25.356s] INFO:colcon.colcon_core.plugin_system:Skipping extension 'colcon_notification.desktop_notification.terminal_notifier': Not used on non-Darwin systems
[25.356s] INFO:colcon.colcon_core.plugin_system:Skipping extension 'colcon_notification.desktop_notification.win32': Not used on non-Windows systems
[25.357s] INFO:colcon.colcon_notification.desktop_notification:Sending desktop notification using 'notify2'
[26.029s] DEBUG:colcon.colcon_core.event_reactor:joined thread
[26.034s] INFO:colcon.colcon_core.shell:Creating prefix script '/home/fahad/bumperbot_ws/src/install/local_setup.ps1'
[26.061s] INFO:colcon.colcon_core.shell:Creating prefix util module '/home/fahad/bumperbot_ws/src/install/_local_setup_util_ps1.py'
[26.073s] INFO:colcon.colcon_core.shell:Creating prefix chain script '/home/fahad/bumperbot_ws/src/install/setup.ps1'
[26.081s] INFO:colcon.colcon_core.shell:Creating prefix script '/home/fahad/bumperbot_ws/src/install/local_setup.sh'
[26.092s] INFO:colcon.colcon_core.shell:Creating prefix util module '/home/fahad/bumperbot_ws/src/install/_local_setup_util_sh.py'
[26.117s] INFO:colcon.colcon_core.shell:Creating prefix chain script '/home/fahad/bumperbot_ws/src/install/setup.sh'
[26.127s] INFO:colcon.colcon_core.shell:Creating prefix script '/home/fahad/bumperbot_ws/src/install/local_setup.bash'
[26.137s] INFO:colcon.colcon_core.shell:Creating prefix chain script '/home/fahad/bumperbot_ws/src/install/setup.bash'
[26.155s] INFO:colcon.colcon_core.shell:Creating prefix script '/home/fahad/bumperbot_ws/src/install/local_setup.zsh'
[26.162s] INFO:colcon.colcon_core.shell:Creating prefix chain script '/home/fahad/bumperbot_ws/src/install/setup.zsh'
