[4.477s] Invoking command in '/home/fahad/bumperbot_ws/src/aqxbot_firmware': DEBUGINFOD_URLS=https://debuginfod.ubuntu.com PYTHONPATH=/home/fahad/bumperbot_ws/build/aqxbot_firmware/prefix_override:/usr/lib/python3/dist-packages/colcon_core/task/python/colcon_distutils_commands:/home/fahad/bumperbot_ws/install/aqxbot_firmware/lib/python3.12/site-packages:${PYTHONPATH} /usr/bin/python3 -W ignore:setup.py install is deprecated -W ignore:easy_install command is deprecated setup.py egg_info --egg-base ../../build/aqxbot_firmware build --build-base /home/fahad/bumperbot_ws/build/aqxbot_firmware/build install --record /home/fahad/bumperbot_ws/build/aqxbot_firmware/install.log --single-version-externally-managed install_data
[6.263s] running egg_info
[6.411s] writing ../../build/aqxbot_firmware/aqxbot_firmware.egg-info/PKG-INFO
[6.412s] writing dependency_links to ../../build/aqxbot_firmware/aqxbot_firmware.egg-info/dependency_links.txt
[6.413s] writing entry points to ../../build/aqxbot_firmware/aqxbot_firmware.egg-info/entry_points.txt
[6.414s] writing requirements to ../../build/aqxbot_firmware/aqxbot_firmware.egg-info/requires.txt
[6.414s] writing top-level names to ../../build/aqxbot_firmware/aqxbot_firmware.egg-info/top_level.txt
[6.712s] reading manifest file '../../build/aqxbot_firmware/aqxbot_firmware.egg-info/SOURCES.txt'
[6.714s] writing manifest file '../../build/aqxbot_firmware/aqxbot_firmware.egg-info/SOURCES.txt'
[6.715s] running build
[6.715s] running build_py
[6.724s] running install
[6.749s] running install_lib
[6.887s] running install_data
[6.890s] running install_egg_info
[7.052s] removing '/home/fahad/bumperbot_ws/install/aqxbot_firmware/lib/python3.12/site-packages/aqxbot_firmware-0.0.0-py3.12.egg-info' (and everything under it)
[7.054s] Copying ../../build/aqxbot_firmware/aqxbot_firmware.egg-info to /home/fahad/bumperbot_ws/install/aqxbot_firmware/lib/python3.12/site-packages/aqxbot_firmware-0.0.0-py3.12.egg-info
[7.061s] running install_scripts
[7.771s] Installing controller script to /home/fahad/bumperbot_ws/install/aqxbot_firmware/lib/aqxbot_firmware
[7.774s] Installing imu_receiver script to /home/fahad/bumperbot_ws/install/aqxbot_firmware/lib/aqxbot_firmware
[7.774s] Installing rplidar_receiver script to /home/fahad/bumperbot_ws/install/aqxbot_firmware/lib/aqxbot_firmware
[7.776s] Installing tf_test script to /home/fahad/bumperbot_ws/install/aqxbot_firmware/lib/aqxbot_firmware
[7.778s] writing list of installed files to '/home/fahad/bumperbot_ws/build/aqxbot_firmware/install.log'
[7.888s] Invoked command in '/home/fahad/bumperbot_ws/src/aqxbot_firmware' returned '0': DEBUGINFOD_URLS=https://debuginfod.ubuntu.com PYTHONPATH=/home/fahad/bumperbot_ws/build/aqxbot_firmware/prefix_override:/usr/lib/python3/dist-packages/colcon_core/task/python/colcon_distutils_commands:/home/fahad/bumperbot_ws/install/aqxbot_firmware/lib/python3.12/site-packages:${PYTHONPATH} /usr/bin/python3 -W ignore:setup.py install is deprecated -W ignore:easy_install command is deprecated setup.py egg_info --egg-base ../../build/aqxbot_firmware build --build-base /home/fahad/bumperbot_ws/build/aqxbot_firmware/build install --record /home/fahad/bumperbot_ws/build/aqxbot_firmware/install.log --single-version-externally-managed install_data
