[7.108s] Invoking command in '/home/fahad/bumperbot_ws/src/room_grid_navigator': DEBUGINFOD_URLS=https://debuginfod.ubuntu.com PYTHONPATH=/home/fahad/bumperbot_ws/build/room_grid_navigator/prefix_override:/usr/lib/python3/dist-packages/colcon_core/task/python/colcon_distutils_commands:/home/fahad/bumperbot_ws/install/room_grid_navigator/lib/python3.12/site-packages:${PYTHONPATH} /usr/bin/python3 -W ignore:setup.py install is deprecated -W ignore:easy_install command is deprecated setup.py egg_info --egg-base ../../build/room_grid_navigator build --build-base /home/fahad/bumperbot_ws/build/room_grid_navigator/build install --record /home/fahad/bumperbot_ws/build/room_grid_navigator/install.log --single-version-externally-managed install_data
[8.718s] running egg_info
[8.721s] creating ../../build/room_grid_navigator/room_grid_navigator.egg-info
[8.828s] writing ../../build/room_grid_navigator/room_grid_navigator.egg-info/PKG-INFO
[8.832s] writing dependency_links to ../../build/room_grid_navigator/room_grid_navigator.egg-info/dependency_links.txt
[8.833s] writing entry points to ../../build/room_grid_navigator/room_grid_navigator.egg-info/entry_points.txt
[8.833s] writing requirements to ../../build/room_grid_navigator/room_grid_navigator.egg-info/requires.txt
[8.834s] writing top-level names to ../../build/room_grid_navigator/room_grid_navigator.egg-info/top_level.txt
[8.834s] writing manifest file '../../build/room_grid_navigator/room_grid_navigator.egg-info/SOURCES.txt'
[9.040s] reading manifest file '../../build/room_grid_navigator/room_grid_navigator.egg-info/SOURCES.txt'
[9.044s] writing manifest file '../../build/room_grid_navigator/room_grid_navigator.egg-info/SOURCES.txt'
[9.044s] running build
[9.045s] running build_py
[9.050s] creating /home/fahad/bumperbot_ws/build/room_grid_navigator/build
[9.051s] creating /home/fahad/bumperbot_ws/build/room_grid_navigator/build/lib
[9.051s] creating /home/fahad/bumperbot_ws/build/room_grid_navigator/build/lib/room_grid_navigator
[9.052s] copying room_grid_navigator/__init__.py -> /home/fahad/bumperbot_ws/build/room_grid_navigator/build/lib/room_grid_navigator
[9.052s] copying room_grid_navigator/room_grid_navigator.py -> /home/fahad/bumperbot_ws/build/room_grid_navigator/build/lib/room_grid_navigator
[9.052s] running install
[9.086s] running install_lib
[9.207s] creating /home/fahad/bumperbot_ws/install/room_grid_navigator/lib/python3.12/site-packages/room_grid_navigator
[9.209s] copying /home/fahad/bumperbot_ws/build/room_grid_navigator/build/lib/room_grid_navigator/__init__.py -> /home/fahad/bumperbot_ws/install/room_grid_navigator/lib/python3.12/site-packages/room_grid_navigator
[9.210s] copying /home/fahad/bumperbot_ws/build/room_grid_navigator/build/lib/room_grid_navigator/room_grid_navigator.py -> /home/fahad/bumperbot_ws/install/room_grid_navigator/lib/python3.12/site-packages/room_grid_navigator
[9.215s] byte-compiling /home/fahad/bumperbot_ws/install/room_grid_navigator/lib/python3.12/site-packages/room_grid_navigator/__init__.py to __init__.cpython-312.pyc
[9.215s] byte-compiling /home/fahad/bumperbot_ws/install/room_grid_navigator/lib/python3.12/site-packages/room_grid_navigator/room_grid_navigator.py to room_grid_navigator.cpython-312.pyc
[9.223s] running install_data
[9.226s] creating /home/fahad/bumperbot_ws/install/room_grid_navigator/share/ament_index
[9.226s] creating /home/fahad/bumperbot_ws/install/room_grid_navigator/share/ament_index/resource_index
[9.226s] creating /home/fahad/bumperbot_ws/install/room_grid_navigator/share/ament_index/resource_index/packages
[9.226s] copying resource/room_grid_navigator -> /home/fahad/bumperbot_ws/install/room_grid_navigator/share/ament_index/resource_index/packages
[9.228s] copying package.xml -> /home/fahad/bumperbot_ws/install/room_grid_navigator/share/room_grid_navigator
[9.232s] running install_egg_info
[9.349s] Copying ../../build/room_grid_navigator/room_grid_navigator.egg-info to /home/fahad/bumperbot_ws/install/room_grid_navigator/lib/python3.12/site-packages/room_grid_navigator-0.0.0-py3.12.egg-info
[9.355s] running install_scripts
[10.143s] Installing room_grid_navigator script to /home/fahad/bumperbot_ws/install/room_grid_navigator/lib/room_grid_navigator
[10.143s] writing list of installed files to '/home/fahad/bumperbot_ws/build/room_grid_navigator/install.log'
[10.287s] Invoked command in '/home/fahad/bumperbot_ws/src/room_grid_navigator' returned '0': DEBUGINFOD_URLS=https://debuginfod.ubuntu.com PYTHONPATH=/home/fahad/bumperbot_ws/build/room_grid_navigator/prefix_override:/usr/lib/python3/dist-packages/colcon_core/task/python/colcon_distutils_commands:/home/fahad/bumperbot_ws/install/room_grid_navigator/lib/python3.12/site-packages:${PYTHONPATH} /usr/bin/python3 -W ignore:setup.py install is deprecated -W ignore:easy_install command is deprecated setup.py egg_info --egg-base ../../build/room_grid_navigator build --build-base /home/fahad/bumperbot_ws/build/room_grid_navigator/build install --record /home/fahad/bumperbot_ws/build/room_grid_navigator/install.log --single-version-externally-managed install_data
