[0.429s] Invoking command in '/home/fahad/bumperbot_ws/build/bumperbot_utils': CMAKE_PREFIX_PATH=${CMAKE_PREFIX_PATH}:/home/fahad/bumperbot_ws/install/room_grid_navigator:/home/fahad/bumperbot_ws/install/bumperbot_py_examples:/opt/ros/jazzy DEBUGINFOD_URLS=https://debuginfod.ubuntu.com /usr/bin/cmake --build /home/fahad/bumperbot_ws/build/bumperbot_utils -- -j8 -l8
[0.642s] [100%] Built target safety_stop
[0.738s] [100%] Built target ament_cmake_python_symlink_bumperbot_utils
[1.443s] running egg_info
[1.548s] writing bumperbot_utils.egg-info/PKG-INFO
[1.548s] writing dependency_links to bumperbot_utils.egg-info/dependency_links.txt
[1.549s] writing top-level names to bumperbot_utils.egg-info/top_level.txt
[1.792s] reading manifest file 'bumperbot_utils.egg-info/SOURCES.txt'
[1.794s] writing manifest file 'bumperbot_utils.egg-info/SOURCES.txt'
[1.985s] [100%] Built target ament_cmake_python_build_bumperbot_utils_egg
[3.637s] Invoked command in '/home/fahad/bumperbot_ws/build/bumperbot_utils' returned '0': CMAKE_PREFIX_PATH=${CMAKE_PREFIX_PATH}:/home/fahad/bumperbot_ws/install/room_grid_navigator:/home/fahad/bumperbot_ws/install/bumperbot_py_examples:/opt/ros/jazzy DEBUGINFOD_URLS=https://debuginfod.ubuntu.com /usr/bin/cmake --build /home/fahad/bumperbot_ws/build/bumperbot_utils -- -j8 -l8
[3.643s] Invoking command in '/home/fahad/bumperbot_ws/build/bumperbot_utils': CMAKE_PREFIX_PATH=${CMAKE_PREFIX_PATH}:/home/fahad/bumperbot_ws/install/room_grid_navigator:/home/fahad/bumperbot_ws/install/bumperbot_py_examples:/opt/ros/jazzy DEBUGINFOD_URLS=https://debuginfod.ubuntu.com /usr/bin/cmake --install /home/fahad/bumperbot_ws/build/bumperbot_utils
[3.736s] -- Install configuration: ""
[3.736s] -- Execute custom install script
[3.737s] -- Up-to-date symlink: /home/fahad/bumperbot_ws/install/bumperbot_utils/share/bumperbot_utils/environment/pythonpath.sh
[3.741s] -- Up-to-date symlink: /home/fahad/bumperbot_ws/install/bumperbot_utils/share/bumperbot_utils/environment/pythonpath.dsv
[3.745s] -- Up-to-date symlink: /home/fahad/bumperbot_ws/install/bumperbot_utils/lib/python3.12/site-packages/bumperbot_utils-0.0.0-py3.12.egg-info/PKG-INFO
[3.745s] -- Up-to-date symlink: /home/fahad/bumperbot_ws/install/bumperbot_utils/lib/python3.12/site-packages/bumperbot_utils-0.0.0-py3.12.egg-info/SOURCES.txt
[3.746s] -- Up-to-date symlink: /home/fahad/bumperbot_ws/install/bumperbot_utils/lib/python3.12/site-packages/bumperbot_utils-0.0.0-py3.12.egg-info/dependency_links.txt
[3.750s] -- Up-to-date symlink: /home/fahad/bumperbot_ws/install/bumperbot_utils/lib/python3.12/site-packages/bumperbot_utils-0.0.0-py3.12.egg-info/top_level.txt
[3.755s] -- Up-to-date symlink: /home/fahad/bumperbot_ws/install/bumperbot_utils/lib/python3.12/site-packages/bumperbot_utils/__init__.py
[3.759s] -- Up-to-date symlink: /home/fahad/bumperbot_ws/install/bumperbot_utils/lib/python3.12/site-packages/bumperbot_utils/safety_stop.py
[3.768s] -- Up-to-date symlink: /home/fahad/bumperbot_ws/install/bumperbot_utils/lib/bumperbot_utils/safety_stop
[3.782s] -- Up-to-date symlink: /home/fahad/bumperbot_ws/install/bumperbot_utils/lib/bumperbot_utils/safety_stop.py
[3.783s] -- Up-to-date symlink: /home/fahad/bumperbot_ws/install/bumperbot_utils/share/ament_index/resource_index/package_run_dependencies/bumperbot_utils
[3.783s] -- Up-to-date symlink: /home/fahad/bumperbot_ws/install/bumperbot_utils/share/ament_index/resource_index/parent_prefix_path/bumperbot_utils
[3.788s] -- Up-to-date symlink: /home/fahad/bumperbot_ws/install/bumperbot_utils/share/bumperbot_utils/environment/ament_prefix_path.sh
[3.793s] -- Up-to-date symlink: /home/fahad/bumperbot_ws/install/bumperbot_utils/share/bumperbot_utils/environment/ament_prefix_path.dsv
[3.796s] -- Up-to-date symlink: /home/fahad/bumperbot_ws/install/bumperbot_utils/share/bumperbot_utils/environment/path.sh
[3.797s] -- Up-to-date symlink: /home/fahad/bumperbot_ws/install/bumperbot_utils/share/bumperbot_utils/environment/path.dsv
[3.797s] -- Up-to-date symlink: /home/fahad/bumperbot_ws/install/bumperbot_utils/share/bumperbot_utils/local_setup.bash
[3.798s] -- Up-to-date symlink: /home/fahad/bumperbot_ws/install/bumperbot_utils/share/bumperbot_utils/local_setup.sh
[3.799s] -- Up-to-date symlink: /home/fahad/bumperbot_ws/install/bumperbot_utils/share/bumperbot_utils/local_setup.zsh
[3.799s] -- Up-to-date symlink: /home/fahad/bumperbot_ws/install/bumperbot_utils/share/bumperbot_utils/local_setup.dsv
[3.800s] -- Symlinking: /home/fahad/bumperbot_ws/install/bumperbot_utils/share/bumperbot_utils/package.dsv
[3.895s] -- Up-to-date symlink: /home/fahad/bumperbot_ws/install/bumperbot_utils/share/ament_index/resource_index/packages/bumperbot_utils
[3.897s] -- Up-to-date symlink: /home/fahad/bumperbot_ws/install/bumperbot_utils/share/bumperbot_utils/cmake/bumperbot_utilsConfig.cmake
[3.898s] -- Up-to-date symlink: /home/fahad/bumperbot_ws/install/bumperbot_utils/share/bumperbot_utils/cmake/bumperbot_utilsConfig-version.cmake
[3.909s] -- Up-to-date symlink: /home/fahad/bumperbot_ws/install/bumperbot_utils/share/bumperbot_utils/package.xml
[4.159s] Listing '/home/fahad/bumperbot_ws/install/bumperbot_utils/lib/python3.12/site-packages/bumperbot_utils'...
[4.212s] Invoked command in '/home/fahad/bumperbot_ws/build/bumperbot_utils' returned '0': CMAKE_PREFIX_PATH=${CMAKE_PREFIX_PATH}:/home/fahad/bumperbot_ws/install/room_grid_navigator:/home/fahad/bumperbot_ws/install/bumperbot_py_examples:/opt/ros/jazzy DEBUGINFOD_URLS=https://debuginfod.ubuntu.com /usr/bin/cmake --install /home/fahad/bumperbot_ws/build/bumperbot_utils
