[0.054s] Invoking command in '/home/fahad/bumperbot_ws/build/bumperbot_navigation': AMENT_PREFIX_PATH=/home/fahad/bumperbot_ws/install/bumperbot_planning:${AMENT_PREFIX_PATH} CMAKE_PREFIX_PATH=/home/fahad/bumperbot_ws/install/bumperbot_planning:/opt/ros/jazzy/opt/gz_sim_vendor:/opt/ros/jazzy/opt/gz_sensors_vendor:/opt/ros/jazzy/opt/gz_physics_vendor:/opt/ros/jazzy/opt/sdformat_vendor:/opt/ros/jazzy/opt/gz_gui_vendor:/opt/ros/jazzy/opt/gz_transport_vendor:/opt/ros/jazzy/opt/gz_rendering_vendor:/opt/ros/jazzy/opt/gz_plugin_vendor:/opt/ros/jazzy/opt/gz_fuel_tools_vendor:/opt/ros/jazzy/opt/gz_msgs_vendor:/opt/ros/jazzy/opt/gz_common_vendor:/opt/ros/jazzy/opt/gz_math_vendor:/opt/ros/jazzy/opt/gz_utils_vendor:/opt/ros/jazzy/opt/gz_tools_vendor:/opt/ros/jazzy/opt/gz_ogre_next_vendor:/opt/ros/jazzy/opt/gz_dartsim_vendor:/opt/ros/jazzy/opt/gz_cmake_vendor:/opt/ros/jazzy DEBUGINFOD_URLS=https://debuginfod.ubuntu.com LD_LIBRARY_PATH=/home/fahad/bumperbot_ws/install/bumperbot_planning/lib:${LD_LIBRARY_PATH} PYTHONPATH=/home/fahad/bumperbot_ws/install/bumperbot_planning/lib/python3.12/site-packages:${PYTHONPATH} /usr/bin/cmake /home/fahad/bumperbot_ws/src/bumperbot_navigation -DCMAKE_INSTALL_PREFIX=/home/fahad/bumperbot_ws/install/bumperbot_navigation
[0.108s] -- Found ament_cmake: 2.5.4 (/opt/ros/jazzy/share/ament_cmake/cmake)
[0.967s] -- Override CMake install command with custom implementation using symlinks instead of copying resources
[1.302s] -- Configuring done (1.2s)
[1.326s] -- Generating done (0.0s)
[1.334s] -- Build files have been written to: /home/fahad/bumperbot_ws/build/bumperbot_navigation
[1.343s] Invoked command in '/home/fahad/bumperbot_ws/build/bumperbot_navigation' returned '0': AMENT_PREFIX_PATH=/home/fahad/bumperbot_ws/install/bumperbot_planning:${AMENT_PREFIX_PATH} CMAKE_PREFIX_PATH=/home/fahad/bumperbot_ws/install/bumperbot_planning:/opt/ros/jazzy/opt/gz_sim_vendor:/opt/ros/jazzy/opt/gz_sensors_vendor:/opt/ros/jazzy/opt/gz_physics_vendor:/opt/ros/jazzy/opt/sdformat_vendor:/opt/ros/jazzy/opt/gz_gui_vendor:/opt/ros/jazzy/opt/gz_transport_vendor:/opt/ros/jazzy/opt/gz_rendering_vendor:/opt/ros/jazzy/opt/gz_plugin_vendor:/opt/ros/jazzy/opt/gz_fuel_tools_vendor:/opt/ros/jazzy/opt/gz_msgs_vendor:/opt/ros/jazzy/opt/gz_common_vendor:/opt/ros/jazzy/opt/gz_math_vendor:/opt/ros/jazzy/opt/gz_utils_vendor:/opt/ros/jazzy/opt/gz_tools_vendor:/opt/ros/jazzy/opt/gz_ogre_next_vendor:/opt/ros/jazzy/opt/gz_dartsim_vendor:/opt/ros/jazzy/opt/gz_cmake_vendor:/opt/ros/jazzy DEBUGINFOD_URLS=https://debuginfod.ubuntu.com LD_LIBRARY_PATH=/home/fahad/bumperbot_ws/install/bumperbot_planning/lib:${LD_LIBRARY_PATH} PYTHONPATH=/home/fahad/bumperbot_ws/install/bumperbot_planning/lib/python3.12/site-packages:${PYTHONPATH} /usr/bin/cmake /home/fahad/bumperbot_ws/src/bumperbot_navigation -DCMAKE_INSTALL_PREFIX=/home/fahad/bumperbot_ws/install/bumperbot_navigation
[1.345s] Invoking command in '/home/fahad/bumperbot_ws/build/bumperbot_navigation': AMENT_PREFIX_PATH=/home/fahad/bumperbot_ws/install/bumperbot_planning:${AMENT_PREFIX_PATH} CMAKE_PREFIX_PATH=/home/fahad/bumperbot_ws/install/bumperbot_planning:/opt/ros/jazzy/opt/gz_sim_vendor:/opt/ros/jazzy/opt/gz_sensors_vendor:/opt/ros/jazzy/opt/gz_physics_vendor:/opt/ros/jazzy/opt/sdformat_vendor:/opt/ros/jazzy/opt/gz_gui_vendor:/opt/ros/jazzy/opt/gz_transport_vendor:/opt/ros/jazzy/opt/gz_rendering_vendor:/opt/ros/jazzy/opt/gz_plugin_vendor:/opt/ros/jazzy/opt/gz_fuel_tools_vendor:/opt/ros/jazzy/opt/gz_msgs_vendor:/opt/ros/jazzy/opt/gz_common_vendor:/opt/ros/jazzy/opt/gz_math_vendor:/opt/ros/jazzy/opt/gz_utils_vendor:/opt/ros/jazzy/opt/gz_tools_vendor:/opt/ros/jazzy/opt/gz_ogre_next_vendor:/opt/ros/jazzy/opt/gz_dartsim_vendor:/opt/ros/jazzy/opt/gz_cmake_vendor:/opt/ros/jazzy DEBUGINFOD_URLS=https://debuginfod.ubuntu.com LD_LIBRARY_PATH=/home/fahad/bumperbot_ws/install/bumperbot_planning/lib:${LD_LIBRARY_PATH} PYTHONPATH=/home/fahad/bumperbot_ws/install/bumperbot_planning/lib/python3.12/site-packages:${PYTHONPATH} /usr/bin/cmake --build /home/fahad/bumperbot_ws/build/bumperbot_navigation -- -j8 -l8
[1.494s] Invoked command in '/home/fahad/bumperbot_ws/build/bumperbot_navigation' returned '0': AMENT_PREFIX_PATH=/home/fahad/bumperbot_ws/install/bumperbot_planning:${AMENT_PREFIX_PATH} CMAKE_PREFIX_PATH=/home/fahad/bumperbot_ws/install/bumperbot_planning:/opt/ros/jazzy/opt/gz_sim_vendor:/opt/ros/jazzy/opt/gz_sensors_vendor:/opt/ros/jazzy/opt/gz_physics_vendor:/opt/ros/jazzy/opt/sdformat_vendor:/opt/ros/jazzy/opt/gz_gui_vendor:/opt/ros/jazzy/opt/gz_transport_vendor:/opt/ros/jazzy/opt/gz_rendering_vendor:/opt/ros/jazzy/opt/gz_plugin_vendor:/opt/ros/jazzy/opt/gz_fuel_tools_vendor:/opt/ros/jazzy/opt/gz_msgs_vendor:/opt/ros/jazzy/opt/gz_common_vendor:/opt/ros/jazzy/opt/gz_math_vendor:/opt/ros/jazzy/opt/gz_utils_vendor:/opt/ros/jazzy/opt/gz_tools_vendor:/opt/ros/jazzy/opt/gz_ogre_next_vendor:/opt/ros/jazzy/opt/gz_dartsim_vendor:/opt/ros/jazzy/opt/gz_cmake_vendor:/opt/ros/jazzy DEBUGINFOD_URLS=https://debuginfod.ubuntu.com LD_LIBRARY_PATH=/home/fahad/bumperbot_ws/install/bumperbot_planning/lib:${LD_LIBRARY_PATH} PYTHONPATH=/home/fahad/bumperbot_ws/install/bumperbot_planning/lib/python3.12/site-packages:${PYTHONPATH} /usr/bin/cmake --build /home/fahad/bumperbot_ws/build/bumperbot_navigation -- -j8 -l8
[1.499s] Invoking command in '/home/fahad/bumperbot_ws/build/bumperbot_navigation': AMENT_PREFIX_PATH=/home/fahad/bumperbot_ws/install/bumperbot_planning:${AMENT_PREFIX_PATH} CMAKE_PREFIX_PATH=/home/fahad/bumperbot_ws/install/bumperbot_planning:/opt/ros/jazzy/opt/gz_sim_vendor:/opt/ros/jazzy/opt/gz_sensors_vendor:/opt/ros/jazzy/opt/gz_physics_vendor:/opt/ros/jazzy/opt/sdformat_vendor:/opt/ros/jazzy/opt/gz_gui_vendor:/opt/ros/jazzy/opt/gz_transport_vendor:/opt/ros/jazzy/opt/gz_rendering_vendor:/opt/ros/jazzy/opt/gz_plugin_vendor:/opt/ros/jazzy/opt/gz_fuel_tools_vendor:/opt/ros/jazzy/opt/gz_msgs_vendor:/opt/ros/jazzy/opt/gz_common_vendor:/opt/ros/jazzy/opt/gz_math_vendor:/opt/ros/jazzy/opt/gz_utils_vendor:/opt/ros/jazzy/opt/gz_tools_vendor:/opt/ros/jazzy/opt/gz_ogre_next_vendor:/opt/ros/jazzy/opt/gz_dartsim_vendor:/opt/ros/jazzy/opt/gz_cmake_vendor:/opt/ros/jazzy DEBUGINFOD_URLS=https://debuginfod.ubuntu.com LD_LIBRARY_PATH=/home/fahad/bumperbot_ws/install/bumperbot_planning/lib:${LD_LIBRARY_PATH} PYTHONPATH=/home/fahad/bumperbot_ws/install/bumperbot_planning/lib/python3.12/site-packages:${PYTHONPATH} /usr/bin/cmake --install /home/fahad/bumperbot_ws/build/bumperbot_navigation
[1.530s] -- Install configuration: ""
[1.533s] -- Execute custom install script
[1.540s] -- Up-to-date symlink: /home/fahad/bumperbot_ws/install/bumperbot_navigation/share/bumperbot_navigation/behavior_tree/simple_navigation.xml
[1.541s] -- Up-to-date symlink: /home/fahad/bumperbot_ws/install/bumperbot_navigation/share/bumperbot_navigation/behavior_tree/simple_navigation_w_replanning.xml
[1.541s] -- Up-to-date symlink: /home/fahad/bumperbot_ws/install/bumperbot_navigation/share/bumperbot_navigation/behavior_tree/simple_navigation_w_replanning_and_recovery.xml
[1.542s] -- Up-to-date symlink: /home/fahad/bumperbot_ws/install/bumperbot_navigation/share/bumperbot_navigation/config/behavior_server.yaml
[1.545s] -- Up-to-date symlink: /home/fahad/bumperbot_ws/install/bumperbot_navigation/share/bumperbot_navigation/config/bt_navigator.yaml
[1.545s] -- Up-to-date symlink: /home/fahad/bumperbot_ws/install/bumperbot_navigation/share/bumperbot_navigation/config/controller_server.yaml
[1.546s] -- Up-to-date symlink: /home/fahad/bumperbot_ws/install/bumperbot_navigation/share/bumperbot_navigation/config/costmap.yaml
[1.546s] -- Up-to-date symlink: /home/fahad/bumperbot_ws/install/bumperbot_navigation/share/bumperbot_navigation/config/planner_server.yaml
[1.546s] -- Up-to-date symlink: /home/fahad/bumperbot_ws/install/bumperbot_navigation/share/bumperbot_navigation/config/smoother_server.yaml
[1.547s] -- Up-to-date symlink: /home/fahad/bumperbot_ws/install/bumperbot_navigation/share/bumperbot_navigation/launch/navigation.launch.py
[1.547s] -- Up-to-date symlink: /home/fahad/bumperbot_ws/install/bumperbot_navigation/share/ament_index/resource_index/package_run_dependencies/bumperbot_navigation
[1.548s] -- Up-to-date symlink: /home/fahad/bumperbot_ws/install/bumperbot_navigation/share/ament_index/resource_index/parent_prefix_path/bumperbot_navigation
[1.551s] -- Up-to-date symlink: /home/fahad/bumperbot_ws/install/bumperbot_navigation/share/bumperbot_navigation/environment/ament_prefix_path.sh
[1.551s] -- Up-to-date symlink: /home/fahad/bumperbot_ws/install/bumperbot_navigation/share/bumperbot_navigation/environment/ament_prefix_path.dsv
[1.552s] -- Up-to-date symlink: /home/fahad/bumperbot_ws/install/bumperbot_navigation/share/bumperbot_navigation/environment/path.sh
[1.555s] -- Up-to-date symlink: /home/fahad/bumperbot_ws/install/bumperbot_navigation/share/bumperbot_navigation/environment/path.dsv
[1.569s] -- Up-to-date symlink: /home/fahad/bumperbot_ws/install/bumperbot_navigation/share/bumperbot_navigation/local_setup.bash
[1.570s] -- Up-to-date symlink: /home/fahad/bumperbot_ws/install/bumperbot_navigation/share/bumperbot_navigation/local_setup.sh
[1.575s] -- Up-to-date symlink: /home/fahad/bumperbot_ws/install/bumperbot_navigation/share/bumperbot_navigation/local_setup.zsh
[1.576s] -- Up-to-date symlink: /home/fahad/bumperbot_ws/install/bumperbot_navigation/share/bumperbot_navigation/local_setup.dsv
[1.576s] -- Symlinking: /home/fahad/bumperbot_ws/install/bumperbot_navigation/share/bumperbot_navigation/package.dsv
[1.606s] -- Up-to-date symlink: /home/fahad/bumperbot_ws/install/bumperbot_navigation/share/ament_index/resource_index/packages/bumperbot_navigation
[1.607s] -- Up-to-date symlink: /home/fahad/bumperbot_ws/install/bumperbot_navigation/share/bumperbot_navigation/cmake/bumperbot_navigationConfig.cmake
[1.607s] -- Up-to-date symlink: /home/fahad/bumperbot_ws/install/bumperbot_navigation/share/bumperbot_navigation/cmake/bumperbot_navigationConfig-version.cmake
[1.607s] -- Up-to-date symlink: /home/fahad/bumperbot_ws/install/bumperbot_navigation/share/bumperbot_navigation/package.xml
[1.607s] Invoked command in '/home/fahad/bumperbot_ws/build/bumperbot_navigation' returned '0': AMENT_PREFIX_PATH=/home/fahad/bumperbot_ws/install/bumperbot_planning:${AMENT_PREFIX_PATH} CMAKE_PREFIX_PATH=/home/fahad/bumperbot_ws/install/bumperbot_planning:/opt/ros/jazzy/opt/gz_sim_vendor:/opt/ros/jazzy/opt/gz_sensors_vendor:/opt/ros/jazzy/opt/gz_physics_vendor:/opt/ros/jazzy/opt/sdformat_vendor:/opt/ros/jazzy/opt/gz_gui_vendor:/opt/ros/jazzy/opt/gz_transport_vendor:/opt/ros/jazzy/opt/gz_rendering_vendor:/opt/ros/jazzy/opt/gz_plugin_vendor:/opt/ros/jazzy/opt/gz_fuel_tools_vendor:/opt/ros/jazzy/opt/gz_msgs_vendor:/opt/ros/jazzy/opt/gz_common_vendor:/opt/ros/jazzy/opt/gz_math_vendor:/opt/ros/jazzy/opt/gz_utils_vendor:/opt/ros/jazzy/opt/gz_tools_vendor:/opt/ros/jazzy/opt/gz_ogre_next_vendor:/opt/ros/jazzy/opt/gz_dartsim_vendor:/opt/ros/jazzy/opt/gz_cmake_vendor:/opt/ros/jazzy DEBUGINFOD_URLS=https://debuginfod.ubuntu.com LD_LIBRARY_PATH=/home/fahad/bumperbot_ws/install/bumperbot_planning/lib:${LD_LIBRARY_PATH} PYTHONPATH=/home/fahad/bumperbot_ws/install/bumperbot_planning/lib/python3.12/site-packages:${PYTHONPATH} /usr/bin/cmake --install /home/fahad/bumperbot_ws/build/bumperbot_navigation
