[0.021s] Invoking command in '/home/fahad/bumperbot_ws/build/bumperbot_planning': CMAKE_PREFIX_PATH=${CMAKE_PREFIX_PATH}:/opt/ros/jazzy DEBUGINFOD_URLS=https://debuginfod.ubuntu.com /usr/bin/cmake /home/fahad/bumperbot_ws/src/bumperbot_planning -DAMENT_CMAKE_SYMLINK_INSTALL=1 -DCMAKE_INSTALL_PREFIX=/home/fahad/bumperbot_ws/install/bumperbot_planning
[0.132s] -- The C compiler identification is GNU 13.3.0
[0.235s] -- The CXX compiler identification is GNU 13.3.0
[0.265s] -- Detecting C compiler ABI info
[0.443s] -- Detecting C compiler ABI info - done
[0.456s] -- Check for working C compiler: /usr/bin/cc - skipped
[0.457s] -- Detecting C compile features
[0.459s] -- Detecting C compile features - done
[0.476s] -- Detecting CXX compiler ABI info
[0.746s] -- Detecting CXX compiler ABI info - done
[0.763s] -- Check for working CXX compiler: /usr/bin/c++ - skipped
[0.765s] -- Detecting CXX compile features
[0.767s] -- Detecting CXX compile features - done
[0.778s] -- Found ament_cmake: 2.5.4 (/opt/ros/jazzy/share/ament_cmake/cmake)
[1.081s] -- Found Python3: /usr/bin/python3 (found version "3.12.3") found components: Interpreter 
[1.226s] -- Override CMake install command with custom implementation using symlinks instead of copying resources
[1.323s] -- Found rclcpp: 28.1.9 (/opt/ros/jazzy/share/rclcpp/cmake)
[1.444s] -- Found rosidl_generator_c: 4.6.5 (/opt/ros/jazzy/share/rosidl_generator_c/cmake)
[1.473s] -- Found rosidl_generator_cpp: 4.6.5 (/opt/ros/jazzy/share/rosidl_generator_cpp/cmake)
[1.511s] -- Using all available rosidl_typesupport_c: rosidl_typesupport_fastrtps_c;rosidl_typesupport_introspection_c
[1.553s] -- Using all available rosidl_typesupport_cpp: rosidl_typesupport_fastrtps_cpp;rosidl_typesupport_introspection_cpp
[1.709s] -- Found rmw_implementation_cmake: 7.3.2 (/opt/ros/jazzy/share/rmw_implementation_cmake/cmake)
[1.717s] -- Found rmw_fastrtps_cpp: 8.4.2 (/opt/ros/jazzy/share/rmw_fastrtps_cpp/cmake)
[1.897s] -- Found OpenSSL: /usr/lib/x86_64-linux-gnu/libcrypto.so (found version "3.0.13")  
[1.935s] -- Found FastRTPS: /opt/ros/jazzy/include (Required is at least version "2.13") 
[1.972s] -- Using RMW implementation 'rmw_fastrtps_cpp' as default
[2.130s] -- Found rclcpp_action: 28.1.9 (/opt/ros/jazzy/share/rclcpp_action/cmake)
[2.208s] -- Found rclpy: 7.1.4 (/opt/ros/jazzy/share/rclpy/cmake)
[2.217s] -- Found nav_msgs: 5.3.6 (/opt/ros/jazzy/share/nav_msgs/cmake)
[2.327s] -- Found tf2_ros: 0.36.11 (/opt/ros/jazzy/share/tf2_ros/cmake)
[2.499s] -- Found nav2_core: 1.3.6 (/opt/ros/jazzy/share/nav2_core/cmake)
[3.058s] -- Found eigen3_cmake_module: 0.3.0 (/opt/ros/jazzy/share/eigen3_cmake_module/cmake)
[3.062s] -- Found Eigen3: TRUE (found version "3.4.0") 
[3.063s] -- Ensuring Eigen3 include directory is part of orocos-kdl CMake target
[3.774s] -- Configuring done (3.7s)
[3.980s] -- Generating done (0.2s)
[3.999s] -- Build files have been written to: /home/fahad/bumperbot_ws/build/bumperbot_planning
[4.022s] Invoked command in '/home/fahad/bumperbot_ws/build/bumperbot_planning' returned '0': CMAKE_PREFIX_PATH=${CMAKE_PREFIX_PATH}:/opt/ros/jazzy DEBUGINFOD_URLS=https://debuginfod.ubuntu.com /usr/bin/cmake /home/fahad/bumperbot_ws/src/bumperbot_planning -DAMENT_CMAKE_SYMLINK_INSTALL=1 -DCMAKE_INSTALL_PREFIX=/home/fahad/bumperbot_ws/install/bumperbot_planning
[4.025s] Invoking command in '/home/fahad/bumperbot_ws/build/bumperbot_planning': CMAKE_PREFIX_PATH=${CMAKE_PREFIX_PATH}:/opt/ros/jazzy DEBUGINFOD_URLS=https://debuginfod.ubuntu.com /usr/bin/cmake --build /home/fahad/bumperbot_ws/build/bumperbot_planning -- -j2 -l2
[4.149s] [  0%] Built target ament_cmake_python_symlink_bumperbot_planning
[4.190s] [ 25%] [32mBuilding CXX object CMakeFiles/dijkstra_planner.dir/src/dijkstra_planner.cpp.o[0m
[16.450s] [ 50%] [32m[1mLinking CXX shared library libdijkstra_planner.so[0m
[17.323s] [ 50%] Built target dijkstra_planner
[17.367s] [ 75%] [32mBuilding CXX object CMakeFiles/a_star_planner.dir/src/a_star_planner.cpp.o[0m
[27.505s] [100%] [32m[1mLinking CXX shared library liba_star_planner.so[0m
[28.295s] [100%] Built target a_star_planner
[28.724s] running egg_info
[28.725s] creating bumperbot_planning.egg-info
[28.767s] writing bumperbot_planning.egg-info/PKG-INFO
[28.767s] writing dependency_links to bumperbot_planning.egg-info/dependency_links.txt
[28.767s] writing top-level names to bumperbot_planning.egg-info/top_level.txt
[28.769s] writing manifest file 'bumperbot_planning.egg-info/SOURCES.txt'
[28.892s] reading manifest file 'bumperbot_planning.egg-info/SOURCES.txt'
[28.894s] writing manifest file 'bumperbot_planning.egg-info/SOURCES.txt'
[28.967s] [100%] Built target ament_cmake_python_build_bumperbot_planning_egg
[28.989s] Invoked command in '/home/fahad/bumperbot_ws/build/bumperbot_planning' returned '0': CMAKE_PREFIX_PATH=${CMAKE_PREFIX_PATH}:/opt/ros/jazzy DEBUGINFOD_URLS=https://debuginfod.ubuntu.com /usr/bin/cmake --build /home/fahad/bumperbot_ws/build/bumperbot_planning -- -j2 -l2
[28.992s] Invoking command in '/home/fahad/bumperbot_ws/build/bumperbot_planning': CMAKE_PREFIX_PATH=${CMAKE_PREFIX_PATH}:/opt/ros/jazzy DEBUGINFOD_URLS=https://debuginfod.ubuntu.com /usr/bin/cmake --install /home/fahad/bumperbot_ws/build/bumperbot_planning
[29.012s] -- Install configuration: ""
[29.013s] -- Execute custom install script
[29.015s] -- Symlinking: /home/fahad/bumperbot_ws/install/bumperbot_planning/share/bumperbot_planning/environment/pythonpath.sh
[29.046s] -- Symlinking: /home/fahad/bumperbot_ws/install/bumperbot_planning/share/bumperbot_planning/environment/pythonpath.dsv
[29.068s] -- Symlinking: /home/fahad/bumperbot_ws/install/bumperbot_planning/lib/python3.12/site-packages/bumperbot_planning-0.0.0-py3.12.egg-info/PKG-INFO
[29.086s] -- Symlinking: /home/fahad/bumperbot_ws/install/bumperbot_planning/lib/python3.12/site-packages/bumperbot_planning-0.0.0-py3.12.egg-info/SOURCES.txt
[29.103s] -- Symlinking: /home/fahad/bumperbot_ws/install/bumperbot_planning/lib/python3.12/site-packages/bumperbot_planning-0.0.0-py3.12.egg-info/dependency_links.txt
[29.122s] -- Symlinking: /home/fahad/bumperbot_ws/install/bumperbot_planning/lib/python3.12/site-packages/bumperbot_planning-0.0.0-py3.12.egg-info/top_level.txt
[29.145s] -- Symlinking: /home/fahad/bumperbot_ws/install/bumperbot_planning/lib/python3.12/site-packages/bumperbot_planning/__init__.py
[29.162s] -- Symlinking: /home/fahad/bumperbot_ws/install/bumperbot_planning/lib/python3.12/site-packages/bumperbot_planning/a_star_planner.py
[29.179s] -- Symlinking: /home/fahad/bumperbot_ws/install/bumperbot_planning/lib/python3.12/site-packages/bumperbot_planning/dijkstra_planner.py
[29.196s] -- Symlinking: /home/fahad/bumperbot_ws/install/bumperbot_planning/share/bumperbot_planning//global_planner_plugins.xml
[29.213s] -- Symlinking: /home/fahad/bumperbot_ws/install/bumperbot_planning/lib/libdijkstra_planner.so
[29.239s] -- Symlinking: /home/fahad/bumperbot_ws/install/bumperbot_planning/lib/liba_star_planner.so
[29.256s] -- Symlinking: /home/fahad/bumperbot_ws/install/bumperbot_planning/include/include/bumperbot_planning/a_star_planner.hpp
[29.273s] -- Symlinking: /home/fahad/bumperbot_ws/install/bumperbot_planning/include/include/bumperbot_planning/dijkstra_planner.hpp
[29.290s] -- Up-to-date symlink: /home/fahad/bumperbot_ws/install/bumperbot_planning/share/bumperbot_planning/global_planner_plugins.xml
[29.290s] -- Symlinking: /home/fahad/bumperbot_ws/install/bumperbot_planning/lib/bumperbot_planning/a_star_planner.py
[29.307s] -- Symlinking: /home/fahad/bumperbot_ws/install/bumperbot_planning/lib/bumperbot_planning/dijkstra_planner.py
[29.326s] -- Symlinking: /home/fahad/bumperbot_ws/install/bumperbot_planning/share/bumperbot_planning/environment/library_path.sh
[29.346s] -- Symlinking: /home/fahad/bumperbot_ws/install/bumperbot_planning/share/bumperbot_planning/environment/library_path.dsv
[29.364s] -- Symlinking: /home/fahad/bumperbot_ws/install/bumperbot_planning/share/ament_index/resource_index/package_run_dependencies/bumperbot_planning
[29.381s] -- Symlinking: /home/fahad/bumperbot_ws/install/bumperbot_planning/share/ament_index/resource_index/parent_prefix_path/bumperbot_planning
[29.397s] -- Symlinking: /home/fahad/bumperbot_ws/install/bumperbot_planning/share/bumperbot_planning/environment/ament_prefix_path.sh
[29.414s] -- Symlinking: /home/fahad/bumperbot_ws/install/bumperbot_planning/share/bumperbot_planning/environment/ament_prefix_path.dsv
[29.439s] -- Symlinking: /home/fahad/bumperbot_ws/install/bumperbot_planning/share/bumperbot_planning/environment/path.sh
[29.461s] -- Symlinking: /home/fahad/bumperbot_ws/install/bumperbot_planning/share/bumperbot_planning/environment/path.dsv
[29.477s] -- Symlinking: /home/fahad/bumperbot_ws/install/bumperbot_planning/share/bumperbot_planning/local_setup.bash
[29.494s] -- Symlinking: /home/fahad/bumperbot_ws/install/bumperbot_planning/share/bumperbot_planning/local_setup.sh
[29.510s] -- Symlinking: /home/fahad/bumperbot_ws/install/bumperbot_planning/share/bumperbot_planning/local_setup.zsh
[29.527s] -- Symlinking: /home/fahad/bumperbot_ws/install/bumperbot_planning/share/bumperbot_planning/local_setup.dsv
[29.548s] -- Symlinking: /home/fahad/bumperbot_ws/install/bumperbot_planning/share/bumperbot_planning/package.dsv
[29.565s] -- Symlinking: /home/fahad/bumperbot_ws/install/bumperbot_planning/share/ament_index/resource_index/packages/bumperbot_planning
[29.583s] -- Symlinking: /home/fahad/bumperbot_ws/install/bumperbot_planning/share/ament_index/resource_index/nav2_core__pluginlib__plugin/bumperbot_planning
[29.600s] -- Symlinking: /home/fahad/bumperbot_ws/install/bumperbot_planning/share/bumperbot_planning/cmake/ament_cmake_export_include_directories-extras.cmake
[29.616s] -- Symlinking: /home/fahad/bumperbot_ws/install/bumperbot_planning/share/bumperbot_planning/cmake/ament_cmake_export_libraries-extras.cmake
[29.641s] -- Symlinking: /home/fahad/bumperbot_ws/install/bumperbot_planning/share/bumperbot_planning/cmake/ament_cmake_export_dependencies-extras.cmake
[29.663s] -- Symlinking: /home/fahad/bumperbot_ws/install/bumperbot_planning/share/bumperbot_planning/cmake/bumperbot_planningConfig.cmake
[29.679s] -- Symlinking: /home/fahad/bumperbot_ws/install/bumperbot_planning/share/bumperbot_planning/cmake/bumperbot_planningConfig-version.cmake
[29.695s] -- Symlinking: /home/fahad/bumperbot_ws/install/bumperbot_planning/share/bumperbot_planning/package.xml
[29.775s] Listing '/home/fahad/bumperbot_ws/install/bumperbot_planning/lib/python3.12/site-packages/bumperbot_planning'...
[29.775s] Compiling '/home/fahad/bumperbot_ws/install/bumperbot_planning/lib/python3.12/site-packages/bumperbot_planning/__init__.py'...
[29.775s] Compiling '/home/fahad/bumperbot_ws/install/bumperbot_planning/lib/python3.12/site-packages/bumperbot_planning/a_star_planner.py'...
[29.775s] Compiling '/home/fahad/bumperbot_ws/install/bumperbot_planning/lib/python3.12/site-packages/bumperbot_planning/dijkstra_planner.py'...
[29.787s] Invoked command in '/home/fahad/bumperbot_ws/build/bumperbot_planning' returned '0': CMAKE_PREFIX_PATH=${CMAKE_PREFIX_PATH}:/opt/ros/jazzy DEBUGINFOD_URLS=https://debuginfod.ubuntu.com /usr/bin/cmake --install /home/fahad/bumperbot_ws/build/bumperbot_planning
