[0.345s] Invoking command in '/home/fahad/bumperbot_ws/build/bumperbot_motion': CMAKE_PREFIX_PATH=${CMAKE_PREFIX_PATH}:/home/fahad/bumperbot_ws/install/room_grid_navigator:/home/fahad/bumperbot_ws/install/bumperbot_py_examples:/opt/ros/jazzy DEBUGINFOD_URLS=https://debuginfod.ubuntu.com /usr/bin/cmake --build /home/fahad/bumperbot_ws/build/bumperbot_motion -- -j8 -l8
[0.533s] [  0%] Built target ament_cmake_python_symlink_bumperbot_motion
[0.539s] [ 50%] Built target pd_motion_planner
[0.544s] [100%] Built target pure_pursuit
[1.141s] running egg_info
[1.216s] writing bumperbot_motion.egg-info/PKG-INFO
[1.217s] writing dependency_links to bumperbot_motion.egg-info/dependency_links.txt
[1.220s] writing top-level names to bumperbot_motion.egg-info/top_level.txt
[1.397s] reading manifest file 'bumperbot_motion.egg-info/SOURCES.txt'
[1.398s] writing manifest file 'bumperbot_motion.egg-info/SOURCES.txt'
[1.481s] [100%] Built target ament_cmake_python_build_bumperbot_motion_egg
[1.561s] Invoked command in '/home/fahad/bumperbot_ws/build/bumperbot_motion' returned '0': CMAKE_PREFIX_PATH=${CMAKE_PREFIX_PATH}:/home/fahad/bumperbot_ws/install/room_grid_navigator:/home/fahad/bumperbot_ws/install/bumperbot_py_examples:/opt/ros/jazzy DEBUGINFOD_URLS=https://debuginfod.ubuntu.com /usr/bin/cmake --build /home/fahad/bumperbot_ws/build/bumperbot_motion -- -j8 -l8
[1.562s] Invoking command in '/home/fahad/bumperbot_ws/build/bumperbot_motion': CMAKE_PREFIX_PATH=${CMAKE_PREFIX_PATH}:/home/fahad/bumperbot_ws/install/room_grid_navigator:/home/fahad/bumperbot_ws/install/bumperbot_py_examples:/opt/ros/jazzy DEBUGINFOD_URLS=https://debuginfod.ubuntu.com /usr/bin/cmake --install /home/fahad/bumperbot_ws/build/bumperbot_motion
[1.610s] -- Install configuration: ""
[1.612s] -- Execute custom install script
[1.619s] -- Up-to-date symlink: /home/fahad/bumperbot_ws/install/bumperbot_motion/share/bumperbot_motion/environment/pythonpath.sh
[1.619s] -- Up-to-date symlink: /home/fahad/bumperbot_ws/install/bumperbot_motion/share/bumperbot_motion/environment/pythonpath.dsv
[1.619s] -- Up-to-date symlink: /home/fahad/bumperbot_ws/install/bumperbot_motion/lib/python3.12/site-packages/bumperbot_motion-0.0.0-py3.12.egg-info/PKG-INFO
[1.620s] -- Up-to-date symlink: /home/fahad/bumperbot_ws/install/bumperbot_motion/lib/python3.12/site-packages/bumperbot_motion-0.0.0-py3.12.egg-info/SOURCES.txt
[1.620s] -- Up-to-date symlink: /home/fahad/bumperbot_ws/install/bumperbot_motion/lib/python3.12/site-packages/bumperbot_motion-0.0.0-py3.12.egg-info/dependency_links.txt
[1.636s] -- Up-to-date symlink: /home/fahad/bumperbot_ws/install/bumperbot_motion/lib/python3.12/site-packages/bumperbot_motion-0.0.0-py3.12.egg-info/top_level.txt
[1.636s] -- Up-to-date symlink: /home/fahad/bumperbot_ws/install/bumperbot_motion/lib/python3.12/site-packages/bumperbot_motion/__init__.py
[1.636s] -- Up-to-date symlink: /home/fahad/bumperbot_ws/install/bumperbot_motion/lib/python3.12/site-packages/bumperbot_motion/pd_motion_planner.py
[1.637s] -- Up-to-date symlink: /home/fahad/bumperbot_ws/install/bumperbot_motion/lib/python3.12/site-packages/bumperbot_motion/pure_pursuit.py
[1.638s] -- Up-to-date symlink: /home/fahad/bumperbot_ws/install/bumperbot_motion/share/bumperbot_motion//motion_planner_plugins.xml
[1.638s] -- Up-to-date symlink: /home/fahad/bumperbot_ws/install/bumperbot_motion/lib/libpd_motion_planner.so
[1.641s] -- Up-to-date symlink: /home/fahad/bumperbot_ws/install/bumperbot_motion/lib/libpure_pursuit.so
[1.643s] -- Up-to-date symlink: /home/fahad/bumperbot_ws/install/bumperbot_motion/include/include/bumperbot_motion/pd_motion_planner.hpp
[1.645s] -- Up-to-date symlink: /home/fahad/bumperbot_ws/install/bumperbot_motion/include/include/bumperbot_motion/pure_pursuit.hpp
[1.645s] -- Up-to-date symlink: /home/fahad/bumperbot_ws/install/bumperbot_motion/lib/bumperbot_motion/pd_motion_planner.py
[1.648s] -- Up-to-date symlink: /home/fahad/bumperbot_ws/install/bumperbot_motion/lib/bumperbot_motion/pure_pursuit.py
[1.648s] -- Up-to-date symlink: /home/fahad/bumperbot_ws/install/bumperbot_motion/share/bumperbot_motion/environment/library_path.sh
[1.648s] -- Up-to-date symlink: /home/fahad/bumperbot_ws/install/bumperbot_motion/share/bumperbot_motion/environment/library_path.dsv
[1.649s] -- Up-to-date symlink: /home/fahad/bumperbot_ws/install/bumperbot_motion/share/ament_index/resource_index/package_run_dependencies/bumperbot_motion
[1.653s] -- Up-to-date symlink: /home/fahad/bumperbot_ws/install/bumperbot_motion/share/ament_index/resource_index/parent_prefix_path/bumperbot_motion
[1.654s] -- Up-to-date symlink: /home/fahad/bumperbot_ws/install/bumperbot_motion/share/bumperbot_motion/environment/ament_prefix_path.sh
[1.654s] -- Up-to-date symlink: /home/fahad/bumperbot_ws/install/bumperbot_motion/share/bumperbot_motion/environment/ament_prefix_path.dsv
[1.654s] -- Up-to-date symlink: /home/fahad/bumperbot_ws/install/bumperbot_motion/share/bumperbot_motion/environment/path.sh
[1.654s] -- Up-to-date symlink: /home/fahad/bumperbot_ws/install/bumperbot_motion/share/bumperbot_motion/environment/path.dsv
[1.655s] -- Up-to-date symlink: /home/fahad/bumperbot_ws/install/bumperbot_motion/share/bumperbot_motion/local_setup.bash
[1.655s] -- Up-to-date symlink: /home/fahad/bumperbot_ws/install/bumperbot_motion/share/bumperbot_motion/local_setup.sh
[1.655s] -- Up-to-date symlink: /home/fahad/bumperbot_ws/install/bumperbot_motion/share/bumperbot_motion/local_setup.zsh
[1.655s] -- Up-to-date symlink: /home/fahad/bumperbot_ws/install/bumperbot_motion/share/bumperbot_motion/local_setup.dsv
[1.655s] -- Symlinking: /home/fahad/bumperbot_ws/install/bumperbot_motion/share/bumperbot_motion/package.dsv
[1.728s] -- Up-to-date symlink: /home/fahad/bumperbot_ws/install/bumperbot_motion/share/ament_index/resource_index/packages/bumperbot_motion
[1.728s] -- Up-to-date symlink: /home/fahad/bumperbot_ws/install/bumperbot_motion/share/ament_index/resource_index/nav2_core__pluginlib__plugin/bumperbot_motion
[1.729s] -- Up-to-date symlink: /home/fahad/bumperbot_ws/install/bumperbot_motion/share/bumperbot_motion/cmake/ament_cmake_export_include_directories-extras.cmake
[1.729s] -- Up-to-date symlink: /home/fahad/bumperbot_ws/install/bumperbot_motion/share/bumperbot_motion/cmake/ament_cmake_export_libraries-extras.cmake
[1.729s] -- Up-to-date symlink: /home/fahad/bumperbot_ws/install/bumperbot_motion/share/bumperbot_motion/cmake/ament_cmake_export_dependencies-extras.cmake
[1.730s] -- Up-to-date symlink: /home/fahad/bumperbot_ws/install/bumperbot_motion/share/bumperbot_motion/cmake/bumperbot_motionConfig.cmake
[1.730s] -- Up-to-date symlink: /home/fahad/bumperbot_ws/install/bumperbot_motion/share/bumperbot_motion/cmake/bumperbot_motionConfig-version.cmake
[1.730s] -- Up-to-date symlink: /home/fahad/bumperbot_ws/install/bumperbot_motion/share/bumperbot_motion/package.xml
[1.863s] Listing '/home/fahad/bumperbot_ws/install/bumperbot_motion/lib/python3.12/site-packages/bumperbot_motion'...
[1.884s] Invoked command in '/home/fahad/bumperbot_ws/build/bumperbot_motion' returned '0': CMAKE_PREFIX_PATH=${CMAKE_PREFIX_PATH}:/home/fahad/bumperbot_ws/install/room_grid_navigator:/home/fahad/bumperbot_ws/install/bumperbot_py_examples:/opt/ros/jazzy DEBUGINFOD_URLS=https://debuginfod.ubuntu.com /usr/bin/cmake --install /home/fahad/bumperbot_ws/build/bumperbot_motion
