[0.078s] Invoking command in '/home/fahad/bumperbot_ws/build/bumperbot_localization': CMAKE_PREFIX_PATH=${CMAKE_PREFIX_PATH}:/home/fahad/bumperbot_ws/install/room_grid_navigator:/home/fahad/bumperbot_ws/install/bumperbot_py_examples:/opt/ros/jazzy DEBUGINFOD_URLS=https://debuginfod.ubuntu.com /usr/bin/cmake --build /home/fahad/bumperbot_ws/build/bumperbot_localization -- -j8 -l8
[0.349s] [ 33%] Built target imu_republisher
[0.350s] [ 66%] Built target kalman_filter
[0.356s] [100%] Built target odometry_motion_model
[0.382s] [100%] Built target ament_cmake_python_symlink_bumperbot_localization
[1.101s] running egg_info
[1.154s] writing bumperbot_localization.egg-info/PKG-INFO
[1.155s] writing dependency_links to bumperbot_localization.egg-info/dependency_links.txt
[1.157s] writing top-level names to bumperbot_localization.egg-info/top_level.txt
[1.336s] reading manifest file 'bumperbot_localization.egg-info/SOURCES.txt'
[1.344s] writing manifest file 'bumperbot_localization.egg-info/SOURCES.txt'
[1.487s] [100%] Built target ament_cmake_python_build_bumperbot_localization_egg
[1.594s] Invoked command in '/home/fahad/bumperbot_ws/build/bumperbot_localization' returned '0': CMAKE_PREFIX_PATH=${CMAKE_PREFIX_PATH}:/home/fahad/bumperbot_ws/install/room_grid_navigator:/home/fahad/bumperbot_ws/install/bumperbot_py_examples:/opt/ros/jazzy DEBUGINFOD_URLS=https://debuginfod.ubuntu.com /usr/bin/cmake --build /home/fahad/bumperbot_ws/build/bumperbot_localization -- -j8 -l8
[1.597s] Invoking command in '/home/fahad/bumperbot_ws/build/bumperbot_localization': CMAKE_PREFIX_PATH=${CMAKE_PREFIX_PATH}:/home/fahad/bumperbot_ws/install/room_grid_navigator:/home/fahad/bumperbot_ws/install/bumperbot_py_examples:/opt/ros/jazzy DEBUGINFOD_URLS=https://debuginfod.ubuntu.com /usr/bin/cmake --install /home/fahad/bumperbot_ws/build/bumperbot_localization
[1.676s] -- Install configuration: ""
[1.692s] -- Execute custom install script
[1.696s] -- Up-to-date symlink: /home/fahad/bumperbot_ws/install/bumperbot_localization/share/bumperbot_localization/environment/pythonpath.sh
[1.696s] -- Up-to-date symlink: /home/fahad/bumperbot_ws/install/bumperbot_localization/share/bumperbot_localization/environment/pythonpath.dsv
[1.703s] -- Up-to-date symlink: /home/fahad/bumperbot_ws/install/bumperbot_localization/lib/python3.12/site-packages/bumperbot_localization-0.0.0-py3.12.egg-info/PKG-INFO
[1.703s] -- Up-to-date symlink: /home/fahad/bumperbot_ws/install/bumperbot_localization/lib/python3.12/site-packages/bumperbot_localization-0.0.0-py3.12.egg-info/SOURCES.txt
[1.704s] -- Up-to-date symlink: /home/fahad/bumperbot_ws/install/bumperbot_localization/lib/python3.12/site-packages/bumperbot_localization-0.0.0-py3.12.egg-info/dependency_links.txt
[1.704s] -- Up-to-date symlink: /home/fahad/bumperbot_ws/install/bumperbot_localization/lib/python3.12/site-packages/bumperbot_localization-0.0.0-py3.12.egg-info/top_level.txt
[1.704s] -- Up-to-date symlink: /home/fahad/bumperbot_ws/install/bumperbot_localization/lib/python3.12/site-packages/bumperbot_localization/__init__.py
[1.705s] -- Up-to-date symlink: /home/fahad/bumperbot_ws/install/bumperbot_localization/lib/python3.12/site-packages/bumperbot_localization/imu_republisher.py
[1.705s] -- Up-to-date symlink: /home/fahad/bumperbot_ws/install/bumperbot_localization/lib/python3.12/site-packages/bumperbot_localization/kalman_filter.py
[1.707s] -- Up-to-date symlink: /home/fahad/bumperbot_ws/install/bumperbot_localization/lib/python3.12/site-packages/bumperbot_localization/odometry_motion_model.py
[1.707s] -- Up-to-date symlink: /home/fahad/bumperbot_ws/install/bumperbot_localization/include/include/bumperbot_localization/kalman_filter.hpp
[1.709s] -- Up-to-date symlink: /home/fahad/bumperbot_ws/install/bumperbot_localization/include/include/bumperbot_localization/odometry_motion_model.hpp
[1.713s] -- Up-to-date symlink: /home/fahad/bumperbot_ws/install/bumperbot_localization/bin/odometry_motion_model
[1.716s] -- Up-to-date symlink: /home/fahad/bumperbot_ws/install/bumperbot_localization/lib/bumperbot_localization/kalman_filter
[1.718s] -- Up-to-date symlink: /home/fahad/bumperbot_ws/install/bumperbot_localization/lib/bumperbot_localization/imu_republisher
[1.719s] -- Up-to-date symlink: /home/fahad/bumperbot_ws/install/bumperbot_localization/lib/bumperbot_localization/odometry_motion_model
[1.724s] -- Up-to-date symlink: /home/fahad/bumperbot_ws/install/bumperbot_localization/share/bumperbot_localization/launch/global_localization.launch.py
[1.724s] -- Up-to-date symlink: /home/fahad/bumperbot_ws/install/bumperbot_localization/share/bumperbot_localization/launch/local_localization.launch.py
[1.726s] -- Up-to-date symlink: /home/fahad/bumperbot_ws/install/bumperbot_localization/share/bumperbot_localization/config/amcl.yaml
[1.727s] -- Up-to-date symlink: /home/fahad/bumperbot_ws/install/bumperbot_localization/share/bumperbot_localization/config/ekf.yaml
[1.731s] -- Up-to-date symlink: /home/fahad/bumperbot_ws/install/bumperbot_localization/share/bumperbot_localization/config/odometry_motion_model.rviz
[1.732s] -- Up-to-date symlink: /home/fahad/bumperbot_ws/install/bumperbot_localization/share/bumperbot_localization/rviz/global_localization.rviz
[1.732s] -- Up-to-date symlink: /home/fahad/bumperbot_ws/install/bumperbot_localization/lib/bumperbot_localization/kalman_filter.py
[1.733s] -- Up-to-date symlink: /home/fahad/bumperbot_ws/install/bumperbot_localization/lib/bumperbot_localization/imu_republisher.py
[1.735s] -- Up-to-date symlink: /home/fahad/bumperbot_ws/install/bumperbot_localization/lib/bumperbot_localization/odometry_motion_model.py
[1.735s] -- Up-to-date symlink: /home/fahad/bumperbot_ws/install/bumperbot_localization/share/ament_index/resource_index/package_run_dependencies/bumperbot_localization
[1.735s] -- Up-to-date symlink: /home/fahad/bumperbot_ws/install/bumperbot_localization/share/ament_index/resource_index/parent_prefix_path/bumperbot_localization
[1.736s] -- Up-to-date symlink: /home/fahad/bumperbot_ws/install/bumperbot_localization/share/bumperbot_localization/environment/ament_prefix_path.sh
[1.739s] -- Up-to-date symlink: /home/fahad/bumperbot_ws/install/bumperbot_localization/share/bumperbot_localization/environment/ament_prefix_path.dsv
[1.739s] -- Up-to-date symlink: /home/fahad/bumperbot_ws/install/bumperbot_localization/share/bumperbot_localization/environment/path.sh
[1.741s] -- Up-to-date symlink: /home/fahad/bumperbot_ws/install/bumperbot_localization/share/bumperbot_localization/environment/path.dsv
[1.741s] -- Up-to-date symlink: /home/fahad/bumperbot_ws/install/bumperbot_localization/share/bumperbot_localization/local_setup.bash
[1.741s] -- Up-to-date symlink: /home/fahad/bumperbot_ws/install/bumperbot_localization/share/bumperbot_localization/local_setup.sh
[1.744s] -- Up-to-date symlink: /home/fahad/bumperbot_ws/install/bumperbot_localization/share/bumperbot_localization/local_setup.zsh
[1.744s] -- Up-to-date symlink: /home/fahad/bumperbot_ws/install/bumperbot_localization/share/bumperbot_localization/local_setup.dsv
[1.744s] -- Symlinking: /home/fahad/bumperbot_ws/install/bumperbot_localization/share/bumperbot_localization/package.dsv
[1.753s] -- Up-to-date symlink: /home/fahad/bumperbot_ws/install/bumperbot_localization/share/ament_index/resource_index/packages/bumperbot_localization
[1.753s] -- Up-to-date symlink: /home/fahad/bumperbot_ws/install/bumperbot_localization/share/bumperbot_localization/cmake/bumperbot_localizationConfig.cmake
[1.754s] -- Up-to-date symlink: /home/fahad/bumperbot_ws/install/bumperbot_localization/share/bumperbot_localization/cmake/bumperbot_localizationConfig-version.cmake
[1.754s] -- Up-to-date symlink: /home/fahad/bumperbot_ws/install/bumperbot_localization/share/bumperbot_localization/package.xml
[1.766s] Listing '/home/fahad/bumperbot_ws/install/bumperbot_localization/lib/python3.12/site-packages/bumperbot_localization'...
[2.050s] Invoked command in '/home/fahad/bumperbot_ws/build/bumperbot_localization' returned '0': CMAKE_PREFIX_PATH=${CMAKE_PREFIX_PATH}:/home/fahad/bumperbot_ws/install/room_grid_navigator:/home/fahad/bumperbot_ws/install/bumperbot_py_examples:/opt/ros/jazzy DEBUGINFOD_URLS=https://debuginfod.ubuntu.com /usr/bin/cmake --install /home/fahad/bumperbot_ws/build/bumperbot_localization
