[0.095s] Invoking command in '/home/fahad/bumperbot_ws/build/bumperbot_controller': CMAKE_PREFIX_PATH=${CMAKE_PREFIX_PATH}:/home/fahad/bumperbot_ws/install/room_grid_navigator:/home/fahad/bumperbot_ws/install/bumperbot_py_examples:/opt/ros/jazzy DEBUGINFOD_URLS=https://debuginfod.ubuntu.com /usr/bin/cmake --build /home/fahad/bumperbot_ws/build/bumperbot_controller -- -j8 -l8
[0.427s] [ 33%] Built target simple_controller
[0.524s] [ 33%] Built target ament_cmake_python_symlink_bumperbot_controller
[0.612s] [ 66%] Built target twist_relay
[1.341s] running egg_info
[1.409s] writing bumperbot_controller.egg-info/PKG-INFO
[1.409s] writing dependency_links to bumperbot_controller.egg-info/dependency_links.txt
[1.410s] writing top-level names to bumperbot_controller.egg-info/top_level.txt
[1.659s] reading manifest file 'bumperbot_controller.egg-info/SOURCES.txt'
[1.670s] writing manifest file 'bumperbot_controller.egg-info/SOURCES.txt'
[1.841s] [ 66%] Built target ament_cmake_python_build_bumperbot_controller_egg
[2.193s] [100%] Built target noisy_controller
[2.322s] Invoked command in '/home/fahad/bumperbot_ws/build/bumperbot_controller' returned '0': CMAKE_PREFIX_PATH=${CMAKE_PREFIX_PATH}:/home/fahad/bumperbot_ws/install/room_grid_navigator:/home/fahad/bumperbot_ws/install/bumperbot_py_examples:/opt/ros/jazzy DEBUGINFOD_URLS=https://debuginfod.ubuntu.com /usr/bin/cmake --build /home/fahad/bumperbot_ws/build/bumperbot_controller -- -j8 -l8
[2.334s] Invoking command in '/home/fahad/bumperbot_ws/build/bumperbot_controller': CMAKE_PREFIX_PATH=${CMAKE_PREFIX_PATH}:/home/fahad/bumperbot_ws/install/room_grid_navigator:/home/fahad/bumperbot_ws/install/bumperbot_py_examples:/opt/ros/jazzy DEBUGINFOD_URLS=https://debuginfod.ubuntu.com /usr/bin/cmake --install /home/fahad/bumperbot_ws/build/bumperbot_controller
[2.520s] -- Install configuration: ""
[2.522s] -- Execute custom install script
[2.522s] -- Up-to-date symlink: /home/fahad/bumperbot_ws/install/bumperbot_controller/share/bumperbot_controller/environment/pythonpath.sh
[2.523s] -- Up-to-date symlink: /home/fahad/bumperbot_ws/install/bumperbot_controller/share/bumperbot_controller/environment/pythonpath.dsv
[2.523s] -- Up-to-date symlink: /home/fahad/bumperbot_ws/install/bumperbot_controller/lib/python3.12/site-packages/bumperbot_controller-0.0.0-py3.12.egg-info/PKG-INFO
[2.523s] -- Up-to-date symlink: /home/fahad/bumperbot_ws/install/bumperbot_controller/lib/python3.12/site-packages/bumperbot_controller-0.0.0-py3.12.egg-info/SOURCES.txt
[2.524s] -- Up-to-date symlink: /home/fahad/bumperbot_ws/install/bumperbot_controller/lib/python3.12/site-packages/bumperbot_controller-0.0.0-py3.12.egg-info/dependency_links.txt
[2.526s] -- Up-to-date symlink: /home/fahad/bumperbot_ws/install/bumperbot_controller/lib/python3.12/site-packages/bumperbot_controller-0.0.0-py3.12.egg-info/top_level.txt
[2.527s] -- Up-to-date symlink: /home/fahad/bumperbot_ws/install/bumperbot_controller/lib/python3.12/site-packages/bumperbot_controller/__init__.py
[2.530s] -- Up-to-date symlink: /home/fahad/bumperbot_ws/install/bumperbot_controller/lib/python3.12/site-packages/bumperbot_controller/noisy_controller.py
[2.531s] -- Up-to-date symlink: /home/fahad/bumperbot_ws/install/bumperbot_controller/lib/python3.12/site-packages/bumperbot_controller/simple_controller.py
[2.532s] -- Up-to-date symlink: /home/fahad/bumperbot_ws/install/bumperbot_controller/lib/python3.12/site-packages/bumperbot_controller/twist_relay.py
[2.535s] -- Up-to-date symlink: /home/fahad/bumperbot_ws/install/bumperbot_controller/include/include/bumperbot_controller/noisy_controller.hpp
[2.536s] -- Up-to-date symlink: /home/fahad/bumperbot_ws/install/bumperbot_controller/include/include/bumperbot_controller/simple_controller.hpp
[2.536s] -- Up-to-date symlink: /home/fahad/bumperbot_ws/install/bumperbot_controller/lib/bumperbot_controller/simple_controller
[2.536s] -- Up-to-date symlink: /home/fahad/bumperbot_ws/install/bumperbot_controller/lib/bumperbot_controller/noisy_controller
[2.537s] -- Up-to-date symlink: /home/fahad/bumperbot_ws/install/bumperbot_controller/lib/bumperbot_controller/twist_relay
[2.537s] -- Up-to-date symlink: /home/fahad/bumperbot_ws/install/bumperbot_controller/share/bumperbot_controller/launch/controller.launch.py
[2.537s] -- Up-to-date symlink: /home/fahad/bumperbot_ws/install/bumperbot_controller/share/bumperbot_controller/launch/joystick_teleop.launch.py
[2.537s] -- Up-to-date symlink: /home/fahad/bumperbot_ws/install/bumperbot_controller/share/bumperbot_controller/config/bumperbot_controllers.yaml
[2.537s] -- Up-to-date symlink: /home/fahad/bumperbot_ws/install/bumperbot_controller/share/bumperbot_controller/config/joy_config.yaml
[2.538s] -- Up-to-date symlink: /home/fahad/bumperbot_ws/install/bumperbot_controller/share/bumperbot_controller/config/joy_teleop.yaml
[2.538s] -- Up-to-date symlink: /home/fahad/bumperbot_ws/install/bumperbot_controller/share/bumperbot_controller/config/twist_mux_joy.yaml
[2.539s] -- Up-to-date symlink: /home/fahad/bumperbot_ws/install/bumperbot_controller/share/bumperbot_controller/config/twist_mux_locks.yaml
[2.539s] -- Up-to-date symlink: /home/fahad/bumperbot_ws/install/bumperbot_controller/share/bumperbot_controller/config/twist_mux_topics.yaml
[2.540s] -- Up-to-date symlink: /home/fahad/bumperbot_ws/install/bumperbot_controller/lib/bumperbot_controller/simple_controller.py
[2.540s] -- Up-to-date symlink: /home/fahad/bumperbot_ws/install/bumperbot_controller/lib/bumperbot_controller/noisy_controller.py
[2.542s] -- Up-to-date symlink: /home/fahad/bumperbot_ws/install/bumperbot_controller/lib/bumperbot_controller/twist_relay.py
[2.542s] -- Up-to-date symlink: /home/fahad/bumperbot_ws/install/bumperbot_controller/share/ament_index/resource_index/package_run_dependencies/bumperbot_controller
[2.542s] -- Up-to-date symlink: /home/fahad/bumperbot_ws/install/bumperbot_controller/share/ament_index/resource_index/parent_prefix_path/bumperbot_controller
[2.543s] -- Up-to-date symlink: /home/fahad/bumperbot_ws/install/bumperbot_controller/share/bumperbot_controller/environment/ament_prefix_path.sh
[2.543s] -- Up-to-date symlink: /home/fahad/bumperbot_ws/install/bumperbot_controller/share/bumperbot_controller/environment/ament_prefix_path.dsv
[2.544s] -- Up-to-date symlink: /home/fahad/bumperbot_ws/install/bumperbot_controller/share/bumperbot_controller/environment/path.sh
[2.544s] -- Up-to-date symlink: /home/fahad/bumperbot_ws/install/bumperbot_controller/share/bumperbot_controller/environment/path.dsv
[2.544s] -- Up-to-date symlink: /home/fahad/bumperbot_ws/install/bumperbot_controller/share/bumperbot_controller/local_setup.bash
[2.545s] -- Up-to-date symlink: /home/fahad/bumperbot_ws/install/bumperbot_controller/share/bumperbot_controller/local_setup.sh
[2.545s] -- Up-to-date symlink: /home/fahad/bumperbot_ws/install/bumperbot_controller/share/bumperbot_controller/local_setup.zsh
[2.545s] -- Up-to-date symlink: /home/fahad/bumperbot_ws/install/bumperbot_controller/share/bumperbot_controller/local_setup.dsv
[2.546s] -- Symlinking: /home/fahad/bumperbot_ws/install/bumperbot_controller/share/bumperbot_controller/package.dsv
[2.546s] -- Up-to-date symlink: /home/fahad/bumperbot_ws/install/bumperbot_controller/share/ament_index/resource_index/packages/bumperbot_controller
[2.546s] -- Up-to-date symlink: /home/fahad/bumperbot_ws/install/bumperbot_controller/share/bumperbot_controller/cmake/bumperbot_controllerConfig.cmake
[2.547s] -- Up-to-date symlink: /home/fahad/bumperbot_ws/install/bumperbot_controller/share/bumperbot_controller/cmake/bumperbot_controllerConfig-version.cmake
[2.547s] -- Up-to-date symlink: /home/fahad/bumperbot_ws/install/bumperbot_controller/share/bumperbot_controller/package.xml
[2.547s] Listing '/home/fahad/bumperbot_ws/install/bumperbot_controller/lib/python3.12/site-packages/bumperbot_controller'...
[2.702s] Invoked command in '/home/fahad/bumperbot_ws/build/bumperbot_controller' returned '0': CMAKE_PREFIX_PATH=${CMAKE_PREFIX_PATH}:/home/fahad/bumperbot_ws/install/room_grid_navigator:/home/fahad/bumperbot_ws/install/bumperbot_py_examples:/opt/ros/jazzy DEBUGINFOD_URLS=https://debuginfod.ubuntu.com /usr/bin/cmake --install /home/fahad/bumperbot_ws/build/bumperbot_controller
