[0.068s] Invoking command in '/home/fahad/bumperbot_ws/build/bumperbot_firmware': CMAKE_PREFIX_PATH=${CMAKE_PREFIX_PATH}:/home/fahad/bumperbot_ws/install/room_grid_navigator:/home/fahad/bumperbot_ws/install/bumperbot_py_examples:/opt/ros/jazzy DEBUGINFOD_URLS=https://debuginfod.ubuntu.com /usr/bin/cmake --build /home/fahad/bumperbot_ws/build/bumperbot_firmware -- -j8 -l8
[0.309s] [ 33%] Built target simple_serial_transmitter
[0.309s] [ 33%] Built target ament_cmake_python_symlink_bumperbot_firmware
[0.337s] [ 66%] Built target bumperbot_firmware
[0.345s] [100%] Built target simple_serial_receiver
[1.134s] running egg_info
[1.198s] writing bumperbot_firmware.egg-info/PKG-INFO
[1.208s] writing dependency_links to bumperbot_firmware.egg-info/dependency_links.txt
[1.208s] writing top-level names to bumperbot_firmware.egg-info/top_level.txt
[1.387s] reading manifest file 'bumperbot_firmware.egg-info/SOURCES.txt'
[1.432s] writing manifest file 'bumperbot_firmware.egg-info/SOURCES.txt'
[1.756s] [100%] Built target ament_cmake_python_build_bumperbot_firmware_egg
[1.915s] Invoked command in '/home/fahad/bumperbot_ws/build/bumperbot_firmware' returned '0': CMAKE_PREFIX_PATH=${CMAKE_PREFIX_PATH}:/home/fahad/bumperbot_ws/install/room_grid_navigator:/home/fahad/bumperbot_ws/install/bumperbot_py_examples:/opt/ros/jazzy DEBUGINFOD_URLS=https://debuginfod.ubuntu.com /usr/bin/cmake --build /home/fahad/bumperbot_ws/build/bumperbot_firmware -- -j8 -l8
[1.920s] Invoking command in '/home/fahad/bumperbot_ws/build/bumperbot_firmware': CMAKE_PREFIX_PATH=${CMAKE_PREFIX_PATH}:/home/fahad/bumperbot_ws/install/room_grid_navigator:/home/fahad/bumperbot_ws/install/bumperbot_py_examples:/opt/ros/jazzy DEBUGINFOD_URLS=https://debuginfod.ubuntu.com /usr/bin/cmake --install /home/fahad/bumperbot_ws/build/bumperbot_firmware
[2.040s] -- Install configuration: ""
[2.040s] -- Execute custom install script
[2.041s] -- Up-to-date symlink: /home/fahad/bumperbot_ws/install/bumperbot_firmware/share/bumperbot_firmware/environment/pythonpath.sh
[2.041s] -- Up-to-date symlink: /home/fahad/bumperbot_ws/install/bumperbot_firmware/share/bumperbot_firmware/environment/pythonpath.dsv
[2.041s] -- Up-to-date symlink: /home/fahad/bumperbot_ws/install/bumperbot_firmware/lib/python3.12/site-packages/bumperbot_firmware-0.0.0-py3.12.egg-info/PKG-INFO
[2.041s] -- Up-to-date symlink: /home/fahad/bumperbot_ws/install/bumperbot_firmware/lib/python3.12/site-packages/bumperbot_firmware-0.0.0-py3.12.egg-info/SOURCES.txt
[2.041s] -- Up-to-date symlink: /home/fahad/bumperbot_ws/install/bumperbot_firmware/lib/python3.12/site-packages/bumperbot_firmware-0.0.0-py3.12.egg-info/dependency_links.txt
[2.041s] -- Up-to-date symlink: /home/fahad/bumperbot_ws/install/bumperbot_firmware/lib/python3.12/site-packages/bumperbot_firmware-0.0.0-py3.12.egg-info/top_level.txt
[2.042s] -- Up-to-date symlink: /home/fahad/bumperbot_ws/install/bumperbot_firmware/lib/python3.12/site-packages/bumperbot_firmware/__init__.py
[2.042s] -- Up-to-date symlink: /home/fahad/bumperbot_ws/install/bumperbot_firmware/lib/python3.12/site-packages/bumperbot_firmware/mpu6050_driver.py
[2.042s] -- Up-to-date symlink: /home/fahad/bumperbot_ws/install/bumperbot_firmware/lib/python3.12/site-packages/bumperbot_firmware/simple_serial_receiver.py
[2.042s] -- Up-to-date symlink: /home/fahad/bumperbot_ws/install/bumperbot_firmware/lib/python3.12/site-packages/bumperbot_firmware/simple_serial_transmitter.py
[2.042s] -- Up-to-date symlink: /home/fahad/bumperbot_ws/install/bumperbot_firmware/share/bumperbot_firmware//bumperbot_interface.xml
[2.044s] -- Up-to-date symlink: /home/fahad/bumperbot_ws/install/bumperbot_firmware/lib/libbumperbot_firmware.so
[2.048s] -- Up-to-date symlink: /home/fahad/bumperbot_ws/install/bumperbot_firmware/include/include/bumperbot_firmware/bumperbot_interface.hpp
[2.048s] -- Up-to-date symlink: /home/fahad/bumperbot_ws/install/bumperbot_firmware/share/bumperbot_firmware/launch/hardware_interface.launch.py
[2.048s] -- Up-to-date symlink: /home/fahad/bumperbot_ws/install/bumperbot_firmware/lib/bumperbot_firmware/simple_serial_transmitter.py
[2.049s] -- Up-to-date symlink: /home/fahad/bumperbot_ws/install/bumperbot_firmware/lib/bumperbot_firmware/simple_serial_receiver.py
[2.049s] -- Up-to-date symlink: /home/fahad/bumperbot_ws/install/bumperbot_firmware/lib/bumperbot_firmware/mpu6050_driver.py
[2.049s] -- Up-to-date symlink: /home/fahad/bumperbot_ws/install/bumperbot_firmware/bin/simple_serial_receiver
[2.049s] -- Up-to-date symlink: /home/fahad/bumperbot_ws/install/bumperbot_firmware/bin/simple_serial_transmitter
[2.049s] -- Up-to-date symlink: /home/fahad/bumperbot_ws/install/bumperbot_firmware/share/bumperbot_firmware/environment/library_path.sh
[2.049s] -- Up-to-date symlink: /home/fahad/bumperbot_ws/install/bumperbot_firmware/share/bumperbot_firmware/environment/library_path.dsv
[2.050s] -- Up-to-date symlink: /home/fahad/bumperbot_ws/install/bumperbot_firmware/share/ament_index/resource_index/package_run_dependencies/bumperbot_firmware
[2.050s] -- Up-to-date symlink: /home/fahad/bumperbot_ws/install/bumperbot_firmware/share/ament_index/resource_index/parent_prefix_path/bumperbot_firmware
[2.050s] -- Up-to-date symlink: /home/fahad/bumperbot_ws/install/bumperbot_firmware/share/bumperbot_firmware/environment/ament_prefix_path.sh
[2.050s] -- Up-to-date symlink: /home/fahad/bumperbot_ws/install/bumperbot_firmware/share/bumperbot_firmware/environment/ament_prefix_path.dsv
[2.050s] -- Up-to-date symlink: /home/fahad/bumperbot_ws/install/bumperbot_firmware/share/bumperbot_firmware/environment/path.sh
[2.051s] -- Up-to-date symlink: /home/fahad/bumperbot_ws/install/bumperbot_firmware/share/bumperbot_firmware/environment/path.dsv
[2.052s] -- Up-to-date symlink: /home/fahad/bumperbot_ws/install/bumperbot_firmware/share/bumperbot_firmware/local_setup.bash
[2.052s] -- Up-to-date symlink: /home/fahad/bumperbot_ws/install/bumperbot_firmware/share/bumperbot_firmware/local_setup.sh
[2.052s] -- Up-to-date symlink: /home/fahad/bumperbot_ws/install/bumperbot_firmware/share/bumperbot_firmware/local_setup.zsh
[2.053s] -- Up-to-date symlink: /home/fahad/bumperbot_ws/install/bumperbot_firmware/share/bumperbot_firmware/local_setup.dsv
[2.053s] -- Symlinking: /home/fahad/bumperbot_ws/install/bumperbot_firmware/share/bumperbot_firmware/package.dsv
[2.061s] -- Up-to-date symlink: /home/fahad/bumperbot_ws/install/bumperbot_firmware/share/ament_index/resource_index/packages/bumperbot_firmware
[2.061s] -- Up-to-date symlink: /home/fahad/bumperbot_ws/install/bumperbot_firmware/share/ament_index/resource_index/hardware_interface__pluginlib__plugin/bumperbot_firmware
[2.061s] -- Up-to-date symlink: /home/fahad/bumperbot_ws/install/bumperbot_firmware/share/bumperbot_firmware/cmake/ament_cmake_export_include_directories-extras.cmake
[2.061s] -- Up-to-date symlink: /home/fahad/bumperbot_ws/install/bumperbot_firmware/share/bumperbot_firmware/cmake/ament_cmake_export_libraries-extras.cmake
[2.061s] -- Up-to-date symlink: /home/fahad/bumperbot_ws/install/bumperbot_firmware/share/bumperbot_firmware/cmake/ament_cmake_export_dependencies-extras.cmake
[2.061s] -- Up-to-date symlink: /home/fahad/bumperbot_ws/install/bumperbot_firmware/share/bumperbot_firmware/cmake/bumperbot_firmwareConfig.cmake
[2.062s] -- Up-to-date symlink: /home/fahad/bumperbot_ws/install/bumperbot_firmware/share/bumperbot_firmware/cmake/bumperbot_firmwareConfig-version.cmake
[2.062s] -- Up-to-date symlink: /home/fahad/bumperbot_ws/install/bumperbot_firmware/share/bumperbot_firmware/package.xml
[2.115s] Listing '/home/fahad/bumperbot_ws/install/bumperbot_firmware/lib/python3.12/site-packages/bumperbot_firmware'...
[2.843s] Invoked command in '/home/fahad/bumperbot_ws/build/bumperbot_firmware' returned '0': CMAKE_PREFIX_PATH=${CMAKE_PREFIX_PATH}:/home/fahad/bumperbot_ws/install/room_grid_navigator:/home/fahad/bumperbot_ws/install/bumperbot_py_examples:/opt/ros/jazzy DEBUGINFOD_URLS=https://debuginfod.ubuntu.com /usr/bin/cmake --install /home/fahad/bumperbot_ws/build/bumperbot_firmware
