[0.081s] Invoking command in '/home/fahad/bumperbot_ws/build/bumperbot_msgs': CMAKE_PREFIX_PATH=${CMAKE_PREFIX_PATH}:/home/fahad/bumperbot_ws/install/room_grid_navigator:/home/fahad/bumperbot_ws/install/bumperbot_py_examples:/opt/ros/jazzy DEBUGINFOD_URLS=https://debuginfod.ubuntu.com /usr/bin/cmake --build /home/fahad/bumperbot_ws/build/bumperbot_msgs -- -j8 -l8
[0.274s] [  1%] Built target bumperbot_msgs__rosidl_generator_type_description
[0.298s] [  1%] Built target ament_cmake_python_symlink_bumperbot_msgs
[0.372s] [  3%] Built target bumperbot_msgs__cpp
[0.410s] [ 24%] Built target bumperbot_msgs__rosidl_generator_c
[0.499s] [ 33%] Built target bumperbot_msgs__rosidl_typesupport_c
[0.506s] [ 42%] Built target bumperbot_msgs__rosidl_typesupport_introspection_cpp
[0.527s] [ 51%] Built target bumperbot_msgs__rosidl_typesupport_fastrtps_c
[0.543s] [ 70%] Built target bumperbot_msgs__rosidl_typesupport_fastrtps_cpp
[0.547s] [ 70%] Built target bumperbot_msgs__rosidl_typesupport_cpp
[0.559s] [ 79%] Built target bumperbot_msgs__rosidl_typesupport_introspection_c
[0.644s] [ 79%] Built target bumperbot_msgs
[0.732s] [ 81%] Built target bumperbot_msgs__py
[0.828s] [ 88%] Built target bumperbot_msgs__rosidl_generator_py
[0.986s] [ 92%] Built target bumperbot_msgs_s__rosidl_typesupport_introspection_c
[0.990s] [ 96%] Built target bumperbot_msgs_s__rosidl_typesupport_fastrtps_c
[1.010s] [100%] Built target bumperbot_msgs_s__rosidl_typesupport_c
[1.051s] running egg_info
[1.117s] writing bumperbot_msgs.egg-info/PKG-INFO
[1.117s] writing dependency_links to bumperbot_msgs.egg-info/dependency_links.txt
[1.118s] writing top-level names to bumperbot_msgs.egg-info/top_level.txt
[1.304s] reading manifest file 'bumperbot_msgs.egg-info/SOURCES.txt'
[1.309s] writing manifest file 'bumperbot_msgs.egg-info/SOURCES.txt'
[1.386s] [100%] Built target ament_cmake_python_build_bumperbot_msgs_egg
[1.495s] Invoked command in '/home/fahad/bumperbot_ws/build/bumperbot_msgs' returned '0': CMAKE_PREFIX_PATH=${CMAKE_PREFIX_PATH}:/home/fahad/bumperbot_ws/install/room_grid_navigator:/home/fahad/bumperbot_ws/install/bumperbot_py_examples:/opt/ros/jazzy DEBUGINFOD_URLS=https://debuginfod.ubuntu.com /usr/bin/cmake --build /home/fahad/bumperbot_ws/build/bumperbot_msgs -- -j8 -l8
[1.496s] Invoking command in '/home/fahad/bumperbot_ws/build/bumperbot_msgs': CMAKE_PREFIX_PATH=${CMAKE_PREFIX_PATH}:/home/fahad/bumperbot_ws/install/room_grid_navigator:/home/fahad/bumperbot_ws/install/bumperbot_py_examples:/opt/ros/jazzy DEBUGINFOD_URLS=https://debuginfod.ubuntu.com /usr/bin/cmake --install /home/fahad/bumperbot_ws/build/bumperbot_msgs
[1.714s] -- Install configuration: ""
[1.714s] -- Execute custom install script
[1.715s] -- Up-to-date symlink: /home/fahad/bumperbot_ws/install/bumperbot_msgs/share/ament_index/resource_index/rosidl_interfaces/bumperbot_msgs
[1.715s] -- Up-to-date symlink: /home/fahad/bumperbot_ws/install/bumperbot_msgs/share/bumperbot_msgs/action/Fibonacci.json
[1.715s] -- Up-to-date symlink: /home/fahad/bumperbot_ws/install/bumperbot_msgs/share/bumperbot_msgs/srv/AddTwoInts.json
[1.715s] -- Up-to-date symlink: /home/fahad/bumperbot_ws/install/bumperbot_msgs/share/bumperbot_msgs/srv/GetTransform.json
[1.715s] -- Up-to-date symlink: /home/fahad/bumperbot_ws/install/bumperbot_msgs/include/bumperbot_msgs/bumperbot_msgs/action/detail/fibonacci__functions.h
[1.716s] -- Up-to-date symlink: /home/fahad/bumperbot_ws/install/bumperbot_msgs/include/bumperbot_msgs/bumperbot_msgs/action/detail/fibonacci__struct.h
[1.716s] -- Up-to-date symlink: /home/fahad/bumperbot_ws/install/bumperbot_msgs/include/bumperbot_msgs/bumperbot_msgs/action/detail/fibonacci__type_support.h
[1.716s] -- Up-to-date symlink: /home/fahad/bumperbot_ws/install/bumperbot_msgs/include/bumperbot_msgs/bumperbot_msgs/action/fibonacci.h
[1.716s] -- Up-to-date symlink: /home/fahad/bumperbot_ws/install/bumperbot_msgs/include/bumperbot_msgs/bumperbot_msgs/msg/rosidl_generator_c__visibility_control.h
[1.716s] -- Up-to-date symlink: /home/fahad/bumperbot_ws/install/bumperbot_msgs/include/bumperbot_msgs/bumperbot_msgs/srv/add_two_ints.h
[1.716s] -- Up-to-date symlink: /home/fahad/bumperbot_ws/install/bumperbot_msgs/include/bumperbot_msgs/bumperbot_msgs/srv/detail/add_two_ints__functions.h
[1.717s] -- Up-to-date symlink: /home/fahad/bumperbot_ws/install/bumperbot_msgs/include/bumperbot_msgs/bumperbot_msgs/srv/detail/add_two_ints__struct.h
[1.717s] -- Up-to-date symlink: /home/fahad/bumperbot_ws/install/bumperbot_msgs/include/bumperbot_msgs/bumperbot_msgs/srv/detail/add_two_ints__type_support.h
[1.717s] -- Up-to-date symlink: /home/fahad/bumperbot_ws/install/bumperbot_msgs/include/bumperbot_msgs/bumperbot_msgs/srv/detail/get_transform__functions.h
[1.717s] -- Up-to-date symlink: /home/fahad/bumperbot_ws/install/bumperbot_msgs/include/bumperbot_msgs/bumperbot_msgs/srv/detail/get_transform__struct.h
[1.722s] -- Up-to-date symlink: /home/fahad/bumperbot_ws/install/bumperbot_msgs/include/bumperbot_msgs/bumperbot_msgs/srv/detail/get_transform__type_support.h
[1.723s] -- Up-to-date symlink: /home/fahad/bumperbot_ws/install/bumperbot_msgs/include/bumperbot_msgs/bumperbot_msgs/srv/get_transform.h
[1.723s] -- Up-to-date symlink: /home/fahad/bumperbot_ws/install/bumperbot_msgs/share/bumperbot_msgs/environment/library_path.sh
[1.724s] -- Up-to-date symlink: /home/fahad/bumperbot_ws/install/bumperbot_msgs/share/bumperbot_msgs/environment/library_path.dsv
[1.724s] -- Up-to-date symlink: /home/fahad/bumperbot_ws/install/bumperbot_msgs/include/bumperbot_msgs/bumperbot_msgs/action/detail/fibonacci__rosidl_typesupport_fastrtps_c.h
[1.724s] -- Up-to-date symlink: /home/fahad/bumperbot_ws/install/bumperbot_msgs/include/bumperbot_msgs/bumperbot_msgs/msg/rosidl_typesupport_fastrtps_c__visibility_control.h
[1.727s] -- Up-to-date symlink: /home/fahad/bumperbot_ws/install/bumperbot_msgs/include/bumperbot_msgs/bumperbot_msgs/srv/detail/add_two_ints__rosidl_typesupport_fastrtps_c.h
[1.727s] -- Up-to-date symlink: /home/fahad/bumperbot_ws/install/bumperbot_msgs/include/bumperbot_msgs/bumperbot_msgs/srv/detail/get_transform__rosidl_typesupport_fastrtps_c.h
[1.727s] -- Up-to-date symlink: /home/fahad/bumperbot_ws/install/bumperbot_msgs/include/bumperbot_msgs/bumperbot_msgs/action/detail/fibonacci__builder.hpp
[1.727s] -- Up-to-date symlink: /home/fahad/bumperbot_ws/install/bumperbot_msgs/include/bumperbot_msgs/bumperbot_msgs/action/detail/fibonacci__struct.hpp
[1.728s] -- Up-to-date symlink: /home/fahad/bumperbot_ws/install/bumperbot_msgs/include/bumperbot_msgs/bumperbot_msgs/action/detail/fibonacci__traits.hpp
[1.728s] -- Up-to-date symlink: /home/fahad/bumperbot_ws/install/bumperbot_msgs/include/bumperbot_msgs/bumperbot_msgs/action/detail/fibonacci__type_support.hpp
[1.728s] -- Up-to-date symlink: /home/fahad/bumperbot_ws/install/bumperbot_msgs/include/bumperbot_msgs/bumperbot_msgs/action/fibonacci.hpp
[1.728s] -- Up-to-date symlink: /home/fahad/bumperbot_ws/install/bumperbot_msgs/include/bumperbot_msgs/bumperbot_msgs/msg/rosidl_generator_cpp__visibility_control.hpp
[1.728s] -- Up-to-date symlink: /home/fahad/bumperbot_ws/install/bumperbot_msgs/include/bumperbot_msgs/bumperbot_msgs/srv/add_two_ints.hpp
[1.728s] -- Up-to-date symlink: /home/fahad/bumperbot_ws/install/bumperbot_msgs/include/bumperbot_msgs/bumperbot_msgs/srv/detail/add_two_ints__builder.hpp
[1.729s] -- Up-to-date symlink: /home/fahad/bumperbot_ws/install/bumperbot_msgs/include/bumperbot_msgs/bumperbot_msgs/srv/detail/add_two_ints__struct.hpp
[1.729s] -- Up-to-date symlink: /home/fahad/bumperbot_ws/install/bumperbot_msgs/include/bumperbot_msgs/bumperbot_msgs/srv/detail/add_two_ints__traits.hpp
[1.729s] -- Up-to-date symlink: /home/fahad/bumperbot_ws/install/bumperbot_msgs/include/bumperbot_msgs/bumperbot_msgs/srv/detail/add_two_ints__type_support.hpp
[1.729s] -- Up-to-date symlink: /home/fahad/bumperbot_ws/install/bumperbot_msgs/include/bumperbot_msgs/bumperbot_msgs/srv/detail/get_transform__builder.hpp
[1.730s] -- Up-to-date symlink: /home/fahad/bumperbot_ws/install/bumperbot_msgs/include/bumperbot_msgs/bumperbot_msgs/srv/detail/get_transform__struct.hpp
[1.732s] -- Up-to-date symlink: /home/fahad/bumperbot_ws/install/bumperbot_msgs/include/bumperbot_msgs/bumperbot_msgs/srv/detail/get_transform__traits.hpp
[1.732s] -- Up-to-date symlink: /home/fahad/bumperbot_ws/install/bumperbot_msgs/include/bumperbot_msgs/bumperbot_msgs/srv/detail/get_transform__type_support.hpp
[1.732s] -- Up-to-date symlink: /home/fahad/bumperbot_ws/install/bumperbot_msgs/include/bumperbot_msgs/bumperbot_msgs/srv/get_transform.hpp
[1.732s] -- Up-to-date symlink: /home/fahad/bumperbot_ws/install/bumperbot_msgs/include/bumperbot_msgs/bumperbot_msgs/action/detail/fibonacci__rosidl_typesupport_fastrtps_cpp.hpp
[1.732s] -- Up-to-date symlink: /home/fahad/bumperbot_ws/install/bumperbot_msgs/include/bumperbot_msgs/bumperbot_msgs/msg/rosidl_typesupport_fastrtps_cpp__visibility_control.h
[1.733s] -- Up-to-date symlink: /home/fahad/bumperbot_ws/install/bumperbot_msgs/include/bumperbot_msgs/bumperbot_msgs/srv/detail/add_two_ints__rosidl_typesupport_fastrtps_cpp.hpp
[1.733s] -- Up-to-date symlink: /home/fahad/bumperbot_ws/install/bumperbot_msgs/include/bumperbot_msgs/bumperbot_msgs/srv/detail/get_transform__rosidl_typesupport_fastrtps_cpp.hpp
[1.733s] -- Up-to-date symlink: /home/fahad/bumperbot_ws/install/bumperbot_msgs/include/bumperbot_msgs/bumperbot_msgs/action/detail/fibonacci__rosidl_typesupport_introspection_c.h
[1.734s] -- Up-to-date symlink: /home/fahad/bumperbot_ws/install/bumperbot_msgs/include/bumperbot_msgs/bumperbot_msgs/msg/rosidl_typesupport_introspection_c__visibility_control.h
[1.735s] -- Up-to-date symlink: /home/fahad/bumperbot_ws/install/bumperbot_msgs/include/bumperbot_msgs/bumperbot_msgs/srv/detail/add_two_ints__rosidl_typesupport_introspection_c.h
[1.735s] -- Up-to-date symlink: /home/fahad/bumperbot_ws/install/bumperbot_msgs/include/bumperbot_msgs/bumperbot_msgs/srv/detail/get_transform__rosidl_typesupport_introspection_c.h
[1.735s] -- Up-to-date symlink: /home/fahad/bumperbot_ws/install/bumperbot_msgs/include/bumperbot_msgs/bumperbot_msgs/action/detail/fibonacci__rosidl_typesupport_introspection_cpp.hpp
[1.735s] -- Up-to-date symlink: /home/fahad/bumperbot_ws/install/bumperbot_msgs/include/bumperbot_msgs/bumperbot_msgs/srv/detail/add_two_ints__rosidl_typesupport_introspection_cpp.hpp
[1.736s] -- Up-to-date symlink: /home/fahad/bumperbot_ws/install/bumperbot_msgs/include/bumperbot_msgs/bumperbot_msgs/srv/detail/get_transform__rosidl_typesupport_introspection_cpp.hpp
[1.736s] -- Up-to-date symlink: /home/fahad/bumperbot_ws/install/bumperbot_msgs/share/bumperbot_msgs/environment/pythonpath.sh
[1.736s] -- Up-to-date symlink: /home/fahad/bumperbot_ws/install/bumperbot_msgs/share/bumperbot_msgs/environment/pythonpath.dsv
[1.736s] -- Up-to-date symlink: /home/fahad/bumperbot_ws/install/bumperbot_msgs/lib/python3.12/site-packages/bumperbot_msgs-0.0.0-py3.12.egg-info/PKG-INFO
[1.737s] -- Up-to-date symlink: /home/fahad/bumperbot_ws/install/bumperbot_msgs/lib/python3.12/site-packages/bumperbot_msgs-0.0.0-py3.12.egg-info/SOURCES.txt
[1.737s] -- Up-to-date symlink: /home/fahad/bumperbot_ws/install/bumperbot_msgs/lib/python3.12/site-packages/bumperbot_msgs-0.0.0-py3.12.egg-info/dependency_links.txt
[1.737s] -- Up-to-date symlink: /home/fahad/bumperbot_ws/install/bumperbot_msgs/lib/python3.12/site-packages/bumperbot_msgs-0.0.0-py3.12.egg-info/top_level.txt
[1.737s] -- Up-to-date symlink: /home/fahad/bumperbot_ws/install/bumperbot_msgs/lib/python3.12/site-packages/bumperbot_msgs/__init__.py
[1.738s] -- Up-to-date symlink: /home/fahad/bumperbot_ws/install/bumperbot_msgs/lib/python3.12/site-packages/bumperbot_msgs/_bumperbot_msgs_s.ep.rosidl_typesupport_c.c
[1.738s] -- Up-to-date symlink: /home/fahad/bumperbot_ws/install/bumperbot_msgs/lib/python3.12/site-packages/bumperbot_msgs/_bumperbot_msgs_s.ep.rosidl_typesupport_fastrtps_c.c
[1.738s] -- Up-to-date symlink: /home/fahad/bumperbot_ws/install/bumperbot_msgs/lib/python3.12/site-packages/bumperbot_msgs/_bumperbot_msgs_s.ep.rosidl_typesupport_introspection_c.c
[1.738s] -- Up-to-date symlink: /home/fahad/bumperbot_ws/install/bumperbot_msgs/lib/python3.12/site-packages/bumperbot_msgs/action/__init__.py
[1.738s] -- Up-to-date symlink: /home/fahad/bumperbot_ws/install/bumperbot_msgs/lib/python3.12/site-packages/bumperbot_msgs/action/_fibonacci.py
[1.738s] -- Up-to-date symlink: /home/fahad/bumperbot_ws/install/bumperbot_msgs/lib/python3.12/site-packages/bumperbot_msgs/action/_fibonacci_s.c
[1.739s] -- Up-to-date symlink: /home/fahad/bumperbot_ws/install/bumperbot_msgs/lib/python3.12/site-packages/bumperbot_msgs/bumperbot_msgs_s__rosidl_typesupport_c.so
[1.739s] -- Up-to-date symlink: /home/fahad/bumperbot_ws/install/bumperbot_msgs/lib/python3.12/site-packages/bumperbot_msgs/bumperbot_msgs_s__rosidl_typesupport_fastrtps_c.so
[1.739s] -- Up-to-date symlink: /home/fahad/bumperbot_ws/install/bumperbot_msgs/lib/python3.12/site-packages/bumperbot_msgs/bumperbot_msgs_s__rosidl_typesupport_introspection_c.so
[1.739s] -- Up-to-date symlink: /home/fahad/bumperbot_ws/install/bumperbot_msgs/lib/python3.12/site-packages/bumperbot_msgs/srv/__init__.py
[1.739s] -- Up-to-date symlink: /home/fahad/bumperbot_ws/install/bumperbot_msgs/lib/python3.12/site-packages/bumperbot_msgs/srv/_add_two_ints.py
[1.739s] -- Up-to-date symlink: /home/fahad/bumperbot_ws/install/bumperbot_msgs/lib/python3.12/site-packages/bumperbot_msgs/srv/_add_two_ints_s.c
[1.740s] -- Up-to-date symlink: /home/fahad/bumperbot_ws/install/bumperbot_msgs/lib/python3.12/site-packages/bumperbot_msgs/srv/_get_transform.py
[1.740s] -- Up-to-date symlink: /home/fahad/bumperbot_ws/install/bumperbot_msgs/lib/python3.12/site-packages/bumperbot_msgs/srv/_get_transform_s.c
[1.740s] -- Up-to-date symlink: /home/fahad/bumperbot_ws/install/bumperbot_msgs/lib/python3.12/site-packages/bumperbot_msgs/bumperbot_msgs_s__rosidl_typesupport_fastrtps_c.so
[1.740s] -- Up-to-date symlink: /home/fahad/bumperbot_ws/install/bumperbot_msgs/lib/python3.12/site-packages/bumperbot_msgs/bumperbot_msgs_s__rosidl_typesupport_introspection_c.so
[1.740s] -- Up-to-date symlink: /home/fahad/bumperbot_ws/install/bumperbot_msgs/lib/python3.12/site-packages/bumperbot_msgs/bumperbot_msgs_s__rosidl_typesupport_c.so
[1.741s] -- Up-to-date symlink: /home/fahad/bumperbot_ws/install/bumperbot_msgs/share/bumperbot_msgs/action/Fibonacci.idl
[1.741s] -- Up-to-date symlink: /home/fahad/bumperbot_ws/install/bumperbot_msgs/share/bumperbot_msgs/srv/AddTwoInts.idl
[1.741s] -- Up-to-date symlink: /home/fahad/bumperbot_ws/install/bumperbot_msgs/share/bumperbot_msgs/srv/GetTransform.idl
[1.741s] -- Up-to-date symlink: /home/fahad/bumperbot_ws/install/bumperbot_msgs/share/bumperbot_msgs/action/Fibonacci.action
[1.741s] -- Up-to-date symlink: /home/fahad/bumperbot_ws/install/bumperbot_msgs/share/bumperbot_msgs/srv/AddTwoInts.srv
[1.741s] -- Up-to-date symlink: /home/fahad/bumperbot_ws/install/bumperbot_msgs/share/bumperbot_msgs/srv/GetTransform.srv
[1.741s] -- Up-to-date symlink: /home/fahad/bumperbot_ws/install/bumperbot_msgs/share/ament_index/resource_index/package_run_dependencies/bumperbot_msgs
[1.742s] -- Up-to-date symlink: /home/fahad/bumperbot_ws/install/bumperbot_msgs/share/ament_index/resource_index/parent_prefix_path/bumperbot_msgs
[1.742s] -- Up-to-date symlink: /home/fahad/bumperbot_ws/install/bumperbot_msgs/share/bumperbot_msgs/environment/ament_prefix_path.sh
[1.742s] -- Up-to-date symlink: /home/fahad/bumperbot_ws/install/bumperbot_msgs/share/bumperbot_msgs/environment/ament_prefix_path.dsv
[1.742s] -- Up-to-date symlink: /home/fahad/bumperbot_ws/install/bumperbot_msgs/share/bumperbot_msgs/environment/path.sh
[1.742s] -- Up-to-date symlink: /home/fahad/bumperbot_ws/install/bumperbot_msgs/share/bumperbot_msgs/environment/path.dsv
[1.742s] -- Up-to-date symlink: /home/fahad/bumperbot_ws/install/bumperbot_msgs/share/bumperbot_msgs/local_setup.bash
[1.743s] -- Up-to-date symlink: /home/fahad/bumperbot_ws/install/bumperbot_msgs/share/bumperbot_msgs/local_setup.sh
[1.743s] -- Up-to-date symlink: /home/fahad/bumperbot_ws/install/bumperbot_msgs/share/bumperbot_msgs/local_setup.zsh
[1.743s] -- Up-to-date symlink: /home/fahad/bumperbot_ws/install/bumperbot_msgs/share/bumperbot_msgs/local_setup.dsv
[1.743s] -- Symlinking: /home/fahad/bumperbot_ws/install/bumperbot_msgs/share/bumperbot_msgs/package.dsv
[1.743s] -- Up-to-date symlink: /home/fahad/bumperbot_ws/install/bumperbot_msgs/share/ament_index/resource_index/packages/bumperbot_msgs
[1.744s] -- Up-to-date symlink: /home/fahad/bumperbot_ws/install/bumperbot_msgs/share/bumperbot_msgs/cmake/rosidl_cmake-extras.cmake
[1.744s] -- Up-to-date symlink: /home/fahad/bumperbot_ws/install/bumperbot_msgs/share/bumperbot_msgs/cmake/ament_cmake_export_dependencies-extras.cmake
[1.744s] -- Up-to-date symlink: /home/fahad/bumperbot_ws/install/bumperbot_msgs/share/bumperbot_msgs/cmake/ament_cmake_export_include_directories-extras.cmake
[1.744s] -- Up-to-date symlink: /home/fahad/bumperbot_ws/install/bumperbot_msgs/share/bumperbot_msgs/cmake/ament_cmake_export_libraries-extras.cmake
[1.780s] -- Up-to-date symlink: /home/fahad/bumperbot_ws/install/bumperbot_msgs/share/bumperbot_msgs/cmake/ament_cmake_export_targets-extras.cmake
[1.781s] -- Up-to-date symlink: /home/fahad/bumperbot_ws/install/bumperbot_msgs/share/bumperbot_msgs/cmake/rosidl_cmake_export_typesupport_targets-extras.cmake
[1.781s] -- Up-to-date symlink: /home/fahad/bumperbot_ws/install/bumperbot_msgs/share/bumperbot_msgs/cmake/rosidl_cmake_export_typesupport_libraries-extras.cmake
[1.781s] -- Up-to-date symlink: /home/fahad/bumperbot_ws/install/bumperbot_msgs/share/bumperbot_msgs/cmake/bumperbot_msgsConfig.cmake
[1.782s] -- Up-to-date symlink: /home/fahad/bumperbot_ws/install/bumperbot_msgs/share/bumperbot_msgs/cmake/bumperbot_msgsConfig-version.cmake
[1.782s] -- Up-to-date symlink: /home/fahad/bumperbot_ws/install/bumperbot_msgs/share/bumperbot_msgs/package.xml
[1.784s] -- Up-to-date: /home/fahad/bumperbot_ws/install/bumperbot_msgs/lib/libbumperbot_msgs__rosidl_generator_c.so
[1.785s] -- Up-to-date: /home/fahad/bumperbot_ws/install/bumperbot_msgs/lib/libbumperbot_msgs__rosidl_typesupport_fastrtps_c.so
[1.790s] -- Up-to-date: /home/fahad/bumperbot_ws/install/bumperbot_msgs/lib/libbumperbot_msgs__rosidl_typesupport_fastrtps_cpp.so
[1.791s] -- Up-to-date: /home/fahad/bumperbot_ws/install/bumperbot_msgs/lib/libbumperbot_msgs__rosidl_typesupport_introspection_c.so
[1.793s] -- Up-to-date: /home/fahad/bumperbot_ws/install/bumperbot_msgs/lib/libbumperbot_msgs__rosidl_typesupport_c.so
[1.795s] -- Up-to-date: /home/fahad/bumperbot_ws/install/bumperbot_msgs/lib/libbumperbot_msgs__rosidl_typesupport_introspection_cpp.so
[1.797s] -- Up-to-date: /home/fahad/bumperbot_ws/install/bumperbot_msgs/lib/libbumperbot_msgs__rosidl_typesupport_cpp.so
[1.825s] Listing '/home/fahad/bumperbot_ws/install/bumperbot_msgs/lib/python3.12/site-packages/bumperbot_msgs'...
[1.826s] Listing '/home/fahad/bumperbot_ws/install/bumperbot_msgs/lib/python3.12/site-packages/bumperbot_msgs/action'...
[1.826s] Listing '/home/fahad/bumperbot_ws/install/bumperbot_msgs/lib/python3.12/site-packages/bumperbot_msgs/srv'...
[1.827s] -- Up-to-date: /home/fahad/bumperbot_ws/install/bumperbot_msgs/lib/libbumperbot_msgs__rosidl_generator_py.so
[1.827s] -- Up-to-date: /home/fahad/bumperbot_ws/install/bumperbot_msgs/share/bumperbot_msgs/cmake/export_bumperbot_msgs__rosidl_generator_cExport.cmake
[1.827s] -- Up-to-date: /home/fahad/bumperbot_ws/install/bumperbot_msgs/share/bumperbot_msgs/cmake/export_bumperbot_msgs__rosidl_generator_cExport-noconfig.cmake
[1.828s] -- Up-to-date: /home/fahad/bumperbot_ws/install/bumperbot_msgs/share/bumperbot_msgs/cmake/export_bumperbot_msgs__rosidl_typesupport_fastrtps_cExport.cmake
[1.828s] -- Up-to-date: /home/fahad/bumperbot_ws/install/bumperbot_msgs/share/bumperbot_msgs/cmake/export_bumperbot_msgs__rosidl_typesupport_fastrtps_cExport-noconfig.cmake
[1.829s] -- Up-to-date: /home/fahad/bumperbot_ws/install/bumperbot_msgs/share/bumperbot_msgs/cmake/export_bumperbot_msgs__rosidl_generator_cppExport.cmake
[1.829s] -- Up-to-date: /home/fahad/bumperbot_ws/install/bumperbot_msgs/share/bumperbot_msgs/cmake/export_bumperbot_msgs__rosidl_typesupport_fastrtps_cppExport.cmake
[1.829s] -- Up-to-date: /home/fahad/bumperbot_ws/install/bumperbot_msgs/share/bumperbot_msgs/cmake/export_bumperbot_msgs__rosidl_typesupport_fastrtps_cppExport-noconfig.cmake
[1.830s] -- Up-to-date: /home/fahad/bumperbot_ws/install/bumperbot_msgs/share/bumperbot_msgs/cmake/bumperbot_msgs__rosidl_typesupport_introspection_cExport.cmake
[1.830s] -- Up-to-date: /home/fahad/bumperbot_ws/install/bumperbot_msgs/share/bumperbot_msgs/cmake/bumperbot_msgs__rosidl_typesupport_introspection_cExport-noconfig.cmake
[1.831s] -- Up-to-date: /home/fahad/bumperbot_ws/install/bumperbot_msgs/share/bumperbot_msgs/cmake/bumperbot_msgs__rosidl_typesupport_cExport.cmake
[1.832s] -- Up-to-date: /home/fahad/bumperbot_ws/install/bumperbot_msgs/share/bumperbot_msgs/cmake/bumperbot_msgs__rosidl_typesupport_cExport-noconfig.cmake
[1.832s] -- Up-to-date: /home/fahad/bumperbot_ws/install/bumperbot_msgs/share/bumperbot_msgs/cmake/bumperbot_msgs__rosidl_typesupport_introspection_cppExport.cmake
[1.832s] -- Up-to-date: /home/fahad/bumperbot_ws/install/bumperbot_msgs/share/bumperbot_msgs/cmake/bumperbot_msgs__rosidl_typesupport_introspection_cppExport-noconfig.cmake
[1.833s] -- Up-to-date: /home/fahad/bumperbot_ws/install/bumperbot_msgs/share/bumperbot_msgs/cmake/bumperbot_msgs__rosidl_typesupport_cppExport.cmake
[1.833s] -- Up-to-date: /home/fahad/bumperbot_ws/install/bumperbot_msgs/share/bumperbot_msgs/cmake/bumperbot_msgs__rosidl_typesupport_cppExport-noconfig.cmake
[1.833s] -- Up-to-date: /home/fahad/bumperbot_ws/install/bumperbot_msgs/share/bumperbot_msgs/cmake/export_bumperbot_msgs__rosidl_generator_pyExport.cmake
[1.834s] -- Up-to-date: /home/fahad/bumperbot_ws/install/bumperbot_msgs/share/bumperbot_msgs/cmake/export_bumperbot_msgs__rosidl_generator_pyExport-noconfig.cmake
[1.861s] Invoked command in '/home/fahad/bumperbot_ws/build/bumperbot_msgs' returned '0': CMAKE_PREFIX_PATH=${CMAKE_PREFIX_PATH}:/home/fahad/bumperbot_ws/install/room_grid_navigator:/home/fahad/bumperbot_ws/install/bumperbot_py_examples:/opt/ros/jazzy DEBUGINFOD_URLS=https://debuginfod.ubuntu.com /usr/bin/cmake --install /home/fahad/bumperbot_ws/build/bumperbot_msgs
