[0.623s] DEBUG:colcon:Command line arguments: ['/usr/bin/colcon', 'build', '--packages-select', 'room_grid_navigator']
[0.623s] DEBUG:colcon:Parsed command line arguments: Namespace(log_base=None, log_level=None, verb_name='build', build_base='build', install_base='install', merge_install=False, symlink_install=False, test_result_base=None, continue_on_error=False, executor='parallel', parallel_workers=8, event_handlers=None, ignore_user_meta=False, metas=['./colcon.meta'], base_paths=['.'], packages_ignore=None, packages_ignore_regex=None, paths=None, packages_up_to=None, packages_up_to_regex=None, packages_above=None, packages_above_and_dependencies=None, packages_above_depth=None, packages_select_by_dep=None, packages_skip_by_dep=None, packages_skip_up_to=None, packages_select_build_failed=False, packages_skip_build_finished=False, packages_select_test_failures=False, packages_skip_test_passed=False, packages_select=['room_grid_navigator'], packages_skip=None, packages_select_regex=None, packages_skip_regex=None, packages_start=None, packages_end=None, allow_overriding=[], cmake_args=None, cmake_target=None, cmake_target_skip_unavailable=False, cmake_clean_cache=False, cmake_clean_first=False, cmake_force_configure=False, ament_cmake_args=None, catkin_cmake_args=None, catkin_skip_building_tests=False, mixin_files=None, mixin=None, verb_parser=<colcon_mixin.mixin.mixin_argument.MixinArgumentDecorator object at 0x71961f3a1df0>, verb_extension=<colcon_core.verb.build.BuildVerb object at 0x71961f4b6360>, main=<bound method BuildVerb.main of <colcon_core.verb.build.BuildVerb object at 0x71961f4b6360>>, mixin_verb=('build',))
[0.805s] Level 1:colcon.colcon_core.package_discovery:discover_packages(colcon_meta) check parameters
[0.805s] Level 1:colcon.colcon_core.package_discovery:discover_packages(recursive) check parameters
[0.805s] Level 1:colcon.colcon_core.package_discovery:discover_packages(ignore) check parameters
[0.805s] Level 1:colcon.colcon_core.package_discovery:discover_packages(path) check parameters
[0.805s] Level 1:colcon.colcon_core.package_discovery:discover_packages(colcon_meta) discover
[0.805s] Level 1:colcon.colcon_core.package_discovery:discover_packages(recursive) discover
[0.806s] INFO:colcon.colcon_core.package_discovery:Crawling recursively for packages in '/home/fahad/bumperbot_ws/src'
[0.806s] Level 1:colcon.colcon_core.package_identification:_identify(.) by extensions ['ignore', 'ignore_ament_install']
[0.806s] Level 1:colcon.colcon_core.package_identification:_identify(.) by extension 'ignore'
[0.806s] Level 1:colcon.colcon_core.package_identification:_identify(.) by extension 'ignore_ament_install'
[0.806s] Level 1:colcon.colcon_core.package_identification:_identify(.) by extensions ['colcon_pkg']
[0.807s] Level 1:colcon.colcon_core.package_identification:_identify(.) by extension 'colcon_pkg'
[0.807s] Level 1:colcon.colcon_core.package_identification:_identify(.) by extensions ['colcon_meta']
[0.807s] Level 1:colcon.colcon_core.package_identification:_identify(.) by extension 'colcon_meta'
[0.807s] Level 1:colcon.colcon_core.package_identification:_identify(.) by extensions ['ros']
[0.807s] Level 1:colcon.colcon_core.package_identification:_identify(.) by extension 'ros'
[0.963s] Level 1:colcon.colcon_core.package_identification:_identify(.) by extensions ['cmake', 'python']
[0.963s] Level 1:colcon.colcon_core.package_identification:_identify(.) by extension 'cmake'
[0.963s] Level 1:colcon.colcon_core.package_identification:_identify(.) by extension 'python'
[0.963s] Level 1:colcon.colcon_core.package_identification:_identify(.) by extensions ['python_setup_py']
[0.963s] Level 1:colcon.colcon_core.package_identification:_identify(.) by extension 'python_setup_py'
[0.964s] Level 1:colcon.colcon_core.package_identification:_identify(build) by extensions ['ignore', 'ignore_ament_install']
[0.964s] Level 1:colcon.colcon_core.package_identification:_identify(build) by extension 'ignore'
[0.964s] Level 1:colcon.colcon_core.package_identification:_identify(build) ignored
[0.965s] Level 1:colcon.colcon_core.package_identification:_identify(bumperbot_bringup) by extensions ['ignore', 'ignore_ament_install']
[0.965s] Level 1:colcon.colcon_core.package_identification:_identify(bumperbot_bringup) by extension 'ignore'
[0.965s] Level 1:colcon.colcon_core.package_identification:_identify(bumperbot_bringup) by extension 'ignore_ament_install'
[0.965s] Level 1:colcon.colcon_core.package_identification:_identify(bumperbot_bringup) by extensions ['colcon_pkg']
[0.966s] Level 1:colcon.colcon_core.package_identification:_identify(bumperbot_bringup) by extension 'colcon_pkg'
[0.966s] Level 1:colcon.colcon_core.package_identification:_identify(bumperbot_bringup) by extensions ['colcon_meta']
[0.966s] Level 1:colcon.colcon_core.package_identification:_identify(bumperbot_bringup) by extension 'colcon_meta'
[0.966s] Level 1:colcon.colcon_core.package_identification:_identify(bumperbot_bringup) by extensions ['ros']
[0.966s] Level 1:colcon.colcon_core.package_identification:_identify(bumperbot_bringup) by extension 'ros'
[0.983s] DEBUG:colcon.colcon_core.package_identification:Package 'bumperbot_bringup' with type 'ros.ament_cmake' and name 'bumperbot_bringup'
[0.984s] Level 1:colcon.colcon_core.package_identification:_identify(bumperbot_controller) by extensions ['ignore', 'ignore_ament_install']
[0.984s] Level 1:colcon.colcon_core.package_identification:_identify(bumperbot_controller) by extension 'ignore'
[0.985s] Level 1:colcon.colcon_core.package_identification:_identify(bumperbot_controller) by extension 'ignore_ament_install'
[0.985s] Level 1:colcon.colcon_core.package_identification:_identify(bumperbot_controller) by extensions ['colcon_pkg']
[0.985s] Level 1:colcon.colcon_core.package_identification:_identify(bumperbot_controller) by extension 'colcon_pkg'
[0.985s] Level 1:colcon.colcon_core.package_identification:_identify(bumperbot_controller) by extensions ['colcon_meta']
[0.987s] Level 1:colcon.colcon_core.package_identification:_identify(bumperbot_controller) by extension 'colcon_meta'
[0.988s] Level 1:colcon.colcon_core.package_identification:_identify(bumperbot_controller) by extensions ['ros']
[0.989s] Level 1:colcon.colcon_core.package_identification:_identify(bumperbot_controller) by extension 'ros'
[1.000s] DEBUG:colcon.colcon_core.package_identification:Package 'bumperbot_controller' with type 'ros.ament_cmake' and name 'bumperbot_controller'
[1.000s] Level 1:colcon.colcon_core.package_identification:_identify(bumperbot_cpp_examples) by extensions ['ignore', 'ignore_ament_install']
[1.001s] Level 1:colcon.colcon_core.package_identification:_identify(bumperbot_cpp_examples) by extension 'ignore'
[1.002s] Level 1:colcon.colcon_core.package_identification:_identify(bumperbot_cpp_examples) by extension 'ignore_ament_install'
[1.003s] Level 1:colcon.colcon_core.package_identification:_identify(bumperbot_cpp_examples) by extensions ['colcon_pkg']
[1.003s] Level 1:colcon.colcon_core.package_identification:_identify(bumperbot_cpp_examples) by extension 'colcon_pkg'
[1.003s] Level 1:colcon.colcon_core.package_identification:_identify(bumperbot_cpp_examples) by extensions ['colcon_meta']
[1.003s] Level 1:colcon.colcon_core.package_identification:_identify(bumperbot_cpp_examples) by extension 'colcon_meta'
[1.004s] Level 1:colcon.colcon_core.package_identification:_identify(bumperbot_cpp_examples) by extensions ['ros']
[1.004s] Level 1:colcon.colcon_core.package_identification:_identify(bumperbot_cpp_examples) by extension 'ros'
[1.009s] DEBUG:colcon.colcon_core.package_identification:Package 'bumperbot_cpp_examples' with type 'ros.ament_cmake' and name 'bumperbot_cpp_examples'
[1.011s] Level 1:colcon.colcon_core.package_identification:_identify(bumperbot_description) by extensions ['ignore', 'ignore_ament_install']
[1.012s] Level 1:colcon.colcon_core.package_identification:_identify(bumperbot_description) by extension 'ignore'
[1.012s] Level 1:colcon.colcon_core.package_identification:_identify(bumperbot_description) by extension 'ignore_ament_install'
[1.012s] Level 1:colcon.colcon_core.package_identification:_identify(bumperbot_description) by extensions ['colcon_pkg']
[1.012s] Level 1:colcon.colcon_core.package_identification:_identify(bumperbot_description) by extension 'colcon_pkg'
[1.013s] Level 1:colcon.colcon_core.package_identification:_identify(bumperbot_description) by extensions ['colcon_meta']
[1.013s] Level 1:colcon.colcon_core.package_identification:_identify(bumperbot_description) by extension 'colcon_meta'
[1.013s] Level 1:colcon.colcon_core.package_identification:_identify(bumperbot_description) by extensions ['ros']
[1.013s] Level 1:colcon.colcon_core.package_identification:_identify(bumperbot_description) by extension 'ros'
[1.024s] DEBUG:colcon.colcon_core.package_identification:Package 'bumperbot_description' with type 'ros.ament_cmake' and name 'bumperbot_description'
[1.025s] Level 1:colcon.colcon_core.package_identification:_identify(bumperbot_firmware) by extensions ['ignore', 'ignore_ament_install']
[1.025s] Level 1:colcon.colcon_core.package_identification:_identify(bumperbot_firmware) by extension 'ignore'
[1.025s] Level 1:colcon.colcon_core.package_identification:_identify(bumperbot_firmware) by extension 'ignore_ament_install'
[1.025s] Level 1:colcon.colcon_core.package_identification:_identify(bumperbot_firmware) by extensions ['colcon_pkg']
[1.026s] Level 1:colcon.colcon_core.package_identification:_identify(bumperbot_firmware) by extension 'colcon_pkg'
[1.026s] Level 1:colcon.colcon_core.package_identification:_identify(bumperbot_firmware) by extensions ['colcon_meta']
[1.026s] Level 1:colcon.colcon_core.package_identification:_identify(bumperbot_firmware) by extension 'colcon_meta'
[1.026s] Level 1:colcon.colcon_core.package_identification:_identify(bumperbot_firmware) by extensions ['ros']
[1.026s] Level 1:colcon.colcon_core.package_identification:_identify(bumperbot_firmware) by extension 'ros'
[1.031s] DEBUG:colcon.colcon_core.package_identification:Package 'bumperbot_firmware' with type 'ros.ament_cmake' and name 'bumperbot_firmware'
[1.032s] Level 1:colcon.colcon_core.package_identification:_identify(bumperbot_localization) by extensions ['ignore', 'ignore_ament_install']
[1.032s] Level 1:colcon.colcon_core.package_identification:_identify(bumperbot_localization) by extension 'ignore'
[1.033s] Level 1:colcon.colcon_core.package_identification:_identify(bumperbot_localization) by extension 'ignore_ament_install'
[1.034s] Level 1:colcon.colcon_core.package_identification:_identify(bumperbot_localization) by extensions ['colcon_pkg']
[1.034s] Level 1:colcon.colcon_core.package_identification:_identify(bumperbot_localization) by extension 'colcon_pkg'
[1.034s] Level 1:colcon.colcon_core.package_identification:_identify(bumperbot_localization) by extensions ['colcon_meta']
[1.034s] Level 1:colcon.colcon_core.package_identification:_identify(bumperbot_localization) by extension 'colcon_meta'
[1.034s] Level 1:colcon.colcon_core.package_identification:_identify(bumperbot_localization) by extensions ['ros']
[1.034s] Level 1:colcon.colcon_core.package_identification:_identify(bumperbot_localization) by extension 'ros'
[1.038s] DEBUG:colcon.colcon_core.package_identification:Package 'bumperbot_localization' with type 'ros.ament_cmake' and name 'bumperbot_localization'
[1.039s] Level 1:colcon.colcon_core.package_identification:_identify(bumperbot_mapping) by extensions ['ignore', 'ignore_ament_install']
[1.040s] Level 1:colcon.colcon_core.package_identification:_identify(bumperbot_mapping) by extension 'ignore'
[1.040s] Level 1:colcon.colcon_core.package_identification:_identify(bumperbot_mapping) by extension 'ignore_ament_install'
[1.040s] Level 1:colcon.colcon_core.package_identification:_identify(bumperbot_mapping) by extensions ['colcon_pkg']
[1.040s] Level 1:colcon.colcon_core.package_identification:_identify(bumperbot_mapping) by extension 'colcon_pkg'
[1.041s] Level 1:colcon.colcon_core.package_identification:_identify(bumperbot_mapping) by extensions ['colcon_meta']
[1.041s] Level 1:colcon.colcon_core.package_identification:_identify(bumperbot_mapping) by extension 'colcon_meta'
[1.041s] Level 1:colcon.colcon_core.package_identification:_identify(bumperbot_mapping) by extensions ['ros']
[1.041s] Level 1:colcon.colcon_core.package_identification:_identify(bumperbot_mapping) by extension 'ros'
[1.044s] DEBUG:colcon.colcon_core.package_identification:Package 'bumperbot_mapping' with type 'ros.ament_cmake' and name 'bumperbot_mapping'
[1.044s] Level 1:colcon.colcon_core.package_identification:_identify(bumperbot_motion) by extensions ['ignore', 'ignore_ament_install']
[1.044s] Level 1:colcon.colcon_core.package_identification:_identify(bumperbot_motion) by extension 'ignore'
[1.044s] Level 1:colcon.colcon_core.package_identification:_identify(bumperbot_motion) by extension 'ignore_ament_install'
[1.045s] Level 1:colcon.colcon_core.package_identification:_identify(bumperbot_motion) by extensions ['colcon_pkg']
[1.045s] Level 1:colcon.colcon_core.package_identification:_identify(bumperbot_motion) by extension 'colcon_pkg'
[1.045s] Level 1:colcon.colcon_core.package_identification:_identify(bumperbot_motion) by extensions ['colcon_meta']
[1.045s] Level 1:colcon.colcon_core.package_identification:_identify(bumperbot_motion) by extension 'colcon_meta'
[1.046s] Level 1:colcon.colcon_core.package_identification:_identify(bumperbot_motion) by extensions ['ros']
[1.046s] Level 1:colcon.colcon_core.package_identification:_identify(bumperbot_motion) by extension 'ros'
[1.053s] DEBUG:colcon.colcon_core.package_identification:Package 'bumperbot_motion' with type 'ros.ament_cmake' and name 'bumperbot_motion'
[1.053s] Level 1:colcon.colcon_core.package_identification:_identify(bumperbot_msgs) by extensions ['ignore', 'ignore_ament_install']
[1.053s] Level 1:colcon.colcon_core.package_identification:_identify(bumperbot_msgs) by extension 'ignore'
[1.053s] Level 1:colcon.colcon_core.package_identification:_identify(bumperbot_msgs) by extension 'ignore_ament_install'
[1.054s] Level 1:colcon.colcon_core.package_identification:_identify(bumperbot_msgs) by extensions ['colcon_pkg']
[1.054s] Level 1:colcon.colcon_core.package_identification:_identify(bumperbot_msgs) by extension 'colcon_pkg'
[1.054s] Level 1:colcon.colcon_core.package_identification:_identify(bumperbot_msgs) by extensions ['colcon_meta']
[1.054s] Level 1:colcon.colcon_core.package_identification:_identify(bumperbot_msgs) by extension 'colcon_meta'
[1.054s] Level 1:colcon.colcon_core.package_identification:_identify(bumperbot_msgs) by extensions ['ros']
[1.054s] Level 1:colcon.colcon_core.package_identification:_identify(bumperbot_msgs) by extension 'ros'
[1.064s] DEBUG:colcon.colcon_core.package_identification:Package 'bumperbot_msgs' with type 'ros.ament_cmake' and name 'bumperbot_msgs'
[1.065s] Level 1:colcon.colcon_core.package_identification:_identify(bumperbot_navigation) by extensions ['ignore', 'ignore_ament_install']
[1.065s] Level 1:colcon.colcon_core.package_identification:_identify(bumperbot_navigation) by extension 'ignore'
[1.066s] Level 1:colcon.colcon_core.package_identification:_identify(bumperbot_navigation) by extension 'ignore_ament_install'
[1.066s] Level 1:colcon.colcon_core.package_identification:_identify(bumperbot_navigation) by extensions ['colcon_pkg']
[1.066s] Level 1:colcon.colcon_core.package_identification:_identify(bumperbot_navigation) by extension 'colcon_pkg'
[1.066s] Level 1:colcon.colcon_core.package_identification:_identify(bumperbot_navigation) by extensions ['colcon_meta']
[1.066s] Level 1:colcon.colcon_core.package_identification:_identify(bumperbot_navigation) by extension 'colcon_meta'
[1.066s] Level 1:colcon.colcon_core.package_identification:_identify(bumperbot_navigation) by extensions ['ros']
[1.066s] Level 1:colcon.colcon_core.package_identification:_identify(bumperbot_navigation) by extension 'ros'
[1.069s] DEBUG:colcon.colcon_core.package_identification:Package 'bumperbot_navigation' with type 'ros.ament_cmake' and name 'bumperbot_navigation'
[1.069s] Level 1:colcon.colcon_core.package_identification:_identify(bumperbot_planning) by extensions ['ignore', 'ignore_ament_install']
[1.070s] Level 1:colcon.colcon_core.package_identification:_identify(bumperbot_planning) by extension 'ignore'
[1.070s] Level 1:colcon.colcon_core.package_identification:_identify(bumperbot_planning) by extension 'ignore_ament_install'
[1.070s] Level 1:colcon.colcon_core.package_identification:_identify(bumperbot_planning) by extensions ['colcon_pkg']
[1.070s] Level 1:colcon.colcon_core.package_identification:_identify(bumperbot_planning) by extension 'colcon_pkg'
[1.070s] Level 1:colcon.colcon_core.package_identification:_identify(bumperbot_planning) by extensions ['colcon_meta']
[1.070s] Level 1:colcon.colcon_core.package_identification:_identify(bumperbot_planning) by extension 'colcon_meta'
[1.071s] Level 1:colcon.colcon_core.package_identification:_identify(bumperbot_planning) by extensions ['ros']
[1.071s] Level 1:colcon.colcon_core.package_identification:_identify(bumperbot_planning) by extension 'ros'
[1.076s] DEBUG:colcon.colcon_core.package_identification:Package 'bumperbot_planning' with type 'ros.ament_cmake' and name 'bumperbot_planning'
[1.076s] Level 1:colcon.colcon_core.package_identification:_identify(bumperbot_py_examples) by extensions ['ignore', 'ignore_ament_install']
[1.077s] Level 1:colcon.colcon_core.package_identification:_identify(bumperbot_py_examples) by extension 'ignore'
[1.077s] Level 1:colcon.colcon_core.package_identification:_identify(bumperbot_py_examples) by extension 'ignore_ament_install'
[1.077s] Level 1:colcon.colcon_core.package_identification:_identify(bumperbot_py_examples) by extensions ['colcon_pkg']
[1.077s] Level 1:colcon.colcon_core.package_identification:_identify(bumperbot_py_examples) by extension 'colcon_pkg'
[1.077s] Level 1:colcon.colcon_core.package_identification:_identify(bumperbot_py_examples) by extensions ['colcon_meta']
[1.077s] Level 1:colcon.colcon_core.package_identification:_identify(bumperbot_py_examples) by extension 'colcon_meta'
[1.077s] Level 1:colcon.colcon_core.package_identification:_identify(bumperbot_py_examples) by extensions ['ros']
[1.077s] Level 1:colcon.colcon_core.package_identification:_identify(bumperbot_py_examples) by extension 'ros'
[1.080s] DEBUG:colcon.colcon_core.package_identification:Package 'bumperbot_py_examples' with type 'ros.ament_python' and name 'bumperbot_py_examples'
[1.081s] Level 1:colcon.colcon_core.package_identification:_identify(bumperbot_utils) by extensions ['ignore', 'ignore_ament_install']
[1.081s] Level 1:colcon.colcon_core.package_identification:_identify(bumperbot_utils) by extension 'ignore'
[1.082s] Level 1:colcon.colcon_core.package_identification:_identify(bumperbot_utils) by extension 'ignore_ament_install'
[1.082s] Level 1:colcon.colcon_core.package_identification:_identify(bumperbot_utils) by extensions ['colcon_pkg']
[1.082s] Level 1:colcon.colcon_core.package_identification:_identify(bumperbot_utils) by extension 'colcon_pkg'
[1.082s] Level 1:colcon.colcon_core.package_identification:_identify(bumperbot_utils) by extensions ['colcon_meta']
[1.082s] Level 1:colcon.colcon_core.package_identification:_identify(bumperbot_utils) by extension 'colcon_meta'
[1.082s] Level 1:colcon.colcon_core.package_identification:_identify(bumperbot_utils) by extensions ['ros']
[1.082s] Level 1:colcon.colcon_core.package_identification:_identify(bumperbot_utils) by extension 'ros'
[1.087s] DEBUG:colcon.colcon_core.package_identification:Package 'bumperbot_utils' with type 'ros.ament_cmake' and name 'bumperbot_utils'
[1.088s] Level 1:colcon.colcon_core.package_identification:_identify(install) by extensions ['ignore', 'ignore_ament_install']
[1.089s] Level 1:colcon.colcon_core.package_identification:_identify(install) by extension 'ignore'
[1.090s] Level 1:colcon.colcon_core.package_identification:_identify(install) ignored
[1.091s] Level 1:colcon.colcon_core.package_identification:_identify(log) by extensions ['ignore', 'ignore_ament_install']
[1.091s] Level 1:colcon.colcon_core.package_identification:_identify(log) by extension 'ignore'
[1.091s] Level 1:colcon.colcon_core.package_identification:_identify(log) ignored
[1.092s] Level 1:colcon.colcon_core.package_identification:_identify(room_grid_navigator) by extensions ['ignore', 'ignore_ament_install']
[1.093s] Level 1:colcon.colcon_core.package_identification:_identify(room_grid_navigator) by extension 'ignore'
[1.099s] Level 1:colcon.colcon_core.package_identification:_identify(room_grid_navigator) by extension 'ignore_ament_install'
[1.100s] Level 1:colcon.colcon_core.package_identification:_identify(room_grid_navigator) by extensions ['colcon_pkg']
[1.100s] Level 1:colcon.colcon_core.package_identification:_identify(room_grid_navigator) by extension 'colcon_pkg'
[1.101s] Level 1:colcon.colcon_core.package_identification:_identify(room_grid_navigator) by extensions ['colcon_meta']
[1.101s] Level 1:colcon.colcon_core.package_identification:_identify(room_grid_navigator) by extension 'colcon_meta'
[1.101s] Level 1:colcon.colcon_core.package_identification:_identify(room_grid_navigator) by extensions ['ros']
[1.101s] Level 1:colcon.colcon_core.package_identification:_identify(room_grid_navigator) by extension 'ros'
[1.104s] DEBUG:colcon.colcon_core.package_identification:Package 'room_grid_navigator' with type 'ros.ament_python' and name 'room_grid_navigator'
[1.104s] Level 1:colcon.colcon_core.package_discovery:discover_packages(recursive) using defaults
[1.105s] Level 1:colcon.colcon_core.package_discovery:discover_packages(ignore) discover
[1.105s] Level 1:colcon.colcon_core.package_discovery:discover_packages(ignore) using defaults
[1.105s] Level 1:colcon.colcon_core.package_discovery:discover_packages(path) discover
[1.105s] Level 1:colcon.colcon_core.package_discovery:discover_packages(path) using defaults
[1.187s] INFO:colcon.colcon_core.package_selection:Skipping not selected package 'bumperbot_controller' in 'bumperbot_controller'
[1.187s] INFO:colcon.colcon_core.package_selection:Skipping not selected package 'bumperbot_description' in 'bumperbot_description'
[1.188s] INFO:colcon.colcon_core.package_selection:Skipping not selected package 'bumperbot_firmware' in 'bumperbot_firmware'
[1.188s] INFO:colcon.colcon_core.package_selection:Skipping not selected package 'bumperbot_localization' in 'bumperbot_localization'
[1.188s] INFO:colcon.colcon_core.package_selection:Skipping not selected package 'bumperbot_mapping' in 'bumperbot_mapping'
[1.189s] INFO:colcon.colcon_core.package_selection:Skipping not selected package 'bumperbot_motion' in 'bumperbot_motion'
[1.189s] INFO:colcon.colcon_core.package_selection:Skipping not selected package 'bumperbot_msgs' in 'bumperbot_msgs'
[1.189s] INFO:colcon.colcon_core.package_selection:Skipping not selected package 'bumperbot_planning' in 'bumperbot_planning'
[1.189s] INFO:colcon.colcon_core.package_selection:Skipping not selected package 'bumperbot_utils' in 'bumperbot_utils'
[1.189s] INFO:colcon.colcon_core.package_selection:Skipping not selected package 'bumperbot_bringup' in 'bumperbot_bringup'
[1.190s] INFO:colcon.colcon_core.package_selection:Skipping not selected package 'bumperbot_cpp_examples' in 'bumperbot_cpp_examples'
[1.190s] INFO:colcon.colcon_core.package_selection:Skipping not selected package 'bumperbot_navigation' in 'bumperbot_navigation'
[1.192s] INFO:colcon.colcon_core.package_selection:Skipping not selected package 'bumperbot_py_examples' in 'bumperbot_py_examples'
[1.194s] Level 1:colcon.colcon_core.package_discovery:discover_packages(prefix_path) check parameters
[1.194s] Level 1:colcon.colcon_core.package_discovery:discover_packages(prefix_path) discover
[1.207s] DEBUG:colcon.colcon_installed_package_information.package_discovery:Found 1 installed packages in /home/fahad/bumperbot_ws/src/install
[1.212s] DEBUG:colcon.colcon_installed_package_information.package_discovery:Found 13 installed packages in /home/fahad/bumperbot_ws/install
[1.222s] DEBUG:colcon.colcon_installed_package_information.package_discovery:Found 440 installed packages in /opt/ros/jazzy
[1.236s] Level 1:colcon.colcon_core.package_discovery:discover_packages(prefix_path) using defaults
[1.850s] Level 5:colcon.colcon_core.verb:set package 'room_grid_navigator' build argument 'cmake_args' from command line to 'None'
[1.851s] Level 5:colcon.colcon_core.verb:set package 'room_grid_navigator' build argument 'cmake_target' from command line to 'None'
[1.851s] Level 5:colcon.colcon_core.verb:set package 'room_grid_navigator' build argument 'cmake_target_skip_unavailable' from command line to 'False'
[1.851s] Level 5:colcon.colcon_core.verb:set package 'room_grid_navigator' build argument 'cmake_clean_cache' from command line to 'False'
[1.851s] Level 5:colcon.colcon_core.verb:set package 'room_grid_navigator' build argument 'cmake_clean_first' from command line to 'False'
[1.851s] Level 5:colcon.colcon_core.verb:set package 'room_grid_navigator' build argument 'cmake_force_configure' from command line to 'False'
[1.851s] Level 5:colcon.colcon_core.verb:set package 'room_grid_navigator' build argument 'ament_cmake_args' from command line to 'None'
[1.851s] Level 5:colcon.colcon_core.verb:set package 'room_grid_navigator' build argument 'catkin_cmake_args' from command line to 'None'
[1.852s] Level 5:colcon.colcon_core.verb:set package 'room_grid_navigator' build argument 'catkin_skip_building_tests' from command line to 'False'
[1.852s] DEBUG:colcon.colcon_core.verb:Building package 'room_grid_navigator' with the following arguments: {'ament_cmake_args': None, 'build_base': '/home/fahad/bumperbot_ws/src/build/room_grid_navigator', 'catkin_cmake_args': None, 'catkin_skip_building_tests': False, 'cmake_args': None, 'cmake_clean_cache': False, 'cmake_clean_first': False, 'cmake_force_configure': False, 'cmake_target': None, 'cmake_target_skip_unavailable': False, 'install_base': '/home/fahad/bumperbot_ws/src/install/room_grid_navigator', 'merge_install': False, 'path': '/home/fahad/bumperbot_ws/src/room_grid_navigator', 'symlink_install': False, 'test_result_base': None}
[1.852s] INFO:colcon.colcon_core.executor:Executing jobs using 'parallel' executor
[1.860s] DEBUG:colcon.colcon_parallel_executor.executor.parallel:run_until_complete
[1.863s] INFO:colcon.colcon_ros.task.ament_python.build:Building ROS package in '/home/fahad/bumperbot_ws/src/room_grid_navigator' with build type 'ament_python'
[1.867s] Level 1:colcon.colcon_core.shell:create_environment_hook('room_grid_navigator', 'ament_prefix_path')
[1.881s] INFO:colcon.colcon_core.plugin_system:Skipping extension 'colcon_core.shell.bat': Not used on non-Windows systems
[1.883s] INFO:colcon.colcon_core.shell:Creating environment hook '/home/fahad/bumperbot_ws/src/install/room_grid_navigator/share/room_grid_navigator/hook/ament_prefix_path.ps1'
[1.888s] INFO:colcon.colcon_core.shell:Creating environment descriptor '/home/fahad/bumperbot_ws/src/install/room_grid_navigator/share/room_grid_navigator/hook/ament_prefix_path.dsv'
[1.893s] INFO:colcon.colcon_core.shell:Creating environment hook '/home/fahad/bumperbot_ws/src/install/room_grid_navigator/share/room_grid_navigator/hook/ament_prefix_path.sh'
[1.899s] INFO:colcon.colcon_core.shell:Skip shell extension 'powershell' for command environment: Not usable outside of PowerShell
[1.899s] DEBUG:colcon.colcon_core.shell:Skip shell extension 'dsv' for command environment
[3.514s] INFO:colcon.colcon_core.task.python.build:Building Python package in '/home/fahad/bumperbot_ws/src/room_grid_navigator'
[3.515s] INFO:colcon.colcon_core.shell:Skip shell extension 'powershell' for command environment: Not usable outside of PowerShell
[3.515s] DEBUG:colcon.colcon_core.shell:Skip shell extension 'dsv' for command environment
[7.464s] DEBUG:colcon.colcon_core.event_handler.log_command:Invoking command in '/home/fahad/bumperbot_ws/src/room_grid_navigator': DEBUGINFOD_URLS=https://debuginfod.ubuntu.com PYTHONPATH=/home/fahad/bumperbot_ws/src/build/room_grid_navigator/prefix_override:/usr/lib/python3/dist-packages/colcon_core/task/python/colcon_distutils_commands:/home/fahad/bumperbot_ws/src/install/room_grid_navigator/lib/python3.12/site-packages:${PYTHONPATH} /usr/bin/python3 -W ignore:setup.py install is deprecated -W ignore:easy_install command is deprecated setup.py egg_info --egg-base ../build/room_grid_navigator build --build-base /home/fahad/bumperbot_ws/src/build/room_grid_navigator/build install --record /home/fahad/bumperbot_ws/src/build/room_grid_navigator/install.log --single-version-externally-managed install_data
[11.121s] DEBUG:colcon.colcon_core.event_handler.log_command:Invoked command in '/home/fahad/bumperbot_ws/src/room_grid_navigator' returned '0': DEBUGINFOD_URLS=https://debuginfod.ubuntu.com PYTHONPATH=/home/fahad/bumperbot_ws/src/build/room_grid_navigator/prefix_override:/usr/lib/python3/dist-packages/colcon_core/task/python/colcon_distutils_commands:/home/fahad/bumperbot_ws/src/install/room_grid_navigator/lib/python3.12/site-packages:${PYTHONPATH} /usr/bin/python3 -W ignore:setup.py install is deprecated -W ignore:easy_install command is deprecated setup.py egg_info --egg-base ../build/room_grid_navigator build --build-base /home/fahad/bumperbot_ws/src/build/room_grid_navigator/build install --record /home/fahad/bumperbot_ws/src/build/room_grid_navigator/install.log --single-version-externally-managed install_data
[11.132s] Level 1:colcon.colcon_core.environment:checking '/home/fahad/bumperbot_ws/src/install/room_grid_navigator' for CMake module files
[11.134s] Level 1:colcon.colcon_core.environment:checking '/home/fahad/bumperbot_ws/src/install/room_grid_navigator' for CMake config files
[11.138s] Level 1:colcon.colcon_core.environment:checking '/home/fahad/bumperbot_ws/src/install/room_grid_navigator/lib'
[11.139s] Level 1:colcon.colcon_core.environment:checking '/home/fahad/bumperbot_ws/src/install/room_grid_navigator/bin'
[11.140s] Level 1:colcon.colcon_core.environment:checking '/home/fahad/bumperbot_ws/src/install/room_grid_navigator/lib/pkgconfig/room_grid_navigator.pc'
[11.141s] Level 1:colcon.colcon_core.environment:checking '/home/fahad/bumperbot_ws/src/install/room_grid_navigator/lib/python3.12/site-packages'
[11.142s] Level 1:colcon.colcon_core.shell:create_environment_hook('room_grid_navigator', 'pythonpath')
[11.143s] INFO:colcon.colcon_core.shell:Creating environment hook '/home/fahad/bumperbot_ws/src/install/room_grid_navigator/share/room_grid_navigator/hook/pythonpath.ps1'
[11.145s] INFO:colcon.colcon_core.shell:Creating environment descriptor '/home/fahad/bumperbot_ws/src/install/room_grid_navigator/share/room_grid_navigator/hook/pythonpath.dsv'
[11.149s] INFO:colcon.colcon_core.shell:Creating environment hook '/home/fahad/bumperbot_ws/src/install/room_grid_navigator/share/room_grid_navigator/hook/pythonpath.sh'
[11.155s] Level 1:colcon.colcon_core.environment:checking '/home/fahad/bumperbot_ws/src/install/room_grid_navigator/bin'
[11.156s] Level 1:colcon.colcon_core.environment:create_environment_scripts_only(room_grid_navigator)
[11.157s] INFO:colcon.colcon_core.shell:Creating package script '/home/fahad/bumperbot_ws/src/install/room_grid_navigator/share/room_grid_navigator/package.ps1'
[11.170s] INFO:colcon.colcon_core.shell:Creating package descriptor '/home/fahad/bumperbot_ws/src/install/room_grid_navigator/share/room_grid_navigator/package.dsv'
[11.174s] INFO:colcon.colcon_core.shell:Creating package script '/home/fahad/bumperbot_ws/src/install/room_grid_navigator/share/room_grid_navigator/package.sh'
[11.178s] INFO:colcon.colcon_core.shell:Creating package script '/home/fahad/bumperbot_ws/src/install/room_grid_navigator/share/room_grid_navigator/package.bash'
[11.182s] INFO:colcon.colcon_core.shell:Creating package script '/home/fahad/bumperbot_ws/src/install/room_grid_navigator/share/room_grid_navigator/package.zsh'
[11.186s] Level 1:colcon.colcon_core.environment:create_file_with_runtime_dependencies(/home/fahad/bumperbot_ws/src/install/room_grid_navigator/share/colcon-core/packages/room_grid_navigator)
[11.188s] DEBUG:colcon.colcon_parallel_executor.executor.parallel:closing loop
[11.190s] DEBUG:colcon.colcon_parallel_executor.executor.parallel:loop closed
[11.190s] DEBUG:colcon.colcon_parallel_executor.executor.parallel:run_until_complete finished with '0'
[11.190s] DEBUG:colcon.colcon_core.event_reactor:joining thread
[11.238s] INFO:colcon.colcon_core.plugin_system:Skipping extension 'colcon_notification.desktop_notification.terminal_notifier': Not used on non-Darwin systems
[11.241s] INFO:colcon.colcon_core.plugin_system:Skipping extension 'colcon_notification.desktop_notification.win32': Not used on non-Windows systems
[11.241s] INFO:colcon.colcon_notification.desktop_notification:Sending desktop notification using 'notify2'
[11.295s] DEBUG:colcon.colcon_core.event_reactor:joined thread
[11.296s] INFO:colcon.colcon_core.shell:Creating prefix script '/home/fahad/bumperbot_ws/src/install/local_setup.ps1'
[11.299s] INFO:colcon.colcon_core.shell:Creating prefix util module '/home/fahad/bumperbot_ws/src/install/_local_setup_util_ps1.py'
[11.311s] INFO:colcon.colcon_core.shell:Creating prefix chain script '/home/fahad/bumperbot_ws/src/install/setup.ps1'
[11.318s] INFO:colcon.colcon_core.shell:Creating prefix script '/home/fahad/bumperbot_ws/src/install/local_setup.sh'
[11.321s] INFO:colcon.colcon_core.shell:Creating prefix util module '/home/fahad/bumperbot_ws/src/install/_local_setup_util_sh.py'
[11.327s] INFO:colcon.colcon_core.shell:Creating prefix chain script '/home/fahad/bumperbot_ws/src/install/setup.sh'
[11.342s] INFO:colcon.colcon_core.shell:Creating prefix script '/home/fahad/bumperbot_ws/src/install/local_setup.bash'
[11.344s] INFO:colcon.colcon_core.shell:Creating prefix chain script '/home/fahad/bumperbot_ws/src/install/setup.bash'
[11.354s] INFO:colcon.colcon_core.shell:Creating prefix script '/home/fahad/bumperbot_ws/src/install/local_setup.zsh'
[11.357s] INFO:colcon.colcon_core.shell:Creating prefix chain script '/home/fahad/bumperbot_ws/src/install/setup.zsh'
