[5.141s] Invoking command in '/home/fahad/bumperbot_ws/src/room_grid_navigator': DEBUGINFOD_URLS=https://debuginfod.ubuntu.com PYTHONPATH=/home/fahad/bumperbot_ws/src/build/room_grid_navigator/prefix_override:/usr/lib/python3/dist-packages/colcon_core/task/python/colcon_distutils_commands:/home/fahad/bumperbot_ws/src/install/room_grid_navigator/lib/python3.12/site-packages:${PYTHONPATH} /usr/bin/python3 -W ignore:setup.py install is deprecated -W ignore:easy_install command is deprecated setup.py egg_info --egg-base ../build/room_grid_navigator build --build-base /home/fahad/bumperbot_ws/src/build/room_grid_navigator/build install --record /home/fahad/bumperbot_ws/src/build/room_grid_navigator/install.log --single-version-externally-managed install_data
[7.108s] running egg_info
[7.229s] writing ../build/room_grid_navigator/room_grid_navigator.egg-info/PKG-INFO
[7.230s] writing dependency_links to ../build/room_grid_navigator/room_grid_navigator.egg-info/dependency_links.txt
[7.240s] writing entry points to ../build/room_grid_navigator/room_grid_navigator.egg-info/entry_points.txt
[7.240s] writing requirements to ../build/room_grid_navigator/room_grid_navigator.egg-info/requires.txt
[7.240s] writing top-level names to ../build/room_grid_navigator/room_grid_navigator.egg-info/top_level.txt
[7.561s] reading manifest file '../build/room_grid_navigator/room_grid_navigator.egg-info/SOURCES.txt'
[7.567s] writing manifest file '../build/room_grid_navigator/room_grid_navigator.egg-info/SOURCES.txt'
[7.570s] running build
[7.572s] running build_py
[7.575s] copying room_grid_navigator/room_grid_navigator.py -> /home/fahad/bumperbot_ws/src/build/room_grid_navigator/build/lib/room_grid_navigator
[7.577s] running install
[7.602s] running install_lib
[7.719s] copying /home/fahad/bumperbot_ws/src/build/room_grid_navigator/build/lib/room_grid_navigator/room_grid_navigator.py -> /home/fahad/bumperbot_ws/src/install/room_grid_navigator/lib/python3.12/site-packages/room_grid_navigator
[7.724s] byte-compiling /home/fahad/bumperbot_ws/src/install/room_grid_navigator/lib/python3.12/site-packages/room_grid_navigator/room_grid_navigator.py to room_grid_navigator.cpython-312.pyc
[7.734s] running install_data
[7.737s] running install_egg_info
[7.864s] removing '/home/fahad/bumperbot_ws/src/install/room_grid_navigator/lib/python3.12/site-packages/room_grid_navigator-0.0.0-py3.12.egg-info' (and everything under it)
[7.872s] Copying ../build/room_grid_navigator/room_grid_navigator.egg-info to /home/fahad/bumperbot_ws/src/install/room_grid_navigator/lib/python3.12/site-packages/room_grid_navigator-0.0.0-py3.12.egg-info
[7.882s] running install_scripts
[8.696s] Installing room_grid_navigator script to /home/fahad/bumperbot_ws/src/install/room_grid_navigator/lib/room_grid_navigator
[8.697s] writing list of installed files to '/home/fahad/bumperbot_ws/src/build/room_grid_navigator/install.log'
[8.857s] Invoked command in '/home/fahad/bumperbot_ws/src/room_grid_navigator' returned '0': DEBUGINFOD_URLS=https://debuginfod.ubuntu.com PYTHONPATH=/home/fahad/bumperbot_ws/src/build/room_grid_navigator/prefix_override:/usr/lib/python3/dist-packages/colcon_core/task/python/colcon_distutils_commands:/home/fahad/bumperbot_ws/src/install/room_grid_navigator/lib/python3.12/site-packages:${PYTHONPATH} /usr/bin/python3 -W ignore:setup.py install is deprecated -W ignore:easy_install command is deprecated setup.py egg_info --egg-base ../build/room_grid_navigator build --build-base /home/fahad/bumperbot_ws/src/build/room_grid_navigator/build install --record /home/fahad/bumperbot_ws/src/build/room_grid_navigator/install.log --single-version-externally-managed install_data
