[0.171s] Invoking command in '/home/fahad/bumperbot_ws/build/bumperbot_motion': CMAKE_PREFIX_PATH=${CMAKE_PREFIX_PATH}:/home/fahad/bumperbot_ws/install/room_grid_navigator:/home/fahad/bumperbot_ws/install/bumperbot_py_examples:/opt/ros/jazzy DEBUGINFOD_URLS=https://debuginfod.ubuntu.com /usr/bin/cmake --build /home/fahad/bumperbot_ws/build/bumperbot_motion -- -j8 -l8
[0.446s] [ 50%] Built target pure_pursuit
[0.461s] [ 75%] Built target ament_cmake_python_symlink_bumperbot_motion
[0.463s] [100%] Built target pd_motion_planner
[1.085s] running egg_info
[1.163s] writing bumperbot_motion.egg-info/PKG-INFO
[1.164s] writing dependency_links to bumperbot_motion.egg-info/dependency_links.txt
[1.164s] writing top-level names to bumperbot_motion.egg-info/top_level.txt
[1.421s] reading manifest file 'bumperbot_motion.egg-info/SOURCES.txt'
[1.422s] writing manifest file 'bumperbot_motion.egg-info/SOURCES.txt'
[1.601s] [100%] Built target ament_cmake_python_build_bumperbot_motion_egg
[2.093s] Invoked command in '/home/fahad/bumperbot_ws/build/bumperbot_motion' returned '0': CMAKE_PREFIX_PATH=${CMAKE_PREFIX_PATH}:/home/fahad/bumperbot_ws/install/room_grid_navigator:/home/fahad/bumperbot_ws/install/bumperbot_py_examples:/opt/ros/jazzy DEBUGINFOD_URLS=https://debuginfod.ubuntu.com /usr/bin/cmake --build /home/fahad/bumperbot_ws/build/bumperbot_motion -- -j8 -l8
[2.094s] Invoking command in '/home/fahad/bumperbot_ws/build/bumperbot_motion': CMAKE_PREFIX_PATH=${CMAKE_PREFIX_PATH}:/home/fahad/bumperbot_ws/install/room_grid_navigator:/home/fahad/bumperbot_ws/install/bumperbot_py_examples:/opt/ros/jazzy DEBUGINFOD_URLS=https://debuginfod.ubuntu.com /usr/bin/cmake --install /home/fahad/bumperbot_ws/build/bumperbot_motion
[2.147s] -- Install configuration: ""
[2.153s] -- Execute custom install script
[2.153s] -- Up-to-date symlink: /home/fahad/bumperbot_ws/install/bumperbot_motion/share/bumperbot_motion/environment/pythonpath.sh
[2.154s] -- Up-to-date symlink: /home/fahad/bumperbot_ws/install/bumperbot_motion/share/bumperbot_motion/environment/pythonpath.dsv
[2.162s] -- Up-to-date symlink: /home/fahad/bumperbot_ws/install/bumperbot_motion/lib/python3.12/site-packages/bumperbot_motion-0.0.0-py3.12.egg-info/PKG-INFO
[2.162s] -- Up-to-date symlink: /home/fahad/bumperbot_ws/install/bumperbot_motion/lib/python3.12/site-packages/bumperbot_motion-0.0.0-py3.12.egg-info/SOURCES.txt
[2.162s] -- Up-to-date symlink: /home/fahad/bumperbot_ws/install/bumperbot_motion/lib/python3.12/site-packages/bumperbot_motion-0.0.0-py3.12.egg-info/dependency_links.txt
[2.162s] -- Up-to-date symlink: /home/fahad/bumperbot_ws/install/bumperbot_motion/lib/python3.12/site-packages/bumperbot_motion-0.0.0-py3.12.egg-info/top_level.txt
[2.166s] -- Up-to-date symlink: /home/fahad/bumperbot_ws/install/bumperbot_motion/lib/python3.12/site-packages/bumperbot_motion/__init__.py
[2.166s] -- Up-to-date symlink: /home/fahad/bumperbot_ws/install/bumperbot_motion/lib/python3.12/site-packages/bumperbot_motion/pd_motion_planner.py
[2.166s] -- Up-to-date symlink: /home/fahad/bumperbot_ws/install/bumperbot_motion/lib/python3.12/site-packages/bumperbot_motion/pure_pursuit.py
[2.173s] -- Up-to-date symlink: /home/fahad/bumperbot_ws/install/bumperbot_motion/share/bumperbot_motion//motion_planner_plugins.xml
[2.174s] -- Up-to-date symlink: /home/fahad/bumperbot_ws/install/bumperbot_motion/lib/libpd_motion_planner.so
[2.174s] -- Up-to-date symlink: /home/fahad/bumperbot_ws/install/bumperbot_motion/lib/libpure_pursuit.so
[2.174s] -- Up-to-date symlink: /home/fahad/bumperbot_ws/install/bumperbot_motion/include/include/bumperbot_motion/pd_motion_planner.hpp
[2.177s] -- Up-to-date symlink: /home/fahad/bumperbot_ws/install/bumperbot_motion/include/include/bumperbot_motion/pure_pursuit.hpp
[2.178s] -- Up-to-date symlink: /home/fahad/bumperbot_ws/install/bumperbot_motion/lib/bumperbot_motion/pd_motion_planner.py
[2.178s] -- Up-to-date symlink: /home/fahad/bumperbot_ws/install/bumperbot_motion/lib/bumperbot_motion/pure_pursuit.py
[2.178s] -- Up-to-date symlink: /home/fahad/bumperbot_ws/install/bumperbot_motion/share/bumperbot_motion/environment/library_path.sh
[2.180s] -- Up-to-date symlink: /home/fahad/bumperbot_ws/install/bumperbot_motion/share/bumperbot_motion/environment/library_path.dsv
[2.180s] -- Up-to-date symlink: /home/fahad/bumperbot_ws/install/bumperbot_motion/share/ament_index/resource_index/package_run_dependencies/bumperbot_motion
[2.180s] -- Up-to-date symlink: /home/fahad/bumperbot_ws/install/bumperbot_motion/share/ament_index/resource_index/parent_prefix_path/bumperbot_motion
[2.181s] -- Up-to-date symlink: /home/fahad/bumperbot_ws/install/bumperbot_motion/share/bumperbot_motion/environment/ament_prefix_path.sh
[2.181s] -- Up-to-date symlink: /home/fahad/bumperbot_ws/install/bumperbot_motion/share/bumperbot_motion/environment/ament_prefix_path.dsv
[2.185s] -- Up-to-date symlink: /home/fahad/bumperbot_ws/install/bumperbot_motion/share/bumperbot_motion/environment/path.sh
[2.189s] -- Up-to-date symlink: /home/fahad/bumperbot_ws/install/bumperbot_motion/share/bumperbot_motion/environment/path.dsv
[2.194s] -- Up-to-date symlink: /home/fahad/bumperbot_ws/install/bumperbot_motion/share/bumperbot_motion/local_setup.bash
[2.195s] -- Up-to-date symlink: /home/fahad/bumperbot_ws/install/bumperbot_motion/share/bumperbot_motion/local_setup.sh
[2.196s] -- Up-to-date symlink: /home/fahad/bumperbot_ws/install/bumperbot_motion/share/bumperbot_motion/local_setup.zsh
[2.196s] -- Up-to-date symlink: /home/fahad/bumperbot_ws/install/bumperbot_motion/share/bumperbot_motion/local_setup.dsv
[2.196s] -- Symlinking: /home/fahad/bumperbot_ws/install/bumperbot_motion/share/bumperbot_motion/package.dsv
[2.230s] -- Up-to-date symlink: /home/fahad/bumperbot_ws/install/bumperbot_motion/share/ament_index/resource_index/packages/bumperbot_motion
[2.232s] -- Up-to-date symlink: /home/fahad/bumperbot_ws/install/bumperbot_motion/share/ament_index/resource_index/nav2_core__pluginlib__plugin/bumperbot_motion
[2.233s] -- Up-to-date symlink: /home/fahad/bumperbot_ws/install/bumperbot_motion/share/bumperbot_motion/cmake/ament_cmake_export_include_directories-extras.cmake
[2.233s] -- Up-to-date symlink: /home/fahad/bumperbot_ws/install/bumperbot_motion/share/bumperbot_motion/cmake/ament_cmake_export_libraries-extras.cmake
[2.233s] -- Up-to-date symlink: /home/fahad/bumperbot_ws/install/bumperbot_motion/share/bumperbot_motion/cmake/ament_cmake_export_dependencies-extras.cmake
[2.237s] -- Up-to-date symlink: /home/fahad/bumperbot_ws/install/bumperbot_motion/share/bumperbot_motion/cmake/bumperbot_motionConfig.cmake
[2.238s] -- Up-to-date symlink: /home/fahad/bumperbot_ws/install/bumperbot_motion/share/bumperbot_motion/cmake/bumperbot_motionConfig-version.cmake
[2.240s] -- Up-to-date symlink: /home/fahad/bumperbot_ws/install/bumperbot_motion/share/bumperbot_motion/package.xml
[2.498s] Listing '/home/fahad/bumperbot_ws/install/bumperbot_motion/lib/python3.12/site-packages/bumperbot_motion'...
[2.570s] Invoked command in '/home/fahad/bumperbot_ws/build/bumperbot_motion' returned '0': CMAKE_PREFIX_PATH=${CMAKE_PREFIX_PATH}:/home/fahad/bumperbot_ws/install/room_grid_navigator:/home/fahad/bumperbot_ws/install/bumperbot_py_examples:/opt/ros/jazzy DEBUGINFOD_URLS=https://debuginfod.ubuntu.com /usr/bin/cmake --install /home/fahad/bumperbot_ws/build/bumperbot_motion
