[0.110s] Invoking command in '/home/fahad/bumperbot_ws/build/bumperbot_msgs': CMAKE_PREFIX_PATH=${CMAKE_PREFIX_PATH}:/home/fahad/bumperbot_ws/install/room_grid_navigator:/home/fahad/bumperbot_ws/install/bumperbot_py_examples:/opt/ros/jazzy DEBUGINFOD_URLS=https://debuginfod.ubuntu.com /usr/bin/cmake --build /home/fahad/bumperbot_ws/build/bumperbot_msgs -- -j8 -l8
[0.414s] [  1%] Built target bumperbot_msgs__rosidl_generator_type_description
[0.521s] [  1%] Built target ament_cmake_python_symlink_bumperbot_msgs
[0.601s] [  3%] Built target bumperbot_msgs__cpp
[1.388s] running egg_info
[1.477s] writing bumperbot_msgs.egg-info/PKG-INFO
[1.478s] writing dependency_links to bumperbot_msgs.egg-info/dependency_links.txt
[1.482s] writing top-level names to bumperbot_msgs.egg-info/top_level.txt
[1.721s] reading manifest file 'bumperbot_msgs.egg-info/SOURCES.txt'
[1.730s] writing manifest file 'bumperbot_msgs.egg-info/SOURCES.txt'
[1.882s] [  3%] Built target ament_cmake_python_build_bumperbot_msgs_egg
[2.289s] [ 24%] Built target bumperbot_msgs__rosidl_generator_c
[2.435s] [ 33%] Built target bumperbot_msgs__rosidl_typesupport_introspection_c
[2.503s] [ 42%] Built target bumperbot_msgs__rosidl_typesupport_fastrtps_cpp
[2.518s] [ 51%] Built target bumperbot_msgs__rosidl_typesupport_fastrtps_c
[2.521s] [ 61%] Built target bumperbot_msgs__rosidl_typesupport_cpp
[2.609s] [ 70%] Built target bumperbot_msgs__rosidl_typesupport_introspection_cpp
[2.704s] [ 79%] Built target bumperbot_msgs__rosidl_typesupport_c
[2.777s] [ 79%] Built target bumperbot_msgs
[2.856s] [ 81%] Built target bumperbot_msgs__py
[2.986s] [ 88%] Built target bumperbot_msgs__rosidl_generator_py
[3.070s] [ 92%] Built target bumperbot_msgs_s__rosidl_typesupport_fastrtps_c
[3.151s] [ 96%] Built target bumperbot_msgs_s__rosidl_typesupport_c
[3.228s] [100%] Built target bumperbot_msgs_s__rosidl_typesupport_introspection_c
[3.640s] Invoked command in '/home/fahad/bumperbot_ws/build/bumperbot_msgs' returned '0': CMAKE_PREFIX_PATH=${CMAKE_PREFIX_PATH}:/home/fahad/bumperbot_ws/install/room_grid_navigator:/home/fahad/bumperbot_ws/install/bumperbot_py_examples:/opt/ros/jazzy DEBUGINFOD_URLS=https://debuginfod.ubuntu.com /usr/bin/cmake --build /home/fahad/bumperbot_ws/build/bumperbot_msgs -- -j8 -l8
[3.645s] Invoking command in '/home/fahad/bumperbot_ws/build/bumperbot_msgs': CMAKE_PREFIX_PATH=${CMAKE_PREFIX_PATH}:/home/fahad/bumperbot_ws/install/room_grid_navigator:/home/fahad/bumperbot_ws/install/bumperbot_py_examples:/opt/ros/jazzy DEBUGINFOD_URLS=https://debuginfod.ubuntu.com /usr/bin/cmake --install /home/fahad/bumperbot_ws/build/bumperbot_msgs
[3.773s] -- Install configuration: ""
[3.776s] -- Execute custom install script
[3.784s] -- Up-to-date symlink: /home/fahad/bumperbot_ws/install/bumperbot_msgs/share/ament_index/resource_index/rosidl_interfaces/bumperbot_msgs
[3.784s] -- Up-to-date symlink: /home/fahad/bumperbot_ws/install/bumperbot_msgs/share/bumperbot_msgs/action/Fibonacci.json
[3.784s] -- Up-to-date symlink: /home/fahad/bumperbot_ws/install/bumperbot_msgs/share/bumperbot_msgs/srv/AddTwoInts.json
[3.785s] -- Up-to-date symlink: /home/fahad/bumperbot_ws/install/bumperbot_msgs/share/bumperbot_msgs/srv/GetTransform.json
[3.785s] -- Up-to-date symlink: /home/fahad/bumperbot_ws/install/bumperbot_msgs/include/bumperbot_msgs/bumperbot_msgs/action/detail/fibonacci__functions.h
[3.785s] -- Up-to-date symlink: /home/fahad/bumperbot_ws/install/bumperbot_msgs/include/bumperbot_msgs/bumperbot_msgs/action/detail/fibonacci__struct.h
[3.785s] -- Up-to-date symlink: /home/fahad/bumperbot_ws/install/bumperbot_msgs/include/bumperbot_msgs/bumperbot_msgs/action/detail/fibonacci__type_support.h
[3.785s] -- Up-to-date symlink: /home/fahad/bumperbot_ws/install/bumperbot_msgs/include/bumperbot_msgs/bumperbot_msgs/action/fibonacci.h
[3.785s] -- Up-to-date symlink: /home/fahad/bumperbot_ws/install/bumperbot_msgs/include/bumperbot_msgs/bumperbot_msgs/msg/rosidl_generator_c__visibility_control.h
[3.786s] -- Up-to-date symlink: /home/fahad/bumperbot_ws/install/bumperbot_msgs/include/bumperbot_msgs/bumperbot_msgs/srv/add_two_ints.h
[3.786s] -- Up-to-date symlink: /home/fahad/bumperbot_ws/install/bumperbot_msgs/include/bumperbot_msgs/bumperbot_msgs/srv/detail/add_two_ints__functions.h
[3.786s] -- Up-to-date symlink: /home/fahad/bumperbot_ws/install/bumperbot_msgs/include/bumperbot_msgs/bumperbot_msgs/srv/detail/add_two_ints__struct.h
[3.786s] -- Up-to-date symlink: /home/fahad/bumperbot_ws/install/bumperbot_msgs/include/bumperbot_msgs/bumperbot_msgs/srv/detail/add_two_ints__type_support.h
[3.787s] -- Up-to-date symlink: /home/fahad/bumperbot_ws/install/bumperbot_msgs/include/bumperbot_msgs/bumperbot_msgs/srv/detail/get_transform__functions.h
[3.788s] -- Up-to-date symlink: /home/fahad/bumperbot_ws/install/bumperbot_msgs/include/bumperbot_msgs/bumperbot_msgs/srv/detail/get_transform__struct.h
[3.788s] -- Up-to-date symlink: /home/fahad/bumperbot_ws/install/bumperbot_msgs/include/bumperbot_msgs/bumperbot_msgs/srv/detail/get_transform__type_support.h
[3.788s] -- Up-to-date symlink: /home/fahad/bumperbot_ws/install/bumperbot_msgs/include/bumperbot_msgs/bumperbot_msgs/srv/get_transform.h
[3.789s] -- Up-to-date symlink: /home/fahad/bumperbot_ws/install/bumperbot_msgs/share/bumperbot_msgs/environment/library_path.sh
[3.798s] -- Up-to-date symlink: /home/fahad/bumperbot_ws/install/bumperbot_msgs/share/bumperbot_msgs/environment/library_path.dsv
[3.798s] -- Up-to-date symlink: /home/fahad/bumperbot_ws/install/bumperbot_msgs/include/bumperbot_msgs/bumperbot_msgs/action/detail/fibonacci__rosidl_typesupport_fastrtps_c.h
[3.798s] -- Up-to-date symlink: /home/fahad/bumperbot_ws/install/bumperbot_msgs/include/bumperbot_msgs/bumperbot_msgs/msg/rosidl_typesupport_fastrtps_c__visibility_control.h
[3.799s] -- Up-to-date symlink: /home/fahad/bumperbot_ws/install/bumperbot_msgs/include/bumperbot_msgs/bumperbot_msgs/srv/detail/add_two_ints__rosidl_typesupport_fastrtps_c.h
[3.809s] -- Up-to-date symlink: /home/fahad/bumperbot_ws/install/bumperbot_msgs/include/bumperbot_msgs/bumperbot_msgs/srv/detail/get_transform__rosidl_typesupport_fastrtps_c.h
[3.810s] -- Up-to-date symlink: /home/fahad/bumperbot_ws/install/bumperbot_msgs/include/bumperbot_msgs/bumperbot_msgs/action/detail/fibonacci__builder.hpp
[3.810s] -- Up-to-date symlink: /home/fahad/bumperbot_ws/install/bumperbot_msgs/include/bumperbot_msgs/bumperbot_msgs/action/detail/fibonacci__struct.hpp
[3.810s] -- Up-to-date symlink: /home/fahad/bumperbot_ws/install/bumperbot_msgs/include/bumperbot_msgs/bumperbot_msgs/action/detail/fibonacci__traits.hpp
[3.810s] -- Up-to-date symlink: /home/fahad/bumperbot_ws/install/bumperbot_msgs/include/bumperbot_msgs/bumperbot_msgs/action/detail/fibonacci__type_support.hpp
[3.811s] -- Up-to-date symlink: /home/fahad/bumperbot_ws/install/bumperbot_msgs/include/bumperbot_msgs/bumperbot_msgs/action/fibonacci.hpp
[3.811s] -- Up-to-date symlink: /home/fahad/bumperbot_ws/install/bumperbot_msgs/include/bumperbot_msgs/bumperbot_msgs/msg/rosidl_generator_cpp__visibility_control.hpp
[3.811s] -- Up-to-date symlink: /home/fahad/bumperbot_ws/install/bumperbot_msgs/include/bumperbot_msgs/bumperbot_msgs/srv/add_two_ints.hpp
[3.811s] -- Up-to-date symlink: /home/fahad/bumperbot_ws/install/bumperbot_msgs/include/bumperbot_msgs/bumperbot_msgs/srv/detail/add_two_ints__builder.hpp
[3.811s] -- Up-to-date symlink: /home/fahad/bumperbot_ws/install/bumperbot_msgs/include/bumperbot_msgs/bumperbot_msgs/srv/detail/add_two_ints__struct.hpp
[3.812s] -- Up-to-date symlink: /home/fahad/bumperbot_ws/install/bumperbot_msgs/include/bumperbot_msgs/bumperbot_msgs/srv/detail/add_two_ints__traits.hpp
[3.812s] -- Up-to-date symlink: /home/fahad/bumperbot_ws/install/bumperbot_msgs/include/bumperbot_msgs/bumperbot_msgs/srv/detail/add_two_ints__type_support.hpp
[3.812s] -- Up-to-date symlink: /home/fahad/bumperbot_ws/install/bumperbot_msgs/include/bumperbot_msgs/bumperbot_msgs/srv/detail/get_transform__builder.hpp
[3.812s] -- Up-to-date symlink: /home/fahad/bumperbot_ws/install/bumperbot_msgs/include/bumperbot_msgs/bumperbot_msgs/srv/detail/get_transform__struct.hpp
[3.813s] -- Up-to-date symlink: /home/fahad/bumperbot_ws/install/bumperbot_msgs/include/bumperbot_msgs/bumperbot_msgs/srv/detail/get_transform__traits.hpp
[3.813s] -- Up-to-date symlink: /home/fahad/bumperbot_ws/install/bumperbot_msgs/include/bumperbot_msgs/bumperbot_msgs/srv/detail/get_transform__type_support.hpp
[3.813s] -- Up-to-date symlink: /home/fahad/bumperbot_ws/install/bumperbot_msgs/include/bumperbot_msgs/bumperbot_msgs/srv/get_transform.hpp
[3.813s] -- Up-to-date symlink: /home/fahad/bumperbot_ws/install/bumperbot_msgs/include/bumperbot_msgs/bumperbot_msgs/action/detail/fibonacci__rosidl_typesupport_fastrtps_cpp.hpp
[3.815s] -- Up-to-date symlink: /home/fahad/bumperbot_ws/install/bumperbot_msgs/include/bumperbot_msgs/bumperbot_msgs/msg/rosidl_typesupport_fastrtps_cpp__visibility_control.h
[3.816s] -- Up-to-date symlink: /home/fahad/bumperbot_ws/install/bumperbot_msgs/include/bumperbot_msgs/bumperbot_msgs/srv/detail/add_two_ints__rosidl_typesupport_fastrtps_cpp.hpp
[3.816s] -- Up-to-date symlink: /home/fahad/bumperbot_ws/install/bumperbot_msgs/include/bumperbot_msgs/bumperbot_msgs/srv/detail/get_transform__rosidl_typesupport_fastrtps_cpp.hpp
[3.818s] -- Up-to-date symlink: /home/fahad/bumperbot_ws/install/bumperbot_msgs/include/bumperbot_msgs/bumperbot_msgs/action/detail/fibonacci__rosidl_typesupport_introspection_c.h
[3.820s] -- Up-to-date symlink: /home/fahad/bumperbot_ws/install/bumperbot_msgs/include/bumperbot_msgs/bumperbot_msgs/msg/rosidl_typesupport_introspection_c__visibility_control.h
[3.821s] -- Up-to-date symlink: /home/fahad/bumperbot_ws/install/bumperbot_msgs/include/bumperbot_msgs/bumperbot_msgs/srv/detail/add_two_ints__rosidl_typesupport_introspection_c.h
[3.821s] -- Up-to-date symlink: /home/fahad/bumperbot_ws/install/bumperbot_msgs/include/bumperbot_msgs/bumperbot_msgs/srv/detail/get_transform__rosidl_typesupport_introspection_c.h
[3.821s] -- Up-to-date symlink: /home/fahad/bumperbot_ws/install/bumperbot_msgs/include/bumperbot_msgs/bumperbot_msgs/action/detail/fibonacci__rosidl_typesupport_introspection_cpp.hpp
[3.821s] -- Up-to-date symlink: /home/fahad/bumperbot_ws/install/bumperbot_msgs/include/bumperbot_msgs/bumperbot_msgs/srv/detail/add_two_ints__rosidl_typesupport_introspection_cpp.hpp
[3.822s] -- Up-to-date symlink: /home/fahad/bumperbot_ws/install/bumperbot_msgs/include/bumperbot_msgs/bumperbot_msgs/srv/detail/get_transform__rosidl_typesupport_introspection_cpp.hpp
[3.822s] -- Up-to-date symlink: /home/fahad/bumperbot_ws/install/bumperbot_msgs/share/bumperbot_msgs/environment/pythonpath.sh
[3.822s] -- Up-to-date symlink: /home/fahad/bumperbot_ws/install/bumperbot_msgs/share/bumperbot_msgs/environment/pythonpath.dsv
[3.822s] -- Up-to-date symlink: /home/fahad/bumperbot_ws/install/bumperbot_msgs/lib/python3.12/site-packages/bumperbot_msgs-0.0.0-py3.12.egg-info/PKG-INFO
[3.822s] -- Up-to-date symlink: /home/fahad/bumperbot_ws/install/bumperbot_msgs/lib/python3.12/site-packages/bumperbot_msgs-0.0.0-py3.12.egg-info/SOURCES.txt
[3.822s] -- Up-to-date symlink: /home/fahad/bumperbot_ws/install/bumperbot_msgs/lib/python3.12/site-packages/bumperbot_msgs-0.0.0-py3.12.egg-info/dependency_links.txt
[3.823s] -- Up-to-date symlink: /home/fahad/bumperbot_ws/install/bumperbot_msgs/lib/python3.12/site-packages/bumperbot_msgs-0.0.0-py3.12.egg-info/top_level.txt
[3.823s] -- Up-to-date symlink: /home/fahad/bumperbot_ws/install/bumperbot_msgs/lib/python3.12/site-packages/bumperbot_msgs/__init__.py
[3.823s] -- Up-to-date symlink: /home/fahad/bumperbot_ws/install/bumperbot_msgs/lib/python3.12/site-packages/bumperbot_msgs/_bumperbot_msgs_s.ep.rosidl_typesupport_c.c
[3.825s] -- Up-to-date symlink: /home/fahad/bumperbot_ws/install/bumperbot_msgs/lib/python3.12/site-packages/bumperbot_msgs/_bumperbot_msgs_s.ep.rosidl_typesupport_fastrtps_c.c
[3.825s] -- Up-to-date symlink: /home/fahad/bumperbot_ws/install/bumperbot_msgs/lib/python3.12/site-packages/bumperbot_msgs/_bumperbot_msgs_s.ep.rosidl_typesupport_introspection_c.c
[3.826s] -- Up-to-date symlink: /home/fahad/bumperbot_ws/install/bumperbot_msgs/lib/python3.12/site-packages/bumperbot_msgs/action/__init__.py
[3.826s] -- Up-to-date symlink: /home/fahad/bumperbot_ws/install/bumperbot_msgs/lib/python3.12/site-packages/bumperbot_msgs/action/_fibonacci.py
[3.826s] -- Up-to-date symlink: /home/fahad/bumperbot_ws/install/bumperbot_msgs/lib/python3.12/site-packages/bumperbot_msgs/action/_fibonacci_s.c
[3.826s] -- Up-to-date symlink: /home/fahad/bumperbot_ws/install/bumperbot_msgs/lib/python3.12/site-packages/bumperbot_msgs/bumperbot_msgs_s__rosidl_typesupport_c.so
[3.826s] -- Up-to-date symlink: /home/fahad/bumperbot_ws/install/bumperbot_msgs/lib/python3.12/site-packages/bumperbot_msgs/bumperbot_msgs_s__rosidl_typesupport_fastrtps_c.so
[3.826s] -- Up-to-date symlink: /home/fahad/bumperbot_ws/install/bumperbot_msgs/lib/python3.12/site-packages/bumperbot_msgs/bumperbot_msgs_s__rosidl_typesupport_introspection_c.so
[3.826s] -- Up-to-date symlink: /home/fahad/bumperbot_ws/install/bumperbot_msgs/lib/python3.12/site-packages/bumperbot_msgs/srv/__init__.py
[3.827s] -- Up-to-date symlink: /home/fahad/bumperbot_ws/install/bumperbot_msgs/lib/python3.12/site-packages/bumperbot_msgs/srv/_add_two_ints.py
[3.827s] -- Up-to-date symlink: /home/fahad/bumperbot_ws/install/bumperbot_msgs/lib/python3.12/site-packages/bumperbot_msgs/srv/_add_two_ints_s.c
[3.827s] -- Up-to-date symlink: /home/fahad/bumperbot_ws/install/bumperbot_msgs/lib/python3.12/site-packages/bumperbot_msgs/srv/_get_transform.py
[3.827s] -- Up-to-date symlink: /home/fahad/bumperbot_ws/install/bumperbot_msgs/lib/python3.12/site-packages/bumperbot_msgs/srv/_get_transform_s.c
[3.827s] -- Up-to-date symlink: /home/fahad/bumperbot_ws/install/bumperbot_msgs/lib/python3.12/site-packages/bumperbot_msgs/bumperbot_msgs_s__rosidl_typesupport_fastrtps_c.so
[3.827s] -- Up-to-date symlink: /home/fahad/bumperbot_ws/install/bumperbot_msgs/lib/python3.12/site-packages/bumperbot_msgs/bumperbot_msgs_s__rosidl_typesupport_introspection_c.so
[3.828s] -- Up-to-date symlink: /home/fahad/bumperbot_ws/install/bumperbot_msgs/lib/python3.12/site-packages/bumperbot_msgs/bumperbot_msgs_s__rosidl_typesupport_c.so
[3.828s] -- Up-to-date symlink: /home/fahad/bumperbot_ws/install/bumperbot_msgs/share/bumperbot_msgs/action/Fibonacci.idl
[3.828s] -- Up-to-date symlink: /home/fahad/bumperbot_ws/install/bumperbot_msgs/share/bumperbot_msgs/srv/AddTwoInts.idl
[3.828s] -- Up-to-date symlink: /home/fahad/bumperbot_ws/install/bumperbot_msgs/share/bumperbot_msgs/srv/GetTransform.idl
[3.828s] -- Up-to-date symlink: /home/fahad/bumperbot_ws/install/bumperbot_msgs/share/bumperbot_msgs/action/Fibonacci.action
[3.833s] -- Up-to-date symlink: /home/fahad/bumperbot_ws/install/bumperbot_msgs/share/bumperbot_msgs/srv/AddTwoInts.srv
[3.833s] -- Up-to-date symlink: /home/fahad/bumperbot_ws/install/bumperbot_msgs/share/bumperbot_msgs/srv/GetTransform.srv
[3.834s] -- Up-to-date symlink: /home/fahad/bumperbot_ws/install/bumperbot_msgs/share/ament_index/resource_index/package_run_dependencies/bumperbot_msgs
[3.834s] -- Up-to-date symlink: /home/fahad/bumperbot_ws/install/bumperbot_msgs/share/ament_index/resource_index/parent_prefix_path/bumperbot_msgs
[3.834s] -- Up-to-date symlink: /home/fahad/bumperbot_ws/install/bumperbot_msgs/share/bumperbot_msgs/environment/ament_prefix_path.sh
[3.834s] -- Up-to-date symlink: /home/fahad/bumperbot_ws/install/bumperbot_msgs/share/bumperbot_msgs/environment/ament_prefix_path.dsv
[3.834s] -- Up-to-date symlink: /home/fahad/bumperbot_ws/install/bumperbot_msgs/share/bumperbot_msgs/environment/path.sh
[3.835s] -- Up-to-date symlink: /home/fahad/bumperbot_ws/install/bumperbot_msgs/share/bumperbot_msgs/environment/path.dsv
[3.835s] -- Up-to-date symlink: /home/fahad/bumperbot_ws/install/bumperbot_msgs/share/bumperbot_msgs/local_setup.bash
[3.835s] -- Up-to-date symlink: /home/fahad/bumperbot_ws/install/bumperbot_msgs/share/bumperbot_msgs/local_setup.sh
[3.835s] -- Up-to-date symlink: /home/fahad/bumperbot_ws/install/bumperbot_msgs/share/bumperbot_msgs/local_setup.zsh
[3.835s] -- Up-to-date symlink: /home/fahad/bumperbot_ws/install/bumperbot_msgs/share/bumperbot_msgs/local_setup.dsv
[3.836s] -- Symlinking: /home/fahad/bumperbot_ws/install/bumperbot_msgs/share/bumperbot_msgs/package.dsv
[3.838s] -- Up-to-date symlink: /home/fahad/bumperbot_ws/install/bumperbot_msgs/share/ament_index/resource_index/packages/bumperbot_msgs
[3.840s] -- Up-to-date symlink: /home/fahad/bumperbot_ws/install/bumperbot_msgs/share/bumperbot_msgs/cmake/rosidl_cmake-extras.cmake
[3.841s] -- Up-to-date symlink: /home/fahad/bumperbot_ws/install/bumperbot_msgs/share/bumperbot_msgs/cmake/ament_cmake_export_dependencies-extras.cmake
[3.841s] -- Up-to-date symlink: /home/fahad/bumperbot_ws/install/bumperbot_msgs/share/bumperbot_msgs/cmake/ament_cmake_export_include_directories-extras.cmake
[3.841s] -- Up-to-date symlink: /home/fahad/bumperbot_ws/install/bumperbot_msgs/share/bumperbot_msgs/cmake/ament_cmake_export_libraries-extras.cmake
[3.841s] -- Up-to-date symlink: /home/fahad/bumperbot_ws/install/bumperbot_msgs/share/bumperbot_msgs/cmake/ament_cmake_export_targets-extras.cmake
[3.842s] -- Up-to-date symlink: /home/fahad/bumperbot_ws/install/bumperbot_msgs/share/bumperbot_msgs/cmake/rosidl_cmake_export_typesupport_targets-extras.cmake
[3.842s] -- Up-to-date symlink: /home/fahad/bumperbot_ws/install/bumperbot_msgs/share/bumperbot_msgs/cmake/rosidl_cmake_export_typesupport_libraries-extras.cmake
[3.845s] -- Up-to-date symlink: /home/fahad/bumperbot_ws/install/bumperbot_msgs/share/bumperbot_msgs/cmake/bumperbot_msgsConfig.cmake
[3.847s] -- Up-to-date symlink: /home/fahad/bumperbot_ws/install/bumperbot_msgs/share/bumperbot_msgs/cmake/bumperbot_msgsConfig-version.cmake
[3.848s] -- Up-to-date symlink: /home/fahad/bumperbot_ws/install/bumperbot_msgs/share/bumperbot_msgs/package.xml
[3.850s] -- Up-to-date: /home/fahad/bumperbot_ws/install/bumperbot_msgs/lib/libbumperbot_msgs__rosidl_generator_c.so
[3.853s] -- Up-to-date: /home/fahad/bumperbot_ws/install/bumperbot_msgs/lib/libbumperbot_msgs__rosidl_typesupport_fastrtps_c.so
[3.858s] -- Up-to-date: /home/fahad/bumperbot_ws/install/bumperbot_msgs/lib/libbumperbot_msgs__rosidl_typesupport_fastrtps_cpp.so
[3.864s] -- Up-to-date: /home/fahad/bumperbot_ws/install/bumperbot_msgs/lib/libbumperbot_msgs__rosidl_typesupport_introspection_c.so
[3.866s] -- Up-to-date: /home/fahad/bumperbot_ws/install/bumperbot_msgs/lib/libbumperbot_msgs__rosidl_typesupport_c.so
[3.870s] -- Up-to-date: /home/fahad/bumperbot_ws/install/bumperbot_msgs/lib/libbumperbot_msgs__rosidl_typesupport_introspection_cpp.so
[3.874s] -- Up-to-date: /home/fahad/bumperbot_ws/install/bumperbot_msgs/lib/libbumperbot_msgs__rosidl_typesupport_cpp.so
[4.044s] Listing '/home/fahad/bumperbot_ws/install/bumperbot_msgs/lib/python3.12/site-packages/bumperbot_msgs'...
[4.044s] Listing '/home/fahad/bumperbot_ws/install/bumperbot_msgs/lib/python3.12/site-packages/bumperbot_msgs/action'...
[4.044s] Listing '/home/fahad/bumperbot_ws/install/bumperbot_msgs/lib/python3.12/site-packages/bumperbot_msgs/srv'...
[4.072s] -- Up-to-date: /home/fahad/bumperbot_ws/install/bumperbot_msgs/lib/libbumperbot_msgs__rosidl_generator_py.so
[4.072s] -- Up-to-date: /home/fahad/bumperbot_ws/install/bumperbot_msgs/share/bumperbot_msgs/cmake/export_bumperbot_msgs__rosidl_generator_cExport.cmake
[4.078s] -- Up-to-date: /home/fahad/bumperbot_ws/install/bumperbot_msgs/share/bumperbot_msgs/cmake/export_bumperbot_msgs__rosidl_generator_cExport-noconfig.cmake
[4.082s] -- Up-to-date: /home/fahad/bumperbot_ws/install/bumperbot_msgs/share/bumperbot_msgs/cmake/export_bumperbot_msgs__rosidl_typesupport_fastrtps_cExport.cmake
[4.082s] -- Up-to-date: /home/fahad/bumperbot_ws/install/bumperbot_msgs/share/bumperbot_msgs/cmake/export_bumperbot_msgs__rosidl_typesupport_fastrtps_cExport-noconfig.cmake
[4.089s] -- Up-to-date: /home/fahad/bumperbot_ws/install/bumperbot_msgs/share/bumperbot_msgs/cmake/export_bumperbot_msgs__rosidl_generator_cppExport.cmake
[4.089s] -- Up-to-date: /home/fahad/bumperbot_ws/install/bumperbot_msgs/share/bumperbot_msgs/cmake/export_bumperbot_msgs__rosidl_typesupport_fastrtps_cppExport.cmake
[4.090s] -- Up-to-date: /home/fahad/bumperbot_ws/install/bumperbot_msgs/share/bumperbot_msgs/cmake/export_bumperbot_msgs__rosidl_typesupport_fastrtps_cppExport-noconfig.cmake
[4.090s] -- Up-to-date: /home/fahad/bumperbot_ws/install/bumperbot_msgs/share/bumperbot_msgs/cmake/bumperbot_msgs__rosidl_typesupport_introspection_cExport.cmake
[4.092s] -- Up-to-date: /home/fahad/bumperbot_ws/install/bumperbot_msgs/share/bumperbot_msgs/cmake/bumperbot_msgs__rosidl_typesupport_introspection_cExport-noconfig.cmake
[4.092s] -- Up-to-date: /home/fahad/bumperbot_ws/install/bumperbot_msgs/share/bumperbot_msgs/cmake/bumperbot_msgs__rosidl_typesupport_cExport.cmake
[4.093s] -- Up-to-date: /home/fahad/bumperbot_ws/install/bumperbot_msgs/share/bumperbot_msgs/cmake/bumperbot_msgs__rosidl_typesupport_cExport-noconfig.cmake
[4.099s] -- Up-to-date: /home/fahad/bumperbot_ws/install/bumperbot_msgs/share/bumperbot_msgs/cmake/bumperbot_msgs__rosidl_typesupport_introspection_cppExport.cmake
[4.101s] -- Up-to-date: /home/fahad/bumperbot_ws/install/bumperbot_msgs/share/bumperbot_msgs/cmake/bumperbot_msgs__rosidl_typesupport_introspection_cppExport-noconfig.cmake
[4.101s] -- Up-to-date: /home/fahad/bumperbot_ws/install/bumperbot_msgs/share/bumperbot_msgs/cmake/bumperbot_msgs__rosidl_typesupport_cppExport.cmake
[4.101s] -- Up-to-date: /home/fahad/bumperbot_ws/install/bumperbot_msgs/share/bumperbot_msgs/cmake/bumperbot_msgs__rosidl_typesupport_cppExport-noconfig.cmake
[4.103s] -- Up-to-date: /home/fahad/bumperbot_ws/install/bumperbot_msgs/share/bumperbot_msgs/cmake/export_bumperbot_msgs__rosidl_generator_pyExport.cmake
[4.103s] -- Up-to-date: /home/fahad/bumperbot_ws/install/bumperbot_msgs/share/bumperbot_msgs/cmake/export_bumperbot_msgs__rosidl_generator_pyExport-noconfig.cmake
[4.111s] Invoked command in '/home/fahad/bumperbot_ws/build/bumperbot_msgs' returned '0': CMAKE_PREFIX_PATH=${CMAKE_PREFIX_PATH}:/home/fahad/bumperbot_ws/install/room_grid_navigator:/home/fahad/bumperbot_ws/install/bumperbot_py_examples:/opt/ros/jazzy DEBUGINFOD_URLS=https://debuginfod.ubuntu.com /usr/bin/cmake --install /home/fahad/bumperbot_ws/build/bumperbot_msgs
