[0.341s] Invoking command in '/home/fahad/bumperbot_ws/build/bumperbot_navigation': AMENT_PREFIX_PATH=/home/fahad/bumperbot_ws/install/bumperbot_planning:${AMENT_PREFIX_PATH} CMAKE_PREFIX_PATH=/home/fahad/bumperbot_ws/install/bumperbot_planning:/opt/ros/jazzy/opt/gz_sim_vendor:/opt/ros/jazzy/opt/gz_sensors_vendor:/opt/ros/jazzy/opt/gz_physics_vendor:/opt/ros/jazzy/opt/sdformat_vendor:/opt/ros/jazzy/opt/gz_gui_vendor:/opt/ros/jazzy/opt/gz_transport_vendor:/opt/ros/jazzy/opt/gz_rendering_vendor:/opt/ros/jazzy/opt/gz_plugin_vendor:/opt/ros/jazzy/opt/gz_fuel_tools_vendor:/opt/ros/jazzy/opt/gz_msgs_vendor:/opt/ros/jazzy/opt/gz_common_vendor:/opt/ros/jazzy/opt/gz_math_vendor:/opt/ros/jazzy/opt/gz_utils_vendor:/opt/ros/jazzy/opt/gz_tools_vendor:/opt/ros/jazzy/opt/gz_ogre_next_vendor:/opt/ros/jazzy/opt/gz_dartsim_vendor:/opt/ros/jazzy/opt/gz_cmake_vendor:/opt/ros/jazzy DEBUGINFOD_URLS=https://debuginfod.ubuntu.com LD_LIBRARY_PATH=/home/fahad/bumperbot_ws/install/bumperbot_planning/lib:${LD_LIBRARY_PATH} PYTHONPATH=/home/fahad/bumperbot_ws/install/bumperbot_planning/lib/python3.12/site-packages:${PYTHONPATH} /usr/bin/cmake --build /home/fahad/bumperbot_ws/build/bumperbot_navigation -- -j8 -l8
[0.513s] Invoked command in '/home/fahad/bumperbot_ws/build/bumperbot_navigation' returned '0': AMENT_PREFIX_PATH=/home/fahad/bumperbot_ws/install/bumperbot_planning:${AMENT_PREFIX_PATH} CMAKE_PREFIX_PATH=/home/fahad/bumperbot_ws/install/bumperbot_planning:/opt/ros/jazzy/opt/gz_sim_vendor:/opt/ros/jazzy/opt/gz_sensors_vendor:/opt/ros/jazzy/opt/gz_physics_vendor:/opt/ros/jazzy/opt/sdformat_vendor:/opt/ros/jazzy/opt/gz_gui_vendor:/opt/ros/jazzy/opt/gz_transport_vendor:/opt/ros/jazzy/opt/gz_rendering_vendor:/opt/ros/jazzy/opt/gz_plugin_vendor:/opt/ros/jazzy/opt/gz_fuel_tools_vendor:/opt/ros/jazzy/opt/gz_msgs_vendor:/opt/ros/jazzy/opt/gz_common_vendor:/opt/ros/jazzy/opt/gz_math_vendor:/opt/ros/jazzy/opt/gz_utils_vendor:/opt/ros/jazzy/opt/gz_tools_vendor:/opt/ros/jazzy/opt/gz_ogre_next_vendor:/opt/ros/jazzy/opt/gz_dartsim_vendor:/opt/ros/jazzy/opt/gz_cmake_vendor:/opt/ros/jazzy DEBUGINFOD_URLS=https://debuginfod.ubuntu.com LD_LIBRARY_PATH=/home/fahad/bumperbot_ws/install/bumperbot_planning/lib:${LD_LIBRARY_PATH} PYTHONPATH=/home/fahad/bumperbot_ws/install/bumperbot_planning/lib/python3.12/site-packages:${PYTHONPATH} /usr/bin/cmake --build /home/fahad/bumperbot_ws/build/bumperbot_navigation -- -j8 -l8
[0.523s] Invoking command in '/home/fahad/bumperbot_ws/build/bumperbot_navigation': AMENT_PREFIX_PATH=/home/fahad/bumperbot_ws/install/bumperbot_planning:${AMENT_PREFIX_PATH} CMAKE_PREFIX_PATH=/home/fahad/bumperbot_ws/install/bumperbot_planning:/opt/ros/jazzy/opt/gz_sim_vendor:/opt/ros/jazzy/opt/gz_sensors_vendor:/opt/ros/jazzy/opt/gz_physics_vendor:/opt/ros/jazzy/opt/sdformat_vendor:/opt/ros/jazzy/opt/gz_gui_vendor:/opt/ros/jazzy/opt/gz_transport_vendor:/opt/ros/jazzy/opt/gz_rendering_vendor:/opt/ros/jazzy/opt/gz_plugin_vendor:/opt/ros/jazzy/opt/gz_fuel_tools_vendor:/opt/ros/jazzy/opt/gz_msgs_vendor:/opt/ros/jazzy/opt/gz_common_vendor:/opt/ros/jazzy/opt/gz_math_vendor:/opt/ros/jazzy/opt/gz_utils_vendor:/opt/ros/jazzy/opt/gz_tools_vendor:/opt/ros/jazzy/opt/gz_ogre_next_vendor:/opt/ros/jazzy/opt/gz_dartsim_vendor:/opt/ros/jazzy/opt/gz_cmake_vendor:/opt/ros/jazzy DEBUGINFOD_URLS=https://debuginfod.ubuntu.com LD_LIBRARY_PATH=/home/fahad/bumperbot_ws/install/bumperbot_planning/lib:${LD_LIBRARY_PATH} PYTHONPATH=/home/fahad/bumperbot_ws/install/bumperbot_planning/lib/python3.12/site-packages:${PYTHONPATH} /usr/bin/cmake --install /home/fahad/bumperbot_ws/build/bumperbot_navigation
[0.548s] -- Install configuration: ""
[0.550s] -- Execute custom install script
[0.553s] -- Up-to-date symlink: /home/fahad/bumperbot_ws/install/bumperbot_navigation/share/bumperbot_navigation/behavior_tree/simple_navigation.xml
[0.553s] -- Up-to-date symlink: /home/fahad/bumperbot_ws/install/bumperbot_navigation/share/bumperbot_navigation/behavior_tree/simple_navigation_w_replanning.xml
[0.556s] -- Up-to-date symlink: /home/fahad/bumperbot_ws/install/bumperbot_navigation/share/bumperbot_navigation/behavior_tree/simple_navigation_w_replanning_and_recovery.xml
[0.557s] -- Up-to-date symlink: /home/fahad/bumperbot_ws/install/bumperbot_navigation/share/bumperbot_navigation/config/behavior_server.yaml
[0.558s] -- Up-to-date symlink: /home/fahad/bumperbot_ws/install/bumperbot_navigation/share/bumperbot_navigation/config/bt_navigator.yaml
[0.561s] -- Up-to-date symlink: /home/fahad/bumperbot_ws/install/bumperbot_navigation/share/bumperbot_navigation/config/controller_server.yaml
[0.564s] -- Up-to-date symlink: /home/fahad/bumperbot_ws/install/bumperbot_navigation/share/bumperbot_navigation/config/costmap.yaml
[0.567s] -- Up-to-date symlink: /home/fahad/bumperbot_ws/install/bumperbot_navigation/share/bumperbot_navigation/config/planner_server.yaml
[0.569s] -- Up-to-date symlink: /home/fahad/bumperbot_ws/install/bumperbot_navigation/share/bumperbot_navigation/config/smoother_server.yaml
[0.569s] -- Up-to-date symlink: /home/fahad/bumperbot_ws/install/bumperbot_navigation/share/bumperbot_navigation/launch/navigation.launch.py
[0.572s] -- Up-to-date symlink: /home/fahad/bumperbot_ws/install/bumperbot_navigation/share/ament_index/resource_index/package_run_dependencies/bumperbot_navigation
[0.573s] -- Up-to-date symlink: /home/fahad/bumperbot_ws/install/bumperbot_navigation/share/ament_index/resource_index/parent_prefix_path/bumperbot_navigation
[0.579s] -- Up-to-date symlink: /home/fahad/bumperbot_ws/install/bumperbot_navigation/share/bumperbot_navigation/environment/ament_prefix_path.sh
[0.579s] -- Up-to-date symlink: /home/fahad/bumperbot_ws/install/bumperbot_navigation/share/bumperbot_navigation/environment/ament_prefix_path.dsv
[0.579s] -- Up-to-date symlink: /home/fahad/bumperbot_ws/install/bumperbot_navigation/share/bumperbot_navigation/environment/path.sh
[0.580s] -- Up-to-date symlink: /home/fahad/bumperbot_ws/install/bumperbot_navigation/share/bumperbot_navigation/environment/path.dsv
[0.580s] -- Up-to-date symlink: /home/fahad/bumperbot_ws/install/bumperbot_navigation/share/bumperbot_navigation/local_setup.bash
[0.581s] -- Up-to-date symlink: /home/fahad/bumperbot_ws/install/bumperbot_navigation/share/bumperbot_navigation/local_setup.sh
[0.582s] -- Up-to-date symlink: /home/fahad/bumperbot_ws/install/bumperbot_navigation/share/bumperbot_navigation/local_setup.zsh
[0.584s] -- Up-to-date symlink: /home/fahad/bumperbot_ws/install/bumperbot_navigation/share/bumperbot_navigation/local_setup.dsv
[0.584s] -- Symlinking: /home/fahad/bumperbot_ws/install/bumperbot_navigation/share/bumperbot_navigation/package.dsv
[0.614s] -- Up-to-date symlink: /home/fahad/bumperbot_ws/install/bumperbot_navigation/share/ament_index/resource_index/packages/bumperbot_navigation
[0.616s] -- Up-to-date symlink: /home/fahad/bumperbot_ws/install/bumperbot_navigation/share/bumperbot_navigation/cmake/bumperbot_navigationConfig.cmake
[0.621s] -- Up-to-date symlink: /home/fahad/bumperbot_ws/install/bumperbot_navigation/share/bumperbot_navigation/cmake/bumperbot_navigationConfig-version.cmake
[0.622s] -- Up-to-date symlink: /home/fahad/bumperbot_ws/install/bumperbot_navigation/share/bumperbot_navigation/package.xml
[0.641s] Invoked command in '/home/fahad/bumperbot_ws/build/bumperbot_navigation' returned '0': AMENT_PREFIX_PATH=/home/fahad/bumperbot_ws/install/bumperbot_planning:${AMENT_PREFIX_PATH} CMAKE_PREFIX_PATH=/home/fahad/bumperbot_ws/install/bumperbot_planning:/opt/ros/jazzy/opt/gz_sim_vendor:/opt/ros/jazzy/opt/gz_sensors_vendor:/opt/ros/jazzy/opt/gz_physics_vendor:/opt/ros/jazzy/opt/sdformat_vendor:/opt/ros/jazzy/opt/gz_gui_vendor:/opt/ros/jazzy/opt/gz_transport_vendor:/opt/ros/jazzy/opt/gz_rendering_vendor:/opt/ros/jazzy/opt/gz_plugin_vendor:/opt/ros/jazzy/opt/gz_fuel_tools_vendor:/opt/ros/jazzy/opt/gz_msgs_vendor:/opt/ros/jazzy/opt/gz_common_vendor:/opt/ros/jazzy/opt/gz_math_vendor:/opt/ros/jazzy/opt/gz_utils_vendor:/opt/ros/jazzy/opt/gz_tools_vendor:/opt/ros/jazzy/opt/gz_ogre_next_vendor:/opt/ros/jazzy/opt/gz_dartsim_vendor:/opt/ros/jazzy/opt/gz_cmake_vendor:/opt/ros/jazzy DEBUGINFOD_URLS=https://debuginfod.ubuntu.com LD_LIBRARY_PATH=/home/fahad/bumperbot_ws/install/bumperbot_planning/lib:${LD_LIBRARY_PATH} PYTHONPATH=/home/fahad/bumperbot_ws/install/bumperbot_planning/lib/python3.12/site-packages:${PYTHONPATH} /usr/bin/cmake --install /home/fahad/bumperbot_ws/build/bumperbot_navigation
