[0.059s] Invoking command in '/home/fahad/bumperbot_ws/build/bumperbot_planning': CMAKE_PREFIX_PATH=${CMAKE_PREFIX_PATH}:/home/fahad/bumperbot_ws/install/room_grid_navigator:/home/fahad/bumperbot_ws/install/bumperbot_py_examples:/opt/ros/jazzy DEBUGINFOD_URLS=https://debuginfod.ubuntu.com /usr/bin/cmake --build /home/fahad/bumperbot_ws/build/bumperbot_planning -- -j8 -l8
[0.810s] [  0%] Built target ament_cmake_python_symlink_bumperbot_planning
[0.810s] [ 50%] Built target a_star_planner
[0.811s] [100%] Built target dijkstra_planner
[1.063s] running egg_info
[1.129s] writing bumperbot_planning.egg-info/PKG-INFO
[1.130s] writing dependency_links to bumperbot_planning.egg-info/dependency_links.txt
[1.130s] writing top-level names to bumperbot_planning.egg-info/top_level.txt
[1.442s] reading manifest file 'bumperbot_planning.egg-info/SOURCES.txt'
[1.444s] writing manifest file 'bumperbot_planning.egg-info/SOURCES.txt'
[1.629s] [100%] Built target ament_cmake_python_build_bumperbot_planning_egg
[1.746s] Invoked command in '/home/fahad/bumperbot_ws/build/bumperbot_planning' returned '0': CMAKE_PREFIX_PATH=${CMAKE_PREFIX_PATH}:/home/fahad/bumperbot_ws/install/room_grid_navigator:/home/fahad/bumperbot_ws/install/bumperbot_py_examples:/opt/ros/jazzy DEBUGINFOD_URLS=https://debuginfod.ubuntu.com /usr/bin/cmake --build /home/fahad/bumperbot_ws/build/bumperbot_planning -- -j8 -l8
[1.750s] Invoking command in '/home/fahad/bumperbot_ws/build/bumperbot_planning': CMAKE_PREFIX_PATH=${CMAKE_PREFIX_PATH}:/home/fahad/bumperbot_ws/install/room_grid_navigator:/home/fahad/bumperbot_ws/install/bumperbot_py_examples:/opt/ros/jazzy DEBUGINFOD_URLS=https://debuginfod.ubuntu.com /usr/bin/cmake --install /home/fahad/bumperbot_ws/build/bumperbot_planning
[1.796s] -- Install configuration: ""
[1.796s] -- Execute custom install script
[1.796s] -- Up-to-date symlink: /home/fahad/bumperbot_ws/install/bumperbot_planning/share/bumperbot_planning/environment/pythonpath.sh
[1.797s] -- Up-to-date symlink: /home/fahad/bumperbot_ws/install/bumperbot_planning/share/bumperbot_planning/environment/pythonpath.dsv
[1.797s] -- Up-to-date symlink: /home/fahad/bumperbot_ws/install/bumperbot_planning/lib/python3.12/site-packages/bumperbot_planning-0.0.0-py3.12.egg-info/PKG-INFO
[1.797s] -- Up-to-date symlink: /home/fahad/bumperbot_ws/install/bumperbot_planning/lib/python3.12/site-packages/bumperbot_planning-0.0.0-py3.12.egg-info/SOURCES.txt
[1.797s] -- Up-to-date symlink: /home/fahad/bumperbot_ws/install/bumperbot_planning/lib/python3.12/site-packages/bumperbot_planning-0.0.0-py3.12.egg-info/dependency_links.txt
[1.798s] -- Up-to-date symlink: /home/fahad/bumperbot_ws/install/bumperbot_planning/lib/python3.12/site-packages/bumperbot_planning-0.0.0-py3.12.egg-info/top_level.txt
[1.800s] -- Up-to-date symlink: /home/fahad/bumperbot_ws/install/bumperbot_planning/lib/python3.12/site-packages/bumperbot_planning/__init__.py
[1.801s] -- Up-to-date symlink: /home/fahad/bumperbot_ws/install/bumperbot_planning/lib/python3.12/site-packages/bumperbot_planning/a_star_planner.py
[1.801s] -- Up-to-date symlink: /home/fahad/bumperbot_ws/install/bumperbot_planning/lib/python3.12/site-packages/bumperbot_planning/dijkstra_planner.py
[1.802s] -- Up-to-date symlink: /home/fahad/bumperbot_ws/install/bumperbot_planning/share/bumperbot_planning//global_planner_plugins.xml
[1.803s] -- Up-to-date symlink: /home/fahad/bumperbot_ws/install/bumperbot_planning/lib/libdijkstra_planner.so
[1.804s] -- Up-to-date symlink: /home/fahad/bumperbot_ws/install/bumperbot_planning/lib/liba_star_planner.so
[1.805s] -- Up-to-date symlink: /home/fahad/bumperbot_ws/install/bumperbot_planning/include/include/bumperbot_planning/a_star_planner.hpp
[1.808s] -- Up-to-date symlink: /home/fahad/bumperbot_ws/install/bumperbot_planning/include/include/bumperbot_planning/dijkstra_planner.hpp
[1.809s] -- Up-to-date symlink: /home/fahad/bumperbot_ws/install/bumperbot_planning/share/bumperbot_planning/global_planner_plugins.xml
[1.809s] -- Up-to-date symlink: /home/fahad/bumperbot_ws/install/bumperbot_planning/lib/bumperbot_planning/a_star_planner.py
[1.809s] -- Up-to-date symlink: /home/fahad/bumperbot_ws/install/bumperbot_planning/lib/bumperbot_planning/dijkstra_planner.py
[1.810s] -- Up-to-date symlink: /home/fahad/bumperbot_ws/install/bumperbot_planning/share/bumperbot_planning/environment/library_path.sh
[1.812s] -- Up-to-date symlink: /home/fahad/bumperbot_ws/install/bumperbot_planning/share/bumperbot_planning/environment/library_path.dsv
[1.813s] -- Up-to-date symlink: /home/fahad/bumperbot_ws/install/bumperbot_planning/share/ament_index/resource_index/package_run_dependencies/bumperbot_planning
[1.813s] -- Up-to-date symlink: /home/fahad/bumperbot_ws/install/bumperbot_planning/share/ament_index/resource_index/parent_prefix_path/bumperbot_planning
[1.818s] -- Up-to-date symlink: /home/fahad/bumperbot_ws/install/bumperbot_planning/share/bumperbot_planning/environment/ament_prefix_path.sh
[1.818s] -- Up-to-date symlink: /home/fahad/bumperbot_ws/install/bumperbot_planning/share/bumperbot_planning/environment/ament_prefix_path.dsv
[1.818s] -- Up-to-date symlink: /home/fahad/bumperbot_ws/install/bumperbot_planning/share/bumperbot_planning/environment/path.sh
[1.819s] -- Up-to-date symlink: /home/fahad/bumperbot_ws/install/bumperbot_planning/share/bumperbot_planning/environment/path.dsv
[1.819s] -- Up-to-date symlink: /home/fahad/bumperbot_ws/install/bumperbot_planning/share/bumperbot_planning/local_setup.bash
[1.819s] -- Up-to-date symlink: /home/fahad/bumperbot_ws/install/bumperbot_planning/share/bumperbot_planning/local_setup.sh
[1.819s] -- Up-to-date symlink: /home/fahad/bumperbot_ws/install/bumperbot_planning/share/bumperbot_planning/local_setup.zsh
[1.819s] -- Up-to-date symlink: /home/fahad/bumperbot_ws/install/bumperbot_planning/share/bumperbot_planning/local_setup.dsv
[1.820s] -- Symlinking: /home/fahad/bumperbot_ws/install/bumperbot_planning/share/bumperbot_planning/package.dsv
[1.823s] -- Up-to-date symlink: /home/fahad/bumperbot_ws/install/bumperbot_planning/share/ament_index/resource_index/packages/bumperbot_planning
[1.823s] -- Up-to-date symlink: /home/fahad/bumperbot_ws/install/bumperbot_planning/share/ament_index/resource_index/nav2_core__pluginlib__plugin/bumperbot_planning
[1.823s] -- Up-to-date symlink: /home/fahad/bumperbot_ws/install/bumperbot_planning/share/bumperbot_planning/cmake/ament_cmake_export_include_directories-extras.cmake
[1.824s] -- Up-to-date symlink: /home/fahad/bumperbot_ws/install/bumperbot_planning/share/bumperbot_planning/cmake/ament_cmake_export_libraries-extras.cmake
[1.824s] -- Up-to-date symlink: /home/fahad/bumperbot_ws/install/bumperbot_planning/share/bumperbot_planning/cmake/ament_cmake_export_dependencies-extras.cmake
[1.838s] -- Up-to-date symlink: /home/fahad/bumperbot_ws/install/bumperbot_planning/share/bumperbot_planning/cmake/bumperbot_planningConfig.cmake
[1.838s] -- Up-to-date symlink: /home/fahad/bumperbot_ws/install/bumperbot_planning/share/bumperbot_planning/cmake/bumperbot_planningConfig-version.cmake
[1.840s] -- Up-to-date symlink: /home/fahad/bumperbot_ws/install/bumperbot_planning/share/bumperbot_planning/package.xml
[1.849s] Listing '/home/fahad/bumperbot_ws/install/bumperbot_planning/lib/python3.12/site-packages/bumperbot_planning'...
[2.043s] Invoked command in '/home/fahad/bumperbot_ws/build/bumperbot_planning' returned '0': CMAKE_PREFIX_PATH=${CMAKE_PREFIX_PATH}:/home/fahad/bumperbot_ws/install/room_grid_navigator:/home/fahad/bumperbot_ws/install/bumperbot_py_examples:/opt/ros/jazzy DEBUGINFOD_URLS=https://debuginfod.ubuntu.com /usr/bin/cmake --install /home/fahad/bumperbot_ws/build/bumperbot_planning
