[5.400s] Invoking command in '/home/fahad/bumperbot_ws/src/room_grid_navigator': DEBUGINFOD_URLS=https://debuginfod.ubuntu.com PYTHONPATH=/home/fahad/bumperbot_ws/build/room_grid_navigator/prefix_override:/usr/lib/python3/dist-packages/colcon_core/task/python/colcon_distutils_commands:/home/fahad/bumperbot_ws/install/room_grid_navigator/lib/python3.12/site-packages:${PYTHONPATH} /usr/bin/python3 -W ignore:setup.py install is deprecated -W ignore:easy_install command is deprecated setup.py egg_info --egg-base ../../build/room_grid_navigator build --build-base /home/fahad/bumperbot_ws/build/room_grid_navigator/build install --record /home/fahad/bumperbot_ws/build/room_grid_navigator/install.log --single-version-externally-managed install_data
[6.425s] running egg_info
[6.508s] writing ../../build/room_grid_navigator/room_grid_navigator.egg-info/PKG-INFO
[6.510s] writing dependency_links to ../../build/room_grid_navigator/room_grid_navigator.egg-info/dependency_links.txt
[6.510s] writing entry points to ../../build/room_grid_navigator/room_grid_navigator.egg-info/entry_points.txt
[6.511s] writing requirements to ../../build/room_grid_navigator/room_grid_navigator.egg-info/requires.txt
[6.511s] writing top-level names to ../../build/room_grid_navigator/room_grid_navigator.egg-info/top_level.txt
[6.669s] reading manifest file '../../build/room_grid_navigator/room_grid_navigator.egg-info/SOURCES.txt'
[6.672s] writing manifest file '../../build/room_grid_navigator/room_grid_navigator.egg-info/SOURCES.txt'
[6.673s] running build
[6.673s] running build_py
[6.674s] running install
[6.688s] running install_lib
[6.751s] running install_data
[6.752s] running install_egg_info
[6.820s] removing '/home/fahad/bumperbot_ws/install/room_grid_navigator/lib/python3.12/site-packages/room_grid_navigator-0.0.0-py3.12.egg-info' (and everything under it)
[6.822s] Copying ../../build/room_grid_navigator/room_grid_navigator.egg-info to /home/fahad/bumperbot_ws/install/room_grid_navigator/lib/python3.12/site-packages/room_grid_navigator-0.0.0-py3.12.egg-info
[6.824s] running install_scripts
[7.210s] Installing room_grid_navigator script to /home/fahad/bumperbot_ws/install/room_grid_navigator/lib/room_grid_navigator
[7.210s] writing list of installed files to '/home/fahad/bumperbot_ws/build/room_grid_navigator/install.log'
[7.288s] Invoked command in '/home/fahad/bumperbot_ws/src/room_grid_navigator' returned '0': DEBUGINFOD_URLS=https://debuginfod.ubuntu.com PYTHONPATH=/home/fahad/bumperbot_ws/build/room_grid_navigator/prefix_override:/usr/lib/python3/dist-packages/colcon_core/task/python/colcon_distutils_commands:/home/fahad/bumperbot_ws/install/room_grid_navigator/lib/python3.12/site-packages:${PYTHONPATH} /usr/bin/python3 -W ignore:setup.py install is deprecated -W ignore:easy_install command is deprecated setup.py egg_info --egg-base ../../build/room_grid_navigator build --build-base /home/fahad/bumperbot_ws/build/room_grid_navigator/build install --record /home/fahad/bumperbot_ws/build/room_grid_navigator/install.log --single-version-externally-managed install_data
