[0.073s] Invoking command in '/home/fahad/bumperbot_ws/build/bumperbot_planning': CMAKE_PREFIX_PATH=${CMAKE_PREFIX_PATH}:/home/fahad/bumperbot_ws/install/room_grid_navigator:/home/fahad/bumperbot_ws/install/bumperbot_py_examples:/opt/ros/jazzy DEBUGINFOD_URLS=https://debuginfod.ubuntu.com /usr/bin/cmake --build /home/fahad/bumperbot_ws/build/bumperbot_planning -- -j8 -l8
[1.062s] [ 50%] Built target dijkstra_planner
[1.062s] [ 50%] Built target ament_cmake_python_symlink_bumperbot_planning
[1.063s] [100%] Built target a_star_planner
[1.248s] running egg_info
[1.313s] writing bumperbot_planning.egg-info/PKG-INFO
[1.315s] writing dependency_links to bumperbot_planning.egg-info/dependency_links.txt
[1.316s] writing top-level names to bumperbot_planning.egg-info/top_level.txt
[1.528s] reading manifest file 'bumperbot_planning.egg-info/SOURCES.txt'
[1.529s] writing manifest file 'bumperbot_planning.egg-info/SOURCES.txt'
[1.622s] [100%] Built target ament_cmake_python_build_bumperbot_planning_egg
[1.684s] Invoked command in '/home/fahad/bumperbot_ws/build/bumperbot_planning' returned '0': CMAKE_PREFIX_PATH=${CMAKE_PREFIX_PATH}:/home/fahad/bumperbot_ws/install/room_grid_navigator:/home/fahad/bumperbot_ws/install/bumperbot_py_examples:/opt/ros/jazzy DEBUGINFOD_URLS=https://debuginfod.ubuntu.com /usr/bin/cmake --build /home/fahad/bumperbot_ws/build/bumperbot_planning -- -j8 -l8
[1.687s] Invoking command in '/home/fahad/bumperbot_ws/build/bumperbot_planning': CMAKE_PREFIX_PATH=${CMAKE_PREFIX_PATH}:/home/fahad/bumperbot_ws/install/room_grid_navigator:/home/fahad/bumperbot_ws/install/bumperbot_py_examples:/opt/ros/jazzy DEBUGINFOD_URLS=https://debuginfod.ubuntu.com /usr/bin/cmake --install /home/fahad/bumperbot_ws/build/bumperbot_planning
[1.716s] -- Install configuration: ""
[1.720s] -- Execute custom install script
[1.720s] -- Up-to-date symlink: /home/fahad/bumperbot_ws/install/bumperbot_planning/share/bumperbot_planning/environment/pythonpath.sh
[1.721s] -- Up-to-date symlink: /home/fahad/bumperbot_ws/install/bumperbot_planning/share/bumperbot_planning/environment/pythonpath.dsv
[1.725s] -- Up-to-date symlink: /home/fahad/bumperbot_ws/install/bumperbot_planning/lib/python3.12/site-packages/bumperbot_planning-0.0.0-py3.12.egg-info/PKG-INFO
[1.726s] -- Up-to-date symlink: /home/fahad/bumperbot_ws/install/bumperbot_planning/lib/python3.12/site-packages/bumperbot_planning-0.0.0-py3.12.egg-info/SOURCES.txt
[1.729s] -- Up-to-date symlink: /home/fahad/bumperbot_ws/install/bumperbot_planning/lib/python3.12/site-packages/bumperbot_planning-0.0.0-py3.12.egg-info/dependency_links.txt
[1.730s] -- Up-to-date symlink: /home/fahad/bumperbot_ws/install/bumperbot_planning/lib/python3.12/site-packages/bumperbot_planning-0.0.0-py3.12.egg-info/top_level.txt
[1.732s] -- Up-to-date symlink: /home/fahad/bumperbot_ws/install/bumperbot_planning/lib/python3.12/site-packages/bumperbot_planning/__init__.py
[1.732s] -- Up-to-date symlink: /home/fahad/bumperbot_ws/install/bumperbot_planning/lib/python3.12/site-packages/bumperbot_planning/a_star_planner.py
[1.733s] -- Up-to-date symlink: /home/fahad/bumperbot_ws/install/bumperbot_planning/lib/python3.12/site-packages/bumperbot_planning/dijkstra_planner.py
[1.733s] -- Up-to-date symlink: /home/fahad/bumperbot_ws/install/bumperbot_planning/share/bumperbot_planning//global_planner_plugins.xml
[1.734s] -- Up-to-date symlink: /home/fahad/bumperbot_ws/install/bumperbot_planning/lib/libdijkstra_planner.so
[1.734s] -- Up-to-date symlink: /home/fahad/bumperbot_ws/install/bumperbot_planning/lib/liba_star_planner.so
[1.741s] -- Up-to-date symlink: /home/fahad/bumperbot_ws/install/bumperbot_planning/include/include/bumperbot_planning/a_star_planner.hpp
[1.742s] -- Up-to-date symlink: /home/fahad/bumperbot_ws/install/bumperbot_planning/include/include/bumperbot_planning/dijkstra_planner.hpp
[1.743s] -- Up-to-date symlink: /home/fahad/bumperbot_ws/install/bumperbot_planning/share/bumperbot_planning/global_planner_plugins.xml
[1.743s] -- Up-to-date symlink: /home/fahad/bumperbot_ws/install/bumperbot_planning/lib/bumperbot_planning/a_star_planner.py
[1.743s] -- Up-to-date symlink: /home/fahad/bumperbot_ws/install/bumperbot_planning/lib/bumperbot_planning/dijkstra_planner.py
[1.743s] -- Up-to-date symlink: /home/fahad/bumperbot_ws/install/bumperbot_planning/share/bumperbot_planning/environment/library_path.sh
[1.744s] -- Up-to-date symlink: /home/fahad/bumperbot_ws/install/bumperbot_planning/share/bumperbot_planning/environment/library_path.dsv
[1.744s] -- Up-to-date symlink: /home/fahad/bumperbot_ws/install/bumperbot_planning/share/ament_index/resource_index/package_run_dependencies/bumperbot_planning
[1.744s] -- Up-to-date symlink: /home/fahad/bumperbot_ws/install/bumperbot_planning/share/ament_index/resource_index/parent_prefix_path/bumperbot_planning
[1.745s] -- Up-to-date symlink: /home/fahad/bumperbot_ws/install/bumperbot_planning/share/bumperbot_planning/environment/ament_prefix_path.sh
[1.747s] -- Up-to-date symlink: /home/fahad/bumperbot_ws/install/bumperbot_planning/share/bumperbot_planning/environment/ament_prefix_path.dsv
[1.747s] -- Up-to-date symlink: /home/fahad/bumperbot_ws/install/bumperbot_planning/share/bumperbot_planning/environment/path.sh
[1.747s] -- Up-to-date symlink: /home/fahad/bumperbot_ws/install/bumperbot_planning/share/bumperbot_planning/environment/path.dsv
[1.747s] -- Up-to-date symlink: /home/fahad/bumperbot_ws/install/bumperbot_planning/share/bumperbot_planning/local_setup.bash
[1.748s] -- Up-to-date symlink: /home/fahad/bumperbot_ws/install/bumperbot_planning/share/bumperbot_planning/local_setup.sh
[1.748s] -- Up-to-date symlink: /home/fahad/bumperbot_ws/install/bumperbot_planning/share/bumperbot_planning/local_setup.zsh
[1.748s] -- Up-to-date symlink: /home/fahad/bumperbot_ws/install/bumperbot_planning/share/bumperbot_planning/local_setup.dsv
[1.748s] -- Symlinking: /home/fahad/bumperbot_ws/install/bumperbot_planning/share/bumperbot_planning/package.dsv
[1.842s] -- Up-to-date symlink: /home/fahad/bumperbot_ws/install/bumperbot_planning/share/ament_index/resource_index/packages/bumperbot_planning
[1.842s] -- Up-to-date symlink: /home/fahad/bumperbot_ws/install/bumperbot_planning/share/ament_index/resource_index/nav2_core__pluginlib__plugin/bumperbot_planning
[1.843s] -- Up-to-date symlink: /home/fahad/bumperbot_ws/install/bumperbot_planning/share/bumperbot_planning/cmake/ament_cmake_export_include_directories-extras.cmake
[1.847s] -- Up-to-date symlink: /home/fahad/bumperbot_ws/install/bumperbot_planning/share/bumperbot_planning/cmake/ament_cmake_export_libraries-extras.cmake
[1.848s] -- Up-to-date symlink: /home/fahad/bumperbot_ws/install/bumperbot_planning/share/bumperbot_planning/cmake/ament_cmake_export_dependencies-extras.cmake
[1.850s] -- Up-to-date symlink: /home/fahad/bumperbot_ws/install/bumperbot_planning/share/bumperbot_planning/cmake/bumperbot_planningConfig.cmake
[1.850s] -- Up-to-date symlink: /home/fahad/bumperbot_ws/install/bumperbot_planning/share/bumperbot_planning/cmake/bumperbot_planningConfig-version.cmake
[1.857s] -- Up-to-date symlink: /home/fahad/bumperbot_ws/install/bumperbot_planning/share/bumperbot_planning/package.xml
[2.050s] Listing '/home/fahad/bumperbot_ws/install/bumperbot_planning/lib/python3.12/site-packages/bumperbot_planning'...
[2.073s] Invoked command in '/home/fahad/bumperbot_ws/build/bumperbot_planning' returned '0': CMAKE_PREFIX_PATH=${CMAKE_PREFIX_PATH}:/home/fahad/bumperbot_ws/install/room_grid_navigator:/home/fahad/bumperbot_ws/install/bumperbot_py_examples:/opt/ros/jazzy DEBUGINFOD_URLS=https://debuginfod.ubuntu.com /usr/bin/cmake --install /home/fahad/bumperbot_ws/build/bumperbot_planning
