[10.952s] Invoking command in '/home/fahad/bumperbot_ws/src/room_grid_navigator': DEBUGINFOD_URLS=https://debuginfod.ubuntu.com PYTHONPATH=/home/fahad/bumperbot_ws/src/build/room_grid_navigator/prefix_override:/usr/lib/python3/dist-packages/colcon_core/task/python/colcon_distutils_commands:/home/fahad/bumperbot_ws/src/install/room_grid_navigator/lib/python3.12/site-packages:${PYTHONPATH} /usr/bin/python3 -W ignore:setup.py install is deprecated -W ignore:easy_install command is deprecated setup.py egg_info --egg-base ../build/room_grid_navigator build --build-base /home/fahad/bumperbot_ws/src/build/room_grid_navigator/build install --record /home/fahad/bumperbot_ws/src/build/room_grid_navigator/install.log --single-version-externally-managed install_data
[12.696s] running egg_info
[12.696s] creating ../build/room_grid_navigator/room_grid_navigator.egg-info
[12.794s] writing ../build/room_grid_navigator/room_grid_navigator.egg-info/PKG-INFO
[12.799s] writing dependency_links to ../build/room_grid_navigator/room_grid_navigator.egg-info/dependency_links.txt
[12.800s] writing entry points to ../build/room_grid_navigator/room_grid_navigator.egg-info/entry_points.txt
[12.800s] writing requirements to ../build/room_grid_navigator/room_grid_navigator.egg-info/requires.txt
[12.800s] writing top-level names to ../build/room_grid_navigator/room_grid_navigator.egg-info/top_level.txt
[12.800s] writing manifest file '../build/room_grid_navigator/room_grid_navigator.egg-info/SOURCES.txt'
[13.060s] reading manifest file '../build/room_grid_navigator/room_grid_navigator.egg-info/SOURCES.txt'
[13.065s] writing manifest file '../build/room_grid_navigator/room_grid_navigator.egg-info/SOURCES.txt'
[13.066s] running build
[13.067s] running build_py
[13.068s] creating /home/fahad/bumperbot_ws/src/build/room_grid_navigator/build
[13.074s] creating /home/fahad/bumperbot_ws/src/build/room_grid_navigator/build/lib
[13.075s] creating /home/fahad/bumperbot_ws/src/build/room_grid_navigator/build/lib/room_grid_navigator
[13.075s] copying room_grid_navigator/__init__.py -> /home/fahad/bumperbot_ws/src/build/room_grid_navigator/build/lib/room_grid_navigator
[13.075s] copying room_grid_navigator/room_grid_navigator.py -> /home/fahad/bumperbot_ws/src/build/room_grid_navigator/build/lib/room_grid_navigator
[13.076s] running install
[13.110s] running install_lib
[13.240s] creating /home/fahad/bumperbot_ws/src/install/room_grid_navigator/lib/python3.12/site-packages/room_grid_navigator
[13.241s] copying /home/fahad/bumperbot_ws/src/build/room_grid_navigator/build/lib/room_grid_navigator/__init__.py -> /home/fahad/bumperbot_ws/src/install/room_grid_navigator/lib/python3.12/site-packages/room_grid_navigator
[13.243s] copying /home/fahad/bumperbot_ws/src/build/room_grid_navigator/build/lib/room_grid_navigator/room_grid_navigator.py -> /home/fahad/bumperbot_ws/src/install/room_grid_navigator/lib/python3.12/site-packages/room_grid_navigator
[13.244s] byte-compiling /home/fahad/bumperbot_ws/src/install/room_grid_navigator/lib/python3.12/site-packages/room_grid_navigator/__init__.py to __init__.cpython-312.pyc
[13.248s] byte-compiling /home/fahad/bumperbot_ws/src/install/room_grid_navigator/lib/python3.12/site-packages/room_grid_navigator/room_grid_navigator.py to room_grid_navigator.cpython-312.pyc
[13.256s] running install_data
[13.259s] creating /home/fahad/bumperbot_ws/src/install/room_grid_navigator/share/ament_index
[13.262s] creating /home/fahad/bumperbot_ws/src/install/room_grid_navigator/share/ament_index/resource_index
[13.267s] creating /home/fahad/bumperbot_ws/src/install/room_grid_navigator/share/ament_index/resource_index/packages
[13.268s] copying resource/room_grid_navigator -> /home/fahad/bumperbot_ws/src/install/room_grid_navigator/share/ament_index/resource_index/packages
[13.269s] copying package.xml -> /home/fahad/bumperbot_ws/src/install/room_grid_navigator/share/room_grid_navigator
[13.270s] running install_egg_info
[13.400s] Copying ../build/room_grid_navigator/room_grid_navigator.egg-info to /home/fahad/bumperbot_ws/src/install/room_grid_navigator/lib/python3.12/site-packages/room_grid_navigator-0.0.0-py3.12.egg-info
[13.408s] running install_scripts
[14.332s] Installing room_grid_navigator script to /home/fahad/bumperbot_ws/src/install/room_grid_navigator/lib/room_grid_navigator
[14.332s] writing list of installed files to '/home/fahad/bumperbot_ws/src/build/room_grid_navigator/install.log'
[14.467s] Invoked command in '/home/fahad/bumperbot_ws/src/room_grid_navigator' returned '0': DEBUGINFOD_URLS=https://debuginfod.ubuntu.com PYTHONPATH=/home/fahad/bumperbot_ws/src/build/room_grid_navigator/prefix_override:/usr/lib/python3/dist-packages/colcon_core/task/python/colcon_distutils_commands:/home/fahad/bumperbot_ws/src/install/room_grid_navigator/lib/python3.12/site-packages:${PYTHONPATH} /usr/bin/python3 -W ignore:setup.py install is deprecated -W ignore:easy_install command is deprecated setup.py egg_info --egg-base ../build/room_grid_navigator build --build-base /home/fahad/bumperbot_ws/src/build/room_grid_navigator/build install --record /home/fahad/bumperbot_ws/src/build/room_grid_navigator/install.log --single-version-externally-managed install_data
