[0.073s] Invoking command in '/home/fahad/bumperbot_ws/build/bumperbot_mapping': CMAKE_PREFIX_PATH=${CMAKE_PREFIX_PATH}:/home/fahad/bumperbot_ws/install/room_grid_navigator:/home/fahad/bumperbot_ws/install/bumperbot_py_examples:/opt/ros/jazzy DEBUGINFOD_URLS=https://debuginfod.ubuntu.com /usr/bin/cmake --build /home/fahad/bumperbot_ws/build/bumperbot_mapping -- -j8 -l8
[0.388s] [100%] Built target mapping_with_known_poses
[0.450s] [100%] Built target ament_cmake_python_symlink_bumperbot_mapping
[1.216s] running egg_info
[1.280s] writing bumperbot_mapping.egg-info/PKG-INFO
[1.283s] writing dependency_links to bumperbot_mapping.egg-info/dependency_links.txt
[1.283s] writing top-level names to bumperbot_mapping.egg-info/top_level.txt
[1.592s] reading manifest file 'bumperbot_mapping.egg-info/SOURCES.txt'
[1.592s] writing manifest file 'bumperbot_mapping.egg-info/SOURCES.txt'
[1.819s] [100%] Built target ament_cmake_python_build_bumperbot_mapping_egg
[1.950s] Invoked command in '/home/fahad/bumperbot_ws/build/bumperbot_mapping' returned '0': CMAKE_PREFIX_PATH=${CMAKE_PREFIX_PATH}:/home/fahad/bumperbot_ws/install/room_grid_navigator:/home/fahad/bumperbot_ws/install/bumperbot_py_examples:/opt/ros/jazzy DEBUGINFOD_URLS=https://debuginfod.ubuntu.com /usr/bin/cmake --build /home/fahad/bumperbot_ws/build/bumperbot_mapping -- -j8 -l8
[1.953s] Invoking command in '/home/fahad/bumperbot_ws/build/bumperbot_mapping': CMAKE_PREFIX_PATH=${CMAKE_PREFIX_PATH}:/home/fahad/bumperbot_ws/install/room_grid_navigator:/home/fahad/bumperbot_ws/install/bumperbot_py_examples:/opt/ros/jazzy DEBUGINFOD_URLS=https://debuginfod.ubuntu.com /usr/bin/cmake --install /home/fahad/bumperbot_ws/build/bumperbot_mapping
[1.966s] -- Install configuration: ""
[1.967s] -- Execute custom install script
[1.967s] -- Up-to-date symlink: /home/fahad/bumperbot_ws/install/bumperbot_mapping/share/bumperbot_mapping/environment/pythonpath.sh
[1.967s] -- Up-to-date symlink: /home/fahad/bumperbot_ws/install/bumperbot_mapping/share/bumperbot_mapping/environment/pythonpath.dsv
[1.968s] -- Up-to-date symlink: /home/fahad/bumperbot_ws/install/bumperbot_mapping/lib/python3.12/site-packages/bumperbot_mapping-0.0.0-py3.12.egg-info/PKG-INFO
[1.968s] -- Up-to-date symlink: /home/fahad/bumperbot_ws/install/bumperbot_mapping/lib/python3.12/site-packages/bumperbot_mapping-0.0.0-py3.12.egg-info/SOURCES.txt
[1.969s] -- Up-to-date symlink: /home/fahad/bumperbot_ws/install/bumperbot_mapping/lib/python3.12/site-packages/bumperbot_mapping-0.0.0-py3.12.egg-info/dependency_links.txt
[1.969s] -- Up-to-date symlink: /home/fahad/bumperbot_ws/install/bumperbot_mapping/lib/python3.12/site-packages/bumperbot_mapping-0.0.0-py3.12.egg-info/top_level.txt
[1.969s] -- Up-to-date symlink: /home/fahad/bumperbot_ws/install/bumperbot_mapping/lib/python3.12/site-packages/bumperbot_mapping/__init__.py
[1.969s] -- Up-to-date symlink: /home/fahad/bumperbot_ws/install/bumperbot_mapping/lib/python3.12/site-packages/bumperbot_mapping/mapping_with_known_poses.py
[1.970s] -- Up-to-date symlink: /home/fahad/bumperbot_ws/install/bumperbot_mapping/include/include/bumperbot_mapping/mapping_with_known_poses.hpp
[1.970s] -- Up-to-date symlink: /home/fahad/bumperbot_ws/install/bumperbot_mapping/lib/bumperbot_mapping/mapping_with_known_poses
[1.970s] -- Up-to-date symlink: /home/fahad/bumperbot_ws/install/bumperbot_mapping/share/bumperbot_mapping/config/slam_toolbox.yaml
[1.971s] -- Up-to-date symlink: /home/fahad/bumperbot_ws/install/bumperbot_mapping/share/bumperbot_mapping/launch/slam.launch.py
[1.971s] -- Up-to-date symlink: /home/fahad/bumperbot_ws/install/bumperbot_mapping/share/bumperbot_mapping/maps/map.pgm
[1.971s] -- Up-to-date symlink: /home/fahad/bumperbot_ws/install/bumperbot_mapping/share/bumperbot_mapping/maps/small_house (Copy)/map.pgm
[1.972s] -- Up-to-date symlink: /home/fahad/bumperbot_ws/install/bumperbot_mapping/share/bumperbot_mapping/maps/small_house (Copy)/map.yaml
[1.972s] -- Up-to-date symlink: /home/fahad/bumperbot_ws/install/bumperbot_mapping/share/bumperbot_mapping/maps/small_house/map.pgm
[1.972s] -- Up-to-date symlink: /home/fahad/bumperbot_ws/install/bumperbot_mapping/share/bumperbot_mapping/maps/small_house/map.yaml
[1.972s] -- Up-to-date symlink: /home/fahad/bumperbot_ws/install/bumperbot_mapping/share/bumperbot_mapping/maps/small_warehouse/map.pgm
[1.973s] -- Up-to-date symlink: /home/fahad/bumperbot_ws/install/bumperbot_mapping/share/bumperbot_mapping/maps/small_warehouse/map.yaml
[1.973s] -- Up-to-date symlink: /home/fahad/bumperbot_ws/install/bumperbot_mapping/share/bumperbot_mapping/maps/vincent_house/map.pgm
[1.974s] -- Up-to-date symlink: /home/fahad/bumperbot_ws/install/bumperbot_mapping/share/bumperbot_mapping/maps/vincent_house/map.yaml
[1.974s] -- Up-to-date symlink: /home/fahad/bumperbot_ws/install/bumperbot_mapping/share/bumperbot_mapping/maps/vincent_house/temp/map.pgm
[1.974s] -- Up-to-date symlink: /home/fahad/bumperbot_ws/install/bumperbot_mapping/share/bumperbot_mapping/maps/vincent_house/temp/vincent_house.yaml
[1.975s] -- Up-to-date symlink: /home/fahad/bumperbot_ws/install/bumperbot_mapping/share/bumperbot_mapping/rviz/slam.rviz
[1.975s] -- Up-to-date symlink: /home/fahad/bumperbot_ws/install/bumperbot_mapping/lib/bumperbot_mapping/mapping_with_known_poses.py
[1.975s] -- Up-to-date symlink: /home/fahad/bumperbot_ws/install/bumperbot_mapping/share/ament_index/resource_index/package_run_dependencies/bumperbot_mapping
[1.976s] -- Up-to-date symlink: /home/fahad/bumperbot_ws/install/bumperbot_mapping/share/ament_index/resource_index/parent_prefix_path/bumperbot_mapping
[1.976s] -- Up-to-date symlink: /home/fahad/bumperbot_ws/install/bumperbot_mapping/share/bumperbot_mapping/environment/ament_prefix_path.sh
[1.976s] -- Up-to-date symlink: /home/fahad/bumperbot_ws/install/bumperbot_mapping/share/bumperbot_mapping/environment/ament_prefix_path.dsv
[1.977s] -- Up-to-date symlink: /home/fahad/bumperbot_ws/install/bumperbot_mapping/share/bumperbot_mapping/environment/path.sh
[1.977s] -- Up-to-date symlink: /home/fahad/bumperbot_ws/install/bumperbot_mapping/share/bumperbot_mapping/environment/path.dsv
[1.978s] -- Up-to-date symlink: /home/fahad/bumperbot_ws/install/bumperbot_mapping/share/bumperbot_mapping/local_setup.bash
[1.979s] -- Up-to-date symlink: /home/fahad/bumperbot_ws/install/bumperbot_mapping/share/bumperbot_mapping/local_setup.sh
[1.980s] -- Up-to-date symlink: /home/fahad/bumperbot_ws/install/bumperbot_mapping/share/bumperbot_mapping/local_setup.zsh
[1.980s] -- Up-to-date symlink: /home/fahad/bumperbot_ws/install/bumperbot_mapping/share/bumperbot_mapping/local_setup.dsv
[1.980s] -- Symlinking: /home/fahad/bumperbot_ws/install/bumperbot_mapping/share/bumperbot_mapping/package.dsv
[1.981s] -- Up-to-date symlink: /home/fahad/bumperbot_ws/install/bumperbot_mapping/share/ament_index/resource_index/packages/bumperbot_mapping
[1.981s] -- Up-to-date symlink: /home/fahad/bumperbot_ws/install/bumperbot_mapping/share/bumperbot_mapping/cmake/bumperbot_mappingConfig.cmake
[1.981s] -- Up-to-date symlink: /home/fahad/bumperbot_ws/install/bumperbot_mapping/share/bumperbot_mapping/cmake/bumperbot_mappingConfig-version.cmake
[1.981s] -- Up-to-date symlink: /home/fahad/bumperbot_ws/install/bumperbot_mapping/share/bumperbot_mapping/package.xml
[1.985s] Listing '/home/fahad/bumperbot_ws/install/bumperbot_mapping/lib/python3.12/site-packages/bumperbot_mapping'...
[2.211s] Invoked command in '/home/fahad/bumperbot_ws/build/bumperbot_mapping' returned '0': CMAKE_PREFIX_PATH=${CMAKE_PREFIX_PATH}:/home/fahad/bumperbot_ws/install/room_grid_navigator:/home/fahad/bumperbot_ws/install/bumperbot_py_examples:/opt/ros/jazzy DEBUGINFOD_URLS=https://debuginfod.ubuntu.com /usr/bin/cmake --install /home/fahad/bumperbot_ws/build/bumperbot_mapping
