[3.426s] Invoking command in '/home/fahad/bumperbot_ws/src/room_grid_navigator': DEBUGINFOD_URLS=https://debuginfod.ubuntu.com PYTHONPATH=/home/fahad/bumperbot_ws/build/room_grid_navigator/prefix_override:/usr/lib/python3/dist-packages/colcon_core/task/python/colcon_distutils_commands:/home/fahad/bumperbot_ws/install/room_grid_navigator/lib/python3.12/site-packages:${PYTHONPATH} /usr/bin/python3 -W ignore:setup.py install is deprecated -W ignore:easy_install command is deprecated setup.py egg_info --egg-base ../../build/room_grid_navigator build --build-base /home/fahad/bumperbot_ws/build/room_grid_navigator/build install --record /home/fahad/bumperbot_ws/build/room_grid_navigator/install.log --single-version-externally-managed install_data
[4.100s] running egg_info
[4.157s] writing ../../build/room_grid_navigator/room_grid_navigator.egg-info/PKG-INFO
[4.158s] writing dependency_links to ../../build/room_grid_navigator/room_grid_navigator.egg-info/dependency_links.txt
[4.159s] writing entry points to ../../build/room_grid_navigator/room_grid_navigator.egg-info/entry_points.txt
[4.160s] writing requirements to ../../build/room_grid_navigator/room_grid_navigator.egg-info/requires.txt
[4.160s] writing top-level names to ../../build/room_grid_navigator/room_grid_navigator.egg-info/top_level.txt
[4.259s] reading manifest file '../../build/room_grid_navigator/room_grid_navigator.egg-info/SOURCES.txt'
[4.261s] writing manifest file '../../build/room_grid_navigator/room_grid_navigator.egg-info/SOURCES.txt'
[4.261s] running build
[4.262s] running build_py
[4.262s] running install
[4.277s] running install_lib
[4.333s] running install_data
[4.334s] running install_egg_info
[4.379s] removing '/home/fahad/bumperbot_ws/install/room_grid_navigator/lib/python3.12/site-packages/room_grid_navigator-0.0.0-py3.12.egg-info' (and everything under it)
[4.379s] Copying ../../build/room_grid_navigator/room_grid_navigator.egg-info to /home/fahad/bumperbot_ws/install/room_grid_navigator/lib/python3.12/site-packages/room_grid_navigator-0.0.0-py3.12.egg-info
[4.380s] running install_scripts
[4.701s] Installing room_grid_navigator script to /home/fahad/bumperbot_ws/install/room_grid_navigator/lib/room_grid_navigator
[4.701s] writing list of installed files to '/home/fahad/bumperbot_ws/build/room_grid_navigator/install.log'
[4.757s] Invoked command in '/home/fahad/bumperbot_ws/src/room_grid_navigator' returned '0': DEBUGINFOD_URLS=https://debuginfod.ubuntu.com PYTHONPATH=/home/fahad/bumperbot_ws/build/room_grid_navigator/prefix_override:/usr/lib/python3/dist-packages/colcon_core/task/python/colcon_distutils_commands:/home/fahad/bumperbot_ws/install/room_grid_navigator/lib/python3.12/site-packages:${PYTHONPATH} /usr/bin/python3 -W ignore:setup.py install is deprecated -W ignore:easy_install command is deprecated setup.py egg_info --egg-base ../../build/room_grid_navigator build --build-base /home/fahad/bumperbot_ws/build/room_grid_navigator/build install --record /home/fahad/bumperbot_ws/build/room_grid_navigator/install.log --single-version-externally-managed install_data
