[0.169s] Invoking command in '/home/fahad/bumperbot_ws/build/bumperbot_motion': CMAKE_PREFIX_PATH=${CMAKE_PREFIX_PATH}:/home/fahad/bumperbot_ws/install/bumperbot_py_examples:/opt/ros/jazzy DEBUGINFOD_URLS=https://debuginfod.ubuntu.com /usr/bin/cmake --build /home/fahad/bumperbot_ws/build/bumperbot_motion -- -j8 -l8
[3.041s] [  0%] Built target ament_cmake_python_symlink_bumperbot_motion
[3.041s] [100%] Built target pd_motion_planner
[3.041s] [100%] Built target pure_pursuit
[3.042s] running egg_info
[3.042s] writing bumperbot_motion.egg-info/PKG-INFO
[3.057s] writing dependency_links to bumperbot_motion.egg-info/dependency_links.txt
[3.057s] writing top-level names to bumperbot_motion.egg-info/top_level.txt
[3.325s] reading manifest file 'bumperbot_motion.egg-info/SOURCES.txt'
[3.334s] writing manifest file 'bumperbot_motion.egg-info/SOURCES.txt'
[3.513s] [100%] Built target ament_cmake_python_build_bumperbot_motion_egg
[3.675s] Invoked command in '/home/fahad/bumperbot_ws/build/bumperbot_motion' returned '0': CMAKE_PREFIX_PATH=${CMAKE_PREFIX_PATH}:/home/fahad/bumperbot_ws/install/bumperbot_py_examples:/opt/ros/jazzy DEBUGINFOD_URLS=https://debuginfod.ubuntu.com /usr/bin/cmake --build /home/fahad/bumperbot_ws/build/bumperbot_motion -- -j8 -l8
[3.690s] Invoking command in '/home/fahad/bumperbot_ws/build/bumperbot_motion': CMAKE_PREFIX_PATH=${CMAKE_PREFIX_PATH}:/home/fahad/bumperbot_ws/install/bumperbot_py_examples:/opt/ros/jazzy DEBUGINFOD_URLS=https://debuginfod.ubuntu.com /usr/bin/cmake --install /home/fahad/bumperbot_ws/build/bumperbot_motion
[4.066s] -- Install configuration: ""
[4.066s] -- Execute custom install script
[4.067s] -- Up-to-date symlink: /home/fahad/bumperbot_ws/install/bumperbot_motion/share/bumperbot_motion/environment/pythonpath.sh
[4.067s] -- Up-to-date symlink: /home/fahad/bumperbot_ws/install/bumperbot_motion/share/bumperbot_motion/environment/pythonpath.dsv
[4.068s] -- Up-to-date symlink: /home/fahad/bumperbot_ws/install/bumperbot_motion/lib/python3.12/site-packages/bumperbot_motion-0.0.0-py3.12.egg-info/PKG-INFO
[4.068s] -- Up-to-date symlink: /home/fahad/bumperbot_ws/install/bumperbot_motion/lib/python3.12/site-packages/bumperbot_motion-0.0.0-py3.12.egg-info/SOURCES.txt
[4.068s] -- Up-to-date symlink: /home/fahad/bumperbot_ws/install/bumperbot_motion/lib/python3.12/site-packages/bumperbot_motion-0.0.0-py3.12.egg-info/dependency_links.txt
[4.071s] -- Up-to-date symlink: /home/fahad/bumperbot_ws/install/bumperbot_motion/lib/python3.12/site-packages/bumperbot_motion-0.0.0-py3.12.egg-info/top_level.txt
[4.072s] -- Up-to-date symlink: /home/fahad/bumperbot_ws/install/bumperbot_motion/lib/python3.12/site-packages/bumperbot_motion/__init__.py
[4.074s] -- Up-to-date symlink: /home/fahad/bumperbot_ws/install/bumperbot_motion/lib/python3.12/site-packages/bumperbot_motion/pd_motion_planner.py
[4.074s] -- Up-to-date symlink: /home/fahad/bumperbot_ws/install/bumperbot_motion/lib/python3.12/site-packages/bumperbot_motion/pure_pursuit.py
[4.075s] -- Up-to-date symlink: /home/fahad/bumperbot_ws/install/bumperbot_motion/share/bumperbot_motion//motion_planner_plugins.xml
[4.075s] -- Up-to-date symlink: /home/fahad/bumperbot_ws/install/bumperbot_motion/lib/libpd_motion_planner.so
[4.080s] -- Up-to-date symlink: /home/fahad/bumperbot_ws/install/bumperbot_motion/lib/libpure_pursuit.so
[4.082s] -- Up-to-date symlink: /home/fahad/bumperbot_ws/install/bumperbot_motion/include/include/bumperbot_motion/pd_motion_planner.hpp
[4.083s] -- Up-to-date symlink: /home/fahad/bumperbot_ws/install/bumperbot_motion/include/include/bumperbot_motion/pure_pursuit.hpp
[4.090s] -- Up-to-date symlink: /home/fahad/bumperbot_ws/install/bumperbot_motion/lib/bumperbot_motion/pd_motion_planner.py
[4.091s] -- Up-to-date symlink: /home/fahad/bumperbot_ws/install/bumperbot_motion/lib/bumperbot_motion/pure_pursuit.py
[4.092s] -- Up-to-date symlink: /home/fahad/bumperbot_ws/install/bumperbot_motion/share/bumperbot_motion/environment/library_path.sh
[4.093s] -- Up-to-date symlink: /home/fahad/bumperbot_ws/install/bumperbot_motion/share/bumperbot_motion/environment/library_path.dsv
[4.094s] -- Up-to-date symlink: /home/fahad/bumperbot_ws/install/bumperbot_motion/share/ament_index/resource_index/package_run_dependencies/bumperbot_motion
[4.095s] -- Up-to-date symlink: /home/fahad/bumperbot_ws/install/bumperbot_motion/share/ament_index/resource_index/parent_prefix_path/bumperbot_motion
[4.095s] -- Up-to-date symlink: /home/fahad/bumperbot_ws/install/bumperbot_motion/share/bumperbot_motion/environment/ament_prefix_path.sh
[4.095s] -- Up-to-date symlink: /home/fahad/bumperbot_ws/install/bumperbot_motion/share/bumperbot_motion/environment/ament_prefix_path.dsv
[4.096s] -- Up-to-date symlink: /home/fahad/bumperbot_ws/install/bumperbot_motion/share/bumperbot_motion/environment/path.sh
[4.096s] -- Up-to-date symlink: /home/fahad/bumperbot_ws/install/bumperbot_motion/share/bumperbot_motion/environment/path.dsv
[4.097s] -- Up-to-date symlink: /home/fahad/bumperbot_ws/install/bumperbot_motion/share/bumperbot_motion/local_setup.bash
[4.098s] -- Up-to-date symlink: /home/fahad/bumperbot_ws/install/bumperbot_motion/share/bumperbot_motion/local_setup.sh
[4.098s] -- Up-to-date symlink: /home/fahad/bumperbot_ws/install/bumperbot_motion/share/bumperbot_motion/local_setup.zsh
[4.099s] -- Up-to-date symlink: /home/fahad/bumperbot_ws/install/bumperbot_motion/share/bumperbot_motion/local_setup.dsv
[4.100s] -- Symlinking: /home/fahad/bumperbot_ws/install/bumperbot_motion/share/bumperbot_motion/package.dsv
[4.101s] -- Up-to-date symlink: /home/fahad/bumperbot_ws/install/bumperbot_motion/share/ament_index/resource_index/packages/bumperbot_motion
[4.103s] -- Up-to-date symlink: /home/fahad/bumperbot_ws/install/bumperbot_motion/share/ament_index/resource_index/nav2_core__pluginlib__plugin/bumperbot_motion
[4.106s] -- Up-to-date symlink: /home/fahad/bumperbot_ws/install/bumperbot_motion/share/bumperbot_motion/cmake/ament_cmake_export_include_directories-extras.cmake
[4.108s] -- Up-to-date symlink: /home/fahad/bumperbot_ws/install/bumperbot_motion/share/bumperbot_motion/cmake/ament_cmake_export_libraries-extras.cmake
[4.109s] -- Up-to-date symlink: /home/fahad/bumperbot_ws/install/bumperbot_motion/share/bumperbot_motion/cmake/ament_cmake_export_dependencies-extras.cmake
[4.112s] -- Up-to-date symlink: /home/fahad/bumperbot_ws/install/bumperbot_motion/share/bumperbot_motion/cmake/bumperbot_motionConfig.cmake
[4.112s] -- Up-to-date symlink: /home/fahad/bumperbot_ws/install/bumperbot_motion/share/bumperbot_motion/cmake/bumperbot_motionConfig-version.cmake
[4.113s] -- Up-to-date symlink: /home/fahad/bumperbot_ws/install/bumperbot_motion/share/bumperbot_motion/package.xml
[4.113s] Listing '/home/fahad/bumperbot_ws/install/bumperbot_motion/lib/python3.12/site-packages/bumperbot_motion'...
[4.622s] Invoked command in '/home/fahad/bumperbot_ws/build/bumperbot_motion' returned '0': CMAKE_PREFIX_PATH=${CMAKE_PREFIX_PATH}:/home/fahad/bumperbot_ws/install/bumperbot_py_examples:/opt/ros/jazzy DEBUGINFOD_URLS=https://debuginfod.ubuntu.com /usr/bin/cmake --install /home/fahad/bumperbot_ws/build/bumperbot_motion
