[3.079s] Invoking command in '/home/fahad/bumperbot_ws/src/room_grid_navigator': DEBUGINFOD_URLS=https://debuginfod.ubuntu.com PYTHONPATH=/home/fahad/bumperbot_ws/build/room_grid_navigator/prefix_override:/usr/lib/python3/dist-packages/colcon_core/task/python/colcon_distutils_commands:/home/fahad/bumperbot_ws/install/room_grid_navigator/lib/python3.12/site-packages:${PYTHONPATH} /usr/bin/python3 -W ignore:setup.py install is deprecated -W ignore:easy_install command is deprecated setup.py egg_info --egg-base ../../build/room_grid_navigator build --build-base /home/fahad/bumperbot_ws/build/room_grid_navigator/build install --record /home/fahad/bumperbot_ws/build/room_grid_navigator/install.log --single-version-externally-managed install_data
[3.745s] running egg_info
[3.786s] writing ../../build/room_grid_navigator/room_grid_navigator.egg-info/PKG-INFO
[3.787s] writing dependency_links to ../../build/room_grid_navigator/room_grid_navigator.egg-info/dependency_links.txt
[3.787s] writing entry points to ../../build/room_grid_navigator/room_grid_navigator.egg-info/entry_points.txt
[3.788s] writing requirements to ../../build/room_grid_navigator/room_grid_navigator.egg-info/requires.txt
[3.789s] writing top-level names to ../../build/room_grid_navigator/room_grid_navigator.egg-info/top_level.txt
[3.875s] reading manifest file '../../build/room_grid_navigator/room_grid_navigator.egg-info/SOURCES.txt'
[3.876s] writing manifest file '../../build/room_grid_navigator/room_grid_navigator.egg-info/SOURCES.txt'
[3.877s] running build
[3.877s] running build_py
[3.878s] running install
[3.886s] running install_lib
[3.930s] running install_data
[3.930s] running install_egg_info
[3.965s] removing '/home/fahad/bumperbot_ws/install/room_grid_navigator/lib/python3.12/site-packages/room_grid_navigator-0.0.0-py3.12.egg-info' (and everything under it)
[3.966s] Copying ../../build/room_grid_navigator/room_grid_navigator.egg-info to /home/fahad/bumperbot_ws/install/room_grid_navigator/lib/python3.12/site-packages/room_grid_navigator-0.0.0-py3.12.egg-info
[3.969s] running install_scripts
[4.216s] Installing room_grid_navigator script to /home/fahad/bumperbot_ws/install/room_grid_navigator/lib/room_grid_navigator
[4.216s] writing list of installed files to '/home/fahad/bumperbot_ws/build/room_grid_navigator/install.log'
[4.264s] Invoked command in '/home/fahad/bumperbot_ws/src/room_grid_navigator' returned '0': DEBUGINFOD_URLS=https://debuginfod.ubuntu.com PYTHONPATH=/home/fahad/bumperbot_ws/build/room_grid_navigator/prefix_override:/usr/lib/python3/dist-packages/colcon_core/task/python/colcon_distutils_commands:/home/fahad/bumperbot_ws/install/room_grid_navigator/lib/python3.12/site-packages:${PYTHONPATH} /usr/bin/python3 -W ignore:setup.py install is deprecated -W ignore:easy_install command is deprecated setup.py egg_info --egg-base ../../build/room_grid_navigator build --build-base /home/fahad/bumperbot_ws/build/room_grid_navigator/build install --record /home/fahad/bumperbot_ws/build/room_grid_navigator/install.log --single-version-externally-managed install_data
